{
  "stats": {
    "suites": 11,
    "tests": 145,
    "passes": 104,
    "pending": 10,
    "failures": 31,
    "start": "2017-11-15T23:46:14.982Z",
    "end": "2017-11-16T00:24:19.473Z",
    "duration": 2284491,
    "testsRegistered": 145,
    "passPercent": 77,
    "pendingPercent": 6.9,
    "other": 0,
    "hasOther": false,
    "skipped": 0,
    "hasSkipped": false,
    "passPercentClass": "warning",
    "pendingPercentClass": "danger"
  },
  "suites": {
    "title": "",
    "suites": [
      {
        "title": "\u001b[32mAutomation Test in Progress!\n\u001b[39m",
        "suites": [
          {
            "title": "\u001b[32mRunning automation, please wait for all tests to complete!\n\u001b[39m",
            "suites": [
              {
                "title": "\u001b[32mRunning Tests:\u001b[39m",
                "suites": [
                  {
                    "title": "\u001b[30m\u001b[43mLogs in and verifies the counts and percents on the home screen\u001b[49m\u001b[39m",
                    "suites": [],
                    "tests": [
                      {
                        "title": "\u001b[34m\u001b[47mFull Login\u001b[49m\u001b[39m",
                        "fullTitle": "\u001b[32mRunning Tests:\u001b[39m \u001b[30m\u001b[43mLogs in and verifies the counts and percents on the home screen\u001b[49m\u001b[39m \u001b[34m\u001b[47mFull Login\u001b[49m\u001b[39m",
                        "timedOut": false,
                        "duration": 19729,
                        "state": "passed",
                        "speed": "slow",
                        "pass": true,
                        "fail": false,
                        "pending": false,
                        "code": "this.retries = 1\nreturn driver\n\t.fullLogin()",
                        "err": {},
                        "isRoot": false,
                        "uuid": "c6733f5c-ad0b-4851-bcec-2c0cd76ee8da",
                        "parentUUID": "e05ccce6-f530-4f9b-bed4-3ed431e7e2de",
                        "isHook": false,
                        "skipped": false
                      },
                      {
                        "title": "\u001b[34m\u001b[47mlogin quick\u001b[49m\u001b[39m",
                        "fullTitle": "\u001b[32mRunning Tests:\u001b[39m \u001b[30m\u001b[43mLogs in and verifies the counts and percents on the home screen\u001b[49m\u001b[39m \u001b[34m\u001b[47mlogin quick\u001b[49m\u001b[39m",
                        "timedOut": false,
                        "duration": 9970,
                        "state": "passed",
                        "speed": "slow",
                        "pass": true,
                        "fail": false,
                        "pending": false,
                        "code": "return driver\n\t.loginQuick()",
                        "err": {},
                        "isRoot": false,
                        "uuid": "eec46b22-9724-4063-99e4-3fd0f46c25d7",
                        "parentUUID": "e05ccce6-f530-4f9b-bed4-3ed431e7e2de",
                        "isHook": false,
                        "skipped": false
                      },
                      {
                        "title": "\u001b[34m\u001b[47mGet home screen stats from SQL\u001b[49m\u001b[39m",
                        "fullTitle": "\u001b[32mRunning Tests:\u001b[39m \u001b[30m\u001b[43mLogs in and verifies the counts and percents on the home screen\u001b[49m\u001b[39m \u001b[34m\u001b[47mGet home screen stats from SQL\u001b[49m\u001b[39m",
                        "timedOut": false,
                        "duration": 2015,
                        "state": "passed",
                        "speed": "slow",
                        "pass": true,
                        "fail": false,
                        "pending": false,
                        "code": "return driver\n\t.sleep(1)\n\t.then(function getHomeScreenStats() {\n\t\treturn sqlQuery.getHomeScreenStats()\n\t})\n\t.wait_for_sql('getHomeScreenStats', 'homeScreenStats')\n\t// .then(() => {eval(require('pryjs').it)})",
                        "err": {},
                        "isRoot": false,
                        "uuid": "1bdc40f6-b70c-4ede-8ae3-2aab0e9c4921",
                        "parentUUID": "e05ccce6-f530-4f9b-bed4-3ed431e7e2de",
                        "isHook": false,
                        "skipped": false
                      },
                      {
                        "title": "\u001b[34m\u001b[47mVolunteer Base Count, String\u001b[49m\u001b[39m",
                        "fullTitle": "\u001b[32mRunning Tests:\u001b[39m \u001b[30m\u001b[43mLogs in and verifies the counts and percents on the home screen\u001b[49m\u001b[39m \u001b[34m\u001b[47mVolunteer Base Count, String\u001b[49m\u001b[39m",
                        "timedOut": false,
                        "duration": 1232,
                        "state": "passed",
                        "speed": "slow",
                        "pass": true,
                        "fail": false,
                        "pending": false,
                        "code": "return driver\n\t.elementByXPath(elements.homeScreen.volBaseString)\n\t.then(function (el) {\n\t\treturn el.getAttribute('name').then(function (string) {\n\t\t\tassert.equal(Number(string.match(/\\d+/g)), config.homeScreenStats[0].volunteerbase)\n\t\t})\n\t})",
                        "err": {},
                        "isRoot": false,
                        "uuid": "77093301-2db6-49b9-a4b3-9712f91abb7c",
                        "parentUUID": "e05ccce6-f530-4f9b-bed4-3ed431e7e2de",
                        "isHook": false,
                        "skipped": false
                      },
                      {
                        "title": "\u001b[34m\u001b[47mActive Count\u001b[49m\u001b[39m",
                        "fullTitle": "\u001b[32mRunning Tests:\u001b[39m \u001b[30m\u001b[43mLogs in and verifies the counts and percents on the home screen\u001b[49m\u001b[39m \u001b[34m\u001b[47mActive Count\u001b[49m\u001b[39m",
                        "timedOut": false,
                        "duration": 1340,
                        "state": "passed",
                        "speed": "slow",
                        "pass": true,
                        "fail": false,
                        "pending": false,
                        "code": "return driver\n\t.elementByXPath(elements.homeScreen.activeCount)\n\t.then(function (el) {\n\t\treturn el.getAttribute('name').then(function (count) {\n\t\t\tassert.equal(count, config.homeScreenStats[0].activecount)\n\t\t})\n\t})",
                        "err": {},
                        "isRoot": false,
                        "uuid": "b6089c9a-960c-4159-8a58-4271335f092a",
                        "parentUUID": "e05ccce6-f530-4f9b-bed4-3ed431e7e2de",
                        "isHook": false,
                        "skipped": false
                      },
                      {
                        "title": "\u001b[34m\u001b[47mActive Percent\u001b[49m\u001b[39m",
                        "fullTitle": "\u001b[32mRunning Tests:\u001b[39m \u001b[30m\u001b[43mLogs in and verifies the counts and percents on the home screen\u001b[49m\u001b[39m \u001b[34m\u001b[47mActive Percent\u001b[49m\u001b[39m",
                        "timedOut": false,
                        "duration": 1329,
                        "state": "passed",
                        "speed": "slow",
                        "pass": true,
                        "fail": false,
                        "pending": false,
                        "code": "return driver\n\t.elementByXPath(elements.homeScreen.activePercent)\n\t.then(function (el) {\n\t\treturn el.getAttribute('name').then(function (percent) {\n\t\t\tassert.equal(percent, config.homeScreenStats[0].activepercent)\n\t\t})\n\t})",
                        "err": {},
                        "isRoot": false,
                        "uuid": "7f48d940-2fb2-4779-aadf-c9d12075cf76",
                        "parentUUID": "e05ccce6-f530-4f9b-bed4-3ed431e7e2de",
                        "isHook": false,
                        "skipped": false
                      },
                      {
                        "title": "\u001b[34m\u001b[47mInactive Count\u001b[49m\u001b[39m",
                        "fullTitle": "\u001b[32mRunning Tests:\u001b[39m \u001b[30m\u001b[43mLogs in and verifies the counts and percents on the home screen\u001b[49m\u001b[39m \u001b[34m\u001b[47mInactive Count\u001b[49m\u001b[39m",
                        "timedOut": false,
                        "duration": 1217,
                        "state": "passed",
                        "speed": "slow",
                        "pass": true,
                        "fail": false,
                        "pending": false,
                        "code": "return driver\n\t.elementByXPath(elements.homeScreen.inActiveCount)\n\t.then(function (el) {\n\t\treturn el.getAttribute('name').then(function (count) {\n\t\t\tassert.equal(count, config.homeScreenStats[0].inactivecount)\n\t\t})\n\t})",
                        "err": {},
                        "isRoot": false,
                        "uuid": "481ec109-e4df-41ac-9483-1c57fa146665",
                        "parentUUID": "e05ccce6-f530-4f9b-bed4-3ed431e7e2de",
                        "isHook": false,
                        "skipped": false
                      },
                      {
                        "title": "\u001b[34m\u001b[47mInactive Percent\u001b[49m\u001b[39m",
                        "fullTitle": "\u001b[32mRunning Tests:\u001b[39m \u001b[30m\u001b[43mLogs in and verifies the counts and percents on the home screen\u001b[49m\u001b[39m \u001b[34m\u001b[47mInactive Percent\u001b[49m\u001b[39m",
                        "timedOut": false,
                        "duration": 1203,
                        "state": "passed",
                        "speed": "slow",
                        "pass": true,
                        "fail": false,
                        "pending": false,
                        "code": "return driver\n\t.elementByXPath(elements.homeScreen.inActivePercent)\n\t.then(function (el) {\n\t\treturn el.getAttribute('name').then(function (percent) {\n\t\t\tassert.equal(percent, config.homeScreenStats[0].inactivepercent)\n\t\t})\n\t})",
                        "err": {},
                        "isRoot": false,
                        "uuid": "1a801d8c-9a96-49c3-baee-e7e6526dc3ca",
                        "parentUUID": "e05ccce6-f530-4f9b-bed4-3ed431e7e2de",
                        "isHook": false,
                        "skipped": false
                      },
                      {
                        "title": "\u001b[34m\u001b[47mRe-activated Count\u001b[49m\u001b[39m",
                        "fullTitle": "\u001b[32mRunning Tests:\u001b[39m \u001b[30m\u001b[43mLogs in and verifies the counts and percents on the home screen\u001b[49m\u001b[39m \u001b[34m\u001b[47mRe-activated Count\u001b[49m\u001b[39m",
                        "timedOut": false,
                        "duration": 1255,
                        "state": "passed",
                        "speed": "slow",
                        "pass": true,
                        "fail": false,
                        "pending": false,
                        "code": "return driver\n\t.elementByXPath(elements.homeScreen.reActivatedCount)\n\t.then(function (el) {\n\t\treturn el.getAttribute('name').then(function (count) {\n\t\t\tassert.equal(count, config.homeScreenStats[0].reactivatedcount)\n\t\t})\n\t})",
                        "err": {},
                        "isRoot": false,
                        "uuid": "79840926-c556-4604-92f9-d0be85fc1d58",
                        "parentUUID": "e05ccce6-f530-4f9b-bed4-3ed431e7e2de",
                        "isHook": false,
                        "skipped": false
                      },
                      {
                        "title": "\u001b[34m\u001b[47mRe-activated Percent\u001b[49m\u001b[39m",
                        "fullTitle": "\u001b[32mRunning Tests:\u001b[39m \u001b[30m\u001b[43mLogs in and verifies the counts and percents on the home screen\u001b[49m\u001b[39m \u001b[34m\u001b[47mRe-activated Percent\u001b[49m\u001b[39m",
                        "timedOut": false,
                        "duration": 1452,
                        "state": "passed",
                        "speed": "slow",
                        "pass": true,
                        "fail": false,
                        "pending": false,
                        "code": "return driver\n\t.elementByXPath(elements.homeScreen.reActivatedPercent)\n\t.then(function (el) {\n\t\treturn el.getAttribute('name').then(function (percent) {\n\t\t\tassert.equal(percent, config.homeScreenStats[0].reactivatedpercent)\n\t\t})\n\t})",
                        "err": {},
                        "isRoot": false,
                        "uuid": "1ddfb957-6286-4821-9bb9-0cbb669a1b41",
                        "parentUUID": "e05ccce6-f530-4f9b-bed4-3ed431e7e2de",
                        "isHook": false,
                        "skipped": false
                      }
                    ],
                    "pending": [],
                    "root": false,
                    "_timeout": 9999000,
                    "file": "/mocha.js",
                    "uuid": "e05ccce6-f530-4f9b-bed4-3ed431e7e2de",
                    "beforeHooks": [],
                    "afterHooks": [],
                    "fullFile": "/Users/mliedtka/AppiumAutomationFieldPortal/mocha.js",
                    "passes": [
                      {
                        "title": "\u001b[34m\u001b[47mFull Login\u001b[49m\u001b[39m",
                        "fullTitle": "\u001b[32mRunning Tests:\u001b[39m \u001b[30m\u001b[43mLogs in and verifies the counts and percents on the home screen\u001b[49m\u001b[39m \u001b[34m\u001b[47mFull Login\u001b[49m\u001b[39m",
                        "timedOut": false,
                        "duration": 19729,
                        "state": "passed",
                        "speed": "slow",
                        "pass": true,
                        "fail": false,
                        "pending": false,
                        "code": "this.retries = 1\nreturn driver\n\t.fullLogin()",
                        "err": {},
                        "isRoot": false,
                        "uuid": "c6733f5c-ad0b-4851-bcec-2c0cd76ee8da",
                        "parentUUID": "e05ccce6-f530-4f9b-bed4-3ed431e7e2de",
                        "isHook": false,
                        "skipped": false
                      },
                      {
                        "title": "\u001b[34m\u001b[47mlogin quick\u001b[49m\u001b[39m",
                        "fullTitle": "\u001b[32mRunning Tests:\u001b[39m \u001b[30m\u001b[43mLogs in and verifies the counts and percents on the home screen\u001b[49m\u001b[39m \u001b[34m\u001b[47mlogin quick\u001b[49m\u001b[39m",
                        "timedOut": false,
                        "duration": 9970,
                        "state": "passed",
                        "speed": "slow",
                        "pass": true,
                        "fail": false,
                        "pending": false,
                        "code": "return driver\n\t.loginQuick()",
                        "err": {},
                        "isRoot": false,
                        "uuid": "eec46b22-9724-4063-99e4-3fd0f46c25d7",
                        "parentUUID": "e05ccce6-f530-4f9b-bed4-3ed431e7e2de",
                        "isHook": false,
                        "skipped": false
                      },
                      {
                        "title": "\u001b[34m\u001b[47mGet home screen stats from SQL\u001b[49m\u001b[39m",
                        "fullTitle": "\u001b[32mRunning Tests:\u001b[39m \u001b[30m\u001b[43mLogs in and verifies the counts and percents on the home screen\u001b[49m\u001b[39m \u001b[34m\u001b[47mGet home screen stats from SQL\u001b[49m\u001b[39m",
                        "timedOut": false,
                        "duration": 2015,
                        "state": "passed",
                        "speed": "slow",
                        "pass": true,
                        "fail": false,
                        "pending": false,
                        "code": "return driver\n\t.sleep(1)\n\t.then(function getHomeScreenStats() {\n\t\treturn sqlQuery.getHomeScreenStats()\n\t})\n\t.wait_for_sql('getHomeScreenStats', 'homeScreenStats')\n\t// .then(() => {eval(require('pryjs').it)})",
                        "err": {},
                        "isRoot": false,
                        "uuid": "1bdc40f6-b70c-4ede-8ae3-2aab0e9c4921",
                        "parentUUID": "e05ccce6-f530-4f9b-bed4-3ed431e7e2de",
                        "isHook": false,
                        "skipped": false
                      },
                      {
                        "title": "\u001b[34m\u001b[47mVolunteer Base Count, String\u001b[49m\u001b[39m",
                        "fullTitle": "\u001b[32mRunning Tests:\u001b[39m \u001b[30m\u001b[43mLogs in and verifies the counts and percents on the home screen\u001b[49m\u001b[39m \u001b[34m\u001b[47mVolunteer Base Count, String\u001b[49m\u001b[39m",
                        "timedOut": false,
                        "duration": 1232,
                        "state": "passed",
                        "speed": "slow",
                        "pass": true,
                        "fail": false,
                        "pending": false,
                        "code": "return driver\n\t.elementByXPath(elements.homeScreen.volBaseString)\n\t.then(function (el) {\n\t\treturn el.getAttribute('name').then(function (string) {\n\t\t\tassert.equal(Number(string.match(/\\d+/g)), config.homeScreenStats[0].volunteerbase)\n\t\t})\n\t})",
                        "err": {},
                        "isRoot": false,
                        "uuid": "77093301-2db6-49b9-a4b3-9712f91abb7c",
                        "parentUUID": "e05ccce6-f530-4f9b-bed4-3ed431e7e2de",
                        "isHook": false,
                        "skipped": false
                      },
                      {
                        "title": "\u001b[34m\u001b[47mActive Count\u001b[49m\u001b[39m",
                        "fullTitle": "\u001b[32mRunning Tests:\u001b[39m \u001b[30m\u001b[43mLogs in and verifies the counts and percents on the home screen\u001b[49m\u001b[39m \u001b[34m\u001b[47mActive Count\u001b[49m\u001b[39m",
                        "timedOut": false,
                        "duration": 1340,
                        "state": "passed",
                        "speed": "slow",
                        "pass": true,
                        "fail": false,
                        "pending": false,
                        "code": "return driver\n\t.elementByXPath(elements.homeScreen.activeCount)\n\t.then(function (el) {\n\t\treturn el.getAttribute('name').then(function (count) {\n\t\t\tassert.equal(count, config.homeScreenStats[0].activecount)\n\t\t})\n\t})",
                        "err": {},
                        "isRoot": false,
                        "uuid": "b6089c9a-960c-4159-8a58-4271335f092a",
                        "parentUUID": "e05ccce6-f530-4f9b-bed4-3ed431e7e2de",
                        "isHook": false,
                        "skipped": false
                      },
                      {
                        "title": "\u001b[34m\u001b[47mActive Percent\u001b[49m\u001b[39m",
                        "fullTitle": "\u001b[32mRunning Tests:\u001b[39m \u001b[30m\u001b[43mLogs in and verifies the counts and percents on the home screen\u001b[49m\u001b[39m \u001b[34m\u001b[47mActive Percent\u001b[49m\u001b[39m",
                        "timedOut": false,
                        "duration": 1329,
                        "state": "passed",
                        "speed": "slow",
                        "pass": true,
                        "fail": false,
                        "pending": false,
                        "code": "return driver\n\t.elementByXPath(elements.homeScreen.activePercent)\n\t.then(function (el) {\n\t\treturn el.getAttribute('name').then(function (percent) {\n\t\t\tassert.equal(percent, config.homeScreenStats[0].activepercent)\n\t\t})\n\t})",
                        "err": {},
                        "isRoot": false,
                        "uuid": "7f48d940-2fb2-4779-aadf-c9d12075cf76",
                        "parentUUID": "e05ccce6-f530-4f9b-bed4-3ed431e7e2de",
                        "isHook": false,
                        "skipped": false
                      },
                      {
                        "title": "\u001b[34m\u001b[47mInactive Count\u001b[49m\u001b[39m",
                        "fullTitle": "\u001b[32mRunning Tests:\u001b[39m \u001b[30m\u001b[43mLogs in and verifies the counts and percents on the home screen\u001b[49m\u001b[39m \u001b[34m\u001b[47mInactive Count\u001b[49m\u001b[39m",
                        "timedOut": false,
                        "duration": 1217,
                        "state": "passed",
                        "speed": "slow",
                        "pass": true,
                        "fail": false,
                        "pending": false,
                        "code": "return driver\n\t.elementByXPath(elements.homeScreen.inActiveCount)\n\t.then(function (el) {\n\t\treturn el.getAttribute('name').then(function (count) {\n\t\t\tassert.equal(count, config.homeScreenStats[0].inactivecount)\n\t\t})\n\t})",
                        "err": {},
                        "isRoot": false,
                        "uuid": "481ec109-e4df-41ac-9483-1c57fa146665",
                        "parentUUID": "e05ccce6-f530-4f9b-bed4-3ed431e7e2de",
                        "isHook": false,
                        "skipped": false
                      },
                      {
                        "title": "\u001b[34m\u001b[47mInactive Percent\u001b[49m\u001b[39m",
                        "fullTitle": "\u001b[32mRunning Tests:\u001b[39m \u001b[30m\u001b[43mLogs in and verifies the counts and percents on the home screen\u001b[49m\u001b[39m \u001b[34m\u001b[47mInactive Percent\u001b[49m\u001b[39m",
                        "timedOut": false,
                        "duration": 1203,
                        "state": "passed",
                        "speed": "slow",
                        "pass": true,
                        "fail": false,
                        "pending": false,
                        "code": "return driver\n\t.elementByXPath(elements.homeScreen.inActivePercent)\n\t.then(function (el) {\n\t\treturn el.getAttribute('name').then(function (percent) {\n\t\t\tassert.equal(percent, config.homeScreenStats[0].inactivepercent)\n\t\t})\n\t})",
                        "err": {},
                        "isRoot": false,
                        "uuid": "1a801d8c-9a96-49c3-baee-e7e6526dc3ca",
                        "parentUUID": "e05ccce6-f530-4f9b-bed4-3ed431e7e2de",
                        "isHook": false,
                        "skipped": false
                      },
                      {
                        "title": "\u001b[34m\u001b[47mRe-activated Count\u001b[49m\u001b[39m",
                        "fullTitle": "\u001b[32mRunning Tests:\u001b[39m \u001b[30m\u001b[43mLogs in and verifies the counts and percents on the home screen\u001b[49m\u001b[39m \u001b[34m\u001b[47mRe-activated Count\u001b[49m\u001b[39m",
                        "timedOut": false,
                        "duration": 1255,
                        "state": "passed",
                        "speed": "slow",
                        "pass": true,
                        "fail": false,
                        "pending": false,
                        "code": "return driver\n\t.elementByXPath(elements.homeScreen.reActivatedCount)\n\t.then(function (el) {\n\t\treturn el.getAttribute('name').then(function (count) {\n\t\t\tassert.equal(count, config.homeScreenStats[0].reactivatedcount)\n\t\t})\n\t})",
                        "err": {},
                        "isRoot": false,
                        "uuid": "79840926-c556-4604-92f9-d0be85fc1d58",
                        "parentUUID": "e05ccce6-f530-4f9b-bed4-3ed431e7e2de",
                        "isHook": false,
                        "skipped": false
                      },
                      {
                        "title": "\u001b[34m\u001b[47mRe-activated Percent\u001b[49m\u001b[39m",
                        "fullTitle": "\u001b[32mRunning Tests:\u001b[39m \u001b[30m\u001b[43mLogs in and verifies the counts and percents on the home screen\u001b[49m\u001b[39m \u001b[34m\u001b[47mRe-activated Percent\u001b[49m\u001b[39m",
                        "timedOut": false,
                        "duration": 1452,
                        "state": "passed",
                        "speed": "slow",
                        "pass": true,
                        "fail": false,
                        "pending": false,
                        "code": "return driver\n\t.elementByXPath(elements.homeScreen.reActivatedPercent)\n\t.then(function (el) {\n\t\treturn el.getAttribute('name').then(function (percent) {\n\t\t\tassert.equal(percent, config.homeScreenStats[0].reactivatedpercent)\n\t\t})\n\t})",
                        "err": {},
                        "isRoot": false,
                        "uuid": "1ddfb957-6286-4821-9bb9-0cbb669a1b41",
                        "parentUUID": "e05ccce6-f530-4f9b-bed4-3ed431e7e2de",
                        "isHook": false,
                        "skipped": false
                      }
                    ],
                    "failures": [],
                    "skipped": [],
                    "hasBeforeHooks": false,
                    "hasAfterHooks": false,
                    "hasTests": true,
                    "hasSuites": false,
                    "totalTests": 10,
                    "totalPasses": 10,
                    "totalFailures": 0,
                    "totalPending": 0,
                    "totalSkipped": 0,
                    "hasPasses": true,
                    "hasFailures": false,
                    "hasPending": false,
                    "hasSkipped": false,
                    "duration": 40742,
                    "rootEmpty": false
                  },
                  {
                    "title": "\u001b[30m\u001b[43mRemove Salutations and Suffices and perform any other data cleansing tasks before running automation\u001b[49m\u001b[39m",
                    "suites": [],
                    "tests": [
                      {
                        "title": "\u001b[34m\u001b[47mFull Login\u001b[49m\u001b[39m",
                        "fullTitle": "\u001b[32mRunning Tests:\u001b[39m \u001b[30m\u001b[43mRemove Salutations and Suffices and perform any other data cleansing tasks before running automation\u001b[49m\u001b[39m \u001b[34m\u001b[47mFull Login\u001b[49m\u001b[39m",
                        "timedOut": false,
                        "duration": 21708,
                        "state": "passed",
                        "speed": "slow",
                        "pass": true,
                        "fail": false,
                        "pending": false,
                        "code": "this.retries = 1\nreturn driver\n\t.fullLogin() // when no args passed, uses credentials supplied via command line (process.argv.slice(2))",
                        "err": {},
                        "isRoot": false,
                        "uuid": "9079f92c-88af-46f2-b312-efbdabe7652c",
                        "parentUUID": "44a9a6e3-1471-4a0f-971d-9abb3985010f",
                        "isHook": false,
                        "skipped": false
                      },
                      {
                        "title": "\u001b[34m\u001b[47mShould remove salutations and suffices from prospects\u001b[49m\u001b[39m",
                        "fullTitle": "\u001b[32mRunning Tests:\u001b[39m \u001b[30m\u001b[43mRemove Salutations and Suffices and perform any other data cleansing tasks before running automation\u001b[49m\u001b[39m \u001b[34m\u001b[47mShould remove salutations and suffices from prospects\u001b[49m\u001b[39m",
                        "timedOut": false,
                        "duration": 2017,
                        "state": "passed",
                        "speed": "slow",
                        "pass": true,
                        "fail": false,
                        "pending": false,
                        "code": "return driver\n\t.sleep(1)\n\t.then(function () {\n\t\tsqlQuery.removeSalsAndSufficesProspects()\n\t})\n\t.wait_for_sql('removeSalsAndSufficesProspects','removalResultsProspects')",
                        "err": {},
                        "isRoot": false,
                        "uuid": "73ce720e-cfc0-4749-be0e-74f9aae7849a",
                        "parentUUID": "44a9a6e3-1471-4a0f-971d-9abb3985010f",
                        "isHook": false,
                        "skipped": false
                      },
                      {
                        "title": "\u001b[34m\u001b[47mShould remove salutations and suffices from volunteers\u001b[49m\u001b[39m",
                        "fullTitle": "\u001b[32mRunning Tests:\u001b[39m \u001b[30m\u001b[43mRemove Salutations and Suffices and perform any other data cleansing tasks before running automation\u001b[49m\u001b[39m \u001b[34m\u001b[47mShould remove salutations and suffices from volunteers\u001b[49m\u001b[39m",
                        "timedOut": false,
                        "duration": 2010,
                        "state": "passed",
                        "speed": "slow",
                        "pass": true,
                        "fail": false,
                        "pending": false,
                        "code": "return driver\n\t.sleep(1)\n\t.then(function () {\n\t\tsqlQuery.removeSalsAndSufficesVols()\n\t})\n\t.wait_for_sql('removeSalsAndSufficesVols','removalResultsVols')",
                        "err": {},
                        "isRoot": false,
                        "uuid": "d9ba5fb8-b75b-4ed7-ab8d-c44155db6001",
                        "parentUUID": "44a9a6e3-1471-4a0f-971d-9abb3985010f",
                        "isHook": false,
                        "skipped": false
                      },
                      {
                        "title": "\u001b[34m\u001b[47mShould remove volunteers that are missing any of: CountyName, Zip, or State\u001b[49m\u001b[39m",
                        "fullTitle": "\u001b[32mRunning Tests:\u001b[39m \u001b[30m\u001b[43mRemove Salutations and Suffices and perform any other data cleansing tasks before running automation\u001b[49m\u001b[39m \u001b[34m\u001b[47mShould remove volunteers that are missing any of: CountyName, Zip, or State\u001b[49m\u001b[39m",
                        "timedOut": false,
                        "duration": 2014,
                        "state": "passed",
                        "speed": "slow",
                        "pass": true,
                        "fail": false,
                        "pending": false,
                        "code": "return driver\n\t.sleep(1)\n\t.then(() => {\n\t\tsqlQuery.removeVolsWithNoCountyZipOrState()\n\t})\n\t.wait_for_sql('removeVolsWithNoCountyZipOrState','removalResultsVolsWithNoCountyZipOrState')",
                        "err": {},
                        "isRoot": false,
                        "uuid": "bbfa3975-9830-437a-a9f0-1e3c04b5baa2",
                        "parentUUID": "44a9a6e3-1471-4a0f-971d-9abb3985010f",
                        "isHook": false,
                        "skipped": false
                      }
                    ],
                    "pending": [],
                    "root": false,
                    "_timeout": 9999000,
                    "file": "/mocha.js",
                    "uuid": "44a9a6e3-1471-4a0f-971d-9abb3985010f",
                    "beforeHooks": [],
                    "afterHooks": [],
                    "fullFile": "/Users/mliedtka/AppiumAutomationFieldPortal/mocha.js",
                    "passes": [
                      {
                        "title": "\u001b[34m\u001b[47mFull Login\u001b[49m\u001b[39m",
                        "fullTitle": "\u001b[32mRunning Tests:\u001b[39m \u001b[30m\u001b[43mRemove Salutations and Suffices and perform any other data cleansing tasks before running automation\u001b[49m\u001b[39m \u001b[34m\u001b[47mFull Login\u001b[49m\u001b[39m",
                        "timedOut": false,
                        "duration": 21708,
                        "state": "passed",
                        "speed": "slow",
                        "pass": true,
                        "fail": false,
                        "pending": false,
                        "code": "this.retries = 1\nreturn driver\n\t.fullLogin() // when no args passed, uses credentials supplied via command line (process.argv.slice(2))",
                        "err": {},
                        "isRoot": false,
                        "uuid": "9079f92c-88af-46f2-b312-efbdabe7652c",
                        "parentUUID": "44a9a6e3-1471-4a0f-971d-9abb3985010f",
                        "isHook": false,
                        "skipped": false
                      },
                      {
                        "title": "\u001b[34m\u001b[47mShould remove salutations and suffices from prospects\u001b[49m\u001b[39m",
                        "fullTitle": "\u001b[32mRunning Tests:\u001b[39m \u001b[30m\u001b[43mRemove Salutations and Suffices and perform any other data cleansing tasks before running automation\u001b[49m\u001b[39m \u001b[34m\u001b[47mShould remove salutations and suffices from prospects\u001b[49m\u001b[39m",
                        "timedOut": false,
                        "duration": 2017,
                        "state": "passed",
                        "speed": "slow",
                        "pass": true,
                        "fail": false,
                        "pending": false,
                        "code": "return driver\n\t.sleep(1)\n\t.then(function () {\n\t\tsqlQuery.removeSalsAndSufficesProspects()\n\t})\n\t.wait_for_sql('removeSalsAndSufficesProspects','removalResultsProspects')",
                        "err": {},
                        "isRoot": false,
                        "uuid": "73ce720e-cfc0-4749-be0e-74f9aae7849a",
                        "parentUUID": "44a9a6e3-1471-4a0f-971d-9abb3985010f",
                        "isHook": false,
                        "skipped": false
                      },
                      {
                        "title": "\u001b[34m\u001b[47mShould remove salutations and suffices from volunteers\u001b[49m\u001b[39m",
                        "fullTitle": "\u001b[32mRunning Tests:\u001b[39m \u001b[30m\u001b[43mRemove Salutations and Suffices and perform any other data cleansing tasks before running automation\u001b[49m\u001b[39m \u001b[34m\u001b[47mShould remove salutations and suffices from volunteers\u001b[49m\u001b[39m",
                        "timedOut": false,
                        "duration": 2010,
                        "state": "passed",
                        "speed": "slow",
                        "pass": true,
                        "fail": false,
                        "pending": false,
                        "code": "return driver\n\t.sleep(1)\n\t.then(function () {\n\t\tsqlQuery.removeSalsAndSufficesVols()\n\t})\n\t.wait_for_sql('removeSalsAndSufficesVols','removalResultsVols')",
                        "err": {},
                        "isRoot": false,
                        "uuid": "d9ba5fb8-b75b-4ed7-ab8d-c44155db6001",
                        "parentUUID": "44a9a6e3-1471-4a0f-971d-9abb3985010f",
                        "isHook": false,
                        "skipped": false
                      },
                      {
                        "title": "\u001b[34m\u001b[47mShould remove volunteers that are missing any of: CountyName, Zip, or State\u001b[49m\u001b[39m",
                        "fullTitle": "\u001b[32mRunning Tests:\u001b[39m \u001b[30m\u001b[43mRemove Salutations and Suffices and perform any other data cleansing tasks before running automation\u001b[49m\u001b[39m \u001b[34m\u001b[47mShould remove volunteers that are missing any of: CountyName, Zip, or State\u001b[49m\u001b[39m",
                        "timedOut": false,
                        "duration": 2014,
                        "state": "passed",
                        "speed": "slow",
                        "pass": true,
                        "fail": false,
                        "pending": false,
                        "code": "return driver\n\t.sleep(1)\n\t.then(() => {\n\t\tsqlQuery.removeVolsWithNoCountyZipOrState()\n\t})\n\t.wait_for_sql('removeVolsWithNoCountyZipOrState','removalResultsVolsWithNoCountyZipOrState')",
                        "err": {},
                        "isRoot": false,
                        "uuid": "bbfa3975-9830-437a-a9f0-1e3c04b5baa2",
                        "parentUUID": "44a9a6e3-1471-4a0f-971d-9abb3985010f",
                        "isHook": false,
                        "skipped": false
                      }
                    ],
                    "failures": [],
                    "skipped": [],
                    "hasBeforeHooks": false,
                    "hasAfterHooks": false,
                    "hasTests": true,
                    "hasSuites": false,
                    "totalTests": 4,
                    "totalPasses": 4,
                    "totalFailures": 0,
                    "totalPending": 0,
                    "totalSkipped": 0,
                    "hasPasses": true,
                    "hasFailures": false,
                    "hasPending": false,
                    "hasSkipped": false,
                    "duration": 27749,
                    "rootEmpty": false
                  },
                  {
                    "title": "\u001b[30m\u001b[43mTests adding and editing volunteers and related actions\n\u001b[49m\u001b[39m",
                    "suites": [],
                    "tests": [
                      {
                        "title": "\u001b[34m\u001b[47mSets variables for test\u001b[49m\u001b[39m",
                        "fullTitle": "\u001b[32mRunning Tests:\u001b[39m \u001b[30m\u001b[43mTests adding and editing volunteers and related actions\n\u001b[49m\u001b[39m \u001b[34m\u001b[47mSets variables for test\u001b[49m\u001b[39m",
                        "timedOut": false,
                        "duration": 18,
                        "state": "passed",
                        "speed": "fast",
                        "pass": true,
                        "fail": false,
                        "pending": false,
                        "code": "// because beforeAll needs to run before we set these due to the need to have dateTime defined.\nreturn driver\n\t.sleep(1)\n\t.then(function () {\n\t\tconfig.lastCreatedVolunteer = {};\n\t\tconfig.firstName            = 'First' + config.dateTime;\n\t\tconfig.lastName             = 'Last' + config.dateTime;\n\t\tconfig.fullName             = config.firstName + ' ' + config.lastName\n\t\tconfig.email                = config.firstName + '.' + config.lastName + '@callingfromhome.com'\n\t\tconfig.state                = 'AL'\n\t\tconfig.firstNameReg         = new RegExp(config.firstName)\n\t\tconfig.lastNameReg          = new RegExp(config.lastName)\n\t\tconfig.emailReg             = new RegExp(config.email)\n\t\tconfig.stateReg             = new RegExp(config.state)\n\t\tlet theseCities = cities.findByState(config.state).filter(function nonBlanks (city) {\n\t\t\treturn city.city != '' && city.zipcode != ''\n\t\t})\n\t\tlet rand = Math.floor((Math.random() * theseCities.length) + 0);\n\t\tconfig.thisCity = theseCities[rand].city\n\t\tconfig.thisZip = theseCities[rand].zipcode\n\t\tconfig.thisCounty = counties.find({zip: config.thisZip}).county\n\t})",
                        "err": {},
                        "isRoot": false,
                        "uuid": "701332bd-fb2b-4a1b-b9bd-e5c05a45ac3b",
                        "parentUUID": "39dde8bc-868b-4f71-8d15-523f434d6d2e",
                        "isHook": false,
                        "skipped": false
                      },
                      {
                        "title": "\u001b[34m\u001b[47mFull Login\u001b[49m\u001b[39m",
                        "fullTitle": "\u001b[32mRunning Tests:\u001b[39m \u001b[30m\u001b[43mTests adding and editing volunteers and related actions\n\u001b[49m\u001b[39m \u001b[34m\u001b[47mFull Login\u001b[49m\u001b[39m",
                        "timedOut": false,
                        "duration": 19097,
                        "state": "passed",
                        "speed": "slow",
                        "pass": true,
                        "fail": false,
                        "pending": false,
                        "code": "this.retries = 1\nreturn driver\n\t.fullLogin()",
                        "err": {},
                        "isRoot": false,
                        "uuid": "89ffc443-ae59-42d1-8f7a-b699aec54be9",
                        "parentUUID": "39dde8bc-868b-4f71-8d15-523f434d6d2e",
                        "isHook": false,
                        "skipped": false
                      },
                      {
                        "title": "\u001b[34m\u001b[47mOpen Volunteers, Add Volunteer\u001b[49m\u001b[39m",
                        "fullTitle": "\u001b[32mRunning Tests:\u001b[39m \u001b[30m\u001b[43mTests adding and editing volunteers and related actions\n\u001b[49m\u001b[39m \u001b[34m\u001b[47mOpen Volunteers, Add Volunteer\u001b[49m\u001b[39m",
                        "timedOut": false,
                        "duration": 2395,
                        "state": "passed",
                        "speed": "slow",
                        "pass": true,
                        "fail": false,
                        "pending": false,
                        "code": "return driver\n\t.elementById(elements.homeScreen.volunteers)\n\t.click()\n\t.waitForElementById(elements.actionBar.addVolunteer, 30000)\n\t.click()",
                        "err": {},
                        "isRoot": false,
                        "uuid": "d10a1835-40b6-4ca8-9a0d-6f49de11c549",
                        "parentUUID": "39dde8bc-868b-4f71-8d15-523f434d6d2e",
                        "isHook": false,
                        "skipped": false
                      },
                      {
                        "title": "\u001b[34m\u001b[47mAdd a volunteer\u001b[49m\u001b[39m",
                        "fullTitle": "\u001b[32mRunning Tests:\u001b[39m \u001b[30m\u001b[43mTests adding and editing volunteers and related actions\n\u001b[49m\u001b[39m \u001b[34m\u001b[47mAdd a volunteer\u001b[49m\u001b[39m",
                        "timedOut": false,
                        "duration": 48533,
                        "state": "passed",
                        "speed": "slow",
                        "pass": true,
                        "fail": false,
                        "pending": false,
                        "code": "return driver\n\t.waitForElementById(elements.addEditVolunteer.firstName, 15000)\n\t\t.click()\n\t\t.sendKeys(config.firstName)\n\t.elementById(elements.addEditVolunteer.lastName)\n\t\t.click()\n\t\t.sendKeys(config.lastName)\n\t.elementById(elements.addEditVolunteer.city)\n\t\t.click()\n\t\t.sendKeys(config.thisCity) // random city\n\t.elementByXPath(elements.addEditVolunteer.state)\n\t\t.click()\n\t\t.elementById(elements.addEditVolunteer.done) // todo scroll state list before picking\n\t\t.click()\n\t.elementById(elements.addEditVolunteer.zip)\n\t\t.click()\n\t\t.sendKeys(config.thisZip)\n\t.elementById(elements.addEditVolunteer.county)\n\t\t.click()\n\t\t.sendKeys(config.thisCounty)\n\t.elementById(elements.addEditVolunteer.email)\n\t\t.click()\n\t\t.sendKeys(config.email)\n\t.elementByXPath(elements.addEditVolunteer.coord)\n\t.getAttribute('value')\n\t.then((value) => { config.expectedCoordinator = value; }) // set expectedCoordinator\n\t.then(() => { sqlQuery.getUserId(config.expectedCoordinator) }) // get userId of expectedCoordinator\n\t.wait_for_sql('getUserId', 'userId')\n\t.then(() => { config.userIdReg = new RegExp(config.userId[0].userid) }) // set userIdReg for config.expectedCoordinator\n\t.elementById(elements.actionBar.save)\n\t.click()\n\t.waitForElementToDisappearByClassName(elements.general.spinner)\n\t.waitForElementById(elements.volunteers.active, 60000)\n\t.then(function () {\n\t\tconfig.homeScreenStats[0].volunteerbase +=1\n\t\tconfig.homeScreenStats[0].activecount +=1\n\t\tconsole.log('volunteerbase and activecount should now be ' + config.homeScreenStats[0].volunteerbase + ', ' + config.homeScreenStats[0].activecount + ' respectively.')\n\t})",
                        "err": {},
                        "isRoot": false,
                        "uuid": "b0a117e9-dc9b-4229-9003-fb7f9f5d6ce3",
                        "parentUUID": "39dde8bc-868b-4f71-8d15-523f434d6d2e",
                        "isHook": false,
                        "skipped": false
                      },
                      {
                        "title": "Add a volunteer in a different state",
                        "fullTitle": "\u001b[32mRunning Tests:\u001b[39m \u001b[30m\u001b[43mTests adding and editing volunteers and related actions\n\u001b[49m\u001b[39m Add a volunteer in a different state",
                        "timedOut": false,
                        "duration": 0,
                        "pass": false,
                        "fail": false,
                        "pending": true,
                        "code": "",
                        "err": {},
                        "isRoot": false,
                        "uuid": "95ad5e0b-b83d-4bcb-90ad-a2736e4fca07",
                        "parentUUID": "39dde8bc-868b-4f71-8d15-523f434d6d2e",
                        "isHook": false,
                        "skipped": false
                      },
                      {
                        "title": "\u001b[34m\u001b[47mVolunteer appears in \"Active\" list\u001b[49m\u001b[39m",
                        "fullTitle": "\u001b[32mRunning Tests:\u001b[39m \u001b[30m\u001b[43mTests adding and editing volunteers and related actions\n\u001b[49m\u001b[39m \u001b[34m\u001b[47mVolunteer appears in \"Active\" list\u001b[49m\u001b[39m",
                        "timedOut": false,
                        "duration": 24346,
                        "state": "passed",
                        "speed": "slow",
                        "pass": true,
                        "fail": false,
                        "pending": false,
                        "code": "return driver\n\t.elementByIdOrNull(elements.volunteers.active)\n\t.then(function (el) {\n\t\tif (el == null) {\n\t\t\treturn driver\n\t\t\t\t.resetApp()\n\t\t\t\t.loginQuick()\n\t\t\t\t.elementById(elements.homeScreen.volunteers)\n\t\t\t\t.click()\n\t\t}\n\t})\n\t.elementById(elements.actionBar.search)\n\t.click()\n\t.sendKeys(config.fullName)\n\t.sleep(1000) // make sure automation not too fast - wait for results (should be instant)\n\t.elementByXPath(elements.volunteers.volunteer1.fullName)\n\t.then(function (el) {\n\t\treturn el.getAttribute('name').then(function (name) {\n\t\t\tassert.equal(name, config.fullName)\n\t\t})\n\t})",
                        "err": {},
                        "isRoot": false,
                        "uuid": "3b30c683-1543-402e-9c3a-a3c79bb7d097",
                        "parentUUID": "39dde8bc-868b-4f71-8d15-523f434d6d2e",
                        "isHook": false,
                        "skipped": false
                      },
                      {
                        "title": "\u001b[34m\u001b[47mGet new volunteer info from sql\u001b[49m\u001b[39m",
                        "fullTitle": "\u001b[32mRunning Tests:\u001b[39m \u001b[30m\u001b[43mTests adding and editing volunteers and related actions\n\u001b[49m\u001b[39m \u001b[34m\u001b[47mGet new volunteer info from sql\u001b[49m\u001b[39m",
                        "timedOut": false,
                        "duration": 2028,
                        "state": "passed",
                        "speed": "slow",
                        "pass": true,
                        "fail": false,
                        "pending": false,
                        "code": "return driver\n\t.sleep(1)\n\t.then(function () {\n\t\tsqlQuery.getUserId(config.thisUser)\n\t})\n\t.wait_for_sql('getUserId', 'userId')\n\t.then(function(){\n\t\tsqlQuery.getLastCreatedVolunteer()\n\t})\n\t.wait_for_sql('getLastCreatedVolunteer','lastCreatedVolunteer')",
                        "err": {},
                        "isRoot": false,
                        "uuid": "f17b7a6f-b339-4248-8cd5-fb9eaf26f9df",
                        "parentUUID": "39dde8bc-868b-4f71-8d15-523f434d6d2e",
                        "isHook": false,
                        "skipped": false
                      },
                      {
                        "title": "\u001b[34m\u001b[47mVolunteer id was created\u001b[49m\u001b[39m",
                        "fullTitle": "\u001b[32mRunning Tests:\u001b[39m \u001b[30m\u001b[43mTests adding and editing volunteers and related actions\n\u001b[49m\u001b[39m \u001b[34m\u001b[47mVolunteer id was created\u001b[49m\u001b[39m",
                        "timedOut": false,
                        "duration": 3,
                        "state": "passed",
                        "speed": "fast",
                        "pass": true,
                        "fail": false,
                        "pending": false,
                        "code": "config.lastCreatedVolunteer[0].id.should.match(/\\d+/)",
                        "err": {},
                        "isRoot": false,
                        "uuid": "c5f793b1-ea02-4f92-8a02-db92560de85e",
                        "parentUUID": "39dde8bc-868b-4f71-8d15-523f434d6d2e",
                        "isHook": false,
                        "skipped": false
                      },
                      {
                        "title": "\u001b[34m\u001b[47mContact id was created\u001b[49m\u001b[39m",
                        "fullTitle": "\u001b[32mRunning Tests:\u001b[39m \u001b[30m\u001b[43mTests adding and editing volunteers and related actions\n\u001b[49m\u001b[39m \u001b[34m\u001b[47mContact id was created\u001b[49m\u001b[39m",
                        "timedOut": false,
                        "duration": 1,
                        "state": "passed",
                        "speed": "fast",
                        "pass": true,
                        "fail": false,
                        "pending": false,
                        "code": "config.lastCreatedVolunteer[0].contactid.should.match(/\\d+/)",
                        "err": {},
                        "isRoot": false,
                        "uuid": "a3b634cb-04fa-4780-bb61-01d7ef7f513f",
                        "parentUUID": "39dde8bc-868b-4f71-8d15-523f434d6d2e",
                        "isHook": false,
                        "skipped": false
                      },
                      {
                        "title": "\u001b[34m\u001b[47mFirst name was as expected\u001b[49m\u001b[39m",
                        "fullTitle": "\u001b[32mRunning Tests:\u001b[39m \u001b[30m\u001b[43mTests adding and editing volunteers and related actions\n\u001b[49m\u001b[39m \u001b[34m\u001b[47mFirst name was as expected\u001b[49m\u001b[39m",
                        "timedOut": false,
                        "duration": 1,
                        "state": "passed",
                        "speed": "fast",
                        "pass": true,
                        "fail": false,
                        "pending": false,
                        "code": "config.lastCreatedVolunteer[0].firstname.should.match(config.firstNameReg)",
                        "err": {},
                        "isRoot": false,
                        "uuid": "3ae28d3e-dbed-4b18-9e3b-95020d0eb810",
                        "parentUUID": "39dde8bc-868b-4f71-8d15-523f434d6d2e",
                        "isHook": false,
                        "skipped": false
                      },
                      {
                        "title": "\u001b[34m\u001b[47mLast name was as expected\u001b[49m\u001b[39m",
                        "fullTitle": "\u001b[32mRunning Tests:\u001b[39m \u001b[30m\u001b[43mTests adding and editing volunteers and related actions\n\u001b[49m\u001b[39m \u001b[34m\u001b[47mLast name was as expected\u001b[49m\u001b[39m",
                        "timedOut": false,
                        "duration": 1,
                        "state": "passed",
                        "speed": "fast",
                        "pass": true,
                        "fail": false,
                        "pending": false,
                        "code": "config.lastCreatedVolunteer[0].lastname.should.match(config.lastNameReg)",
                        "err": {},
                        "isRoot": false,
                        "uuid": "b4ac925f-f879-4bbe-a45e-556c92de1aad",
                        "parentUUID": "39dde8bc-868b-4f71-8d15-523f434d6d2e",
                        "isHook": false,
                        "skipped": false
                      },
                      {
                        "title": "\u001b[34m\u001b[47mState was as expected\u001b[49m\u001b[39m",
                        "fullTitle": "\u001b[32mRunning Tests:\u001b[39m \u001b[30m\u001b[43mTests adding and editing volunteers and related actions\n\u001b[49m\u001b[39m \u001b[34m\u001b[47mState was as expected\u001b[49m\u001b[39m",
                        "timedOut": false,
                        "duration": 1,
                        "state": "passed",
                        "speed": "fast",
                        "pass": true,
                        "fail": false,
                        "pending": false,
                        "code": "config.lastCreatedVolunteer[0].state.should.match(config.stateReg)",
                        "err": {},
                        "isRoot": false,
                        "uuid": "da5de982-61b4-4f34-b335-3b4be96d6b06",
                        "parentUUID": "39dde8bc-868b-4f71-8d15-523f434d6d2e",
                        "isHook": false,
                        "skipped": false
                      },
                      {
                        "title": "\u001b[34m\u001b[47mEmail was as expected\u001b[49m\u001b[39m",
                        "fullTitle": "\u001b[32mRunning Tests:\u001b[39m \u001b[30m\u001b[43mTests adding and editing volunteers and related actions\n\u001b[49m\u001b[39m \u001b[34m\u001b[47mEmail was as expected\u001b[49m\u001b[39m",
                        "timedOut": false,
                        "duration": 0,
                        "state": "passed",
                        "speed": "fast",
                        "pass": true,
                        "fail": false,
                        "pending": false,
                        "code": "config.lastCreatedVolunteer[0].email.should.match(config.emailReg)",
                        "err": {},
                        "isRoot": false,
                        "uuid": "6444b1a7-bdaf-4c1d-911d-9a17f38b228d",
                        "parentUUID": "39dde8bc-868b-4f71-8d15-523f434d6d2e",
                        "isHook": false,
                        "skipped": false
                      },
                      {
                        "title": "\u001b[34m\u001b[47mVolunteer was active as expected\u001b[49m\u001b[39m",
                        "fullTitle": "\u001b[32mRunning Tests:\u001b[39m \u001b[30m\u001b[43mTests adding and editing volunteers and related actions\n\u001b[49m\u001b[39m \u001b[34m\u001b[47mVolunteer was active as expected\u001b[49m\u001b[39m",
                        "timedOut": false,
                        "duration": 0,
                        "state": "passed",
                        "speed": "fast",
                        "pass": true,
                        "fail": false,
                        "pending": false,
                        "code": "config.lastCreatedVolunteer[0].active.should.match(/^true$/)",
                        "err": {},
                        "isRoot": false,
                        "uuid": "2a1efdac-2e65-4e74-bb1d-27ecfd4a318d",
                        "parentUUID": "39dde8bc-868b-4f71-8d15-523f434d6d2e",
                        "isHook": false,
                        "skipped": false
                      },
                      {
                        "title": "\u001b[34m\u001b[47mVolunteer status = 1 as expected\u001b[49m\u001b[39m",
                        "fullTitle": "\u001b[32mRunning Tests:\u001b[39m \u001b[30m\u001b[43mTests adding and editing volunteers and related actions\n\u001b[49m\u001b[39m \u001b[34m\u001b[47mVolunteer status = 1 as expected\u001b[49m\u001b[39m",
                        "timedOut": false,
                        "duration": 1,
                        "state": "passed",
                        "speed": "fast",
                        "pass": true,
                        "fail": false,
                        "pending": false,
                        "code": "config.lastCreatedVolunteer[0].status.should.match(/^1$/)",
                        "err": {},
                        "isRoot": false,
                        "uuid": "063d75ae-1304-42c8-ad90-3843d89860a5",
                        "parentUUID": "39dde8bc-868b-4f71-8d15-523f434d6d2e",
                        "isHook": false,
                        "skipped": false
                      },
                      {
                        "title": "Coordinator is the value that was pre-populated when creating the volunteer",
                        "fullTitle": "\u001b[32mRunning Tests:\u001b[39m \u001b[30m\u001b[43mTests adding and editing volunteers and related actions\n\u001b[49m\u001b[39m Coordinator is the value that was pre-populated when creating the volunteer",
                        "timedOut": false,
                        "duration": 0,
                        "pass": false,
                        "fail": false,
                        "pending": true,
                        "code": "",
                        "err": {},
                        "isRoot": false,
                        "uuid": "58eddb97-a306-4ed9-a103-97c3e6706954",
                        "parentUUID": "39dde8bc-868b-4f71-8d15-523f434d6d2e",
                        "isHook": false,
                        "skipped": false
                      },
                      {
                        "title": "When there's no user geography info the coordinator is the logged in user",
                        "fullTitle": "\u001b[32mRunning Tests:\u001b[39m \u001b[30m\u001b[43mTests adding and editing volunteers and related actions\n\u001b[49m\u001b[39m When there's no user geography info the coordinator is the logged in user",
                        "timedOut": false,
                        "duration": 0,
                        "pass": false,
                        "fail": false,
                        "pending": true,
                        "code": "",
                        "err": {},
                        "isRoot": false,
                        "uuid": "12dad41e-11c9-43c8-ad6a-29918879ee5b",
                        "parentUUID": "39dde8bc-868b-4f71-8d15-523f434d6d2e",
                        "isHook": false,
                        "skipped": false
                      },
                      {
                        "title": "\u001b[34m\u001b[47mlastupdatedby was as expected\u001b[49m\u001b[39m",
                        "fullTitle": "\u001b[32mRunning Tests:\u001b[39m \u001b[30m\u001b[43mTests adding and editing volunteers and related actions\n\u001b[49m\u001b[39m \u001b[34m\u001b[47mlastupdatedby was as expected\u001b[49m\u001b[39m",
                        "timedOut": false,
                        "duration": 1,
                        "state": "passed",
                        "speed": "fast",
                        "pass": true,
                        "fail": false,
                        "pending": false,
                        "code": "config.lastCreatedVolunteer[0].lastupdatedby.should.match(config.userIdReg)",
                        "err": {},
                        "isRoot": false,
                        "uuid": "a4d1b85b-c437-4e41-bac9-d03583ede546",
                        "parentUUID": "39dde8bc-868b-4f71-8d15-523f434d6d2e",
                        "isHook": false,
                        "skipped": false
                      },
                      {
                        "title": "\u001b[34m\u001b[47mLogID was as expected\u001b[49m\u001b[39m",
                        "fullTitle": "\u001b[32mRunning Tests:\u001b[39m \u001b[30m\u001b[43mTests adding and editing volunteers and related actions\n\u001b[49m\u001b[39m \u001b[34m\u001b[47mLogID was as expected\u001b[49m\u001b[39m",
                        "timedOut": false,
                        "duration": 2,
                        "state": "passed",
                        "speed": "fast",
                        "pass": true,
                        "fail": false,
                        "pending": false,
                        "code": "let logId = config.databaseNameAndServer[0].orgid + '.' + config.firstName.substring(0,1) + config.lastName;\nlet logIdReg = new RegExp(logId)\nconfig.lastCreatedVolunteer[0].logid.should.match(logIdReg)",
                        "err": {},
                        "isRoot": false,
                        "uuid": "0c104832-b2b1-43f7-8b74-4fe869e2ae51",
                        "parentUUID": "39dde8bc-868b-4f71-8d15-523f434d6d2e",
                        "isHook": false,
                        "skipped": false
                      }
                    ],
                    "pending": [
                      {
                        "title": "Add a volunteer in a different state",
                        "fullTitle": "\u001b[32mRunning Tests:\u001b[39m \u001b[30m\u001b[43mTests adding and editing volunteers and related actions\n\u001b[49m\u001b[39m Add a volunteer in a different state",
                        "timedOut": false,
                        "duration": 0,
                        "pass": false,
                        "fail": false,
                        "pending": true,
                        "code": "",
                        "err": {},
                        "isRoot": false,
                        "uuid": "95ad5e0b-b83d-4bcb-90ad-a2736e4fca07",
                        "parentUUID": "39dde8bc-868b-4f71-8d15-523f434d6d2e",
                        "isHook": false,
                        "skipped": false
                      },
                      {
                        "title": "Coordinator is the value that was pre-populated when creating the volunteer",
                        "fullTitle": "\u001b[32mRunning Tests:\u001b[39m \u001b[30m\u001b[43mTests adding and editing volunteers and related actions\n\u001b[49m\u001b[39m Coordinator is the value that was pre-populated when creating the volunteer",
                        "timedOut": false,
                        "duration": 0,
                        "pass": false,
                        "fail": false,
                        "pending": true,
                        "code": "",
                        "err": {},
                        "isRoot": false,
                        "uuid": "58eddb97-a306-4ed9-a103-97c3e6706954",
                        "parentUUID": "39dde8bc-868b-4f71-8d15-523f434d6d2e",
                        "isHook": false,
                        "skipped": false
                      },
                      {
                        "title": "When there's no user geography info the coordinator is the logged in user",
                        "fullTitle": "\u001b[32mRunning Tests:\u001b[39m \u001b[30m\u001b[43mTests adding and editing volunteers and related actions\n\u001b[49m\u001b[39m When there's no user geography info the coordinator is the logged in user",
                        "timedOut": false,
                        "duration": 0,
                        "pass": false,
                        "fail": false,
                        "pending": true,
                        "code": "",
                        "err": {},
                        "isRoot": false,
                        "uuid": "12dad41e-11c9-43c8-ad6a-29918879ee5b",
                        "parentUUID": "39dde8bc-868b-4f71-8d15-523f434d6d2e",
                        "isHook": false,
                        "skipped": false
                      }
                    ],
                    "root": false,
                    "_timeout": 9999000,
                    "file": "/mocha.js",
                    "uuid": "39dde8bc-868b-4f71-8d15-523f434d6d2e",
                    "beforeHooks": [],
                    "afterHooks": [],
                    "fullFile": "/Users/mliedtka/AppiumAutomationFieldPortal/mocha.js",
                    "passes": [
                      {
                        "title": "\u001b[34m\u001b[47mSets variables for test\u001b[49m\u001b[39m",
                        "fullTitle": "\u001b[32mRunning Tests:\u001b[39m \u001b[30m\u001b[43mTests adding and editing volunteers and related actions\n\u001b[49m\u001b[39m \u001b[34m\u001b[47mSets variables for test\u001b[49m\u001b[39m",
                        "timedOut": false,
                        "duration": 18,
                        "state": "passed",
                        "speed": "fast",
                        "pass": true,
                        "fail": false,
                        "pending": false,
                        "code": "// because beforeAll needs to run before we set these due to the need to have dateTime defined.\nreturn driver\n\t.sleep(1)\n\t.then(function () {\n\t\tconfig.lastCreatedVolunteer = {};\n\t\tconfig.firstName            = 'First' + config.dateTime;\n\t\tconfig.lastName             = 'Last' + config.dateTime;\n\t\tconfig.fullName             = config.firstName + ' ' + config.lastName\n\t\tconfig.email                = config.firstName + '.' + config.lastName + '@callingfromhome.com'\n\t\tconfig.state                = 'AL'\n\t\tconfig.firstNameReg         = new RegExp(config.firstName)\n\t\tconfig.lastNameReg          = new RegExp(config.lastName)\n\t\tconfig.emailReg             = new RegExp(config.email)\n\t\tconfig.stateReg             = new RegExp(config.state)\n\t\tlet theseCities = cities.findByState(config.state).filter(function nonBlanks (city) {\n\t\t\treturn city.city != '' && city.zipcode != ''\n\t\t})\n\t\tlet rand = Math.floor((Math.random() * theseCities.length) + 0);\n\t\tconfig.thisCity = theseCities[rand].city\n\t\tconfig.thisZip = theseCities[rand].zipcode\n\t\tconfig.thisCounty = counties.find({zip: config.thisZip}).county\n\t})",
                        "err": {},
                        "isRoot": false,
                        "uuid": "701332bd-fb2b-4a1b-b9bd-e5c05a45ac3b",
                        "parentUUID": "39dde8bc-868b-4f71-8d15-523f434d6d2e",
                        "isHook": false,
                        "skipped": false
                      },
                      {
                        "title": "\u001b[34m\u001b[47mFull Login\u001b[49m\u001b[39m",
                        "fullTitle": "\u001b[32mRunning Tests:\u001b[39m \u001b[30m\u001b[43mTests adding and editing volunteers and related actions\n\u001b[49m\u001b[39m \u001b[34m\u001b[47mFull Login\u001b[49m\u001b[39m",
                        "timedOut": false,
                        "duration": 19097,
                        "state": "passed",
                        "speed": "slow",
                        "pass": true,
                        "fail": false,
                        "pending": false,
                        "code": "this.retries = 1\nreturn driver\n\t.fullLogin()",
                        "err": {},
                        "isRoot": false,
                        "uuid": "89ffc443-ae59-42d1-8f7a-b699aec54be9",
                        "parentUUID": "39dde8bc-868b-4f71-8d15-523f434d6d2e",
                        "isHook": false,
                        "skipped": false
                      },
                      {
                        "title": "\u001b[34m\u001b[47mOpen Volunteers, Add Volunteer\u001b[49m\u001b[39m",
                        "fullTitle": "\u001b[32mRunning Tests:\u001b[39m \u001b[30m\u001b[43mTests adding and editing volunteers and related actions\n\u001b[49m\u001b[39m \u001b[34m\u001b[47mOpen Volunteers, Add Volunteer\u001b[49m\u001b[39m",
                        "timedOut": false,
                        "duration": 2395,
                        "state": "passed",
                        "speed": "slow",
                        "pass": true,
                        "fail": false,
                        "pending": false,
                        "code": "return driver\n\t.elementById(elements.homeScreen.volunteers)\n\t.click()\n\t.waitForElementById(elements.actionBar.addVolunteer, 30000)\n\t.click()",
                        "err": {},
                        "isRoot": false,
                        "uuid": "d10a1835-40b6-4ca8-9a0d-6f49de11c549",
                        "parentUUID": "39dde8bc-868b-4f71-8d15-523f434d6d2e",
                        "isHook": false,
                        "skipped": false
                      },
                      {
                        "title": "\u001b[34m\u001b[47mAdd a volunteer\u001b[49m\u001b[39m",
                        "fullTitle": "\u001b[32mRunning Tests:\u001b[39m \u001b[30m\u001b[43mTests adding and editing volunteers and related actions\n\u001b[49m\u001b[39m \u001b[34m\u001b[47mAdd a volunteer\u001b[49m\u001b[39m",
                        "timedOut": false,
                        "duration": 48533,
                        "state": "passed",
                        "speed": "slow",
                        "pass": true,
                        "fail": false,
                        "pending": false,
                        "code": "return driver\n\t.waitForElementById(elements.addEditVolunteer.firstName, 15000)\n\t\t.click()\n\t\t.sendKeys(config.firstName)\n\t.elementById(elements.addEditVolunteer.lastName)\n\t\t.click()\n\t\t.sendKeys(config.lastName)\n\t.elementById(elements.addEditVolunteer.city)\n\t\t.click()\n\t\t.sendKeys(config.thisCity) // random city\n\t.elementByXPath(elements.addEditVolunteer.state)\n\t\t.click()\n\t\t.elementById(elements.addEditVolunteer.done) // todo scroll state list before picking\n\t\t.click()\n\t.elementById(elements.addEditVolunteer.zip)\n\t\t.click()\n\t\t.sendKeys(config.thisZip)\n\t.elementById(elements.addEditVolunteer.county)\n\t\t.click()\n\t\t.sendKeys(config.thisCounty)\n\t.elementById(elements.addEditVolunteer.email)\n\t\t.click()\n\t\t.sendKeys(config.email)\n\t.elementByXPath(elements.addEditVolunteer.coord)\n\t.getAttribute('value')\n\t.then((value) => { config.expectedCoordinator = value; }) // set expectedCoordinator\n\t.then(() => { sqlQuery.getUserId(config.expectedCoordinator) }) // get userId of expectedCoordinator\n\t.wait_for_sql('getUserId', 'userId')\n\t.then(() => { config.userIdReg = new RegExp(config.userId[0].userid) }) // set userIdReg for config.expectedCoordinator\n\t.elementById(elements.actionBar.save)\n\t.click()\n\t.waitForElementToDisappearByClassName(elements.general.spinner)\n\t.waitForElementById(elements.volunteers.active, 60000)\n\t.then(function () {\n\t\tconfig.homeScreenStats[0].volunteerbase +=1\n\t\tconfig.homeScreenStats[0].activecount +=1\n\t\tconsole.log('volunteerbase and activecount should now be ' + config.homeScreenStats[0].volunteerbase + ', ' + config.homeScreenStats[0].activecount + ' respectively.')\n\t})",
                        "err": {},
                        "isRoot": false,
                        "uuid": "b0a117e9-dc9b-4229-9003-fb7f9f5d6ce3",
                        "parentUUID": "39dde8bc-868b-4f71-8d15-523f434d6d2e",
                        "isHook": false,
                        "skipped": false
                      },
                      {
                        "title": "\u001b[34m\u001b[47mVolunteer appears in \"Active\" list\u001b[49m\u001b[39m",
                        "fullTitle": "\u001b[32mRunning Tests:\u001b[39m \u001b[30m\u001b[43mTests adding and editing volunteers and related actions\n\u001b[49m\u001b[39m \u001b[34m\u001b[47mVolunteer appears in \"Active\" list\u001b[49m\u001b[39m",
                        "timedOut": false,
                        "duration": 24346,
                        "state": "passed",
                        "speed": "slow",
                        "pass": true,
                        "fail": false,
                        "pending": false,
                        "code": "return driver\n\t.elementByIdOrNull(elements.volunteers.active)\n\t.then(function (el) {\n\t\tif (el == null) {\n\t\t\treturn driver\n\t\t\t\t.resetApp()\n\t\t\t\t.loginQuick()\n\t\t\t\t.elementById(elements.homeScreen.volunteers)\n\t\t\t\t.click()\n\t\t}\n\t})\n\t.elementById(elements.actionBar.search)\n\t.click()\n\t.sendKeys(config.fullName)\n\t.sleep(1000) // make sure automation not too fast - wait for results (should be instant)\n\t.elementByXPath(elements.volunteers.volunteer1.fullName)\n\t.then(function (el) {\n\t\treturn el.getAttribute('name').then(function (name) {\n\t\t\tassert.equal(name, config.fullName)\n\t\t})\n\t})",
                        "err": {},
                        "isRoot": false,
                        "uuid": "3b30c683-1543-402e-9c3a-a3c79bb7d097",
                        "parentUUID": "39dde8bc-868b-4f71-8d15-523f434d6d2e",
                        "isHook": false,
                        "skipped": false
                      },
                      {
                        "title": "\u001b[34m\u001b[47mGet new volunteer info from sql\u001b[49m\u001b[39m",
                        "fullTitle": "\u001b[32mRunning Tests:\u001b[39m \u001b[30m\u001b[43mTests adding and editing volunteers and related actions\n\u001b[49m\u001b[39m \u001b[34m\u001b[47mGet new volunteer info from sql\u001b[49m\u001b[39m",
                        "timedOut": false,
                        "duration": 2028,
                        "state": "passed",
                        "speed": "slow",
                        "pass": true,
                        "fail": false,
                        "pending": false,
                        "code": "return driver\n\t.sleep(1)\n\t.then(function () {\n\t\tsqlQuery.getUserId(config.thisUser)\n\t})\n\t.wait_for_sql('getUserId', 'userId')\n\t.then(function(){\n\t\tsqlQuery.getLastCreatedVolunteer()\n\t})\n\t.wait_for_sql('getLastCreatedVolunteer','lastCreatedVolunteer')",
                        "err": {},
                        "isRoot": false,
                        "uuid": "f17b7a6f-b339-4248-8cd5-fb9eaf26f9df",
                        "parentUUID": "39dde8bc-868b-4f71-8d15-523f434d6d2e",
                        "isHook": false,
                        "skipped": false
                      },
                      {
                        "title": "\u001b[34m\u001b[47mVolunteer id was created\u001b[49m\u001b[39m",
                        "fullTitle": "\u001b[32mRunning Tests:\u001b[39m \u001b[30m\u001b[43mTests adding and editing volunteers and related actions\n\u001b[49m\u001b[39m \u001b[34m\u001b[47mVolunteer id was created\u001b[49m\u001b[39m",
                        "timedOut": false,
                        "duration": 3,
                        "state": "passed",
                        "speed": "fast",
                        "pass": true,
                        "fail": false,
                        "pending": false,
                        "code": "config.lastCreatedVolunteer[0].id.should.match(/\\d+/)",
                        "err": {},
                        "isRoot": false,
                        "uuid": "c5f793b1-ea02-4f92-8a02-db92560de85e",
                        "parentUUID": "39dde8bc-868b-4f71-8d15-523f434d6d2e",
                        "isHook": false,
                        "skipped": false
                      },
                      {
                        "title": "\u001b[34m\u001b[47mContact id was created\u001b[49m\u001b[39m",
                        "fullTitle": "\u001b[32mRunning Tests:\u001b[39m \u001b[30m\u001b[43mTests adding and editing volunteers and related actions\n\u001b[49m\u001b[39m \u001b[34m\u001b[47mContact id was created\u001b[49m\u001b[39m",
                        "timedOut": false,
                        "duration": 1,
                        "state": "passed",
                        "speed": "fast",
                        "pass": true,
                        "fail": false,
                        "pending": false,
                        "code": "config.lastCreatedVolunteer[0].contactid.should.match(/\\d+/)",
                        "err": {},
                        "isRoot": false,
                        "uuid": "a3b634cb-04fa-4780-bb61-01d7ef7f513f",
                        "parentUUID": "39dde8bc-868b-4f71-8d15-523f434d6d2e",
                        "isHook": false,
                        "skipped": false
                      },
                      {
                        "title": "\u001b[34m\u001b[47mFirst name was as expected\u001b[49m\u001b[39m",
                        "fullTitle": "\u001b[32mRunning Tests:\u001b[39m \u001b[30m\u001b[43mTests adding and editing volunteers and related actions\n\u001b[49m\u001b[39m \u001b[34m\u001b[47mFirst name was as expected\u001b[49m\u001b[39m",
                        "timedOut": false,
                        "duration": 1,
                        "state": "passed",
                        "speed": "fast",
                        "pass": true,
                        "fail": false,
                        "pending": false,
                        "code": "config.lastCreatedVolunteer[0].firstname.should.match(config.firstNameReg)",
                        "err": {},
                        "isRoot": false,
                        "uuid": "3ae28d3e-dbed-4b18-9e3b-95020d0eb810",
                        "parentUUID": "39dde8bc-868b-4f71-8d15-523f434d6d2e",
                        "isHook": false,
                        "skipped": false
                      },
                      {
                        "title": "\u001b[34m\u001b[47mLast name was as expected\u001b[49m\u001b[39m",
                        "fullTitle": "\u001b[32mRunning Tests:\u001b[39m \u001b[30m\u001b[43mTests adding and editing volunteers and related actions\n\u001b[49m\u001b[39m \u001b[34m\u001b[47mLast name was as expected\u001b[49m\u001b[39m",
                        "timedOut": false,
                        "duration": 1,
                        "state": "passed",
                        "speed": "fast",
                        "pass": true,
                        "fail": false,
                        "pending": false,
                        "code": "config.lastCreatedVolunteer[0].lastname.should.match(config.lastNameReg)",
                        "err": {},
                        "isRoot": false,
                        "uuid": "b4ac925f-f879-4bbe-a45e-556c92de1aad",
                        "parentUUID": "39dde8bc-868b-4f71-8d15-523f434d6d2e",
                        "isHook": false,
                        "skipped": false
                      },
                      {
                        "title": "\u001b[34m\u001b[47mState was as expected\u001b[49m\u001b[39m",
[...]
      "err": {
        "message": "AssertionError [ERR_ASSERTION]: 'true' == 'false'",
        "estack": "AssertionError [ERR_ASSERTION]: 'true' == 'false'\n    at el.getAttribute.then (helpers/commons.js:461:44)\n    at _fulfilled (node_modules/wd/node_modules/q/q.js:834:54)\n    at self.promiseDispatch.done (node_modules/wd/node_modules/q/q.js:863:30)\n    at Promise.promise.promiseDispatch (node_modules/wd/node_modules/q/q.js:796:13)\n    at node_modules/wd/node_modules/q/q.js:604:44\n    at runSingle (node_modules/wd/node_modules/q/q.js:137:13)\n    at flush (node_modules/wd/node_modules/q/q.js:125:13)\n    at _combinedTickCallback (internal/process/next_tick.js:95:7)\n    at process._tickDomainCallback (internal/process/next_tick.js:198:9)\n",
        "diff": "- true\n+ false\n"
      },
      "isRoot": false,
      "uuid": "58c0900b-1d5b-4699-87ee-18dca4303936",
      "parentUUID": "f860e6a2-be55-471a-8149-84a9edb3ad20",
      "isHook": false,
      "skipped": false
    },
    {
      "title": "\u001b[34m\u001b[47mVolunteer still does not exists in tab after refresh - seventh test\u001b[49m\u001b[39m",
      "fullTitle": "\u001b[30m\u001b[43mDeleting Volunteers\u001b[49m\u001b[39m \u001b[34m\u001b[47mVolunteer still does not exists in tab after refresh - seventh test\u001b[49m\u001b[39m",
      "timedOut": false,
      "duration": 55031,
      "state": "failed",
      "pass": false,
      "fail": true,
      "pending": false,
      "code": "return driver\n\t.refresh_vol_or_prospect_list()\n                .elementByIdOrNull(elements.volunteers.active)\n                .then((el) => {return driver.recoverFromFailuresVolunteers(el)})\n                .elementById(elements.actionBar.search)\n\t.click()\n\t.clear()\n                .sendKeys(fullName)\n                .sleep(500) // wait for results (should be instant)\n                .elementByXPathOrNull(elements.volunteers.volunteer1.fullName)\n                .then((el) => {return driver.is_not_visible(el)})\n\t.elementById(elements.actionBar.cancel)\n\t.click()",
      "err": {
        "message": "AssertionError [ERR_ASSERTION]: 'true' == 'false'",
        "estack": "AssertionError [ERR_ASSERTION]: 'true' == 'false'\n    at el.getAttribute.then (helpers/commons.js:461:44)\n    at _fulfilled (node_modules/wd/node_modules/q/q.js:834:54)\n    at self.promiseDispatch.done (node_modules/wd/node_modules/q/q.js:863:30)\n    at Promise.promise.promiseDispatch (node_modules/wd/node_modules/q/q.js:796:13)\n    at node_modules/wd/node_modules/q/q.js:604:44\n    at runSingle (node_modules/wd/node_modules/q/q.js:137:13)\n    at flush (node_modules/wd/node_modules/q/q.js:125:13)\n    at _combinedTickCallback (internal/process/next_tick.js:95:7)\n    at process._tickDomainCallback (internal/process/next_tick.js:198:9)\n",
        "diff": "- true\n+ false\n"
      },
      "isRoot": false,
      "uuid": "875fa221-b904-4b9e-9365-c4d447d9203a",
      "parentUUID": "f860e6a2-be55-471a-8149-84a9edb3ad20",
      "isHook": false,
      "skipped": false
    },
    {
      "title": "\u001b[34m\u001b[47mOn Active tab - eigth test\u001b[49m\u001b[39m",
      "fullTitle": "\u001b[30m\u001b[43mDeleting Volunteers\u001b[49m\u001b[39m \u001b[34m\u001b[47mOn Active tab - eigth test\u001b[49m\u001b[39m",
      "timedOut": false,
      "duration": 1892,
      "state": "failed",
      "pass": false,
      "fail": true,
      "pending": false,
      "code": "return driver\n\t\t\t\t.elementById(elements.volunteers.active)\n\t\t\t\t.then((el) => {return driver.is_visible(el).is_selected(el)})",
      "err": {
        "message": "AssertionError [ERR_ASSERTION]: 'false' == 'true'",
        "estack": "AssertionError [ERR_ASSERTION]: 'false' == 'true'\n    at el.getAttribute.then (helpers/commons.js:451:40)\n    at _fulfilled (node_modules/wd/node_modules/q/q.js:834:54)\n    at self.promiseDispatch.done (node_modules/wd/node_modules/q/q.js:863:30)\n    at Promise.promise.promiseDispatch (node_modules/wd/node_modules/q/q.js:796:13)\n    at node_modules/wd/node_modules/q/q.js:604:44\n    at runSingle (node_modules/wd/node_modules/q/q.js:137:13)\n    at flush (node_modules/wd/node_modules/q/q.js:125:13)\n    at _combinedTickCallback (internal/process/next_tick.js:95:7)\n    at process._tickDomainCallback (internal/process/next_tick.js:198:9)\n",
        "diff": "- false\n+ true\n"
      },
      "isRoot": false,
      "uuid": "28ed2c89-7f96-44c1-bebc-1b606387009e",
      "parentUUID": "f860e6a2-be55-471a-8149-84a9edb3ad20",
      "isHook": false,
      "skipped": false
    },
    {
      "title": "\u001b[34m\u001b[47mOn Active tab - eigth test b\u001b[49m\u001b[39m",
      "fullTitle": "\u001b[30m\u001b[43mDeleting Volunteers\u001b[49m\u001b[39m \u001b[34m\u001b[47mOn Active tab - eigth test b\u001b[49m\u001b[39m",
      "timedOut": false,
      "duration": 266,
      "state": "failed",
      "pass": false,
      "fail": true,
      "pending": false,
      "code": "return driver\n\t\t\t\t.elementById(elements.volunteers.active)\n\t\t\t\t.then((el) => {return driver.is_visible(el).is_selected(el)})",
      "err": {
        "message": "Error: [elementById(\"Active\")] Error response status: 7, , NoSuchElement - An element could not be located on the page using the given search parameters. Selenium error: An element could not be located on the page using the given search parameters.",
        "estack": "Error: [elementById(\"Active\")] Error response status: 7, , NoSuchElement - An element could not be located on the page using the given search parameters. Selenium error: An element could not be located on the page using the given search parameters.\n    at exports.newError (node_modules/wd/lib/utils.js:145:13)\n    at node_modules/wd/lib/callbacks.js:75:19\n    at node_modules/wd/lib/webdriver.js:179:5\n    at Request._callback (node_modules/wd/lib/http-utils.js:88:7)\n    at Request.self.callback (node_modules/wd/node_modules/request/request.js:186:22)\n    at Request.<anonymous> (node_modules/wd/node_modules/request/request.js:1081:10)\n    at IncomingMessage.<anonymous> (node_modules/wd/node_modules/request/request.js:1001:12)\n    at endReadableNT (_stream_readable.js:1045:12)\n    at _combinedTickCallback (internal/process/next_tick.js:102:11)\n    at process._tickDomainCallback (internal/process/next_tick.js:198:9)\n"
      },
      "isRoot": false,
      "uuid": "ffafd425-441c-4125-a817-ec2fdcb20067",
      "parentUUID": "f860e6a2-be55-471a-8149-84a9edb3ad20",
      "isHook": false,
      "skipped": false
    },
    {
      "title": "\u001b[34m\u001b[47mVolunteer no longer exists in the active tab - eigth test\u001b[49m\u001b[39m",
      "fullTitle": "\u001b[30m\u001b[43mDeleting Volunteers\u001b[49m\u001b[39m \u001b[34m\u001b[47mVolunteer no longer exists in the active tab - eigth test\u001b[49m\u001b[39m",
      "timedOut": false,
      "duration": 34464,
      "state": "failed",
      "pass": false,
      "fail": true,
      "pending": false,
      "code": "return driver\n    .elementByIdOrNull(elements.volunteers.active)\n    .then((el) => {return driver.recoverFromFailuresVolunteers(el)})\n    .elementById(elements.actionBar.search)\n    .click()\n    .sendKeys(fullName)\n    .sleep(500) // wait for results (should be instant)\n    .elementByXPathOrNull(elements.volunteers.volunteer1.fullName)\n    .then((el) => {return driver.is_not_visible(el)})\n    // .then(function () {\n        // config.homeScreenStats[0].activecount     -= 1\n        // config.homeScreenStats[0].activepercent    = Math.round((config.homeScreenStats[0].activecount / config.homeScreenStats[0].volunteerbase) * 100) + '%'\n        // config.homeScreenStats[0].inactivecount   += 1\n        // config.homeScreenStats[0].inactivepercent  = Math.round((config.homeScreenStats[0].inactivecount / config.homeScreenStats[0].volunteerbase) * 100) + '%'\n\t\t\t\t// })\n\t\t\t\t.elementById(elements.actionBar.cancel)\n\t\t\t\t.click()",
      "err": {
        "message": "AssertionError [ERR_ASSERTION]: 'true' == 'false'",
        "estack": "AssertionError [ERR_ASSERTION]: 'true' == 'false'\n    at el.getAttribute.then (helpers/commons.js:461:44)\n    at _fulfilled (node_modules/wd/node_modules/q/q.js:834:54)\n    at self.promiseDispatch.done (node_modules/wd/node_modules/q/q.js:863:30)\n    at Promise.promise.promiseDispatch (node_modules/wd/node_modules/q/q.js:796:13)\n    at node_modules/wd/node_modules/q/q.js:604:44\n    at runSingle (node_modules/wd/node_modules/q/q.js:137:13)\n    at flush (node_modules/wd/node_modules/q/q.js:125:13)\n    at _combinedTickCallback (internal/process/next_tick.js:95:7)\n    at process._tickDomainCallback (internal/process/next_tick.js:198:9)\n",
        "diff": "- true\n+ false\n"
      },
      "isRoot": false,
      "uuid": "7315df2a-a6e8-4cfb-a8bb-6261484b8b61",
      "parentUUID": "f860e6a2-be55-471a-8149-84a9edb3ad20",
      "isHook": false,
      "skipped": false
    },
    {
      "title": "\u001b[34m\u001b[47mVolunteer still does not exists in tab after refresh - eigth test\u001b[49m\u001b[39m",
      "fullTitle": "\u001b[30m\u001b[43mDeleting Volunteers\u001b[49m\u001b[39m \u001b[34m\u001b[47mVolunteer still does not exists in tab after refresh - eigth test\u001b[49m\u001b[39m",
      "timedOut": false,
      "duration": 60216,
      "state": "failed",
      "pass": false,
      "fail": true,
      "pending": false,
      "code": "return driver\n\t.refresh_vol_or_prospect_list()\n                .elementByIdOrNull(elements.volunteers.active)\n                .then((el) => {return driver.recoverFromFailuresVolunteers(el)})\n                .elementById(elements.actionBar.search)\n\t.clear()\n                .sendKeys(fullName)\n                .sleep(500) // wait for results (should be instant)\n                .elementByXPathOrNull(elements.volunteers.volunteer1.fullName)\n                .then((el) => {return driver.is_not_visible(el)})\n\t.elementById(elements.actionBar.cancel)\n\t.click()",
      "err": {
        "message": "AssertionError [ERR_ASSERTION]: 'true' == 'false'",
        "estack": "AssertionError [ERR_ASSERTION]: 'true' == 'false'\n    at el.getAttribute.then (helpers/commons.js:461:44)\n    at _fulfilled (node_modules/wd/node_modules/q/q.js:834:54)\n    at self.promiseDispatch.done (node_modules/wd/node_modules/q/q.js:863:30)\n    at Promise.promise.promiseDispatch (node_modules/wd/node_modules/q/q.js:796:13)\n    at node_modules/wd/node_modules/q/q.js:604:44\n    at runSingle (node_modules/wd/node_modules/q/q.js:137:13)\n    at flush (node_modules/wd/node_modules/q/q.js:125:13)\n    at _combinedTickCallback (internal/process/next_tick.js:95:7)\n    at process._tickDomainCallback (internal/process/next_tick.js:198:9)\n",
        "diff": "- true\n+ false\n"
      },
      "isRoot": false,
      "uuid": "edbd1780-14f5-470a-bdf8-b41627558db6",
      "parentUUID": "f860e6a2-be55-471a-8149-84a9edb3ad20",
      "isHook": false,
      "skipped": false
    },
    {
      "title": "\u001b[34m\u001b[47mOn Active tab - ninth test\u001b[49m\u001b[39m",
      "fullTitle": "\u001b[30m\u001b[43mDeleting Volunteers\u001b[49m\u001b[39m \u001b[34m\u001b[47mOn Active tab - ninth test\u001b[49m\u001b[39m",
      "timedOut": false,
      "duration": 2424,
      "state": "failed",
      "pass": false,
      "fail": true,
      "pending": false,
      "code": "return driver\n\t\t\t\t.elementById(elements.volunteers.active)\n\t\t\t\t.then((el) => {return driver.is_visible(el).is_selected(el)})",
      "err": {
        "message": "AssertionError [ERR_ASSERTION]: 'false' == 'true'",
        "estack": "AssertionError [ERR_ASSERTION]: 'false' == 'true'\n    at el.getAttribute.then (helpers/commons.js:451:40)\n    at _fulfilled (node_modules/wd/node_modules/q/q.js:834:54)\n    at self.promiseDispatch.done (node_modules/wd/node_modules/q/q.js:863:30)\n    at Promise.promise.promiseDispatch (node_modules/wd/node_modules/q/q.js:796:13)\n    at node_modules/wd/node_modules/q/q.js:604:44\n    at runSingle (node_modules/wd/node_modules/q/q.js:137:13)\n    at flush (node_modules/wd/node_modules/q/q.js:125:13)\n    at _combinedTickCallback (internal/process/next_tick.js:95:7)\n    at process._tickDomainCallback (internal/process/next_tick.js:198:9)\n",
        "diff": "- false\n+ true\n"
      },
      "isRoot": false,
      "uuid": "b27bc7ef-5695-4bcb-bb78-79ea2c9447ae",
      "parentUUID": "f860e6a2-be55-471a-8149-84a9edb3ad20",
      "isHook": false,
      "skipped": false
    },
    {
      "title": "\u001b[34m\u001b[47mOn Active tab - ninth test b\u001b[49m\u001b[39m",
      "fullTitle": "\u001b[30m\u001b[43mDeleting Volunteers\u001b[49m\u001b[39m \u001b[34m\u001b[47mOn Active tab - ninth test b\u001b[49m\u001b[39m",
      "timedOut": false,
      "duration": 252,
      "state": "failed",
      "pass": false,
      "fail": true,
      "pending": false,
      "code": "return driver\n\t\t\t\t.elementById(elements.volunteers.active)\n\t\t\t\t.then((el) => {return driver.is_visible(el).is_selected(el)})",
      "err": {
        "message": "Error: [elementById(\"Active\")] Error response status: 7, , NoSuchElement - An element could not be located on the page using the given search parameters. Selenium error: An element could not be located on the page using the given search parameters.",
        "estack": "Error: [elementById(\"Active\")] Error response status: 7, , NoSuchElement - An element could not be located on the page using the given search parameters. Selenium error: An element could not be located on the page using the given search parameters.\n    at exports.newError (node_modules/wd/lib/utils.js:145:13)\n    at node_modules/wd/lib/callbacks.js:75:19\n    at node_modules/wd/lib/webdriver.js:179:5\n    at Request._callback (node_modules/wd/lib/http-utils.js:88:7)\n    at Request.self.callback (node_modules/wd/node_modules/request/request.js:186:22)\n    at Request.<anonymous> (node_modules/wd/node_modules/request/request.js:1081:10)\n    at IncomingMessage.<anonymous> (node_modules/wd/node_modules/request/request.js:1001:12)\n    at endReadableNT (_stream_readable.js:1045:12)\n    at _combinedTickCallback (internal/process/next_tick.js:102:11)\n    at process._tickDomainCallback (internal/process/next_tick.js:198:9)\n"
      },
      "isRoot": false,
      "uuid": "6e92581b-b84d-41ec-bb89-64f730abf2c8",
      "parentUUID": "f860e6a2-be55-471a-8149-84a9edb3ad20",
      "isHook": false,
      "skipped": false
    },
    {
      "title": "\u001b[34m\u001b[47mVolunteer no longer exists in the active tab - ninth test\u001b[49m\u001b[39m",
      "fullTitle": "\u001b[30m\u001b[43mDeleting Volunteers\u001b[49m\u001b[39m \u001b[34m\u001b[47mVolunteer no longer exists in the active tab - ninth test\u001b[49m\u001b[39m",
      "timedOut": false,
      "duration": 37230,
      "state": "failed",
      "pass": false,
      "fail": true,
      "pending": false,
      "code": "return driver\n                .elementByIdOrNull(elements.volunteers.active)\n                .then((el) => {return driver.recoverFromFailuresVolunteers(el)})\n                .elementById(elements.actionBar.search)\n                .click()\n                .sendKeys(fullName)\n                .sleep(500) // wait for results (should be instant)\n                .elementByXPathOrNull(elements.volunteers.volunteer1.fullName)\n                .then((el) => {return driver.is_not_visible(el)})\n                // .then(function () {\n                    // config.homeScreenStats[0].activecount     -= 1\n                    // config.homeScreenStats[0].activepercent    = Math.round((config.homeScreenStats[0].activecount / config.homeScreenStats[0].volunteerbase) * 100) + '%'\n                    // config.homeScreenStats[0].inactivecount   += 1\n                    // config.homeScreenStats[0].inactivepercent  = Math.round((config.homeScreenStats[0].inactivecount / config.homeScreenStats[0].volunteerbase) * 100) + '%'\n\t\t\t\t// })\n\t\t\t\t.elementById(elements.actionBar.cancel)\n\t\t\t\t.click()",
      "err": {
        "message": "AssertionError [ERR_ASSERTION]: 'true' == 'false'",
        "estack": "AssertionError [ERR_ASSERTION]: 'true' == 'false'\n    at el.getAttribute.then (helpers/commons.js:461:44)\n    at _fulfilled (node_modules/wd/node_modules/q/q.js:834:54)\n    at self.promiseDispatch.done (node_modules/wd/node_modules/q/q.js:863:30)\n    at Promise.promise.promiseDispatch (node_modules/wd/node_modules/q/q.js:796:13)\n    at node_modules/wd/node_modules/q/q.js:604:44\n    at runSingle (node_modules/wd/node_modules/q/q.js:137:13)\n    at flush (node_modules/wd/node_modules/q/q.js:125:13)\n    at _combinedTickCallback (internal/process/next_tick.js:95:7)\n    at process._tickDomainCallback (internal/process/next_tick.js:198:9)\n",
        "diff": "- true\n+ false\n"
      },
      "isRoot": false,
      "uuid": "8a760129-c0fa-4197-a185-6c9852b5890b",
      "parentUUID": "f860e6a2-be55-471a-8149-84a9edb3ad20",
      "isHook": false,
      "skipped": false
    },
    {
      "title": "\u001b[34m\u001b[47mVolunteer still does not exist in tab after refresh - ninth test\u001b[49m\u001b[39m",
      "fullTitle": "\u001b[30m\u001b[43mDeleting Volunteers\u001b[49m\u001b[39m \u001b[34m\u001b[47mVolunteer still does not exist in tab after refresh - ninth test\u001b[49m\u001b[39m",
      "timedOut": false,
      "duration": 61843,
      "state": "failed",
      "pass": false,
      "fail": true,
      "pending": false,
      "code": "return driver\n\t\t\t\t.elementByIdOrNull(elements.volunteers.active,10000)\n\t\t\t\t.then((el) => {return driver.recoverFromFailuresVolunteers(el)})\n\t\t\t\t.refresh_vol_or_prospect_list()\n                .elementById(elements.actionBar.search)\n\t\t\t\t.click()\n\t\t\t\t.clear()\n                .sendKeys(fullName)\n                .sleep(500) // wait for results (should be instant)\n                .elementByXPathOrNull(elements.volunteers.volunteer1.fullName)\n                .then((el) => {return driver.is_not_visible(el)})\n                // .then(function () {\n                    // config.homeScreenStats[0].activecount     -= 1\n                    // config.homeScreenStats[0].activepercent    = Math.round((config.homeScreenStats[0].activecount / config.homeScreenStats[0].volunteerbase) * 100) + '%'\n                    // config.homeScreenStats[0].inactivecount   += 1\n                    // config.homeScreenStats[0].inactivepercent  = Math.round((config.homeScreenStats[0].inactivecount / config.homeScreenStats[0].volunteerbase) * 100) + '%'\n\t\t\t\t// })\n\t\t\t\t.elementById(elements.actionBar.cancel)\n\t\t\t\t.click()",
      "err": {
        "message": "AssertionError [ERR_ASSERTION]: 'true' == 'false'",
        "estack": "AssertionError [ERR_ASSERTION]: 'true' == 'false'\n    at el.getAttribute.then (helpers/commons.js:461:44)\n    at _fulfilled (node_modules/wd/node_modules/q/q.js:834:54)\n    at self.promiseDispatch.done (node_modules/wd/node_modules/q/q.js:863:30)\n    at Promise.promise.promiseDispatch (node_modules/wd/node_modules/q/q.js:796:13)\n    at node_modules/wd/node_modules/q/q.js:604:44\n    at runSingle (node_modules/wd/node_modules/q/q.js:137:13)\n    at flush (node_modules/wd/node_modules/q/q.js:125:13)\n    at _combinedTickCallback (internal/process/next_tick.js:95:7)\n    at process._tickDomainCallback (internal/process/next_tick.js:198:9)\n",
        "diff": "- true\n+ false\n"
      },
      "isRoot": false,
      "uuid": "fcab7798-f7a7-4e8e-ad87-332d73cf8ab7",
      "parentUUID": "f860e6a2-be55-471a-8149-84a9edb3ad20",
      "isHook": false,
      "skipped": false
    }
  ],
  "copyrightYear": 2017
}