{
  "stats": {
    "suites": 9,
    "tests": 68,
    "passes": 64,
    "pending": 1,
    "failures": 3,
    "start": "2017-07-26T15:55:34.874Z",
    "end": "2017-07-26T16:03:37.952Z",
    "duration": 483078,
    "testsRegistered": 68,
    "passPercent": 95.5,
    "pendingPercent": 1.5,
    "other": 0,
    "hasOther": false,
    "skipped": 0,
    "hasSkipped": false,
    "passPercentClass": "success",
    "pendingPercentClass": "danger"
  },
  "suites": {
    "title": "",
    "suites": [
      {
        "title": "\u001b[32mAutomation Test in Progress!\u001b[39m",
        "suites": [
          {
            "title": "\u001b[32mRunning automation, please wait for all tests to complete!\u001b[39m",
            "suites": [
              {
                "title": "\u001b[32mRun icon color tests\u001b[39m",
                "suites": [
                  {
                    "title": "Logs in and verifies the counts and percents on the home screen",
                    "suites": [],
                    "tests": [
                      {
                        "title": "Full Login",
                        "fullTitle": "\u001b[32mRun icon color tests\u001b[39m Logs in and verifies the counts and percents on the home screen Full Login",
                        "timedOut": false,
                        "duration": 24391,
                        "state": "passed",
                        "speed": "slow",
                        "pass": true,
                        "fail": false,
                        "pending": false,
                        "code": "return driver\n\t.fullLogin()",
                        "err": {},
                        "isRoot": false,
                        "uuid": "53b39733-f56d-4f3f-b9d5-734a1a21e970",
                        "parentUUID": "640de854-f2e7-4efa-983b-08d05ee3d2bf",
                        "isHook": false,
                        "skipped": false
                      },
                      {
                        "title": "Get home screen stats from SQL",
                        "fullTitle": "\u001b[32mRun icon color tests\u001b[39m Logs in and verifies the counts and percents on the home screen Get home screen stats from SQL",
                        "timedOut": false,
                        "duration": 2018,
                        "state": "passed",
                        "speed": "slow",
                        "pass": true,
                        "fail": false,
                        "pending": false,
                        "code": "return driver\n\t.sleep(1)\n\t.then(function getHomeScreenStats() {\n\t\treturn sqlQuery.getHomeScreenStats()\n\t})\n\t.wait_for_sql('getHomeScreenStats', 'homeScreenStats')",
                        "err": {},
                        "isRoot": false,
                        "uuid": "74c79ea3-0e55-4b5d-a473-1b69cbdffc69",
                        "parentUUID": "640de854-f2e7-4efa-983b-08d05ee3d2bf",
                        "isHook": false,
                        "skipped": false
                      },
                      {
                        "title": "Volunteer Base Count, String",
                        "fullTitle": "\u001b[32mRun icon color tests\u001b[39m Logs in and verifies the counts and percents on the home screen Volunteer Base Count, String",
                        "timedOut": false,
                        "duration": 1281,
                        "state": "passed",
                        "speed": "slow",
                        "pass": true,
                        "fail": false,
                        "pending": false,
                        "code": "return driver\n\t.elementByXPath(elements.homeScreen.volBaseString)\n\t.then(function (el) {\n\t\treturn el.getAttribute('name').then(function (string) {\n\t\t\tassert.equal(Number(string.match(/\\d+/g)), config.homeScreenStats[0].volunteerbase)\n\t\t})\n\t})",
                        "err": {},
                        "isRoot": false,
                        "uuid": "bf7405bf-d272-4e50-8660-64eea1622786",
                        "parentUUID": "640de854-f2e7-4efa-983b-08d05ee3d2bf",
                        "isHook": false,
                        "skipped": false
                      },
                      {
                        "title": "Active Count",
                        "fullTitle": "\u001b[32mRun icon color tests\u001b[39m Logs in and verifies the counts and percents on the home screen Active Count",
                        "timedOut": false,
                        "duration": 1399,
                        "state": "passed",
                        "speed": "slow",
                        "pass": true,
                        "fail": false,
                        "pending": false,
                        "code": "return driver\n\t.elementByXPath(elements.homeScreen.activeCount)\n\t.then(function (el) {\n\t\treturn el.getAttribute('name').then(function (count) {\n\t\t\tassert.equal(count, config.homeScreenStats[0].activecount)\n\t\t})\n\t})",
                        "err": {},
                        "isRoot": false,
                        "uuid": "20bbfdc4-bf5b-40c3-8bb8-3243deaa8555",
                        "parentUUID": "640de854-f2e7-4efa-983b-08d05ee3d2bf",
                        "isHook": false,
                        "skipped": false
                      },
                      {
                        "title": "Active Percent",
                        "fullTitle": "\u001b[32mRun icon color tests\u001b[39m Logs in and verifies the counts and percents on the home screen Active Percent",
                        "timedOut": false,
                        "duration": 1367,
                        "state": "passed",
                        "speed": "slow",
                        "pass": true,
                        "fail": false,
                        "pending": false,
                        "code": "return driver\n\t.elementByXPath(elements.homeScreen.activePercent)\n\t.then(function (el) {\n\t\treturn el.getAttribute('name').then(function (percent) {\n\t\t\tassert.equal(percent, config.homeScreenStats[0].activepercent)\n\t\t})\n\t})",
                        "err": {},
                        "isRoot": false,
                        "uuid": "bc574a88-3b48-4be1-9b31-d16f606c1890",
                        "parentUUID": "640de854-f2e7-4efa-983b-08d05ee3d2bf",
                        "isHook": false,
                        "skipped": false
                      },
                      {
                        "title": "Inactive Count",
                        "fullTitle": "\u001b[32mRun icon color tests\u001b[39m Logs in and verifies the counts and percents on the home screen Inactive Count",
                        "timedOut": false,
                        "duration": 1714,
                        "state": "passed",
                        "speed": "slow",
                        "pass": true,
                        "fail": false,
                        "pending": false,
                        "code": "return driver\n\t.elementByXPath(elements.homeScreen.inActiveCount)\n\t.then(function (el) {\n\t\treturn el.getAttribute('name').then(function (count) {\n\t\t\tassert.equal(count, config.homeScreenStats[0].inactivecount)\n\t\t})\n\t})",
                        "err": {},
                        "isRoot": false,
                        "uuid": "26d7848d-a2dc-452a-9060-7364c579cba3",
                        "parentUUID": "640de854-f2e7-4efa-983b-08d05ee3d2bf",
                        "isHook": false,
                        "skipped": false
                      },
                      {
                        "title": "Inactive Percent",
                        "fullTitle": "\u001b[32mRun icon color tests\u001b[39m Logs in and verifies the counts and percents on the home screen Inactive Percent",
                        "timedOut": false,
                        "duration": 1452,
                        "state": "passed",
                        "speed": "slow",
                        "pass": true,
                        "fail": false,
                        "pending": false,
                        "code": "return driver\n\t.elementByXPath(elements.homeScreen.inActivePercent)\n\t.then(function (el) {\n\t\treturn el.getAttribute('name').then(function (percent) {\n\t\t\tassert.equal(percent, config.homeScreenStats[0].inactivepercent)\n\t\t})\n\t})",
                        "err": {},
                        "isRoot": false,
                        "uuid": "625b75ec-763b-4d80-8d28-713e25c1fbfa",
                        "parentUUID": "640de854-f2e7-4efa-983b-08d05ee3d2bf",
                        "isHook": false,
                        "skipped": false
                      },
                      {
                        "title": "Re-activated Count",
                        "fullTitle": "\u001b[32mRun icon color tests\u001b[39m Logs in and verifies the counts and percents on the home screen Re-activated Count",
                        "timedOut": false,
                        "duration": 1457,
                        "state": "passed",
                        "speed": "slow",
                        "pass": true,
                        "fail": false,
                        "pending": false,
                        "code": "return driver\n\t.elementByXPath(elements.homeScreen.reActivatedCount)\n\t.then(function (el) {\n\t\treturn el.getAttribute('name').then(function (count) {\n\t\t\tassert.equal(count, config.homeScreenStats[0].reactivatedcount)\n\t\t})\n\t})",
                        "err": {},
                        "isRoot": false,
                        "uuid": "b31cc76c-14cd-470b-b897-e657fb7c964c",
                        "parentUUID": "640de854-f2e7-4efa-983b-08d05ee3d2bf",
                        "isHook": false,
                        "skipped": false
                      },
                      {
                        "title": "Re-activated Percent",
                        "fullTitle": "\u001b[32mRun icon color tests\u001b[39m Logs in and verifies the counts and percents on the home screen Re-activated Percent",
                        "timedOut": false,
                        "duration": 1558,
                        "state": "passed",
                        "speed": "slow",
                        "pass": true,
                        "fail": false,
                        "pending": false,
                        "code": "return driver\n\t.elementByXPath(elements.homeScreen.reActivatedPercent)\n\t.then(function (el) {\n\t\treturn el.getAttribute('name').then(function (percent) {\n\t\t\tassert.equal(percent, config.homeScreenStats[0].reactivatedpercent)\n\t\t})\n\t})",
                        "err": {},
                        "isRoot": false,
                        "uuid": "b7256909-b6a5-43a0-adad-c2eead736bb9",
                        "parentUUID": "640de854-f2e7-4efa-983b-08d05ee3d2bf",
                        "isHook": false,
                        "skipped": false
                      }
                    ],
                    "pending": [],
                    "root": false,
                    "_timeout": 9999000,
                    "file": "/mocha.js",
                    "uuid": "640de854-f2e7-4efa-983b-08d05ee3d2bf",
                    "beforeHooks": [],
                    "afterHooks": [],
                    "fullFile": "/Users/mliedtka/AppiumAutomationFieldPortal/mocha.js",
                    "passes": [
                      {
                        "title": "Full Login",
                        "fullTitle": "\u001b[32mRun icon color tests\u001b[39m Logs in and verifies the counts and percents on the home screen Full Login",
                        "timedOut": false,
                        "duration": 24391,
                        "state": "passed",
                        "speed": "slow",
                        "pass": true,
                        "fail": false,
                        "pending": false,
                        "code": "return driver\n\t.fullLogin()",
                        "err": {},
                        "isRoot": false,
                        "uuid": "53b39733-f56d-4f3f-b9d5-734a1a21e970",
                        "parentUUID": "640de854-f2e7-4efa-983b-08d05ee3d2bf",
                        "isHook": false,
                        "skipped": false
                      },
                      {
                        "title": "Get home screen stats from SQL",
                        "fullTitle": "\u001b[32mRun icon color tests\u001b[39m Logs in and verifies the counts and percents on the home screen Get home screen stats from SQL",
                        "timedOut": false,
                        "duration": 2018,
                        "state": "passed",
                        "speed": "slow",
                        "pass": true,
                        "fail": false,
                        "pending": false,
                        "code": "return driver\n\t.sleep(1)\n\t.then(function getHomeScreenStats() {\n\t\treturn sqlQuery.getHomeScreenStats()\n\t})\n\t.wait_for_sql('getHomeScreenStats', 'homeScreenStats')",
                        "err": {},
                        "isRoot": false,
                        "uuid": "74c79ea3-0e55-4b5d-a473-1b69cbdffc69",
                        "parentUUID": "640de854-f2e7-4efa-983b-08d05ee3d2bf",
                        "isHook": false,
                        "skipped": false
                      },
                      {
                        "title": "Volunteer Base Count, String",
                        "fullTitle": "\u001b[32mRun icon color tests\u001b[39m Logs in and verifies the counts and percents on the home screen Volunteer Base Count, String",
                        "timedOut": false,
                        "duration": 1281,
                        "state": "passed",
                        "speed": "slow",
                        "pass": true,
                        "fail": false,
                        "pending": false,
                        "code": "return driver\n\t.elementByXPath(elements.homeScreen.volBaseString)\n\t.then(function (el) {\n\t\treturn el.getAttribute('name').then(function (string) {\n\t\t\tassert.equal(Number(string.match(/\\d+/g)), config.homeScreenStats[0].volunteerbase)\n\t\t})\n\t})",
                        "err": {},
                        "isRoot": false,
                        "uuid": "bf7405bf-d272-4e50-8660-64eea1622786",
                        "parentUUID": "640de854-f2e7-4efa-983b-08d05ee3d2bf",
                        "isHook": false,
                        "skipped": false
                      },
                      {
                        "title": "Active Count",
                        "fullTitle": "\u001b[32mRun icon color tests\u001b[39m Logs in and verifies the counts and percents on the home screen Active Count",
                        "timedOut": false,
                        "duration": 1399,
                        "state": "passed",
                        "speed": "slow",
                        "pass": true,
                        "fail": false,
                        "pending": false,
                        "code": "return driver\n\t.elementByXPath(elements.homeScreen.activeCount)\n\t.then(function (el) {\n\t\treturn el.getAttribute('name').then(function (count) {\n\t\t\tassert.equal(count, config.homeScreenStats[0].activecount)\n\t\t})\n\t})",
                        "err": {},
                        "isRoot": false,
                        "uuid": "20bbfdc4-bf5b-40c3-8bb8-3243deaa8555",
                        "parentUUID": "640de854-f2e7-4efa-983b-08d05ee3d2bf",
                        "isHook": false,
                        "skipped": false
                      },
                      {
                        "title": "Active Percent",
                        "fullTitle": "\u001b[32mRun icon color tests\u001b[39m Logs in and verifies the counts and percents on the home screen Active Percent",
                        "timedOut": false,
                        "duration": 1367,
                        "state": "passed",
                        "speed": "slow",
                        "pass": true,
                        "fail": false,
                        "pending": false,
                        "code": "return driver\n\t.elementByXPath(elements.homeScreen.activePercent)\n\t.then(function (el) {\n\t\treturn el.getAttribute('name').then(function (percent) {\n\t\t\tassert.equal(percent, config.homeScreenStats[0].activepercent)\n\t\t})\n\t})",
                        "err": {},
                        "isRoot": false,
                        "uuid": "bc574a88-3b48-4be1-9b31-d16f606c1890",
                        "parentUUID": "640de854-f2e7-4efa-983b-08d05ee3d2bf",
                        "isHook": false,
                        "skipped": false
                      },
                      {
                        "title": "Inactive Count",
                        "fullTitle": "\u001b[32mRun icon color tests\u001b[39m Logs in and verifies the counts and percents on the home screen Inactive Count",
                        "timedOut": false,
                        "duration": 1714,
                        "state": "passed",
                        "speed": "slow",
                        "pass": true,
                        "fail": false,
                        "pending": false,
                        "code": "return driver\n\t.elementByXPath(elements.homeScreen.inActiveCount)\n\t.then(function (el) {\n\t\treturn el.getAttribute('name').then(function (count) {\n\t\t\tassert.equal(count, config.homeScreenStats[0].inactivecount)\n\t\t})\n\t})",
                        "err": {},
                        "isRoot": false,
                        "uuid": "26d7848d-a2dc-452a-9060-7364c579cba3",
                        "parentUUID": "640de854-f2e7-4efa-983b-08d05ee3d2bf",
                        "isHook": false,
                        "skipped": false
                      },
                      {
                        "title": "Inactive Percent",
                        "fullTitle": "\u001b[32mRun icon color tests\u001b[39m Logs in and verifies the counts and percents on the home screen Inactive Percent",
                        "timedOut": false,
                        "duration": 1452,
                        "state": "passed",
                        "speed": "slow",
                        "pass": true,
                        "fail": false,
                        "pending": false,
                        "code": "return driver\n\t.elementByXPath(elements.homeScreen.inActivePercent)\n\t.then(function (el) {\n\t\treturn el.getAttribute('name').then(function (percent) {\n\t\t\tassert.equal(percent, config.homeScreenStats[0].inactivepercent)\n\t\t})\n\t})",
                        "err": {},
                        "isRoot": false,
                        "uuid": "625b75ec-763b-4d80-8d28-713e25c1fbfa",
                        "parentUUID": "640de854-f2e7-4efa-983b-08d05ee3d2bf",
                        "isHook": false,
                        "skipped": false
                      },
                      {
                        "title": "Re-activated Count",
                        "fullTitle": "\u001b[32mRun icon color tests\u001b[39m Logs in and verifies the counts and percents on the home screen Re-activated Count",
                        "timedOut": false,
                        "duration": 1457,
                        "state": "passed",
                        "speed": "slow",
                        "pass": true,
                        "fail": false,
                        "pending": false,
                        "code": "return driver\n\t.elementByXPath(elements.homeScreen.reActivatedCount)\n\t.then(function (el) {\n\t\treturn el.getAttribute('name').then(function (count) {\n\t\t\tassert.equal(count, config.homeScreenStats[0].reactivatedcount)\n\t\t})\n\t})",
                        "err": {},
                        "isRoot": false,
                        "uuid": "b31cc76c-14cd-470b-b897-e657fb7c964c",
                        "parentUUID": "640de854-f2e7-4efa-983b-08d05ee3d2bf",
                        "isHook": false,
                        "skipped": false
                      },
                      {
                        "title": "Re-activated Percent",
                        "fullTitle": "\u001b[32mRun icon color tests\u001b[39m Logs in and verifies the counts and percents on the home screen Re-activated Percent",
                        "timedOut": false,
                        "duration": 1558,
                        "state": "passed",
                        "speed": "slow",
                        "pass": true,
                        "fail": false,
                        "pending": false,
                        "code": "return driver\n\t.elementByXPath(elements.homeScreen.reActivatedPercent)\n\t.then(function (el) {\n\t\treturn el.getAttribute('name').then(function (percent) {\n\t\t\tassert.equal(percent, config.homeScreenStats[0].reactivatedpercent)\n\t\t})\n\t})",
                        "err": {},
                        "isRoot": false,
                        "uuid": "b7256909-b6a5-43a0-adad-c2eead736bb9",
                        "parentUUID": "640de854-f2e7-4efa-983b-08d05ee3d2bf",
                        "isHook": false,
                        "skipped": false
                      }
                    ],
                    "failures": [],
                    "skipped": [],
                    "hasBeforeHooks": false,
                    "hasAfterHooks": false,
                    "hasTests": true,
                    "hasSuites": false,
                    "totalTests": 9,
                    "totalPasses": 9,
                    "totalFailures": 0,
                    "totalPending": 0,
                    "totalSkipped": 0,
                    "hasPasses": true,
                    "hasFailures": false,
                    "hasPending": false,
                    "hasSkipped": false,
                    "duration": 36637,
                    "rootEmpty": false
                  },
                  {
                    "title": "Tests adding and editing volunteers and related actions",
                    "suites": [],
                    "tests": [
                      {
                        "title": "Sets variables for test",
                        "fullTitle": "\u001b[32mRun icon color tests\u001b[39m Tests adding and editing volunteers and related actions Sets variables for test",
                        "timedOut": false,
                        "duration": 17,
                        "state": "passed",
                        "speed": "fast",
                        "pass": true,
                        "fail": false,
                        "pending": false,
                        "code": "// because beforeAll needs to run before we set these due to the need to have dateTime defined.\nreturn driver\n\t.sleep(1)\n\t.then(function () {\n\t\tconfig.lastCreatedVolunteer = {};\n\t\tconfig.firstName = 'First' + config.dateTime;\n\t\tconfig.lastName  = 'Last' + config.dateTime;\n\t\tconfig.fullName = config.firstName + ' ' + config.lastName\n\t\tconfig.email = config.firstName + '.' + config.lastName + '@callingfromhome.com'\n\t\tconfig.state = 'AL'\n\t\tconfig.firstNameReg = new RegExp(config.firstName)\n\t\tconfig.lastNameReg = new RegExp(config.lastName)\n\t\tconfig.emailReg = new RegExp(config.email)\n\t\tconfig.stateReg = new RegExp(config.state)\n\t\tlet theseCities = cities.findByState(config.state).filter(function nonBlanks (city) {\n\t\t\treturn city.city != '' && city.zipcode != ''\n\t\t})\n\t\tlet rand = Math.floor((Math.random() * theseCities.length) + 0);\n\t\tconfig.thisCity = theseCities[rand].city\n\t\tconfig.thisZip = theseCities[rand].zipcode\n\t\tconfig.thisCounty = counties.find({zip: config.thisZip}).county\n\t})",
                        "err": {},
                        "isRoot": false,
                        "uuid": "e64e6cf4-7f5a-4c2f-b7e2-04aa1d97a086",
                        "parentUUID": "ea317b0a-2a6a-433f-b212-878e20860ef8",
                        "isHook": false,
                        "skipped": false
                      },
                      {
                        "title": "Full Login",
                        "fullTitle": "\u001b[32mRun icon color tests\u001b[39m Tests adding and editing volunteers and related actions Full Login",
                        "timedOut": false,
                        "duration": 31813,
                        "state": "passed",
                        "speed": "slow",
                        "pass": true,
                        "fail": false,
                        "pending": false,
                        "code": "this.retries = 1\nreturn driver\n\t.fullLogin()",
                        "err": {},
                        "isRoot": false,
                        "uuid": "dc74ea12-6be1-42ab-ae40-ebe088dc2853",
                        "parentUUID": "ea317b0a-2a6a-433f-b212-878e20860ef8",
                        "isHook": false,
                        "skipped": false
                      },
                      {
                        "title": "Open Volunteers, Add Volunteer",
                        "fullTitle": "\u001b[32mRun icon color tests\u001b[39m Tests adding and editing volunteers and related actions Open Volunteers, Add Volunteer",
                        "timedOut": false,
                        "duration": 3221,
                        "state": "passed",
                        "speed": "slow",
                        "pass": true,
                        "fail": false,
                        "pending": false,
                        "code": "return driver\n\t.elementById(elements.homeScreen.volunteers)\n\t.click()\n\t.waitForElementById(elements.actionBar.addVolunteer, 30000)\n\t.click()",
                        "err": {},
                        "isRoot": false,
                        "uuid": "02a63539-e9d3-4892-835e-e704d26b60c3",
                        "parentUUID": "ea317b0a-2a6a-433f-b212-878e20860ef8",
                        "isHook": false,
                        "skipped": false
                      },
                      {
                        "title": "Add a volunteer",
                        "fullTitle": "\u001b[32mRun icon color tests\u001b[39m Tests adding and editing volunteers and related actions Add a volunteer",
                        "timedOut": false,
                        "duration": 65422,
                        "state": "passed",
                        "speed": "slow",
                        "pass": true,
                        "fail": false,
                        "pending": false,
                        "code": "return driver\n\t.waitForElementById(elements.addVolunteer.firstName, 15000)\n\t\t.click()\n\t\t.sendKeys(config.firstName)\n\t.elementById(elements.addVolunteer.lastName)\n\t\t.click()\n\t\t.sendKeys(config.lastName)\n\t.elementById(elements.addVolunteer.city)\n\t\t.click()\n\t\t.sendKeys(config.thisCity) // random city\n\t.elementByXPath(elements.addVolunteer.state)\n\t\t.click()\n\t\t.elementById(elements.addVolunteer.done) // todo scroll state list before picking\n\t\t.click()\n\t.elementById(elements.addVolunteer.zip)\n\t\t.click()\n\t\t.sendKeys(config.thisZip)\n\t.elementById(elements.addVolunteer.county)\n\t\t.click()\n\t\t.sendKeys(config.thisCounty)\n\t.elementById(elements.addVolunteer.email)\n\t\t.click()\n\t\t.sendKeys(config.email)\n\t.elementById(elements.actionBar.save)\n\t.click()\n\t.waitForElementToDisappearByClassName(elements.general.spinner)\n\t.waitForElementById(elements.volunteers.active, 60000)\n\t.then(function () {\n\t\tconfig.homeScreenStats[0].volunteerbase +=1\n\t\tconfig.homeScreenStats[0].activecount +=1\n\t\tconsole.log('volunteerbase and activecount should now be ' + config.homeScreenStats[0].volunteerbase + ', ' + config.homeScreenStats[0].activecount + ' respectively.')\n\t})",
                        "err": {},
                        "isRoot": false,
                        "uuid": "a7f984bc-8564-46df-9f1c-76a1ea3c192c",
                        "parentUUID": "ea317b0a-2a6a-433f-b212-878e20860ef8",
                        "isHook": false,
                        "skipped": false
                      },
                      {
                        "title": "Add a volunteer in a different state",
                        "fullTitle": "\u001b[32mRun icon color tests\u001b[39m Tests adding and editing volunteers and related actions Add a volunteer in a different state",
                        "timedOut": false,
                        "duration": 0,
                        "pass": false,
                        "fail": false,
                        "pending": true,
                        "code": "",
                        "err": {},
                        "isRoot": false,
                        "uuid": "4d0c9b7f-df7f-40d1-bc57-3af7d6a69d2e",
                        "parentUUID": "ea317b0a-2a6a-433f-b212-878e20860ef8",
                        "isHook": false,
                        "skipped": false
                      },
                      {
                        "title": "Volunteer appears in list",
                        "fullTitle": "\u001b[32mRun icon color tests\u001b[39m Tests adding and editing volunteers and related actions Volunteer appears in list",
                        "timedOut": false,
                        "duration": 20036,
                        "state": "passed",
                        "speed": "slow",
                        "pass": true,
                        "fail": false,
                        "pending": false,
                        "code": "return driver\n\t.elementByIdOrNull(elements.volunteers.active)\n\t.then(function (el) {\n\t\tif (el == null) {\n\t\t\treturn driver\n\t\t\t\t.resetApp()\n\t\t\t\t.loginQuick()\n\t\t\t\t.elementById(elements.homeScreen.volunteers)\n\t\t\t\t.click()\n\t\t}\n\t})\n\t.elementById(elements.actionBar.search)\n\t.click()\n\t.sendKeys(config.fullName)\n\t.sleep(1000) // make sure automation not too fast - wait for results (should be instant)\n\t.elementByXPath(elements.volunteers.volunteer1.fullName)\n\t.then(function (el) {\n\t\treturn el.getAttribute('name').then(function (name) {\n\t\t\tassert.equal(name, config.fullName)\n\t\t})\n\t})",
                        "err": {},
                        "isRoot": false,
                        "uuid": "8fcc8a17-a065-4b15-8357-00fcb0a4c9f5",
                        "parentUUID": "ea317b0a-2a6a-433f-b212-878e20860ef8",
                        "isHook": false,
                        "skipped": false
                      },
                      {
                        "title": "Get new volunteer info from sql",
                        "fullTitle": "\u001b[32mRun icon color tests\u001b[39m Tests adding and editing volunteers and related actions Get new volunteer info from sql",
                        "timedOut": false,
                        "duration": 2028,
                        "state": "passed",
                        "speed": "slow",
                        "pass": true,
                        "fail": false,
                        "pending": false,
                        "code": "return driver\n\t.sleep(1)\n\t.then(function () {\n\t\tsqlQuery.getUserId()\n\t})\n\t.wait_for_sql('getUserId', 'userId')\n\t.then(function(){\n\t\tsqlQuery.getLastCreatedVolunteer()\n\t})\n\t.wait_for_sql('getLastCreatedVolunteer','lastCreatedVolunteer')",
                        "err": {},
                        "isRoot": false,
                        "uuid": "dec72dee-f976-4b58-95ef-336508283c61",
                        "parentUUID": "ea317b0a-2a6a-433f-b212-878e20860ef8",
                        "isHook": false,
                        "skipped": false
                      },
                      {
                        "title": "Volunteer id was created",
                        "fullTitle": "\u001b[32mRun icon color tests\u001b[39m Tests adding and editing volunteers and related actions Volunteer id was created",
                        "timedOut": false,
                        "duration": 3,
                        "state": "passed",
                        "speed": "fast",
                        "pass": true,
                        "fail": false,
                        "pending": false,
                        "code": "config.lastCreatedVolunteer[0].id.should.match(/\\d+/)",
                        "err": {},
                        "isRoot": false,
                        "uuid": "8fb644d8-b4d3-4d67-af28-f3d2cbb0bf36",
                        "parentUUID": "ea317b0a-2a6a-433f-b212-878e20860ef8",
                        "isHook": false,
                        "skipped": false
                      },
                      {
                        "title": "Contact id was created",
                        "fullTitle": "\u001b[32mRun icon color tests\u001b[39m Tests adding and editing volunteers and related actions Contact id was created",
                        "timedOut": false,
                        "duration": 1,
                        "state": "passed",
                        "speed": "fast",
                        "pass": true,
                        "fail": false,
                        "pending": false,
                        "code": "config.lastCreatedVolunteer[0].contactid.should.match(/\\d+/)",
                        "err": {},
                        "isRoot": false,
                        "uuid": "de20b52e-1f0d-4665-8f10-fb97ce96dab0",
                        "parentUUID": "ea317b0a-2a6a-433f-b212-878e20860ef8",
                        "isHook": false,
                        "skipped": false
                      },
                      {
                        "title": "First name was as expected",
                        "fullTitle": "\u001b[32mRun icon color tests\u001b[39m Tests adding and editing volunteers and related actions First name was as expected",
                        "timedOut": false,
                        "duration": 0,
                        "state": "passed",
                        "speed": "fast",
                        "pass": true,
                        "fail": false,
                        "pending": false,
                        "code": "config.lastCreatedVolunteer[0].firstname.should.match(config.firstNameReg)",
                        "err": {},
                        "isRoot": false,
                        "uuid": "ca67009b-caf0-4194-b781-c58c0f173393",
                        "parentUUID": "ea317b0a-2a6a-433f-b212-878e20860ef8",
                        "isHook": false,
                        "skipped": false
                      },
                      {
                        "title": "Last name was as expected",
                        "fullTitle": "\u001b[32mRun icon color tests\u001b[39m Tests adding and editing volunteers and related actions Last name was as expected",
                        "timedOut": false,
                        "duration": 0,
                        "state": "passed",
                        "speed": "fast",
                        "pass": true,
                        "fail": false,
                        "pending": false,
                        "code": "config.lastCreatedVolunteer[0].lastname.should.match(config.lastNameReg)",
                        "err": {},
                        "isRoot": false,
                        "uuid": "37b5d212-c674-4398-a2ff-c30d6cbb0f22",
                        "parentUUID": "ea317b0a-2a6a-433f-b212-878e20860ef8",
                        "isHook": false,
                        "skipped": false
                      },
                      {
                        "title": "State was as expected",
                        "fullTitle": "\u001b[32mRun icon color tests\u001b[39m Tests adding and editing volunteers and related actions State was as expected",
                        "timedOut": false,
                        "duration": 0,
                        "state": "passed",
                        "speed": "fast",
                        "pass": true,
                        "fail": false,
                        "pending": false,
                        "code": "config.lastCreatedVolunteer[0].state.should.match(config.stateReg)",
                        "err": {},
                        "isRoot": false,
                        "uuid": "bcfef93f-0408-4dfd-9620-cddef218ad0a",
                        "parentUUID": "ea317b0a-2a6a-433f-b212-878e20860ef8",
                        "isHook": false,
                        "skipped": false
                      },
                      {
                        "title": "Email was as expected",
                        "fullTitle": "\u001b[32mRun icon color tests\u001b[39m Tests adding and editing volunteers and related actions Email was as expected",
                        "timedOut": false,
                        "duration": 0,
                        "state": "passed",
                        "speed": "fast",
                        "pass": true,
                        "fail": false,
                        "pending": false,
                        "code": "config.lastCreatedVolunteer[0].email.should.match(config.emailReg)",
                        "err": {},
                        "isRoot": false,
                        "uuid": "92adb61f-f91c-4a52-9639-a5cbcba7b0cd",
                        "parentUUID": "ea317b0a-2a6a-433f-b212-878e20860ef8",
                        "isHook": false,
                        "skipped": false
                      },
                      {
                        "title": "Volunteer was active as expected",
                        "fullTitle": "\u001b[32mRun icon color tests\u001b[39m Tests adding and editing volunteers and related actions Volunteer was active as expected",
                        "timedOut": false,
                        "duration": 0,
                        "state": "passed",
                        "speed": "fast",
                        "pass": true,
                        "fail": false,
                        "pending": false,
                        "code": "config.lastCreatedVolunteer[0].active.should.match(/^true$/)",
                        "err": {},
                        "isRoot": false,
                        "uuid": "0fdef352-c43a-4e8a-a66f-781638e51a69",
                        "parentUUID": "ea317b0a-2a6a-433f-b212-878e20860ef8",
                        "isHook": false,
                        "skipped": false
                      },
                      {
                        "title": "Volunteer status = 1 as expected",
                        "fullTitle": "\u001b[32mRun icon color tests\u001b[39m Tests adding and editing volunteers and related actions Volunteer status = 1 as expected",
                        "timedOut": false,
                        "duration": 1,
                        "state": "passed",
                        "speed": "fast",
                        "pass": true,
                        "fail": false,
                        "pending": false,
                        "code": "config.lastCreatedVolunteer[0].status.should.match(/^1$/)",
                        "err": {},
                        "isRoot": false,
                        "uuid": "fd26123e-b639-4f06-b353-77ac4a347b1b",
                        "parentUUID": "ea317b0a-2a6a-433f-b212-878e20860ef8",
                        "isHook": false,
                        "skipped": false
                      },
                      {
                        "title": "Coordinator was as expected",
                        "fullTitle": "\u001b[32mRun icon color tests\u001b[39m Tests adding and editing volunteers and related actions Coordinator was as expected",
                        "timedOut": false,
                        "duration": 0,
                        "state": "passed",
                        "speed": "fast",
                        "pass": true,
                        "fail": false,
                        "pending": false,
                        "code": "config.lastCreatedVolunteer[0].coordinator.should.match(config.userIdReg)",
                        "err": {},
                        "isRoot": false,
                        "uuid": "c2d144ec-43d8-4c65-9cb5-a093e4d9813d",
                        "parentUUID": "ea317b0a-2a6a-433f-b212-878e20860ef8",
                        "isHook": false,
                        "skipped": false
                      },
                      {
                        "title": "lastupdatedby was as expected",
                        "fullTitle": "\u001b[32mRun icon color tests\u001b[39m Tests adding and editing volunteers and related actions lastupdatedby was as expected",
                        "timedOut": false,
                        "duration": 1,
                        "state": "passed",
                        "speed": "fast",
                        "pass": true,
                        "fail": false,
                        "pending": false,
                        "code": "config.lastCreatedVolunteer[0].lastupdatedby.should.match(config.userIdReg)",
                        "err": {},
                        "isRoot": false,
                        "uuid": "3e5b5a2f-f1bc-471b-be12-66e72ab3b013",
                        "parentUUID": "ea317b0a-2a6a-433f-b212-878e20860ef8",
                        "isHook": false,
                        "skipped": false
                      }
                    ],
                    "pending": [
                      {
                        "title": "Add a volunteer in a different state",
                        "fullTitle": "\u001b[32mRun icon color tests\u001b[39m Tests adding and editing volunteers and related actions Add a volunteer in a different state",
                        "timedOut": false,
                        "duration": 0,
                        "pass": false,
                        "fail": false,
                        "pending": true,
                        "code": "",
                        "err": {},
                        "isRoot": false,
                        "uuid": "4d0c9b7f-df7f-40d1-bc57-3af7d6a69d2e",
                        "parentUUID": "ea317b0a-2a6a-433f-b212-878e20860ef8",
                        "isHook": false,
                        "skipped": false
                      }
                    ],
                    "root": false,
                    "_timeout": 9999000,
                    "file": "/mocha.js",
                    "uuid": "ea317b0a-2a6a-433f-b212-878e20860ef8",
                    "beforeHooks": [],
                    "afterHooks": [],
                    "fullFile": "/Users/mliedtka/AppiumAutomationFieldPortal/mocha.js",
                    "passes": [
                      {
                        "title": "Sets variables for test",
                        "fullTitle": "\u001b[32mRun icon color tests\u001b[39m Tests adding and editing volunteers and related actions Sets variables for test",
                        "timedOut": false,
                        "duration": 17,
                        "state": "passed",
                        "speed": "fast",
                        "pass": true,
                        "fail": false,
                        "pending": false,
                        "code": "// because beforeAll needs to run before we set these due to the need to have dateTime defined.\nreturn driver\n\t.sleep(1)\n\t.then(function () {\n\t\tconfig.lastCreatedVolunteer = {};\n\t\tconfig.firstName = 'First' + config.dateTime;\n\t\tconfig.lastName  = 'Last' + config.dateTime;\n\t\tconfig.fullName = config.firstName + ' ' + config.lastName\n\t\tconfig.email = config.firstName + '.' + config.lastName + '@callingfromhome.com'\n\t\tconfig.state = 'AL'\n\t\tconfig.firstNameReg = new RegExp(config.firstName)\n\t\tconfig.lastNameReg = new RegExp(config.lastName)\n\t\tconfig.emailReg = new RegExp(config.email)\n\t\tconfig.stateReg = new RegExp(config.state)\n\t\tlet theseCities = cities.findByState(config.state).filter(function nonBlanks (city) {\n\t\t\treturn city.city != '' && city.zipcode != ''\n\t\t})\n\t\tlet rand = Math.floor((Math.random() * theseCities.length) + 0);\n\t\tconfig.thisCity = theseCities[rand].city\n\t\tconfig.thisZip = theseCities[rand].zipcode\n\t\tconfig.thisCounty = counties.find({zip: config.thisZip}).county\n\t})",
                        "err": {},
                        "isRoot": false,
                        "uuid": "e64e6cf4-7f5a-4c2f-b7e2-04aa1d97a086",
                        "parentUUID": "ea317b0a-2a6a-433f-b212-878e20860ef8",
                        "isHook": false,
                        "skipped": false
                      },
                      {
                        "title": "Full Login",
                        "fullTitle": "\u001b[32mRun icon color tests\u001b[39m Tests adding and editing volunteers and related actions Full Login",
                        "timedOut": false,
                        "duration": 31813,
                        "state": "passed",
                        "speed": "slow",
                        "pass": true,
                        "fail": false,
                        "pending": false,
                        "code": "this.retries = 1\nreturn driver\n\t.fullLogin()",
                        "err": {},
                        "isRoot": false,
                        "uuid": "dc74ea12-6be1-42ab-ae40-ebe088dc2853",
                        "parentUUID": "ea317b0a-2a6a-433f-b212-878e20860ef8",
                        "isHook": false,
                        "skipped": false
                      },
                      {
                        "title": "Open Volunteers, Add Volunteer",
                        "fullTitle": "\u001b[32mRun icon color tests\u001b[39m Tests adding and editing volunteers and related actions Open Volunteers, Add Volunteer",
                        "timedOut": false,
                        "duration": 3221,
                        "state": "passed",
                        "speed": "slow",
                        "pass": true,
                        "fail": false,
                        "pending": false,
                        "code": "return driver\n\t.elementById(elements.homeScreen.volunteers)\n\t.click()\n\t.waitForElementById(elements.actionBar.addVolunteer, 30000)\n\t.click()",
                        "err": {},
                        "isRoot": false,
                        "uuid": "02a63539-e9d3-4892-835e-e704d26b60c3",
                        "parentUUID": "ea317b0a-2a6a-433f-b212-878e20860ef8",
                        "isHook": false,
                        "skipped": false
                      },
                      {
                        "title": "Add a volunteer",
                        "fullTitle": "\u001b[32mRun icon color tests\u001b[39m Tests adding and editing volunteers and related actions Add a volunteer",
                        "timedOut": false,
                        "duration": 65422,
                        "state": "passed",
                        "speed": "slow",
                        "pass": true,
                        "fail": false,
                        "pending": false,
                        "code": "return driver\n\t.waitForElementById(elements.addVolunteer.firstName, 15000)\n\t\t.click()\n\t\t.sendKeys(config.firstName)\n\t.elementById(elements.addVolunteer.lastName)\n\t\t.click()\n\t\t.sendKeys(config.lastName)\n\t.elementById(elements.addVolunteer.city)\n\t\t.click()\n\t\t.sendKeys(config.thisCity) // random city\n\t.elementByXPath(elements.addVolunteer.state)\n\t\t.click()\n\t\t.elementById(elements.addVolunteer.done) // todo scroll state list before picking\n\t\t.click()\n\t.elementById(elements.addVolunteer.zip)\n\t\t.click()\n\t\t.sendKeys(config.thisZip)\n\t.elementById(elements.addVolunteer.county)\n\t\t.click()\n\t\t.sendKeys(config.thisCounty)\n\t.elementById(elements.addVolunteer.email)\n\t\t.click()\n\t\t.sendKeys(config.email)\n\t.elementById(elements.actionBar.save)\n\t.click()\n\t.waitForElementToDisappearByClassName(elements.general.spinner)\n\t.waitForElementById(elements.volunteers.active, 60000)\n\t.then(function () {\n\t\tconfig.homeScreenStats[0].volunteerbase +=1\n\t\tconfig.homeScreenStats[0].activecount +=1\n\t\tconsole.log('volunteerbase and activecount should now be ' + config.homeScreenStats[0].volunteerbase + ', ' + config.homeScreenStats[0].activecount + ' respectively.')\n\t})",
                        "err": {},
                        "isRoot": false,
                        "uuid": "a7f984bc-8564-46df-9f1c-76a1ea3c192c",
                        "parentUUID": "ea317b0a-2a6a-433f-b212-878e20860ef8",
                        "isHook": false,
                        "skipped": false
                      },
                      {
                        "title": "Volunteer appears in list",
                        "fullTitle": "\u001b[32mRun icon color tests\u001b[39m Tests adding and editing volunteers and related actions Volunteer appears in list",
                        "timedOut": false,
                        "duration": 20036,
                        "state": "passed",
                        "speed": "slow",
                        "pass": true,
                        "fail": false,
                        "pending": false,
                        "code": "return driver\n\t.elementByIdOrNull(elements.volunteers.active)\n\t.then(function (el) {\n\t\tif (el == null) {\n\t\t\treturn driver\n\t\t\t\t.resetApp()\n\t\t\t\t.loginQuick()\n\t\t\t\t.elementById(elements.homeScreen.volunteers)\n\t\t\t\t.click()\n\t\t}\n\t})\n\t.elementById(elements.actionBar.search)\n\t.click()\n\t.sendKeys(config.fullName)\n\t.sleep(1000) // make sure automation not too fast - wait for results (should be instant)\n\t.elementByXPath(elements.volunteers.volunteer1.fullName)\n\t.then(function (el) {\n\t\treturn el.getAttribute('name').then(function (name) {\n\t\t\tassert.equal(name, config.fullName)\n\t\t})\n\t})",
                        "err": {},
                        "isRoot": false,
                        "uuid": "8fcc8a17-a065-4b15-8357-00fcb0a4c9f5",
                        "parentUUID": "ea317b0a-2a6a-433f-b212-878e20860ef8",
                        "isHook": false,
                        "skipped": false
                      },
                      {
                        "title": "Get new volunteer info from sql",
                        "fullTitle": "\u001b[32mRun icon color tests\u001b[39m Tests adding and editing volunteers and related actions Get new volunteer info from sql",
                        "timedOut": false,
                        "duration": 2028,
                        "state": "passed",
                        "speed": "slow",
                        "pass": true,
                        "fail": false,
                        "pending": false,
                        "code": "return driver\n\t.sleep(1)\n\t.then(function () {\n\t\tsqlQuery.getUserId()\n\t})\n\t.wait_for_sql('getUserId', 'userId')\n\t.then(function(){\n\t\tsqlQuery.getLastCreatedVolunteer()\n\t})\n\t.wait_for_sql('getLastCreatedVolunteer','lastCreatedVolunteer')",
                        "err": {},
                        "isRoot": false,
                        "uuid": "dec72dee-f976-4b58-95ef-336508283c61",
                        "parentUUID": "ea317b0a-2a6a-433f-b212-878e20860ef8",
                        "isHook": false,
                        "skipped": false
                      },
                      {
                        "title": "Volunteer id was created",
                        "fullTitle": "\u001b[32mRun icon color tests\u001b[39m Tests adding and editing volunteers and related actions Volunteer id was created",
                        "timedOut": false,
                        "duration": 3,
                        "state": "passed",
                        "speed": "fast",
                        "pass": true,
                        "fail": false,
                        "pending": false,
                        "code": "config.lastCreatedVolunteer[0].id.should.match(/\\d+/)",
                        "err": {},
                        "isRoot": false,
                        "uuid": "8fb644d8-b4d3-4d67-af28-f3d2cbb0bf36",
                        "parentUUID": "ea317b0a-2a6a-433f-b212-878e20860ef8",
                        "isHook": false,
                        "skipped": false
                      },
                      {
                        "title": "Contact id was created",
                        "fullTitle": "\u001b[32mRun icon color tests\u001b[39m Tests adding and editing volunteers and related actions Contact id was created",
                        "timedOut": false,
                        "duration": 1,
                        "state": "passed",
                        "speed": "fast",
                        "pass": true,
                        "fail": false,
                        "pending": false,
                        "code": "config.lastCreatedVolunteer[0].contactid.should.match(/\\d+/)",
                        "err": {},
                        "isRoot": false,
                        "uuid": "de20b52e-1f0d-4665-8f10-fb97ce96dab0",
                        "parentUUID": "ea317b0a-2a6a-433f-b212-878e20860ef8",
                        "isHook": false,
                        "skipped": false
                      },
                      {
                        "title": "First name was as expected",
                        "fullTitle": "\u001b[32mRun icon color tests\u001b[39m Tests adding and editing volunteers and related actions First name was as expected",
                        "timedOut": false,
                        "duration": 0,
                        "state": "passed",
                        "speed": "fast",
                        "pass": true,
                        "fail": false,
                        "pending": false,
                        "code": "config.lastCreatedVolunteer[0].firstname.should.match(config.firstNameReg)",
                        "err": {},
                        "isRoot": false,
                        "uuid": "ca67009b-caf0-4194-b781-c58c0f173393",
                        "parentUUID": "ea317b0a-2a6a-433f-b212-878e20860ef8",
                        "isHook": false,
                        "skipped": false
                      },
                      {
                        "title": "Last name was as expected",
                        "fullTitle": "\u001b[32mRun icon color tests\u001b[39m Tests adding and editing volunteers and related actions Last name was as expected",
                        "timedOut": false,
                        "duration": 0,
                        "state": "passed",
                        "speed": "fast",
                        "pass": true,
                        "fail": false,
                        "pending": false,
                        "code": "config.lastCreatedVolunteer[0].lastname.should.match(config.lastNameReg)",
                        "err": {},
                        "isRoot": false,
                        "uuid": "37b5d212-c674-4398-a2ff-c30d6cbb0f22",
                        "parentUUID": "ea317b0a-2a6a-433f-b212-878e20860ef8",
                        "isHook": false,
                        "skipped": false
                      },
                      {
                        "title": "State was as expected",
                        "fullTitle": "\u001b[32mRun icon color tests\u001b[39m Tests adding and editing volunteers and related actions State was as expected",
                        "timedOut": false,
                        "duration": 0,
                        "state": "passed",
                        "speed": "fast",
                        "pass": true,
                        "fail": false,
                        "pending": false,
                        "code": "config.lastCreatedVolunteer[0].state.should.match(config.stateReg)",
                        "err": {},
                        "isRoot": false,
                        "uuid": "bcfef93f-0408-4dfd-9620-cddef218ad0a",
                        "parentUUID": "ea317b0a-2a6a-433f-b212-878e20860ef8",
                        "isHook": false,
                        "skipped": false
                      },
                      {
                        "title": "Email was as expected",
                        "fullTitle": "\u001b[32mRun icon color tests\u001b[39m Tests adding and editing volunteers and related actions Email was as expected",
                        "timedOut": false,
                        "duration": 0,
                        "state": "passed",
                        "speed": "fast",
                        "pass": true,
                        "fail": false,
                        "pending": false,
                        "code": "config.lastCreatedVolunteer[0].email.should.match(config.emailReg)",
                        "err": {},
                        "isRoot": false,
                        "uuid": "92adb61f-f91c-4a52-9639-a5cbcba7b0cd",
                        "parentUUID": "ea317b0a-2a6a-433f-b212-878e20860ef8",
                        "isHook": false,
                        "skipped": false
                      },
                      {
                        "title": "Volunteer was active as expected",
                        "fullTitle": "\u001b[32mRun icon color tests\u001b[39m Tests adding and editing volunteers and related actions Volunteer was active as expected",
                        "timedOut": false,
                        "duration": 0,
                        "state": "passed",
                        "speed": "fast",
                        "pass": true,
                        "fail": false,
                        "pending": false,
                        "code": "config.lastCreatedVolunteer[0].active.should.match(/^true$/)",
                        "err": {},
                        "isRoot": false,
                        "uuid": "0fdef352-c43a-4e8a-a66f-781638e51a69",
                        "parentUUID": "ea317b0a-2a6a-433f-b212-878e20860ef8",
                        "isHook": false,
                        "skipped": false
                      },
                      {
                        "title": "Volunteer status = 1 as expected",
                        "fullTitle": "\u001b[32mRun icon color tests\u001b[39m Tests adding and editing volunteers and related actions Volunteer status = 1 as expected",
                        "timedOut": false,
                        "duration": 1,
                        "state": "passed",
                        "speed": "fast",
                        "pass": true,
                        "fail": false,
                        "pending": false,
                        "code": "config.lastCreatedVolunteer[0].status.should.match(/^1$/)",
                        "err": {},
                        "isRoot": false,
                        "uuid": "fd26123e-b639-4f06-b353-77ac4a347b1b",
                        "parentUUID": "ea317b0a-2a6a-433f-b212-878e20860ef8",
                        "isHook": false,
                        "skipped": false
                      },
                      {
                        "title": "Coordinator was as expected",
                        "fullTitle": "\u001b[32mRun icon color tests\u001b[39m Tests adding and editing volunteers and related actions Coordinator was as expected",
                        "timedOut": false,
                        "duration": 0,
                        "state": "passed",
                        "speed": "fast",
                        "pass": true,
                        "fail": false,
                        "pending": false,
                        "code": "config.lastCreatedVolunteer[0].coordinator.should.match(config.userIdReg)",
                        "err": {},
                        "isRoot": false,
                        "uuid": "c2d144ec-43d8-4c65-9cb5-a093e4d9813d",
                        "parentUUID": "ea317b0a-2a6a-433f-b212-878e20860ef8",
                        "isHook": false,
                        "skipped": false
                      },
                      {
                        "title": "lastupdatedby was as expected",
                        "fullTitle": "\u001b[32mRun icon color tests\u001b[39m Tests adding and editing volunteers and related actions lastupdatedby was as expected",
                        "timedOut": false,
                        "duration": 1,
                        "state": "passed",
                        "speed": "fast",
                        "pass": true,
                        "fail": false,
                        "pending": false,
                        "code": "config.lastCreatedVolunteer[0].lastupdatedby.should.match(config.userIdReg)",
                        "err": {},
                        "isRoot": false,
                        "uuid": "3e5b5a2f-f1bc-471b-be12-66e72ab3b013",
                        "parentUUID": "ea317b0a-2a6a-433f-b212-878e20860ef8",
                        "isHook": false,
                        "skipped": false
                      }
                    ],
                    "failures": [],
                    "skipped": [],
                    "hasBeforeHooks": false,
                    "hasAfterHooks": false,
                    "hasTests": true,
                    "hasSuites": false,
                    "totalTests": 17,
                    "totalPasses": 16,
                    "totalFailures": 0,
                    "totalPending": 1,
                    "totalSkipped": 0,
                    "hasPasses": true,
                    "hasFailures": false,
                    "hasPending": true,
                    "hasSkipped": false,
                    "duration": 122543,
                    "rootEmpty": false
                  },
                  {
                    "title": "Verify the texting icon is present if the user has the role, and absent if the user does not have the role",
                    "suites": [],
                    "tests": [
                      {
                        "title": "Should determine if texting role is present",
                        "fullTitle": "\u001b[32mRun icon color tests\u001b[39m Verify the texting icon is present if the user has the role, and absent if the user does not have the role Should determine if texting role is present",
                        "timedOut": false,
                        "duration": 2025,
                        "state": "passed",
                        "speed": "slow",
                        "pass": true,
                        "fail": false,
                        "pending": false,
                        "code": "return driver\n\t.sleep(1)\n\t.then(function getUserId() {\n\t\tsqlQuery.getUserId()\n\t})\n\t.wait_for_sql('getUserId', 'userId')\n\t.then(function () {\n\t\tsqlQuery.getUserRoles()\n\t})\n\t.wait_for_sql('getUserRoles','userRoles')\n\t.then(function () {\n\t\tif(config.userRoles.includes('fptext')){\n\t\t\tconfig.textEnabled = true;\n\t\t} else {\n\t\t\tconfig.textEnabled = false;\n\t\t}\n\t})",
                        "err": {},
                        "isRoot": false,
                        "uuid": "14b05864-862e-429c-a28a-a5cb723d04eb",
                        "parentUUID": "c5e344f1-93e8-4e90-be90-4d2a65dc5737",
                        "isHook": false,
                        "skipped": false
                      },
                      {
                        "title": "Full Login",
                        "fullTitle": "\u001b[32mRun icon color tests\u001b[39m Verify the texting icon is present if the user has the role, and absent if the user does not have the role Full Login",
                        "timedOut": false,
                        "duration": 34013,
                        "state": "passed",
                        "speed": "slow",
                        "pass": true,
                        "fail": false,
                        "pending": false,
                        "code": "return driver\n\t\t\t.fullLogin() // when no args passed, uses credentials supplied via command line (process.argv.slice(2))",
                        "err": {},
                        "isRoot": false,
                        "uuid": "d9fb04d2-20a3-4bfa-a80c-7af17c3f83e5",
                        "parentUUID": "c5e344f1-93e8-4e90-be90-4d2a65dc5737",
                        "isHook": false,
                        "skipped": false
                      },
                      {
                        "title": "Verify the text icon is available when the role is present and absent if it is not present",
                        "fullTitle": "\u001b[32mRun icon color tests\u001b[39m Verify the texting icon is present if the user has the role, and absent if the user does not have the role Verify the text icon is available when the role is present and absent if it is not present",
                        "timedOut": false,
                        "duration": 566,
                        "state": "passed",
                        "speed": "slow",
                        "pass": true,
                        "fail": false,
                        "pending": false,
                        "code": "return driver\n    .sleep(1)\n    .then(function () {\n        if(config.textEnabled){\n            return driver\n                .elementById(elements.homeScreen.text)\n        } else {\n            return driver\n                .elementByIdOrNull(elements.homeScreen.text)\n                .then(function (el) {\n                    assert.equal(el, null)\n                })\n        }\n    })",
                        "err": {},
                        "isRoot": false,
                        "uuid": "92a4711a-3e00-416d-804e-f951eb11989a",
                        "parentUUID": "c5e344f1-93e8-4e90-be90-4d2a65dc5737",
                        "isHook": false,
                        "skipped": false
                      }
                    ],
                    "pending": [],
                    "root": false,
                    "_timeout": 9999000,
                    "file": "/mocha.js",
                    "uuid": "c5e344f1-93e8-4e90-be90-4d2a65dc5737",
                    "beforeHooks": [],
                    "afterHooks": [],
                    "fullFile": "/Users/mliedtka/AppiumAutomationFieldPortal/mocha.js",
                    "passes": [
                      {
                        "title": "Should determine if texting role is present",
                        "fullTitle": "\u001b[32mRun icon color tests\u001b[39m Verify the texting icon is present if the user has the role, and absent if the user does not have the role Should determine if texting role is present",
                        "timedOut": false,
                        "duration": 2025,
                        "state": "passed",
                        "speed": "slow",
                        "pass": true,
                        "fail": false,
                        "pending": false,
                        "code": "return driver\n\t.sleep(1)\n\t.then(function getUserId() {\n\t\tsqlQuery.getUserId()\n\t})\n\t.wait_for_sql('getUserId', 'userId')\n\t.then(function () {\n\t\tsqlQuery.getUserRoles()\n\t})\n\t.wait_for_sql('getUserRoles','userRoles')\n\t.then(function () {\n\t\tif(config.userRoles.includes('fptext')){\n\t\t\tconfig.textEnabled = true;\n\t\t} else {\n\t\t\tconfig.textEnabled = false;\n\t\t}\n\t})",
                        "err": {},
                        "isRoot": false,
                        "uuid": "14b05864-862e-429c-a28a-a5cb723d04eb",
                        "parentUUID": "c5e344f1-93e8-4e90-be90-4d2a65dc5737",
                        "isHook": false,
                        "skipped": false
                      },
                      {
                        "title": "Full Login",
                        "fullTitle": "\u001b[32mRun icon color tests\u001b[39m Verify the texting icon is present if the user has the role, and absent if the user does not have the role Full Login",
                        "timedOut": false,
                        "duration": 34013,
                        "state": "passed",
                        "speed": "slow",
                        "pass": true,
                        "fail": false,
                        "pending": false,
                        "code": "return driver\n\t\t\t.fullLogin() // when no args passed, uses credentials supplied via command line (process.argv.slice(2))",
                        "err": {},
                        "isRoot": false,
                        "uuid": "d9fb04d2-20a3-4bfa-a80c-7af17c3f83e5",
                        "parentUUID": "c5e344f1-93e8-4e90-be90-4d2a65dc5737",
                        "isHook": false,
                        "skipped": false
                      },
                      {
                        "title": "Verify the text icon is available when the role is present and absent if it is not present",
                        "fullTitle": "\u001b[32mRun icon color tests\u001b[39m Verify the texting icon is present if the user has the role, and absent if the user does not have the role Verify the text icon is available when the role is present and absent if it is not present",
                        "timedOut": false,
                        "duration": 566,
                        "state": "passed",
                        "speed": "slow",
                        "pass": true,
                        "fail": false,
                        "pending": false,
                        "code": "return driver\n    .sleep(1)\n    .then(function () {\n        if(config.textEnabled){\n            return driver\n                .elementById(elements.homeScreen.text)\n        } else {\n            return driver\n                .elementByIdOrNull(elements.homeScreen.text)\n                .then(function (el) {\n                    assert.equal(el, null)\n                })\n        }\n    })",
                        "err": {},
                        "isRoot": false,
                        "uuid": "92a4711a-3e00-416d-804e-f951eb11989a",
                        "parentUUID": "c5e344f1-93e8-4e90-be90-4d2a65dc5737",
                        "isHook": false,
                        "skipped": false
                      }
                    ],
                    "failures": [],
                    "skipped": [],
                    "hasBeforeHooks": false,
                    "hasAfterHooks": false,
                    "hasTests": true,
                    "hasSuites": false,
                    "totalTests": 3,
                    "totalPasses": 3,
                    "totalFailures": 0,
                    "totalPending": 0,
                    "totalSkipped": 0,
                    "hasPasses": true,
                    "hasFailures": false,
                    "hasPending": false,
                    "hasSkipped": false,
                    "duration": 36604,
                    "rootEmpty": false
                  },
                  {
                    "title": "All Prospect-related tests",
                    "suites": [],
                    "tests": [
                      {
                        "title": "Full Login",
                        "fullTitle": "\u001b[32mRun icon color tests\u001b[39m All Prospect-related tests Full Login",
                        "timedOut": false,
                        "duration": 33700,
                        "state": "passed",
                        "speed": "slow",
                        "pass": true,
                        "fail": false,
                        "pending": false,
                        "code": "return driver\n\t.fullLogin()",
                        "err": {},
                        "isRoot": false,
                        "uuid": "323fec55-911f-43a0-b7aa-588218f61b14",
                        "parentUUID": "d342795a-98b0-4c88-852a-d6f3db0e9cac",
                        "isHook": false,
                        "skipped": false
                      },
                      {
                        "title": "Navigate to prospects list (prospects tab highlighted after selecting)",
                        "fullTitle": "\u001b[32mRun icon color tests\u001b[39m All Prospect-related tests Navigate to prospects list (prospects tab highlighted after selecting)",
                        "timedOut": false,
                        "duration": 11249,
                        "state": "passed",
                        "speed": "slow",
                        "pass": true,
                        "fail": false,
                        "pending": false,
                        "code": "return driver\n\t.elementById(elements.homeScreen.volunteers)\n\t.click()\n\t.waitForElementToDisappearByClassName(elements.general.spinner)\n\t.waitForElementById(elements.volunteers.prospects,10000)\n\t.click()\n\t.sleep(2000) // time for tab to select\n\t.elementById(elements.volunteers.prospects)\n\t.then(function (el) {\n\t\treturn el.getAttribute('value').then(function (value) {\n\t\t\tassert.equal(value,1)\n\t\t})\n\t})",
                        "err": {},
                        "isRoot": false,
                        "uuid": "486d6675-9cbe-4edf-aa38-48ced79fa231",
                        "parentUUID": "d342795a-98b0-4c88-852a-d6f3db0e9cac",
                        "isHook": false,
                        "skipped": false
                      },
                      {
                        "title": "Open prospect details",
                        "fullTitle": "\u001b[32mRun icon color tests\u001b[39m All Prospect-related tests Open prospect details",
                        "timedOut": false,
                        "duration": 5855,
                        "state": "passed",
                        "speed": "slow",
                        "pass": true,
                        "fail": false,
                        "pending": false,
                        "code": "return driver\n\t.elementById(elements.prospects.prospect1.prospect1)\n\t.click()\n\t.waitForElementToDisappearByClassName(elements.general.spinner)\n\t.waitForElementById('Prospect Details', 20000)",
                        "err": {},
                        "isRoot": false,
                        "uuid": "dfe62dd8-e38e-4767-af6b-2ed3230cf848",
                        "parentUUID": "d342795a-98b0-4c88-852a-d6f3db0e9cac",
                        "isHook": false,
                        "skipped": false
                      },
                      {
                        "title": "Save prospect information",
                        "fullTitle": "\u001b[32mRun icon color tests\u001b[39m All Prospect-related tests Save prospect information",
                        "timedOut": false,
                        "duration": 4617,
                        "state": "passed",
                        "speed": "slow",
                        "pass": true,
                        "fail": false,
                        "pending": false,
                        "code": "return driver\n\t.waitForElementByXPath(elements.prospectDetails.firstAndLastName, 10000) //first and last name\n\t.then(function (el) {\n\t\treturn el.getAttribute('name').then(function name(attr) {\n\t\t\tif (attr != null) {\n\t\t\t\tfullName = attr.trim();\n\t\t\t}\n\t\t\tif (attr != null) {\n\t\t\t\tfirstName = attr.trim().split(/\\s+/).shift();\n\t\t\t}\n\t\t\tif (attr != null) {\n\t\t\t\tlastName = attr.trim().split(/\\s+/).pop();\n\t\t\t}\n\t\t})\n\t})\n\t.elementById(elements.prospectDetails.email)\n\t.then(function (el) {\n\t\treturn el.getAttribute('name').then(function name(attr) {\n\t\t\tif (attr != null) {\n\t\t\t\temail = attr.trim();\n\t\t\t}\n\t\t})\n\t})\n\t.elementById(elements.prospectDetails.phone)\n\t.then(function (el) {\n\t\treturn el.getAttribute('value').then(function (attr) {\n\t\t\tif (attr != null) {\n\t\t\t\tphone = attr.trim();\n\t\t\t}\n\t\t})\n\t})\n\t.elementByXPath(elements.prospectDetails.address)\n\t.then(function (el) {\n\t\treturn el.getAttribute('name').then(function name(attr) {\n\t\t\tif (attr != null) {\n\t\t\t\tstate = attr.trim().match(/\\w+(?=[\\s]{1})/g)[0];\n\t\t\t}\n\t\t})\n\t})",
                        "err": {},
                        "isRoot": false,
                        "uuid": "d3e82d25-0e56-4a85-ae03-8a457a68d7d2",
                        "parentUUID": "d342795a-98b0-4c88-852a-d6f3db0e9cac",
                        "isHook": false,
                        "skipped": false
                      },
                      {
                        "title": "Turn a prospect into a volunteer",
                        "fullTitle": "\u001b[32mRun icon color tests\u001b[39m All Prospect-related tests Turn a prospect into a volunteer",
                        "timedOut": false,
                        "duration": 17117,
                        "state": "passed",
                        "speed": "slow",
                        "pass": true,
                        "fail": false,
                        "pending": false,
                        "code": "return driver\n\t.elementById(elements.actionBar.addAsVol)\n\t.click()\n\t.waitForElementById(elements.actionBar.save, 10000)\n\t.then(function () {\n\t\tif (email == '' || email == elements.prospectDetails.email) {\n\t\t\treturn driver\n\t\t\t\t.elementById(elements.addVolunteer.email)\n\t\t\t\t.click()\n\t\t\t\t.sendKeys(firstName + '.' + lastName + (Math.floor(Math.random() * 10000)) + '@callingfromhome.com')\n\t\t}\n\t})\n\t.elementById(elements.actionBar.save)\n\t.click()\n\t.waitForElementToDisappearByClassName(elements.general.spinner)\n\t.waitForElementById(elements.actionBar.edit, 20000)",
                        "err": {},
                        "isRoot": false,
                        "uuid": "1c912f9d-ef7b-40b7-9594-0a6a0df67d0f",
                        "parentUUID": "d342795a-98b0-4c88-852a-d6f3db0e9cac",
                        "isHook": false,
                        "skipped": false
                      },
                      {
                        "title": "On Volunteer Details after turning Prospect into Volunteer",
                        "fullTitle": "\u001b[32mRun icon color tests\u001b[39m All Prospect-related tests On Volunteer Details after turning Prospect into Volunteer",
                        "timedOut": false,
                        "duration": 860,
                        "state": "passed",
                        "speed": "slow",
                        "pass": true,
                        "fail": false,
                        "pending": false,
                        "code": "return driver\n\t.waitForElementById('Volunteer Details', 10000)",
                        "err": {},
                        "isRoot": false,
                        "uuid": "d9f6f1fb-16f2-4043-8da5-bd2bda4c3913",
                        "parentUUID": "d342795a-98b0-4c88-852a-d6f3db0e9cac",
                        "isHook": false,
                        "skipped": false
                      },
                      {
                        "title": "Compare Volunteer Info :: Former Prospect Info -- FIRST and LAST NAME match",
                        "fullTitle": "\u001b[32mRun icon color tests\u001b[39m All Prospect-related tests Compare Volunteer Info :: Former Prospect Info -- FIRST and LAST NAME match",
                        "timedOut": false,
                        "duration": 2098,
                        "state": "passed",
                        "speed": "slow",
                        "pass": true,
                        "fail": false,
[...]
      "pass": true,
      "fail": false,
      "pending": false,
      "code": "return driver\n    .elementById(elements.actionBar.cancel)\n    .click()",
      "err": {},
      "isRoot": false,
      "uuid": "7c7d5fde-e122-488d-8f6b-d356c0b8480f",
      "parentUUID": "a890d23d-f26b-4106-8259-dd5939de3cfd",
      "isHook": false,
      "skipped": false
    },
    {
      "title": "Switch to active tab",
      "fullTitle": "All inactive volunteer-related tests Switch to active tab",
      "timedOut": false,
      "duration": 4634,
      "state": "passed",
      "speed": "slow",
      "pass": true,
      "fail": false,
      "pending": false,
      "code": "return driver\n    .elementByIdOrNull(elements.volunteers.active)\n    .then(function (el) {\n        if (el == null) {\n            return driver\n                .resetApp()\n                .loginQuick()\n                .elementById(elements.homeScreen.volunteers)\n                .click()\n                .waitForElementToDisappearByClassName(elements.general.spinner)\n                .waitForElementById(elements.volunteers.active, 10000)\n                .click()\n                .elementById(elements.volunteers.active)\n                .then(function (el) {\n                    return el.getAttribute('value').then(function (value) {\n                        assert.equal(value,1)\n                    })\n                })\n        } else {\n            return driver\n                .elementById(elements.volunteers.active)\n                .click()\n                .elementById(elements.volunteers.active)\n                .then(function (el) {\n                    return el.getAttribute('value').then(function (value) {\n                        assert.equal(value,1)\n                    })\n                })\n        }\n    })",
      "err": {},
      "isRoot": false,
      "uuid": "ef51bf15-c60a-4d6f-b751-2657aa8d516b",
      "parentUUID": "a890d23d-f26b-4106-8259-dd5939de3cfd",
      "isHook": false,
      "skipped": false
    },
    {
      "title": "Should be added to active tab",
      "fullTitle": "All inactive volunteer-related tests Should be added to active tab",
      "timedOut": false,
      "duration": 28922,
      "state": "passed",
      "speed": "slow",
      "pass": true,
      "fail": false,
      "pending": false,
      "code": "return driver\n    .waitForElementById(elements.actionBar.search,10000)\n    .click()\n    .sendKeys(fullName)\n    .sleep(1000) // make sure automation not too fast - wait for results (should be instant)\n    //get first result element:\n    .elementByXPathOrNull(elements.volunteers.volunteer1.fullName)\n    .then(function (el) {\n        return el.getAttribute('visible').then(function (visible) {\n            assert.equal(visible, true)\n        })\n    })\n    .elementByXPathOrNull(elements.volunteers.volunteer1.fullName)\n    .then(function (el) {\n        return el.getAttribute('name').then(function (name) {\n            assert.equal(name.trim(), fullName.trim())\n        })\n    }).then(function () {\n        config.homeScreenStats[0].activecount        += 1\n        config.homeScreenStats[0].activepercent       = Math.round((config.homeScreenStats[0].activecount / config.homeScreenStats[0].volunteerbase) * 100) + '%'\n        config.homeScreenStats[0].inactivecount      -= 1\n        config.homeScreenStats[0].inactivepercent     = Math.round((config.homeScreenStats[0].inactivecount / config.homeScreenStats[0].volunteerbase) * 100) + '%'\n        config.homeScreenStats[0].reactivatedcount   += 1\n        config.homeScreenStats[0].reactivatedpercent  = Math.round((config.homeScreenStats[0].reactivatedcount / config.homeScreenStats[0].volunteerbase) * 100) + '%'\n        \n    })",
      "err": {},
      "isRoot": false,
      "uuid": "12f0496f-d27c-4e9c-a161-08d989e45a6a",
      "parentUUID": "a890d23d-f26b-4106-8259-dd5939de3cfd",
      "isHook": false,
      "skipped": false
    },
    {
      "title": "Full Login",
      "fullTitle": "Logs in and verifies the counts and percents on the home screen Full Login",
      "timedOut": false,
      "duration": 32257,
      "state": "passed",
      "speed": "slow",
      "pass": true,
      "fail": false,
      "pending": false,
      "code": "return driver\n\t.fullLogin()",
      "err": {},
      "isRoot": false,
      "uuid": "183925b8-30a7-485f-a147-66d1c748bad7",
      "parentUUID": "eb015764-2d39-4dd8-8774-67f05f713bd0",
      "isHook": false,
      "skipped": false
    },
    {
      "title": "Active Percent",
      "fullTitle": "Logs in and verifies the counts and percents on the home screen Active Percent",
      "timedOut": false,
      "duration": 1510,
      "state": "passed",
      "speed": "slow",
      "pass": true,
      "fail": false,
      "pending": false,
      "code": "return driver\n\t.elementByXPath(elements.homeScreen.activePercent)\n\t.then(function (el) {\n\t\treturn el.getAttribute('name').then(function (percent) {\n\t\t\tassert.equal(percent, config.homeScreenStats[0].activepercent)\n\t\t\tconsole.log('activepercent: ' + percent + ' == ' + config.homeScreenStats[0].activepercent)\n\t\t})\n\t})",
      "err": {},
      "isRoot": false,
      "uuid": "76e55ea6-2515-4c72-a692-6b674ca5bdba",
      "parentUUID": "eb015764-2d39-4dd8-8774-67f05f713bd0",
      "isHook": false,
      "skipped": false
    },
    {
      "title": "Inactive Count",
      "fullTitle": "Logs in and verifies the counts and percents on the home screen Inactive Count",
      "timedOut": false,
      "duration": 1573,
      "state": "passed",
      "speed": "slow",
      "pass": true,
      "fail": false,
      "pending": false,
      "code": "return driver\n\t.elementByXPath(elements.homeScreen.inActiveCount)\n\t.then(function (el) {\n\t\treturn el.getAttribute('name').then(function (count) {\n\t\t\tassert.equal(count, config.homeScreenStats[0].inactivecount)\n\t\t\tconsole.log('inactivecount: ' + count + ' == ' + config.homeScreenStats[0].inactivecount)\n\t\t})\n\t})",
      "err": {},
      "isRoot": false,
      "uuid": "62a04f9c-a7d1-4055-8a5d-a1b73f6e4475",
      "parentUUID": "eb015764-2d39-4dd8-8774-67f05f713bd0",
      "isHook": false,
      "skipped": false
    },
    {
      "title": "Inactive Percent",
      "fullTitle": "Logs in and verifies the counts and percents on the home screen Inactive Percent",
      "timedOut": false,
      "duration": 1477,
      "state": "passed",
      "speed": "slow",
      "pass": true,
      "fail": false,
      "pending": false,
      "code": "return driver\n\t.elementByXPath(elements.homeScreen.inActivePercent)\n\t.then(function (el) {\n\t\treturn el.getAttribute('name').then(function (percent) {\n\t\t\tassert.equal(percent, config.homeScreenStats[0].inactivepercent)\n\t\t\tconsole.log('inactivepercent: ' + percent + ' == ' + config.homeScreenStats[0].inactivepercent)\n\t\t})\n\t})",
      "err": {},
      "isRoot": false,
      "uuid": "7c1d1a21-64de-45e3-957c-bb6272bc5dcd",
      "parentUUID": "eb015764-2d39-4dd8-8774-67f05f713bd0",
      "isHook": false,
      "skipped": false
    },
    {
      "title": "Re-activated Count",
      "fullTitle": "Logs in and verifies the counts and percents on the home screen Re-activated Count",
      "timedOut": false,
      "duration": 1587,
      "state": "passed",
      "speed": "slow",
      "pass": true,
      "fail": false,
      "pending": false,
      "code": "return driver\n\t.elementByXPath(elements.homeScreen.reActivatedCount)\n\t.then(function (el) {\n\t\treturn el.getAttribute('name').then(function (count) {\n\t\t\tassert.equal(count, config.homeScreenStats[0].reactivatedcount)\n\t\t\tconsole.log('reactivatedcount: ' + count + ' == ' + config.homeScreenStats[0].reactivatedcount)\n\t\t})\n\t})",
      "err": {},
      "isRoot": false,
      "uuid": "b31e27a3-81ac-4e26-939f-36bcff126723",
      "parentUUID": "eb015764-2d39-4dd8-8774-67f05f713bd0",
      "isHook": false,
      "skipped": false
    },
    {
      "title": "Get home screen stats from SQL",
      "fullTitle": "Logs in and verifies the counts and percents on the home screen Get home screen stats from SQL",
      "timedOut": false,
      "duration": 15,
      "state": "passed",
      "speed": "fast",
      "pass": true,
      "fail": false,
      "pending": false,
      "code": "console.log(('Next verify tally against values in SQL:\\n').green.bold.underline)\nreturn driver\n\t.sleep(1)\n\t.then(function getHomeScreenStats() {\n\t\treturn sqlQuery.getHomeScreenStats()\n\t})\n\t.wait_for_sql('getHomeScreenStats', 'homeScreenStats')",
      "err": {},
      "isRoot": false,
      "uuid": "c6e2a5f8-ff62-47cc-b623-41529f1b0170",
      "parentUUID": "eb015764-2d39-4dd8-8774-67f05f713bd0",
      "isHook": false,
      "skipped": false
    },
    {
      "title": "Volunteer Base Count, String",
      "fullTitle": "Logs in and verifies the counts and percents on the home screen Volunteer Base Count, String",
      "timedOut": false,
      "duration": 1859,
      "state": "passed",
      "speed": "slow",
      "pass": true,
      "fail": false,
      "pending": false,
      "code": "return driver\n\t.elementByXPath(elements.homeScreen.volBaseString)\n\t.then(function (el) {\n\t\treturn el.getAttribute('name').then(function (string) {\n\t\t\tassert.equal(Number(string.match(/\\d+/g)), config.homeScreenStats[0].volunteerbase)\n\t\t\tconsole.log('volunteerbase: ' + Number(string.match(/\\d+/g)) + ' == ' + config.homeScreenStats[0].volunteerbase)\n\t\t})\n\t})",
      "err": {},
      "isRoot": false,
      "uuid": "801a92f6-4e1d-4c8b-8b8a-cb2eab69e62b",
      "parentUUID": "eb015764-2d39-4dd8-8774-67f05f713bd0",
      "isHook": false,
      "skipped": false
    },
    {
      "title": "Active Count",
      "fullTitle": "Logs in and verifies the counts and percents on the home screen Active Count",
      "timedOut": false,
      "duration": 1448,
      "state": "passed",
      "speed": "slow",
      "pass": true,
      "fail": false,
      "pending": false,
      "code": "return driver\n\t.elementByXPath(elements.homeScreen.activeCount)\n\t.then(function (el) {\n\t\treturn el.getAttribute('name').then(function (count) {\n\t\t\tassert.equal(count, config.homeScreenStats[0].activecount)\n\t\t\tconsole.log('activecount: ' + count + ' == ' + config.homeScreenStats[0].activecount)\n\t\t})\n\t})",
      "err": {},
      "isRoot": false,
      "uuid": "0dd3d98d-92b3-4f2e-a587-14d2137d1150",
      "parentUUID": "eb015764-2d39-4dd8-8774-67f05f713bd0",
      "isHook": false,
      "skipped": false
    },
    {
      "title": "Active Percent",
      "fullTitle": "Logs in and verifies the counts and percents on the home screen Active Percent",
      "timedOut": false,
      "duration": 1296,
      "state": "passed",
      "speed": "slow",
      "pass": true,
      "fail": false,
      "pending": false,
      "code": "return driver\n\t.elementByXPath(elements.homeScreen.activePercent)\n\t.then(function (el) {\n\t\treturn el.getAttribute('name').then(function (percent) {\n\t\t\tassert.equal(percent, config.homeScreenStats[0].activepercent)\n\t\t\tconsole.log('activepercent: ' + percent + ' == ' + config.homeScreenStats[0].activepercent)\n\t\t})\n\t})",
      "err": {},
      "isRoot": false,
      "uuid": "1c65804d-5f66-4943-abec-2aad2f658850",
      "parentUUID": "eb015764-2d39-4dd8-8774-67f05f713bd0",
      "isHook": false,
      "skipped": false
    },
    {
      "title": "Inactive Count",
      "fullTitle": "Logs in and verifies the counts and percents on the home screen Inactive Count",
      "timedOut": false,
      "duration": 1302,
      "state": "passed",
      "speed": "slow",
      "pass": true,
      "fail": false,
      "pending": false,
      "code": "return driver\n\t.elementByXPath(elements.homeScreen.inActiveCount)\n\t.then(function (el) {\n\t\treturn el.getAttribute('name').then(function (count) {\n\t\t\tassert.equal(count, config.homeScreenStats[0].inactivecount)\n\t\t\tconsole.log('inactivecount: ' + count + ' == ' + config.homeScreenStats[0].inactivecount)\n\t\t})\n\t})",
      "err": {},
      "isRoot": false,
      "uuid": "35564c58-8669-4f8f-b372-0a1ac69ce0ee",
      "parentUUID": "eb015764-2d39-4dd8-8774-67f05f713bd0",
      "isHook": false,
      "skipped": false
    },
    {
      "title": "Inactive Percent",
      "fullTitle": "Logs in and verifies the counts and percents on the home screen Inactive Percent",
      "timedOut": false,
      "duration": 1523,
      "state": "passed",
      "speed": "slow",
      "pass": true,
      "fail": false,
      "pending": false,
      "code": "return driver\n\t.elementByXPath(elements.homeScreen.inActivePercent)\n\t.then(function (el) {\n\t\treturn el.getAttribute('name').then(function (percent) {\n\t\t\tassert.equal(percent, config.homeScreenStats[0].inactivepercent)\n\t\t\tconsole.log('inactivepercent: ' + percent + ' == ' + config.homeScreenStats[0].inactivepercent)\n\t\t})\n\t})",
      "err": {},
      "isRoot": false,
      "uuid": "34c13530-c533-487c-af1a-98723968cf81",
      "parentUUID": "eb015764-2d39-4dd8-8774-67f05f713bd0",
      "isHook": false,
      "skipped": false
    },
    {
      "title": "Re-activated Count",
      "fullTitle": "Logs in and verifies the counts and percents on the home screen Re-activated Count",
      "timedOut": false,
      "duration": 1486,
      "state": "passed",
      "speed": "slow",
      "pass": true,
      "fail": false,
      "pending": false,
      "code": "return driver\n\t.elementByXPath(elements.homeScreen.reActivatedCount)\n\t.then(function (el) {\n\t\treturn el.getAttribute('name').then(function (count) {\n\t\t\tassert.equal(count, config.homeScreenStats[0].reactivatedcount)\n\t\t\tconsole.log('reactivatedcount: ' + count + ' == ' + config.homeScreenStats[0].reactivatedcount)\n\t\t})\n\t})",
      "err": {},
      "isRoot": false,
      "uuid": "7e8b9206-8288-44da-9fd9-b12dbec2477d",
      "parentUUID": "eb015764-2d39-4dd8-8774-67f05f713bd0",
      "isHook": false,
      "skipped": false
    },
    {
      "title": "Re-activated Percent",
      "fullTitle": "Logs in and verifies the counts and percents on the home screen Re-activated Percent",
      "timedOut": false,
      "duration": 1381,
      "state": "passed",
      "speed": "slow",
      "pass": true,
      "fail": false,
      "pending": false,
      "code": "return driver\n\t.elementByXPath(elements.homeScreen.reActivatedPercent)\n\t.then(function (el) {\n\t\treturn el.getAttribute('name').then(function (percent) {\n\t\t\tassert.equal(percent, config.homeScreenStats[0].reactivatedpercent)\n\t\t\tconsole.log('reactivatedpercent: ' + percent + ' == ' + config.homeScreenStats[0].reactivatedpercent)\n\t\t})\n\t})",
      "err": {},
      "isRoot": false,
      "uuid": "5f4865c5-acec-4b0d-be72-ec939447d6f0",
      "parentUUID": "eb015764-2d39-4dd8-8774-67f05f713bd0",
      "isHook": false,
      "skipped": false
    }
  ],
  "allFailures": [
    {
      "title": "Volunteer Base Count, String",
      "fullTitle": "Logs in and verifies the counts and percents on the home screen Volunteer Base Count, String",
      "timedOut": false,
      "duration": 1404,
      "state": "failed",
      "pass": false,
      "fail": true,
      "pending": false,
      "code": "console.log(('First verify counts against expected tally based on test actions:\\n').green.bold.underline)\nreturn driver\n\t.elementByXPath(elements.homeScreen.volBaseString)\n\t.then(function (el) {\n\t\treturn el.getAttribute('name').then(function (string) {\n\t\t\tassert.equal(Number(string.match(/\\d+/g)), config.homeScreenStats[0].volunteerbase)\n\t\t\tconsole.log('volunteerbase: ' + Number(string.match(/\\d+/g)) + ' == ' + config.homeScreenStats[0].volunteerbase)\n\t\t})\n\t})",
      "err": {
        "message": "AssertionError [ERR_ASSERTION]: 27 == 26",
        "estack": "AssertionError [ERR_ASSERTION]: 27 == 26\n    at tests/login_counts_homescreen_final.js:46:14\n    at _fulfilled (node_modules/wd/node_modules/q/q.js:834:54)\n    at self.promiseDispatch.done (node_modules/wd/node_modules/q/q.js:863:30)\n    at Promise.promise.promiseDispatch (node_modules/wd/node_modules/q/q.js:796:13)\n    at node_modules/wd/node_modules/q/q.js:604:44\n    at runSingle (node_modules/wd/node_modules/q/q.js:137:13)\n    at flush (node_modules/wd/node_modules/q/q.js:125:13)\n    at _combinedTickCallback (internal/process/next_tick.js:95:7)\n    at process._tickDomainCallback (internal/process/next_tick.js:198:9)\n",
        "diff": "- 27\n+ 26\n"
      },
      "isRoot": false,
      "uuid": "3fa85bd8-9087-429b-9682-baebb21dafd1",
      "parentUUID": "eb015764-2d39-4dd8-8774-67f05f713bd0",
      "isHook": false,
      "skipped": false
    },
    {
      "title": "Active Count",
      "fullTitle": "Logs in and verifies the counts and percents on the home screen Active Count",
      "timedOut": false,
      "duration": 1606,
      "state": "failed",
      "pass": false,
      "fail": true,
      "pending": false,
      "code": "return driver\n\t.elementByXPath(elements.homeScreen.activeCount)\n\t.then(function (el) {\n\t\treturn el.getAttribute('name').then(function (count) {\n\t\t\tassert.equal(count, config.homeScreenStats[0].activecount)\n\t\t\tconsole.log('activecount: ' + count + ' == ' + config.homeScreenStats[0].activecount)\n\t\t})\n\t})",
      "err": {
        "message": "AssertionError [ERR_ASSERTION]: '26' == 25",
        "estack": "AssertionError [ERR_ASSERTION]: '26' == 25\n    at tests/login_counts_homescreen_final.js:57:14\n    at _fulfilled (node_modules/wd/node_modules/q/q.js:834:54)\n    at self.promiseDispatch.done (node_modules/wd/node_modules/q/q.js:863:30)\n    at Promise.promise.promiseDispatch (node_modules/wd/node_modules/q/q.js:796:13)\n    at node_modules/wd/node_modules/q/q.js:604:44\n    at runSingle (node_modules/wd/node_modules/q/q.js:137:13)\n    at flush (node_modules/wd/node_modules/q/q.js:125:13)\n    at _combinedTickCallback (internal/process/next_tick.js:95:7)\n    at process._tickDomainCallback (internal/process/next_tick.js:198:9)\n"
      },
      "isRoot": false,
      "uuid": "ed6fbf14-141d-419c-9f9e-34b754473103",
      "parentUUID": "eb015764-2d39-4dd8-8774-67f05f713bd0",
      "isHook": false,
      "skipped": false
    },
    {
      "title": "Re-activated Percent",
      "fullTitle": "Logs in and verifies the counts and percents on the home screen Re-activated Percent",
      "timedOut": false,
      "duration": 1468,
      "state": "failed",
      "pass": false,
      "fail": true,
      "pending": false,
      "code": "return driver\n\t.elementByXPath(elements.homeScreen.reActivatedPercent)\n\t.then(function (el) {\n\t\treturn el.getAttribute('name').then(function (percent) {\n\t\t\tassert.equal(percent, config.homeScreenStats[0].reactivatedpercent)\n\t\t\tconsole.log('reactivatedpercent: ' + percent + ' == ' + config.homeScreenStats[0].reactivatedpercent)\n\t\t})\n\t})",
      "err": {
        "message": "AssertionError [ERR_ASSERTION]: '26%' == '27%'",
        "estack": "AssertionError [ERR_ASSERTION]: '26%' == '27%'\n    at tests/login_counts_homescreen_final.js:112:14\n    at _fulfilled (node_modules/wd/node_modules/q/q.js:834:54)\n    at self.promiseDispatch.done (node_modules/wd/node_modules/q/q.js:863:30)\n    at Promise.promise.promiseDispatch (node_modules/wd/node_modules/q/q.js:796:13)\n    at node_modules/wd/node_modules/q/q.js:604:44\n    at runSingle (node_modules/wd/node_modules/q/q.js:137:13)\n    at flush (node_modules/wd/node_modules/q/q.js:125:13)\n    at _combinedTickCallback (internal/process/next_tick.js:95:7)\n    at process._tickDomainCallback (internal/process/next_tick.js:198:9)\n",
        "diff": "- 26%\n+ 27%\n"
      },
      "isRoot": false,
      "uuid": "c9abd5e0-6817-438e-87fa-89dd1e576a3d",
      "parentUUID": "eb015764-2d39-4dd8-8774-67f05f713bd0",
      "isHook": false,
      "skipped": false
    }
  ],
  "copyrightYear": 2017
}