{
  "stats": {
    "suites": 11,
    "tests": 143,
    "passes": 133,
    "pending": 8,
    "failures": 2,
    "start": "2017-10-11T14:29:05.014Z",
    "end": "2017-10-11T15:17:37.452Z",
    "duration": 2912438,
    "testsRegistered": 143,
    "passPercent": 98.5,
    "pendingPercent": 5.6,
    "other": 0,
    "hasOther": false,
    "skipped": 0,
    "hasSkipped": false,
    "passPercentClass": "success",
    "pendingPercentClass": "danger"
  },
  "suites": {
    "title": "",
    "suites": [
      {
        "title": "\u001b[32mAutomation Test in Progress!\n\u001b[39m",
        "suites": [
          {
            "title": "\u001b[32mRunning automation, please wait for all tests to complete!\n\u001b[39m",
            "suites": [
              {
                "title": "\u001b[32mRunning Tests:\u001b[39m",
                "suites": [
                  {
                    "title": "Logs in and verifies the counts and percents on the home screen",
                    "suites": [],
                    "tests": [
                      {
                        "title": "Full Login",
                        "fullTitle": "\u001b[32mRunning Tests:\u001b[39m Logs in and verifies the counts and percents on the home screen Full Login",
                        "timedOut": false,
                        "duration": 20534,
                        "state": "passed",
                        "speed": "slow",
                        "pass": true,
                        "fail": false,
                        "pending": false,
                        "code": "this.retries = 1\nreturn driver\n\t.fullLogin()",
                        "err": {},
                        "isRoot": false,
                        "uuid": "9b03dd2a-0cd9-4ecd-88d6-4797b86b4482",
                        "parentUUID": "d87d6af3-889d-428c-ba65-af7631663aee",
                        "isHook": false,
                        "skipped": false
                      },
                      {
                        "title": "login quick",
                        "fullTitle": "\u001b[32mRunning Tests:\u001b[39m Logs in and verifies the counts and percents on the home screen login quick",
                        "timedOut": false,
                        "duration": 19853,
                        "state": "passed",
                        "speed": "slow",
                        "pass": true,
                        "fail": false,
                        "pending": false,
                        "code": "return driver\n\t.loginQuick()",
                        "err": {},
                        "isRoot": false,
                        "uuid": "9fcffe16-bfad-41a8-aad3-d65116fad0d0",
                        "parentUUID": "d87d6af3-889d-428c-ba65-af7631663aee",
                        "isHook": false,
                        "skipped": false
                      },
                      {
                        "title": "Get home screen stats from SQL",
                        "fullTitle": "\u001b[32mRunning Tests:\u001b[39m Logs in and verifies the counts and percents on the home screen Get home screen stats from SQL",
                        "timedOut": false,
                        "duration": 2016,
                        "state": "passed",
                        "speed": "slow",
                        "pass": true,
                        "fail": false,
                        "pending": false,
                        "code": "return driver\n\t.sleep(1)\n\t.then(function getHomeScreenStats() {\n\t\treturn sqlQuery.getHomeScreenStats()\n\t})\n\t.wait_for_sql('getHomeScreenStats', 'homeScreenStats')\n\t// .then(() => {eval(require('pryjs').it)})",
                        "err": {},
                        "isRoot": false,
                        "uuid": "375d0ba4-e213-457c-8431-eea00c3dad28",
                        "parentUUID": "d87d6af3-889d-428c-ba65-af7631663aee",
                        "isHook": false,
                        "skipped": false
                      },
                      {
                        "title": "Volunteer Base Count, String",
                        "fullTitle": "\u001b[32mRunning Tests:\u001b[39m Logs in and verifies the counts and percents on the home screen Volunteer Base Count, String",
                        "timedOut": false,
                        "duration": 1314,
                        "state": "passed",
                        "speed": "slow",
                        "pass": true,
                        "fail": false,
                        "pending": false,
                        "code": "return driver\n\t.elementByXPath(elements.homeScreen.volBaseString)\n\t.then(function (el) {\n\t\treturn el.getAttribute('name').then(function (string) {\n\t\t\tassert.equal(Number(string.match(/\\d+/g)), config.homeScreenStats[0].volunteerbase)\n\t\t})\n\t})",
                        "err": {},
                        "isRoot": false,
                        "uuid": "9c932ab0-f74b-42d5-a90d-f80d4cf54dd4",
                        "parentUUID": "d87d6af3-889d-428c-ba65-af7631663aee",
                        "isHook": false,
                        "skipped": false
                      },
                      {
                        "title": "Active Count",
                        "fullTitle": "\u001b[32mRunning Tests:\u001b[39m Logs in and verifies the counts and percents on the home screen Active Count",
                        "timedOut": false,
                        "duration": 1309,
                        "state": "passed",
                        "speed": "slow",
                        "pass": true,
                        "fail": false,
                        "pending": false,
                        "code": "return driver\n\t.elementByXPath(elements.homeScreen.activeCount)\n\t.then(function (el) {\n\t\treturn el.getAttribute('name').then(function (count) {\n\t\t\tassert.equal(count, config.homeScreenStats[0].activecount)\n\t\t})\n\t})",
                        "err": {},
                        "isRoot": false,
                        "uuid": "c63be14c-b02e-40a6-a783-08f29de86ff2",
                        "parentUUID": "d87d6af3-889d-428c-ba65-af7631663aee",
                        "isHook": false,
                        "skipped": false
                      },
                      {
                        "title": "Active Percent",
                        "fullTitle": "\u001b[32mRunning Tests:\u001b[39m Logs in and verifies the counts and percents on the home screen Active Percent",
                        "timedOut": false,
                        "duration": 1220,
                        "state": "passed",
                        "speed": "slow",
                        "pass": true,
                        "fail": false,
                        "pending": false,
                        "code": "return driver\n\t.elementByXPath(elements.homeScreen.activePercent)\n\t.then(function (el) {\n\t\treturn el.getAttribute('name').then(function (percent) {\n\t\t\tassert.equal(percent, config.homeScreenStats[0].activepercent)\n\t\t})\n\t})",
                        "err": {},
                        "isRoot": false,
                        "uuid": "9f4df1d4-7333-4eac-a170-abf9ed4e4d81",
                        "parentUUID": "d87d6af3-889d-428c-ba65-af7631663aee",
                        "isHook": false,
                        "skipped": false
                      },
                      {
                        "title": "Inactive Count",
                        "fullTitle": "\u001b[32mRunning Tests:\u001b[39m Logs in and verifies the counts and percents on the home screen Inactive Count",
                        "timedOut": false,
                        "duration": 1302,
                        "state": "passed",
                        "speed": "slow",
                        "pass": true,
                        "fail": false,
                        "pending": false,
                        "code": "return driver\n\t.elementByXPath(elements.homeScreen.inActiveCount)\n\t.then(function (el) {\n\t\treturn el.getAttribute('name').then(function (count) {\n\t\t\tassert.equal(count, config.homeScreenStats[0].inactivecount)\n\t\t})\n\t})",
                        "err": {},
                        "isRoot": false,
                        "uuid": "3afcf926-771c-4ba8-8302-146615fc028f",
                        "parentUUID": "d87d6af3-889d-428c-ba65-af7631663aee",
                        "isHook": false,
                        "skipped": false
                      },
                      {
                        "title": "Inactive Percent",
                        "fullTitle": "\u001b[32mRunning Tests:\u001b[39m Logs in and verifies the counts and percents on the home screen Inactive Percent",
                        "timedOut": false,
                        "duration": 1521,
                        "state": "passed",
                        "speed": "slow",
                        "pass": true,
                        "fail": false,
                        "pending": false,
                        "code": "return driver\n\t.elementByXPath(elements.homeScreen.inActivePercent)\n\t.then(function (el) {\n\t\treturn el.getAttribute('name').then(function (percent) {\n\t\t\tassert.equal(percent, config.homeScreenStats[0].inactivepercent)\n\t\t})\n\t})",
                        "err": {},
                        "isRoot": false,
                        "uuid": "b4c0f977-f355-455b-a431-eda3ab12c515",
                        "parentUUID": "d87d6af3-889d-428c-ba65-af7631663aee",
                        "isHook": false,
                        "skipped": false
                      },
                      {
                        "title": "Re-activated Count",
                        "fullTitle": "\u001b[32mRunning Tests:\u001b[39m Logs in and verifies the counts and percents on the home screen Re-activated Count",
                        "timedOut": false,
                        "duration": 1375,
                        "state": "passed",
                        "speed": "slow",
                        "pass": true,
                        "fail": false,
                        "pending": false,
                        "code": "return driver\n\t.elementByXPath(elements.homeScreen.reActivatedCount)\n\t.then(function (el) {\n\t\treturn el.getAttribute('name').then(function (count) {\n\t\t\tassert.equal(count, config.homeScreenStats[0].reactivatedcount)\n\t\t})\n\t})",
                        "err": {},
                        "isRoot": false,
                        "uuid": "868fd52c-6048-44de-9f7c-ce30e2a257a9",
                        "parentUUID": "d87d6af3-889d-428c-ba65-af7631663aee",
                        "isHook": false,
                        "skipped": false
                      },
                      {
                        "title": "Re-activated Percent",
                        "fullTitle": "\u001b[32mRunning Tests:\u001b[39m Logs in and verifies the counts and percents on the home screen Re-activated Percent",
                        "timedOut": false,
                        "duration": 1480,
                        "state": "passed",
                        "speed": "slow",
                        "pass": true,
                        "fail": false,
                        "pending": false,
                        "code": "return driver\n\t.elementByXPath(elements.homeScreen.reActivatedPercent)\n\t.then(function (el) {\n\t\treturn el.getAttribute('name').then(function (percent) {\n\t\t\tassert.equal(percent, config.homeScreenStats[0].reactivatedpercent)\n\t\t})\n\t})",
                        "err": {},
                        "isRoot": false,
                        "uuid": "16b0e0f5-0aab-425d-a4c8-99ed9bd32e7c",
                        "parentUUID": "d87d6af3-889d-428c-ba65-af7631663aee",
                        "isHook": false,
                        "skipped": false
                      }
                    ],
                    "pending": [],
                    "root": false,
                    "_timeout": 9999000,
                    "file": "/mocha.js",
                    "uuid": "d87d6af3-889d-428c-ba65-af7631663aee",
                    "beforeHooks": [],
                    "afterHooks": [],
                    "fullFile": "/Users/mliedtka/AppiumAutomationFieldPortal/mocha.js",
                    "passes": [
                      {
                        "title": "Full Login",
                        "fullTitle": "\u001b[32mRunning Tests:\u001b[39m Logs in and verifies the counts and percents on the home screen Full Login",
                        "timedOut": false,
                        "duration": 20534,
                        "state": "passed",
                        "speed": "slow",
                        "pass": true,
                        "fail": false,
                        "pending": false,
                        "code": "this.retries = 1\nreturn driver\n\t.fullLogin()",
                        "err": {},
                        "isRoot": false,
                        "uuid": "9b03dd2a-0cd9-4ecd-88d6-4797b86b4482",
                        "parentUUID": "d87d6af3-889d-428c-ba65-af7631663aee",
                        "isHook": false,
                        "skipped": false
                      },
                      {
                        "title": "login quick",
                        "fullTitle": "\u001b[32mRunning Tests:\u001b[39m Logs in and verifies the counts and percents on the home screen login quick",
                        "timedOut": false,
                        "duration": 19853,
                        "state": "passed",
                        "speed": "slow",
                        "pass": true,
                        "fail": false,
                        "pending": false,
                        "code": "return driver\n\t.loginQuick()",
                        "err": {},
                        "isRoot": false,
                        "uuid": "9fcffe16-bfad-41a8-aad3-d65116fad0d0",
                        "parentUUID": "d87d6af3-889d-428c-ba65-af7631663aee",
                        "isHook": false,
                        "skipped": false
                      },
                      {
                        "title": "Get home screen stats from SQL",
                        "fullTitle": "\u001b[32mRunning Tests:\u001b[39m Logs in and verifies the counts and percents on the home screen Get home screen stats from SQL",
                        "timedOut": false,
                        "duration": 2016,
                        "state": "passed",
                        "speed": "slow",
                        "pass": true,
                        "fail": false,
                        "pending": false,
                        "code": "return driver\n\t.sleep(1)\n\t.then(function getHomeScreenStats() {\n\t\treturn sqlQuery.getHomeScreenStats()\n\t})\n\t.wait_for_sql('getHomeScreenStats', 'homeScreenStats')\n\t// .then(() => {eval(require('pryjs').it)})",
                        "err": {},
                        "isRoot": false,
                        "uuid": "375d0ba4-e213-457c-8431-eea00c3dad28",
                        "parentUUID": "d87d6af3-889d-428c-ba65-af7631663aee",
                        "isHook": false,
                        "skipped": false
                      },
                      {
                        "title": "Volunteer Base Count, String",
                        "fullTitle": "\u001b[32mRunning Tests:\u001b[39m Logs in and verifies the counts and percents on the home screen Volunteer Base Count, String",
                        "timedOut": false,
                        "duration": 1314,
                        "state": "passed",
                        "speed": "slow",
                        "pass": true,
                        "fail": false,
                        "pending": false,
                        "code": "return driver\n\t.elementByXPath(elements.homeScreen.volBaseString)\n\t.then(function (el) {\n\t\treturn el.getAttribute('name').then(function (string) {\n\t\t\tassert.equal(Number(string.match(/\\d+/g)), config.homeScreenStats[0].volunteerbase)\n\t\t})\n\t})",
                        "err": {},
                        "isRoot": false,
                        "uuid": "9c932ab0-f74b-42d5-a90d-f80d4cf54dd4",
                        "parentUUID": "d87d6af3-889d-428c-ba65-af7631663aee",
                        "isHook": false,
                        "skipped": false
                      },
                      {
                        "title": "Active Count",
                        "fullTitle": "\u001b[32mRunning Tests:\u001b[39m Logs in and verifies the counts and percents on the home screen Active Count",
                        "timedOut": false,
                        "duration": 1309,
                        "state": "passed",
                        "speed": "slow",
                        "pass": true,
                        "fail": false,
                        "pending": false,
                        "code": "return driver\n\t.elementByXPath(elements.homeScreen.activeCount)\n\t.then(function (el) {\n\t\treturn el.getAttribute('name').then(function (count) {\n\t\t\tassert.equal(count, config.homeScreenStats[0].activecount)\n\t\t})\n\t})",
                        "err": {},
                        "isRoot": false,
                        "uuid": "c63be14c-b02e-40a6-a783-08f29de86ff2",
                        "parentUUID": "d87d6af3-889d-428c-ba65-af7631663aee",
                        "isHook": false,
                        "skipped": false
                      },
                      {
                        "title": "Active Percent",
                        "fullTitle": "\u001b[32mRunning Tests:\u001b[39m Logs in and verifies the counts and percents on the home screen Active Percent",
                        "timedOut": false,
                        "duration": 1220,
                        "state": "passed",
                        "speed": "slow",
                        "pass": true,
                        "fail": false,
                        "pending": false,
                        "code": "return driver\n\t.elementByXPath(elements.homeScreen.activePercent)\n\t.then(function (el) {\n\t\treturn el.getAttribute('name').then(function (percent) {\n\t\t\tassert.equal(percent, config.homeScreenStats[0].activepercent)\n\t\t})\n\t})",
                        "err": {},
                        "isRoot": false,
                        "uuid": "9f4df1d4-7333-4eac-a170-abf9ed4e4d81",
                        "parentUUID": "d87d6af3-889d-428c-ba65-af7631663aee",
                        "isHook": false,
                        "skipped": false
                      },
                      {
                        "title": "Inactive Count",
                        "fullTitle": "\u001b[32mRunning Tests:\u001b[39m Logs in and verifies the counts and percents on the home screen Inactive Count",
                        "timedOut": false,
                        "duration": 1302,
                        "state": "passed",
                        "speed": "slow",
                        "pass": true,
                        "fail": false,
                        "pending": false,
                        "code": "return driver\n\t.elementByXPath(elements.homeScreen.inActiveCount)\n\t.then(function (el) {\n\t\treturn el.getAttribute('name').then(function (count) {\n\t\t\tassert.equal(count, config.homeScreenStats[0].inactivecount)\n\t\t})\n\t})",
                        "err": {},
                        "isRoot": false,
                        "uuid": "3afcf926-771c-4ba8-8302-146615fc028f",
                        "parentUUID": "d87d6af3-889d-428c-ba65-af7631663aee",
                        "isHook": false,
                        "skipped": false
                      },
                      {
                        "title": "Inactive Percent",
                        "fullTitle": "\u001b[32mRunning Tests:\u001b[39m Logs in and verifies the counts and percents on the home screen Inactive Percent",
                        "timedOut": false,
                        "duration": 1521,
                        "state": "passed",
                        "speed": "slow",
                        "pass": true,
                        "fail": false,
                        "pending": false,
                        "code": "return driver\n\t.elementByXPath(elements.homeScreen.inActivePercent)\n\t.then(function (el) {\n\t\treturn el.getAttribute('name').then(function (percent) {\n\t\t\tassert.equal(percent, config.homeScreenStats[0].inactivepercent)\n\t\t})\n\t})",
                        "err": {},
                        "isRoot": false,
                        "uuid": "b4c0f977-f355-455b-a431-eda3ab12c515",
                        "parentUUID": "d87d6af3-889d-428c-ba65-af7631663aee",
                        "isHook": false,
                        "skipped": false
                      },
                      {
                        "title": "Re-activated Count",
                        "fullTitle": "\u001b[32mRunning Tests:\u001b[39m Logs in and verifies the counts and percents on the home screen Re-activated Count",
                        "timedOut": false,
                        "duration": 1375,
                        "state": "passed",
                        "speed": "slow",
                        "pass": true,
                        "fail": false,
                        "pending": false,
                        "code": "return driver\n\t.elementByXPath(elements.homeScreen.reActivatedCount)\n\t.then(function (el) {\n\t\treturn el.getAttribute('name').then(function (count) {\n\t\t\tassert.equal(count, config.homeScreenStats[0].reactivatedcount)\n\t\t})\n\t})",
                        "err": {},
                        "isRoot": false,
                        "uuid": "868fd52c-6048-44de-9f7c-ce30e2a257a9",
                        "parentUUID": "d87d6af3-889d-428c-ba65-af7631663aee",
                        "isHook": false,
                        "skipped": false
                      },
                      {
                        "title": "Re-activated Percent",
                        "fullTitle": "\u001b[32mRunning Tests:\u001b[39m Logs in and verifies the counts and percents on the home screen Re-activated Percent",
                        "timedOut": false,
                        "duration": 1480,
                        "state": "passed",
                        "speed": "slow",
                        "pass": true,
                        "fail": false,
                        "pending": false,
                        "code": "return driver\n\t.elementByXPath(elements.homeScreen.reActivatedPercent)\n\t.then(function (el) {\n\t\treturn el.getAttribute('name').then(function (percent) {\n\t\t\tassert.equal(percent, config.homeScreenStats[0].reactivatedpercent)\n\t\t})\n\t})",
                        "err": {},
                        "isRoot": false,
                        "uuid": "16b0e0f5-0aab-425d-a4c8-99ed9bd32e7c",
                        "parentUUID": "d87d6af3-889d-428c-ba65-af7631663aee",
                        "isHook": false,
                        "skipped": false
                      }
                    ],
                    "failures": [],
                    "skipped": [],
                    "hasBeforeHooks": false,
                    "hasAfterHooks": false,
                    "hasTests": true,
                    "hasSuites": false,
                    "totalTests": 10,
                    "totalPasses": 10,
                    "totalFailures": 0,
                    "totalPending": 0,
                    "totalSkipped": 0,
                    "hasPasses": true,
                    "hasFailures": false,
                    "hasPending": false,
                    "hasSkipped": false,
                    "duration": 51924,
                    "rootEmpty": false
                  },
                  {
                    "title": "Remove Salutations and Suffices and perform any other data cleansing tasks before running automation",
                    "suites": [],
                    "tests": [
                      {
                        "title": "Full Login",
                        "fullTitle": "\u001b[32mRunning Tests:\u001b[39m Remove Salutations and Suffices and perform any other data cleansing tasks before running automation Full Login",
                        "timedOut": false,
                        "duration": 28049,
                        "state": "passed",
                        "speed": "slow",
                        "pass": true,
                        "fail": false,
                        "pending": false,
                        "code": "this.retries = 1\nreturn driver\n\t.fullLogin() // when no args passed, uses credentials supplied via command line (process.argv.slice(2))",
                        "err": {},
                        "isRoot": false,
                        "uuid": "54f6e1b7-1bce-425c-8919-29df647aa8e8",
                        "parentUUID": "6d9a0176-a9f8-46f6-af57-1bbe8f9244c9",
                        "isHook": false,
                        "skipped": false
                      },
                      {
                        "title": "Should remove salutations and suffices from prospects",
                        "fullTitle": "\u001b[32mRunning Tests:\u001b[39m Remove Salutations and Suffices and perform any other data cleansing tasks before running automation Should remove salutations and suffices from prospects",
                        "timedOut": false,
                        "duration": 2014,
                        "state": "passed",
                        "speed": "slow",
                        "pass": true,
                        "fail": false,
                        "pending": false,
                        "code": "return driver\n\t.sleep(1)\n\t.then(function () {\n\t\tsqlQuery.removeSalsAndSufficesProspects()\n\t})\n\t.wait_for_sql('removeSalsAndSufficesProspects','removalResultsProspects')",
                        "err": {},
                        "isRoot": false,
                        "uuid": "2ce32a63-89e2-4232-b308-d4acecc40338",
                        "parentUUID": "6d9a0176-a9f8-46f6-af57-1bbe8f9244c9",
                        "isHook": false,
                        "skipped": false
                      },
                      {
                        "title": "Should remove salutations and suffices from volunteers",
                        "fullTitle": "\u001b[32mRunning Tests:\u001b[39m Remove Salutations and Suffices and perform any other data cleansing tasks before running automation Should remove salutations and suffices from volunteers",
                        "timedOut": false,
                        "duration": 2022,
                        "state": "passed",
                        "speed": "slow",
                        "pass": true,
                        "fail": false,
                        "pending": false,
                        "code": "return driver\n\t.sleep(1)\n\t.then(function () {\n\t\tsqlQuery.removeSalsAndSufficesVols()\n\t})\n\t.wait_for_sql('removeSalsAndSufficesVols','removalResultsVols')",
                        "err": {},
                        "isRoot": false,
                        "uuid": "f8d9d3cf-01a1-4bd7-a557-706db994e9ec",
                        "parentUUID": "6d9a0176-a9f8-46f6-af57-1bbe8f9244c9",
                        "isHook": false,
                        "skipped": false
                      }
                    ],
                    "pending": [],
                    "root": false,
                    "_timeout": 9999000,
                    "file": "/mocha.js",
                    "uuid": "6d9a0176-a9f8-46f6-af57-1bbe8f9244c9",
                    "beforeHooks": [],
                    "afterHooks": [],
                    "fullFile": "/Users/mliedtka/AppiumAutomationFieldPortal/mocha.js",
                    "passes": [
                      {
                        "title": "Full Login",
                        "fullTitle": "\u001b[32mRunning Tests:\u001b[39m Remove Salutations and Suffices and perform any other data cleansing tasks before running automation Full Login",
                        "timedOut": false,
                        "duration": 28049,
                        "state": "passed",
                        "speed": "slow",
                        "pass": true,
                        "fail": false,
                        "pending": false,
                        "code": "this.retries = 1\nreturn driver\n\t.fullLogin() // when no args passed, uses credentials supplied via command line (process.argv.slice(2))",
                        "err": {},
                        "isRoot": false,
                        "uuid": "54f6e1b7-1bce-425c-8919-29df647aa8e8",
                        "parentUUID": "6d9a0176-a9f8-46f6-af57-1bbe8f9244c9",
                        "isHook": false,
                        "skipped": false
                      },
                      {
                        "title": "Should remove salutations and suffices from prospects",
                        "fullTitle": "\u001b[32mRunning Tests:\u001b[39m Remove Salutations and Suffices and perform any other data cleansing tasks before running automation Should remove salutations and suffices from prospects",
                        "timedOut": false,
                        "duration": 2014,
                        "state": "passed",
                        "speed": "slow",
                        "pass": true,
                        "fail": false,
                        "pending": false,
                        "code": "return driver\n\t.sleep(1)\n\t.then(function () {\n\t\tsqlQuery.removeSalsAndSufficesProspects()\n\t})\n\t.wait_for_sql('removeSalsAndSufficesProspects','removalResultsProspects')",
                        "err": {},
                        "isRoot": false,
                        "uuid": "2ce32a63-89e2-4232-b308-d4acecc40338",
                        "parentUUID": "6d9a0176-a9f8-46f6-af57-1bbe8f9244c9",
                        "isHook": false,
                        "skipped": false
                      },
                      {
                        "title": "Should remove salutations and suffices from volunteers",
                        "fullTitle": "\u001b[32mRunning Tests:\u001b[39m Remove Salutations and Suffices and perform any other data cleansing tasks before running automation Should remove salutations and suffices from volunteers",
                        "timedOut": false,
                        "duration": 2022,
                        "state": "passed",
                        "speed": "slow",
                        "pass": true,
                        "fail": false,
                        "pending": false,
                        "code": "return driver\n\t.sleep(1)\n\t.then(function () {\n\t\tsqlQuery.removeSalsAndSufficesVols()\n\t})\n\t.wait_for_sql('removeSalsAndSufficesVols','removalResultsVols')",
                        "err": {},
                        "isRoot": false,
                        "uuid": "f8d9d3cf-01a1-4bd7-a557-706db994e9ec",
                        "parentUUID": "6d9a0176-a9f8-46f6-af57-1bbe8f9244c9",
                        "isHook": false,
                        "skipped": false
                      }
                    ],
                    "failures": [],
                    "skipped": [],
                    "hasBeforeHooks": false,
                    "hasAfterHooks": false,
                    "hasTests": true,
                    "hasSuites": false,
                    "totalTests": 3,
                    "totalPasses": 3,
                    "totalFailures": 0,
                    "totalPending": 0,
                    "totalSkipped": 0,
                    "hasPasses": true,
                    "hasFailures": false,
                    "hasPending": false,
                    "hasSkipped": false,
                    "duration": 32085,
                    "rootEmpty": false
                  },
                  {
                    "title": "Tests adding and editing volunteers and related actions",
                    "suites": [],
                    "tests": [
                      {
                        "title": "Sets variables for test",
                        "fullTitle": "\u001b[32mRunning Tests:\u001b[39m Tests adding and editing volunteers and related actions Sets variables for test",
                        "timedOut": false,
                        "duration": 19,
                        "state": "passed",
                        "speed": "fast",
                        "pass": true,
                        "fail": false,
                        "pending": false,
                        "code": "// because beforeAll needs to run before we set these due to the need to have dateTime defined.\nreturn driver\n\t.sleep(1)\n\t.then(function () {\n\t\tconfig.lastCreatedVolunteer = {};\n\t\tconfig.firstName = 'First' + config.dateTime;\n\t\tconfig.lastName  = 'Last' + config.dateTime;\n\t\tconfig.fullName = config.firstName + ' ' + config.lastName\n\t\tconfig.email = config.firstName + '.' + config.lastName + '@callingfromhome.com'\n\t\tconfig.state = 'AL'\n\t\tconfig.firstNameReg = new RegExp(config.firstName)\n\t\tconfig.lastNameReg = new RegExp(config.lastName)\n\t\tconfig.emailReg = new RegExp(config.email)\n\t\tconfig.stateReg = new RegExp(config.state)\n\t\tlet theseCities = cities.findByState(config.state).filter(function nonBlanks (city) {\n\t\t\treturn city.city != '' && city.zipcode != ''\n\t\t})\n\t\tlet rand = Math.floor((Math.random() * theseCities.length) + 0);\n\t\tconfig.thisCity = theseCities[rand].city\n\t\tconfig.thisZip = theseCities[rand].zipcode\n\t\tconfig.thisCounty = counties.find({zip: config.thisZip}).county\n\t})",
                        "err": {},
                        "isRoot": false,
                        "uuid": "8d0f73cf-564b-484c-b0ce-9825407650f2",
                        "parentUUID": "6a886c09-a610-4aa2-9e6d-9388cba06e7e",
                        "isHook": false,
                        "skipped": false
                      },
                      {
                        "title": "Full Login",
                        "fullTitle": "\u001b[32mRunning Tests:\u001b[39m Tests adding and editing volunteers and related actions Full Login",
                        "timedOut": false,
                        "duration": 26439,
                        "state": "passed",
                        "speed": "slow",
                        "pass": true,
                        "fail": false,
                        "pending": false,
                        "code": "this.retries = 1\nreturn driver\n\t.fullLogin()",
                        "err": {},
                        "isRoot": false,
                        "uuid": "2283f0e5-2117-428e-a57a-9f13ec1faeb4",
                        "parentUUID": "6a886c09-a610-4aa2-9e6d-9388cba06e7e",
                        "isHook": false,
                        "skipped": false
                      },
                      {
                        "title": "Open Volunteers, Add Volunteer",
                        "fullTitle": "\u001b[32mRunning Tests:\u001b[39m Tests adding and editing volunteers and related actions Open Volunteers, Add Volunteer",
                        "timedOut": false,
                        "duration": 2423,
                        "state": "passed",
                        "speed": "slow",
                        "pass": true,
                        "fail": false,
                        "pending": false,
                        "code": "return driver\n\t.elementById(elements.homeScreen.volunteers)\n\t.click()\n\t.waitForElementById(elements.actionBar.addVolunteer, 30000)\n\t.click()",
                        "err": {},
                        "isRoot": false,
                        "uuid": "39a886ba-7705-4aab-82ec-1768120a4911",
                        "parentUUID": "6a886c09-a610-4aa2-9e6d-9388cba06e7e",
                        "isHook": false,
                        "skipped": false
                      },
                      {
                        "title": "Add a volunteer",
                        "fullTitle": "\u001b[32mRunning Tests:\u001b[39m Tests adding and editing volunteers and related actions Add a volunteer",
                        "timedOut": false,
                        "duration": 46524,
                        "state": "passed",
                        "speed": "slow",
                        "pass": true,
                        "fail": false,
                        "pending": false,
                        "code": "return driver\n\t.waitForElementById(elements.addEditVolunteer.firstName, 15000)\n\t\t.click()\n\t\t.sendKeys(config.firstName)\n\t.elementById(elements.addEditVolunteer.lastName)\n\t\t.click()\n\t\t.sendKeys(config.lastName)\n\t.elementById(elements.addEditVolunteer.city)\n\t\t.click()\n\t\t.sendKeys(config.thisCity) // random city\n\t.elementByXPath(elements.addEditVolunteer.state)\n\t\t.click()\n\t\t.elementById(elements.addEditVolunteer.done) // todo scroll state list before picking\n\t\t.click()\n\t.elementById(elements.addEditVolunteer.zip)\n\t\t.click()\n\t\t.sendKeys(config.thisZip)\n\t.elementById(elements.addEditVolunteer.county)\n\t\t.click()\n\t\t.sendKeys(config.thisCounty)\n\t.elementById(elements.addEditVolunteer.email)\n\t\t.click()\n\t\t.sendKeys(config.email)\n\t.elementById(elements.actionBar.save)\n\t.click()\n\t.waitForElementToDisappearByClassName(elements.general.spinner)\n\t.waitForElementById(elements.volunteers.active, 60000)\n\t.then(function () {\n\t\tconfig.homeScreenStats[0].volunteerbase +=1\n\t\tconfig.homeScreenStats[0].activecount +=1\n\t\tconsole.log('volunteerbase and activecount should now be ' + config.homeScreenStats[0].volunteerbase + ', ' + config.homeScreenStats[0].activecount + ' respectively.')\n\t})",
                        "err": {},
                        "isRoot": false,
                        "uuid": "1746c06e-ef72-44a4-89d1-73c436854078",
                        "parentUUID": "6a886c09-a610-4aa2-9e6d-9388cba06e7e",
                        "isHook": false,
                        "skipped": false
                      },
                      {
                        "title": "Add a volunteer in a different state",
                        "fullTitle": "\u001b[32mRunning Tests:\u001b[39m Tests adding and editing volunteers and related actions Add a volunteer in a different state",
                        "timedOut": false,
                        "duration": 0,
                        "pass": false,
                        "fail": false,
                        "pending": true,
                        "code": "",
                        "err": {},
                        "isRoot": false,
                        "uuid": "05cf52b0-42d5-41fc-9180-04f30d94bc46",
                        "parentUUID": "6a886c09-a610-4aa2-9e6d-9388cba06e7e",
                        "isHook": false,
                        "skipped": false
                      },
                      {
                        "title": "Volunteer appears in \"Active\" list",
                        "fullTitle": "\u001b[32mRunning Tests:\u001b[39m Tests adding and editing volunteers and related actions Volunteer appears in \"Active\" list",
                        "timedOut": false,
                        "duration": 36661,
                        "state": "passed",
                        "speed": "slow",
                        "pass": true,
                        "fail": false,
                        "pending": false,
                        "code": "return driver\n\t.elementByIdOrNull(elements.volunteers.active)\n\t.then(function (el) {\n\t\tif (el == null) {\n\t\t\treturn driver\n\t\t\t\t.resetApp()\n\t\t\t\t.loginQuick()\n\t\t\t\t.elementById(elements.homeScreen.volunteers)\n\t\t\t\t.click()\n\t\t}\n\t})\n\t.elementById(elements.actionBar.search)\n\t.click()\n\t.sendKeys(config.fullName)\n\t.sleep(1000) // make sure automation not too fast - wait for results (should be instant)\n\t.elementByXPath(elements.volunteers.volunteer1.fullName)\n\t.then(function (el) {\n\t\treturn el.getAttribute('name').then(function (name) {\n\t\t\tassert.equal(name, config.fullName)\n\t\t})\n\t})",
                        "err": {},
                        "isRoot": false,
                        "uuid": "2e90841e-fba7-4a97-b47a-16296ed8e0ed",
                        "parentUUID": "6a886c09-a610-4aa2-9e6d-9388cba06e7e",
                        "isHook": false,
                        "skipped": false
                      },
                      {
                        "title": "Get new volunteer info from sql",
                        "fullTitle": "\u001b[32mRunning Tests:\u001b[39m Tests adding and editing volunteers and related actions Get new volunteer info from sql",
                        "timedOut": false,
                        "duration": 2019,
                        "state": "passed",
                        "speed": "slow",
                        "pass": true,
                        "fail": false,
                        "pending": false,
                        "code": "return driver\n\t.sleep(1)\n\t.then(function () {\n\t\tsqlQuery.getUserId()\n\t})\n\t.wait_for_sql('getUserId', 'userId')\n\t.then(function(){\n\t\tsqlQuery.getLastCreatedVolunteer()\n\t})\n\t.wait_for_sql('getLastCreatedVolunteer','lastCreatedVolunteer')",
                        "err": {},
                        "isRoot": false,
                        "uuid": "e969afcd-f33b-4d70-80ac-5868be5b6718",
                        "parentUUID": "6a886c09-a610-4aa2-9e6d-9388cba06e7e",
                        "isHook": false,
                        "skipped": false
                      },
                      {
                        "title": "Volunteer id was created",
                        "fullTitle": "\u001b[32mRunning Tests:\u001b[39m Tests adding and editing volunteers and related actions Volunteer id was created",
                        "timedOut": false,
                        "duration": 3,
                        "state": "passed",
                        "speed": "fast",
                        "pass": true,
                        "fail": false,
                        "pending": false,
                        "code": "config.lastCreatedVolunteer[0].id.should.match(/\\d+/)",
                        "err": {},
                        "isRoot": false,
                        "uuid": "3d1382c1-1ec5-47a1-b139-4e3ed65edb02",
                        "parentUUID": "6a886c09-a610-4aa2-9e6d-9388cba06e7e",
                        "isHook": false,
                        "skipped": false
                      },
                      {
                        "title": "Contact id was created",
                        "fullTitle": "\u001b[32mRunning Tests:\u001b[39m Tests adding and editing volunteers and related actions Contact id was created",
                        "timedOut": false,
                        "duration": 0,
                        "state": "passed",
                        "speed": "fast",
                        "pass": true,
                        "fail": false,
                        "pending": false,
                        "code": "config.lastCreatedVolunteer[0].contactid.should.match(/\\d+/)",
                        "err": {},
                        "isRoot": false,
                        "uuid": "845c2be6-ad6c-45b6-a93a-bcaceeb8a604",
                        "parentUUID": "6a886c09-a610-4aa2-9e6d-9388cba06e7e",
                        "isHook": false,
                        "skipped": false
                      },
                      {
                        "title": "First name was as expected",
                        "fullTitle": "\u001b[32mRunning Tests:\u001b[39m Tests adding and editing volunteers and related actions First name was as expected",
                        "timedOut": false,
                        "duration": 1,
                        "state": "passed",
                        "speed": "fast",
                        "pass": true,
                        "fail": false,
                        "pending": false,
                        "code": "config.lastCreatedVolunteer[0].firstname.should.match(config.firstNameReg)",
                        "err": {},
                        "isRoot": false,
                        "uuid": "c5f3de56-4330-4fd8-aeb9-79a3535e7b40",
                        "parentUUID": "6a886c09-a610-4aa2-9e6d-9388cba06e7e",
                        "isHook": false,
                        "skipped": false
                      },
                      {
                        "title": "Last name was as expected",
                        "fullTitle": "\u001b[32mRunning Tests:\u001b[39m Tests adding and editing volunteers and related actions Last name was as expected",
                        "timedOut": false,
                        "duration": 0,
                        "state": "passed",
                        "speed": "fast",
                        "pass": true,
                        "fail": false,
                        "pending": false,
                        "code": "config.lastCreatedVolunteer[0].lastname.should.match(config.lastNameReg)",
                        "err": {},
                        "isRoot": false,
                        "uuid": "d47a020c-880e-478e-8b93-0b4ed06fcd53",
                        "parentUUID": "6a886c09-a610-4aa2-9e6d-9388cba06e7e",
                        "isHook": false,
                        "skipped": false
                      },
                      {
                        "title": "State was as expected",
                        "fullTitle": "\u001b[32mRunning Tests:\u001b[39m Tests adding and editing volunteers and related actions State was as expected",
                        "timedOut": false,
                        "duration": 0,
                        "state": "passed",
                        "speed": "fast",
                        "pass": true,
                        "fail": false,
                        "pending": false,
                        "code": "config.lastCreatedVolunteer[0].state.should.match(config.stateReg)",
                        "err": {},
                        "isRoot": false,
                        "uuid": "8790cc15-cee9-449d-96bf-1e5410046733",
                        "parentUUID": "6a886c09-a610-4aa2-9e6d-9388cba06e7e",
                        "isHook": false,
                        "skipped": false
                      },
                      {
                        "title": "Email was as expected",
                        "fullTitle": "\u001b[32mRunning Tests:\u001b[39m Tests adding and editing volunteers and related actions Email was as expected",
                        "timedOut": false,
                        "duration": 1,
                        "state": "passed",
                        "speed": "fast",
                        "pass": true,
                        "fail": false,
                        "pending": false,
                        "code": "config.lastCreatedVolunteer[0].email.should.match(config.emailReg)",
                        "err": {},
                        "isRoot": false,
                        "uuid": "089a9479-bb3f-40a5-92b9-d04bedad72fe",
                        "parentUUID": "6a886c09-a610-4aa2-9e6d-9388cba06e7e",
                        "isHook": false,
                        "skipped": false
                      },
                      {
                        "title": "Volunteer was active as expected",
                        "fullTitle": "\u001b[32mRunning Tests:\u001b[39m Tests adding and editing volunteers and related actions Volunteer was active as expected",
                        "timedOut": false,
                        "duration": 1,
                        "state": "passed",
                        "speed": "fast",
                        "pass": true,
                        "fail": false,
                        "pending": false,
                        "code": "config.lastCreatedVolunteer[0].active.should.match(/^true$/)",
                        "err": {},
                        "isRoot": false,
                        "uuid": "8cb6b862-c7b8-4e32-aae5-872915b15092",
                        "parentUUID": "6a886c09-a610-4aa2-9e6d-9388cba06e7e",
                        "isHook": false,
                        "skipped": false
                      },
                      {
                        "title": "Volunteer status = 1 as expected",
                        "fullTitle": "\u001b[32mRunning Tests:\u001b[39m Tests adding and editing volunteers and related actions Volunteer status = 1 as expected",
                        "timedOut": false,
                        "duration": 0,
                        "state": "passed",
                        "speed": "fast",
                        "pass": true,
                        "fail": false,
                        "pending": false,
                        "code": "config.lastCreatedVolunteer[0].status.should.match(/^1$/)",
                        "err": {},
                        "isRoot": false,
                        "uuid": "287a0cba-e9e2-443d-8ea9-ad189260385c",
                        "parentUUID": "6a886c09-a610-4aa2-9e6d-9388cba06e7e",
                        "isHook": false,
                        "skipped": false
                      },
                      {
                        "title": "Coordinator was as expected",
                        "fullTitle": "\u001b[32mRunning Tests:\u001b[39m Tests adding and editing volunteers and related actions Coordinator was as expected",
                        "timedOut": false,
                        "duration": 7,
                        "state": "failed",
                        "pass": false,
                        "fail": true,
                        "pending": false,
                        "code": "config.lastCreatedVolunteer[0].coordinator.should.match(config.userIdReg)",
                        "err": {
                          "message": "AssertionError: expected '72BF6DFD-5610-4D3D-90A7-844D64635DFF' to match /E1F81075-5902-47C0-B819-954EE2274207/",
                          "estack": "AssertionError: expected '72BF6DFD-5610-4D3D-90A7-844D64635DFF' to match /E1F81075-5902-47C0-B819-954EE2274207/\n    at Proxy.assertMatch (node_modules/chai/lib/chai/core/assertions.js:1969:10)\n    at Proxy.methodWrapper (node_modules/chai/lib/chai/utils/addMethod.js:57:25)\n    at doAsserterAsyncAndAddThen (node_modules/chai-as-promised/lib/chai-as-promised.js:284:22)\n    at Proxy.<anonymous> (node_modules/chai-as-promised/lib/chai-as-promised.js:250:20)\n    at Proxy.overwritingMethodWrapper (node_modules/chai/lib/chai/utils/overwriteMethod.js:78:33)\n    at Context.<anonymous> (tests/add_edit_volunteer.js:207:54)\n"
                        },
                        "isRoot": false,
                        "uuid": "6f91a064-022b-4c90-ab5b-1e1889c77336",
                        "parentUUID": "6a886c09-a610-4aa2-9e6d-9388cba06e7e",
                        "isHook": false,
                        "skipped": false
                      },
                      {
                        "title": "lastupdatedby was as expected",
                        "fullTitle": "\u001b[32mRunning Tests:\u001b[39m Tests adding and editing volunteers and related actions lastupdatedby was as expected",
                        "timedOut": false,
                        "duration": 0,
                        "state": "passed",
                        "speed": "fast",
                        "pass": true,
                        "fail": false,
                        "pending": false,
                        "code": "config.lastCreatedVolunteer[0].lastupdatedby.should.match(config.userIdReg)",
                        "err": {},
                        "isRoot": false,
                        "uuid": "6e3af207-d571-45b3-a56b-261b60440522",
                        "parentUUID": "6a886c09-a610-4aa2-9e6d-9388cba06e7e",
                        "isHook": false,
                        "skipped": false
                      },
                      {
                        "title": "LogID was as expected",
                        "fullTitle": "\u001b[32mRunning Tests:\u001b[39m Tests adding and editing volunteers and related actions LogID was as expected",
                        "timedOut": false,
                        "duration": 1,
                        "state": "passed",
                        "speed": "fast",
                        "pass": true,
                        "fail": false,
                        "pending": false,
                        "code": "let logId = config.databaseNameAndServer[0].orgid + '.' + config.firstName.substring(0,1) + config.lastName;\nlet logIdReg = new RegExp(logId)\nconfig.lastCreatedVolunteer[0].logid.should.match(logIdReg)",
                        "err": {},
                        "isRoot": false,
                        "uuid": "125eb5a0-ae0d-48ab-ac52-ff5935bea2cc",
                        "parentUUID": "6a886c09-a610-4aa2-9e6d-9388cba06e7e",
                        "isHook": false,
                        "skipped": false
                      }
                    ],
                    "pending": [
                      {
                        "title": "Add a volunteer in a different state",
                        "fullTitle": "\u001b[32mRunning Tests:\u001b[39m Tests adding and editing volunteers and related actions Add a volunteer in a different state",
                        "timedOut": false,
                        "duration": 0,
                        "pass": false,
                        "fail": false,
                        "pending": true,
                        "code": "",
                        "err": {},
                        "isRoot": false,
                        "uuid": "05cf52b0-42d5-41fc-9180-04f30d94bc46",
                        "parentUUID": "6a886c09-a610-4aa2-9e6d-9388cba06e7e",
                        "isHook": false,
                        "skipped": false
                      }
                    ],
                    "root": false,
                    "_timeout": 9999000,
                    "file": "/mocha.js",
                    "uuid": "6a886c09-a610-4aa2-9e6d-9388cba06e7e",
                    "beforeHooks": [],
                    "afterHooks": [],
                    "fullFile": "/Users/mliedtka/AppiumAutomationFieldPortal/mocha.js",
                    "passes": [
                      {
                        "title": "Sets variables for test",
                        "fullTitle": "\u001b[32mRunning Tests:\u001b[39m Tests adding and editing volunteers and related actions Sets variables for test",
                        "timedOut": false,
                        "duration": 19,
                        "state": "passed",
                        "speed": "fast",
                        "pass": true,
                        "fail": false,
                        "pending": false,
                        "code": "// because beforeAll needs to run before we set these due to the need to have dateTime defined.\nreturn driver\n\t.sleep(1)\n\t.then(function () {\n\t\tconfig.lastCreatedVolunteer = {};\n\t\tconfig.firstName = 'First' + config.dateTime;\n\t\tconfig.lastName  = 'Last' + config.dateTime;\n\t\tconfig.fullName = config.firstName + ' ' + config.lastName\n\t\tconfig.email = config.firstName + '.' + config.lastName + '@callingfromhome.com'\n\t\tconfig.state = 'AL'\n\t\tconfig.firstNameReg = new RegExp(config.firstName)\n\t\tconfig.lastNameReg = new RegExp(config.lastName)\n\t\tconfig.emailReg = new RegExp(config.email)\n\t\tconfig.stateReg = new RegExp(config.state)\n\t\tlet theseCities = cities.findByState(config.state).filter(function nonBlanks (city) {\n\t\t\treturn city.city != '' && city.zipcode != ''\n\t\t})\n\t\tlet rand = Math.floor((Math.random() * theseCities.length) + 0);\n\t\tconfig.thisCity = theseCities[rand].city\n\t\tconfig.thisZip = theseCities[rand].zipcode\n\t\tconfig.thisCounty = counties.find({zip: config.thisZip}).county\n\t})",
                        "err": {},
                        "isRoot": false,
                        "uuid": "8d0f73cf-564b-484c-b0ce-9825407650f2",
                        "parentUUID": "6a886c09-a610-4aa2-9e6d-9388cba06e7e",
                        "isHook": false,
                        "skipped": false
                      },
                      {
                        "title": "Full Login",
                        "fullTitle": "\u001b[32mRunning Tests:\u001b[39m Tests adding and editing volunteers and related actions Full Login",
                        "timedOut": false,
                        "duration": 26439,
                        "state": "passed",
                        "speed": "slow",
                        "pass": true,
                        "fail": false,
                        "pending": false,
                        "code": "this.retries = 1\nreturn driver\n\t.fullLogin()",
                        "err": {},
                        "isRoot": false,
                        "uuid": "2283f0e5-2117-428e-a57a-9f13ec1faeb4",
                        "parentUUID": "6a886c09-a610-4aa2-9e6d-9388cba06e7e",
                        "isHook": false,
                        "skipped": false
                      },
                      {
                        "title": "Open Volunteers, Add Volunteer",
                        "fullTitle": "\u001b[32mRunning Tests:\u001b[39m Tests adding and editing volunteers and related actions Open Volunteers, Add Volunteer",
                        "timedOut": false,
                        "duration": 2423,
                        "state": "passed",
                        "speed": "slow",
                        "pass": true,
                        "fail": false,
                        "pending": false,
                        "code": "return driver\n\t.elementById(elements.homeScreen.volunteers)\n\t.click()\n\t.waitForElementById(elements.actionBar.addVolunteer, 30000)\n\t.click()",
                        "err": {},
                        "isRoot": false,
                        "uuid": "39a886ba-7705-4aab-82ec-1768120a4911",
                        "parentUUID": "6a886c09-a610-4aa2-9e6d-9388cba06e7e",
                        "isHook": false,
                        "skipped": false
                      },
                      {
                        "title": "Add a volunteer",
                        "fullTitle": "\u001b[32mRunning Tests:\u001b[39m Tests adding and editing volunteers and related actions Add a volunteer",
                        "timedOut": false,
                        "duration": 46524,
                        "state": "passed",
                        "speed": "slow",
                        "pass": true,
                        "fail": false,
                        "pending": false,
                        "code": "return driver\n\t.waitForElementById(elements.addEditVolunteer.firstName, 15000)\n\t\t.click()\n\t\t.sendKeys(config.firstName)\n\t.elementById(elements.addEditVolunteer.lastName)\n\t\t.click()\n\t\t.sendKeys(config.lastName)\n\t.elementById(elements.addEditVolunteer.city)\n\t\t.click()\n\t\t.sendKeys(config.thisCity) // random city\n\t.elementByXPath(elements.addEditVolunteer.state)\n\t\t.click()\n\t\t.elementById(elements.addEditVolunteer.done) // todo scroll state list before picking\n\t\t.click()\n\t.elementById(elements.addEditVolunteer.zip)\n\t\t.click()\n\t\t.sendKeys(config.thisZip)\n\t.elementById(elements.addEditVolunteer.county)\n\t\t.click()\n\t\t.sendKeys(config.thisCounty)\n\t.elementById(elements.addEditVolunteer.email)\n\t\t.click()\n\t\t.sendKeys(config.email)\n\t.elementById(elements.actionBar.save)\n\t.click()\n\t.waitForElementToDisappearByClassName(elements.general.spinner)\n\t.waitForElementById(elements.volunteers.active, 60000)\n\t.then(function () {\n\t\tconfig.homeScreenStats[0].volunteerbase +=1\n\t\tconfig.homeScreenStats[0].activecount +=1\n\t\tconsole.log('volunteerbase and activecount should now be ' + config.homeScreenStats[0].volunteerbase + ', ' + config.homeScreenStats[0].activecount + ' respectively.')\n\t})",
                        "err": {},
                        "isRoot": false,
                        "uuid": "1746c06e-ef72-44a4-89d1-73c436854078",
                        "parentUUID": "6a886c09-a610-4aa2-9e6d-9388cba06e7e",
                        "isHook": false,
                        "skipped": false
                      },
                      {
                        "title": "Volunteer appears in \"Active\" list",
                        "fullTitle": "\u001b[32mRunning Tests:\u001b[39m Tests adding and editing volunteers and related actions Volunteer appears in \"Active\" list",
                        "timedOut": false,
                        "duration": 36661,
                        "state": "passed",
                        "speed": "slow",
                        "pass": true,
                        "fail": false,
                        "pending": false,
                        "code": "return driver\n\t.elementByIdOrNull(elements.volunteers.active)\n\t.then(function (el) {\n\t\tif (el == null) {\n\t\t\treturn driver\n\t\t\t\t.resetApp()\n\t\t\t\t.loginQuick()\n\t\t\t\t.elementById(elements.homeScreen.volunteers)\n\t\t\t\t.click()\n\t\t}\n\t})\n\t.elementById(elements.actionBar.search)\n\t.click()\n\t.sendKeys(config.fullName)\n\t.sleep(1000) // make sure automation not too fast - wait for results (should be instant)\n\t.elementByXPath(elements.volunteers.volunteer1.fullName)\n\t.then(function (el) {\n\t\treturn el.getAttribute('name').then(function (name) {\n\t\t\tassert.equal(name, config.fullName)\n\t\t})\n\t})",
                        "err": {},
                        "isRoot": false,
                        "uuid": "2e90841e-fba7-4a97-b47a-16296ed8e0ed",
                        "parentUUID": "6a886c09-a610-4aa2-9e6d-9388cba06e7e",
                        "isHook": false,
                        "skipped": false
                      },
                      {
                        "title": "Get new volunteer info from sql",
                        "fullTitle": "\u001b[32mRunning Tests:\u001b[39m Tests adding and editing volunteers and related actions Get new volunteer info from sql",
                        "timedOut": false,
                        "duration": 2019,
                        "state": "passed",
                        "speed": "slow",
                        "pass": true,
                        "fail": false,
                        "pending": false,
                        "code": "return driver\n\t.sleep(1)\n\t.then(function () {\n\t\tsqlQuery.getUserId()\n\t})\n\t.wait_for_sql('getUserId', 'userId')\n\t.then(function(){\n\t\tsqlQuery.getLastCreatedVolunteer()\n\t})\n\t.wait_for_sql('getLastCreatedVolunteer','lastCreatedVolunteer')",
                        "err": {},
                        "isRoot": false,
                        "uuid": "e969afcd-f33b-4d70-80ac-5868be5b6718",
                        "parentUUID": "6a886c09-a610-4aa2-9e6d-9388cba06e7e",
                        "isHook": false,
                        "skipped": false
                      },
                      {
                        "title": "Volunteer id was created",
                        "fullTitle": "\u001b[32mRunning Tests:\u001b[39m Tests adding and editing volunteers and related actions Volunteer id was created",
                        "timedOut": false,
                        "duration": 3,
                        "state": "passed",
                        "speed": "fast",
                        "pass": true,
                        "fail": false,
                        "pending": false,
                        "code": "config.lastCreatedVolunteer[0].id.should.match(/\\d+/)",
                        "err": {},
                        "isRoot": false,
                        "uuid": "3d1382c1-1ec5-47a1-b139-4e3ed65edb02",
                        "parentUUID": "6a886c09-a610-4aa2-9e6d-9388cba06e7e",
                        "isHook": false,
                        "skipped": false
                      },
                      {
                        "title": "Contact id was created",
                        "fullTitle": "\u001b[32mRunning Tests:\u001b[39m Tests adding and editing volunteers and related actions Contact id was created",
                        "timedOut": false,
                        "duration": 0,
                        "state": "passed",
                        "speed": "fast",
                        "pass": true,
                        "fail": false,
                        "pending": false,
                        "code": "config.lastCreatedVolunteer[0].contactid.should.match(/\\d+/)",
                        "err": {},
                        "isRoot": false,
                        "uuid": "845c2be6-ad6c-45b6-a93a-bcaceeb8a604",
                        "parentUUID": "6a886c09-a610-4aa2-9e6d-9388cba06e7e",
                        "isHook": false,
                        "skipped": false
                      },
                      {
                        "title": "First name was as expected",
                        "fullTitle": "\u001b[32mRunning Tests:\u001b[39m Tests adding and editing volunteers and related actions First name was as expected",
                        "timedOut": false,
                        "duration": 1,
                        "state": "passed",
                        "speed": "fast",
                        "pass": true,
                        "fail": false,
                        "pending": false,
                        "code": "config.lastCreatedVolunteer[0].firstname.should.match(config.firstNameReg)",
                        "err": {},
                        "isRoot": false,
                        "uuid": "c5f3de56-4330-4fd8-aeb9-79a3535e7b40",
                        "parentUUID": "6a886c09-a610-4aa2-9e6d-9388cba06e7e",
                        "isHook": false,
                        "skipped": false
                      },
                      {
                        "title": "Last name was as expected",
                        "fullTitle": "\u001b[32mRunning Tests:\u001b[39m Tests adding and editing volunteers and related actions Last name was as expected",
                        "timedOut": false,
                        "duration": 0,
                        "state": "passed",
                        "speed": "fast",
                        "pass": true,
                        "fail": false,
                        "pending": false,
                        "code": "config.lastCreatedVolunteer[0].lastname.should.match(config.lastNameReg)",
                        "err": {},
                        "isRoot": false,
                        "uuid": "d47a020c-880e-478e-8b93-0b4ed06fcd53",
                        "parentUUID": "6a886c09-a610-4aa2-9e6d-9388cba06e7e",
                        "isHook": false,
                        "skipped": false
                      },
                      {
                        "title": "State was as expected",
                        "fullTitle": "\u001b[32mRunning Tests:\u001b[39m Tests adding and editing volunteers and related actions State was as expected",
                        "timedOut": false,
                        "duration": 0,
                        "state": "passed",
                        "speed": "fast",
                        "pass": true,
                        "fail": false,
                        "pending": false,
                        "code": "config.lastCreatedVolunteer[0].state.should.match(config.stateReg)",
                        "err": {},
                        "isRoot": false,
                        "uuid": "8790cc15-cee9-449d-96bf-1e5410046733",
                        "parentUUID": "6a886c09-a610-4aa2-9e6d-9388cba06e7e",
                        "isHook": false,
                        "skipped": false
                      },
                      {
                        "title": "Email was as expected",
                        "fullTitle": "\u001b[32mRunning Tests:\u001b[39m Tests adding and editing volunteers and related actions Email was as expected",
                        "timedOut": false,
                        "duration": 1,
                        "state": "passed",
                        "speed": "fast",
                        "pass": true,
                        "fail": false,
                        "pending": false,
                        "code": "config.lastCreatedVolunteer[0].email.should.match(config.emailReg)",
                        "err": {},
                        "isRoot": false,
                        "uuid": "089a9479-bb3f-40a5-92b9-d04bedad72fe",
                        "parentUUID": "6a886c09-a610-4aa2-9e6d-9388cba06e7e",
                        "isHook": false,
                        "skipped": false
                      },
                      {
                        "title": "Volunteer was active as expected",
                        "fullTitle": "\u001b[32mRunning Tests:\u001b[39m Tests adding and editing volunteers and related actions Volunteer was active as expected",
                        "timedOut": false,
                        "duration": 1,
                        "state": "passed",
                        "speed": "fast",
                        "pass": true,
                        "fail": false,
                        "pending": false,
                        "code": "config.lastCreatedVolunteer[0].active.should.match(/^true$/)",
                        "err": {},
                        "isRoot": false,
                        "uuid": "8cb6b862-c7b8-4e32-aae5-872915b15092",
                        "parentUUID": "6a886c09-a610-4aa2-9e6d-9388cba06e7e",
                        "isHook": false,
                        "skipped": false
                      },
                      {
                        "title": "Volunteer status = 1 as expected",
                        "fullTitle": "\u001b[32mRunning Tests:\u001b[39m Tests adding and editing volunteers and related actions Volunteer status = 1 as expected",
                        "timedOut": false,
                        "duration": 0,
                        "state": "passed",
                        "speed": "fast",
                        "pass": true,
                        "fail": false,
                        "pending": false,
                        "code": "config.lastCreatedVolunteer[0].status.should.match(/^1$/)",
                        "err": {},
                        "isRoot": false,
                        "uuid": "287a0cba-e9e2-443d-8ea9-ad189260385c",
                        "parentUUID": "6a886c09-a610-4aa2-9e6d-9388cba06e7e",
                        "isHook": false,
                        "skipped": false
                      },
                      {
                        "title": "lastupdatedby was as expected",
                        "fullTitle": "\u001b[32mRunning Tests:\u001b[39m Tests adding and editing volunteers and related actions lastupdatedby was as expected",
                        "timedOut": false,
                        "duration": 0,
                        "state": "passed",
                        "speed": "fast",
                        "pass": true,
                        "fail": false,
                        "pending": false,
                        "code": "config.lastCreatedVolunteer[0].lastupdatedby.should.match(config.userIdReg)",
                        "err": {},
                        "isRoot": false,
                        "uuid": "6e3af207-d571-45b3-a56b-261b60440522",
                        "parentUUID": "6a886c09-a610-4aa2-9e6d-9388cba06e7e",
                        "isHook": false,
                        "skipped": false
                      },
                      {
                        "title": "LogID was as expected",
                        "fullTitle": "\u001b[32mRunning Tests:\u001b[39m Tests adding and editing volunteers and related actions LogID was as expected",
                        "timedOut": false,
                        "duration": 1,
                        "state": "passed",
                        "speed": "fast",
                        "pass": true,
                        "fail": false,
                        "pending": false,
                        "code": "let logId = config.databaseNameAndServer[0].orgid + '.' + config.firstName.substring(0,1) + config.lastName;\nlet logIdReg = new RegExp(logId)\nconfig.lastCreatedVolunteer[0].logid.should.match(logIdReg)",
                        "err": {},
                        "isRoot": false,
                        "uuid": "125eb5a0-ae0d-48ab-ac52-ff5935bea2cc",
                        "parentUUID": "6a886c09-a610-4aa2-9e6d-9388cba06e7e",
                        "isHook": false,
                        "skipped": false
                      }
                    ],
                    "failures": [
                      {
                        "title": "Coordinator was as expected",
                        "fullTitle": "\u001b[32mRunning Tests:\u001b[39m Tests adding and editing volunteers and related actions Coordinator was as expected",
                        "timedOut": false,
                        "duration": 7,
                        "state": "failed",
                        "pass": false,
                        "fail": true,
                        "pending": false,
                        "code": "config.lastCreatedVolunteer[0].coordinator.should.match(config.userIdReg)",
                        "err": {
                          "message": "AssertionError: expected '72BF6DFD-5610-4D3D-90A7-844D64635DFF' to match /E1F81075-5902-47C0-B819-954EE2274207/",
                          "estack": "AssertionError: expected '72BF6DFD-5610-4D3D-90A7-844D64635DFF' to match /E1F81075-5902-47C0-B819-954EE2274207/\n    at Proxy.assertMatch (node_modules/chai/lib/chai/core/assertions.js:1969:10)\n    at Proxy.methodWrapper (node_modules/chai/lib/chai/utils/addMethod.js:57:25)\n    at doAsserterAsyncAndAddThen (node_modules/chai-as-promised/lib/chai-as-promised.js:284:22)\n    at Proxy.<anonymous> (node_modules/chai-as-promised/lib/chai-as-promised.js:250:20)\n    at Proxy.overwritingMethodWrapper (node_modules/chai/lib/chai/utils/overwriteMethod.js:78:33)\n    at Context.<anonymous> (tests/add_edit_volunteer.js:207:54)\n"
                        },
                        "isRoot": false,
                        "uuid": "6f91a064-022b-4c90-ab5b-1e1889c77336",
                        "parentUUID": "6a886c09-a610-4aa2-9e6d-9388cba06e7e",
                        "isHook": false,
                        "skipped": false
                      }
                    ],
                    "skipped": [],
                    "hasBeforeHooks": false,
                    "hasAfterHooks": false,
                    "hasTests": true,
                    "hasSuites": false,
                    "totalTests": 18,
                    "totalPasses": 16,
                    "totalFailures": 1,
                    "totalPending": 1,
                    "totalSkipped": 0,
                    "hasPasses": true,
                    "hasFailures": true,
                    "hasPending": true,
                    "hasSkipped": false,
                    "duration": 114099,
                    "rootEmpty": false
                  },
                  {
                    "title": "Verify the texting icon is present if the user has the role, and absent if the user does not have the role",
                    "suites": [],
                    "tests": [
                      {
                        "title": "Should determine if texting role is present",
                        "fullTitle": "\u001b[32mRunning Tests:\u001b[39m Verify the texting icon is present if the user has the role, and absent if the user does not have the role Should determine if texting role is present",
                        "timedOut": false,
                        "duration": 2027,
                        "state": "passed",
                        "speed": "slow",
                        "pass": true,
                        "fail": false,
                        "pending": false,
                        "code": "this.retries = 1\nreturn driver\n\t.sleep(1)\n\t.then(function getUserId() {\n\t\tsqlQuery.getUserId()\n\t})\n\t.wait_for_sql('getUserId', 'userId')\n\t.then(function () {\n\t\tsqlQuery.getUserRoles()\n\t})\n\t.wait_for_sql('getUserRoles','userRoles')\n\t.then(function () {\n\t\tif(config.userRoles.includes('fptext')){\n\t\t\tconfig.textEnabled = true;\n\t\t} else {\n\t\t\tconfig.textEnabled = false;\n\t\t}\n\t})",
                        "err": {},
                        "isRoot": false,
                        "uuid": "861e84de-76dc-4b53-8660-1420d1f9e13c",
                        "parentUUID": "9ed08303-9e2c-4fe9-b2e3-8ee2b9b23865",
                        "isHook": false,
                        "skipped": false
                      },
                      {
                        "title": "Full Login",
                        "fullTitle": "\u001b[32mRunning Tests:\u001b[39m Verify the texting icon is present if the user has the role, and absent if the user does not have the role Full Login",
                        "timedOut": false,
                        "duration": 29444,
                        "state": "passed",
                        "speed": "slow",
                        "pass": true,
                        "fail": false,
                        "pending": false,
                        "code": "this.retries = 1\n    \t\treturn driver\n    \t\t\t.fullLogin() // when no args passed, uses credentials supplied via command line (process.argv.slice(2))",
                        "err": {},
                        "isRoot": false,
                        "uuid": "4d36acfa-113a-4b71-8e5b-4159b799e125",
                        "parentUUID": "9ed08303-9e2c-4fe9-b2e3-8ee2b9b23865",
                        "isHook": false,
                        "skipped": false
                      },
                      {
                        "title": "Verify the text icon is available when the role is present and absent if it is not present",
                        "fullTitle": "\u001b[32mRunning Tests:\u001b[39m Verify the texting icon is present if the user has the role, and absent if the user does not have the role Verify the text icon is available when the role is present and absent if it is not present",
                        "timedOut": false,
                        "duration": 383,
                        "state": "passed",
                        "speed": "slow",
                        "pass": true,
                        "fail": false,
                        "pending": false,
                        "code": "return driver\n    .sleep(1)\n    .then(function () {\n        if(config.textEnabled){\n            return driver\n                .elementById(elements.homeScreen.text)\n        } else {\n            return driver\n                .elementByIdOrNull(elements.homeScreen.text)\n                .then(function (el) {\n                    assert.equal(el, null)\n                })\n        }\n    })",
                        "err": {},
                        "isRoot": false,
                        "uuid": "41b5b519-fb5f-4e02-83db-0191c85b2a04",
                        "parentUUID": "9ed08303-9e2c-4fe9-b2e3-8ee2b9b23865",
[...]
      "timedOut": false,
      "duration": 64601,
      "state": "passed",
      "speed": "slow",
      "pass": true,
      "fail": false,
      "pending": false,
      "code": "return driver\n\t.refresh_vol_or_prospect_list()\n                .elementByIdOrNull(elements.volunteers.active)\n                .then((el) => {return driver.recoverFromFailuresVolunteers(el)})\n                .elementById(elements.actionBar.search)\n\t.click()\n\t.clear()\n                .sendKeys(fullName)\n                .sleep(500) // wait for results (should be instant)\n                .elementByXPathOrNull(elements.volunteers.volunteer1.fullName)\n                .then((el) => {return driver.is_not_visible(el)})\n\t.elementById(elements.actionBar.cancel)\n\t.click()",
      "err": {},
      "isRoot": false,
      "uuid": "859864ab-7dee-4035-98c4-cd41f8db41af",
      "parentUUID": "b1c23ebe-46dc-45db-90ad-f1b72ef37116",
      "isHook": false,
      "skipped": false
    },
    {
      "title": "\u001b[34m\u001b[47mOn Active tab - eigth test\u001b[49m\u001b[39m",
      "fullTitle": "\u001b[30m\u001b[43mDeleting Volunteers\u001b[49m\u001b[39m \u001b[34m\u001b[47mOn Active tab - eigth test\u001b[49m\u001b[39m",
      "timedOut": false,
      "duration": 10381,
      "state": "passed",
      "speed": "slow",
      "pass": true,
      "fail": false,
      "pending": false,
      "code": "return driver\n\t\t\t\t.elementById(elements.volunteers.active)\n\t\t\t\t.then((el) => {return driver.is_visible(el).is_selected(el)})",
      "err": {},
      "isRoot": false,
      "uuid": "acff0a14-97df-4a2a-8963-6491eb816055",
      "parentUUID": "b1c23ebe-46dc-45db-90ad-f1b72ef37116",
      "isHook": false,
      "skipped": false
    },
    {
      "title": "\u001b[34m\u001b[47mOpen active volunteer details - eigth test\u001b[49m\u001b[39m",
      "fullTitle": "\u001b[30m\u001b[43mDeleting Volunteers\u001b[49m\u001b[39m \u001b[34m\u001b[47mOpen active volunteer details - eigth test\u001b[49m\u001b[39m",
      "timedOut": false,
      "duration": 11448,
      "state": "passed",
      "speed": "slow",
      "pass": true,
      "fail": false,
      "pending": false,
      "code": "//open active vol details edit page\nreturn driver\n\t.elementByIdOrNull(elements.volunteers.active)\n\t.then((el) => {return driver.recoverFromFailuresVolunteers(el)})\n\t.elementById(elements.volunteers.volunteer1.volunteer1)\n\t.click()\n\t.waitForElementToDisappearByClassName(elements.general.spinner)\n\t.waitForElementById(elements.vol_details.volDetailsPageTitle, 20000)\n\t.elementById(elements.actionBar.edit)\n\t.click()\n\t.waitForElementById(elements.addEditVolunteer.editVolunteerPageTitle, 10000)",
      "err": {},
      "isRoot": false,
      "uuid": "65fc413e-3b7e-49b1-9ce2-a408d4ec74dd",
      "parentUUID": "b1c23ebe-46dc-45db-90ad-f1b72ef37116",
      "isHook": false,
      "skipped": false
    },
    {
      "title": "\u001b[34m\u001b[47mSave volunteer information - eigth test\u001b[49m\u001b[39m",
      "fullTitle": "\u001b[30m\u001b[43mDeleting Volunteers\u001b[49m\u001b[39m \u001b[34m\u001b[47mSave volunteer information - eigth test\u001b[49m\u001b[39m",
      "timedOut": false,
      "duration": 4903,
      "state": "passed",
      "speed": "slow",
      "pass": true,
      "fail": false,
      "pending": false,
      "code": "//save vol info from edit\nreturn driver\n\t.elementById(elements.addEditVolunteer.firstName) //first and last name\n\t.getAttribute('value')\n\t.then((value) => { firstName = value.trim() })\n\t.elementById(elements.addEditVolunteer.lastName)\n\t.getAttribute('value')\n\t.then((value) => {lastName = value.trim()})\n\t.then(() => {fullName = firstName + ' ' + lastName })\n\t.back()\n\t.waitForElementById(elements.vol_details.volDetailsPageTitle, 5000)",
      "err": {},
      "isRoot": false,
      "uuid": "31083900-1aa1-46f5-828d-0d53a8029d85",
      "parentUUID": "b1c23ebe-46dc-45db-90ad-f1b72ef37116",
      "isHook": false,
      "skipped": false
    },
    {
      "title": "\u001b[34m\u001b[47mDelete active volunteer from Volunteer Details - Moved\u001b[49m\u001b[39m",
      "fullTitle": "\u001b[30m\u001b[43mDeleting Volunteers\u001b[49m\u001b[39m \u001b[34m\u001b[47mDelete active volunteer from Volunteer Details - Moved\u001b[49m\u001b[39m",
      "timedOut": false,
      "duration": 9047,
      "state": "passed",
      "speed": "slow",
      "pass": true,
      "fail": false,
      "pending": false,
      "code": "return driver\n\t.elementById(elements.vol_details.delete)\n\t.click()\n\t.elementById(elements.volunteers.delete.moved)\n\t.click()\n\t.waitForElementToDisappearByClassName(elements.general.spinner)",
      "err": {},
      "isRoot": false,
      "uuid": "6bb26f76-7445-4c7e-bfbc-54c472415606",
      "parentUUID": "b1c23ebe-46dc-45db-90ad-f1b72ef37116",
      "isHook": false,
      "skipped": false
    },
    {
      "title": "\u001b[34m\u001b[47mOn Active tab - eigth test b\u001b[49m\u001b[39m",
      "fullTitle": "\u001b[30m\u001b[43mDeleting Volunteers\u001b[49m\u001b[39m \u001b[34m\u001b[47mOn Active tab - eigth test b\u001b[49m\u001b[39m",
      "timedOut": false,
      "duration": 4938,
      "state": "passed",
      "speed": "slow",
      "pass": true,
      "fail": false,
      "pending": false,
      "code": "return driver\n\t\t\t\t.elementById(elements.volunteers.active)\n\t\t\t\t.then((el) => {return driver.is_visible(el).is_selected(el)})",
      "err": {},
      "isRoot": false,
      "uuid": "43302f64-5ac1-41c2-a19b-ca2bddbfec3f",
      "parentUUID": "b1c23ebe-46dc-45db-90ad-f1b72ef37116",
      "isHook": false,
      "skipped": false
    },
    {
      "title": "\u001b[34m\u001b[47mVolunteer no longer exists in the active tab - eigth test\u001b[49m\u001b[39m",
      "fullTitle": "\u001b[30m\u001b[43mDeleting Volunteers\u001b[49m\u001b[39m \u001b[34m\u001b[47mVolunteer no longer exists in the active tab - eigth test\u001b[49m\u001b[39m",
      "timedOut": false,
      "duration": 38477,
      "state": "passed",
      "speed": "slow",
      "pass": true,
      "fail": false,
      "pending": false,
      "code": "return driver\n    .elementByIdOrNull(elements.volunteers.active)\n    .then((el) => {return driver.recoverFromFailuresVolunteers(el)})\n    .elementById(elements.actionBar.search)\n    .click()\n    .sendKeys(fullName)\n    .sleep(500) // wait for results (should be instant)\n    .elementByXPathOrNull(elements.volunteers.volunteer1.fullName)\n    .then((el) => {return driver.is_not_visible(el)})\n    // .then(function () {\n        // config.homeScreenStats[0].activecount     -= 1\n        // config.homeScreenStats[0].activepercent    = Math.round((config.homeScreenStats[0].activecount / config.homeScreenStats[0].volunteerbase) * 100) + '%'\n        // config.homeScreenStats[0].inactivecount   += 1\n        // config.homeScreenStats[0].inactivepercent  = Math.round((config.homeScreenStats[0].inactivecount / config.homeScreenStats[0].volunteerbase) * 100) + '%'\n\t\t\t\t// })\n\t\t\t\t.elementById(elements.actionBar.cancel)\n\t\t\t\t.click()",
      "err": {},
      "isRoot": false,
      "uuid": "7cab2cd4-a232-4415-818a-077d3c57fca2",
      "parentUUID": "b1c23ebe-46dc-45db-90ad-f1b72ef37116",
      "isHook": false,
      "skipped": false
    },
    {
      "title": "\u001b[34m\u001b[47mVolunteer still does not exists in tab after refresh - eigth test\u001b[49m\u001b[39m",
      "fullTitle": "\u001b[30m\u001b[43mDeleting Volunteers\u001b[49m\u001b[39m \u001b[34m\u001b[47mVolunteer still does not exists in tab after refresh - eigth test\u001b[49m\u001b[39m",
      "timedOut": false,
      "duration": 67479,
      "state": "passed",
      "speed": "slow",
      "pass": true,
      "fail": false,
      "pending": false,
      "code": "return driver\n\t.refresh_vol_or_prospect_list()\n                .elementByIdOrNull(elements.volunteers.active)\n                .then((el) => {return driver.recoverFromFailuresVolunteers(el)})\n                .elementById(elements.actionBar.search)\n\t.clear()\n                .sendKeys(fullName)\n                .sleep(500) // wait for results (should be instant)\n                .elementByXPathOrNull(elements.volunteers.volunteer1.fullName)\n                .then((el) => {return driver.is_not_visible(el)})\n\t.elementById(elements.actionBar.cancel)\n\t.click()",
      "err": {},
      "isRoot": false,
      "uuid": "2d6e8b23-1d37-4f6f-804c-720134aff013",
      "parentUUID": "b1c23ebe-46dc-45db-90ad-f1b72ef37116",
      "isHook": false,
      "skipped": false
    },
    {
      "title": "\u001b[34m\u001b[47mOn Active tab - ninth test\u001b[49m\u001b[39m",
      "fullTitle": "\u001b[30m\u001b[43mDeleting Volunteers\u001b[49m\u001b[39m \u001b[34m\u001b[47mOn Active tab - ninth test\u001b[49m\u001b[39m",
      "timedOut": false,
      "duration": 4852,
      "state": "passed",
      "speed": "slow",
      "pass": true,
      "fail": false,
      "pending": false,
      "code": "return driver\n\t\t\t\t.elementById(elements.volunteers.active)\n\t\t\t\t.then((el) => {return driver.is_visible(el).is_selected(el)})",
      "err": {},
      "isRoot": false,
      "uuid": "08619fd7-fcc7-439b-b929-ccde988f14b4",
      "parentUUID": "b1c23ebe-46dc-45db-90ad-f1b72ef37116",
      "isHook": false,
      "skipped": false
    },
    {
      "title": "\u001b[34m\u001b[47mOpen active volunteer details - ninth test\u001b[49m\u001b[39m",
      "fullTitle": "\u001b[30m\u001b[43mDeleting Volunteers\u001b[49m\u001b[39m \u001b[34m\u001b[47mOpen active volunteer details - ninth test\u001b[49m\u001b[39m",
      "timedOut": false,
      "duration": 11701,
      "state": "passed",
      "speed": "slow",
      "pass": true,
      "fail": false,
      "pending": false,
      "code": "//open active vol details edit page\nreturn driver\n\t.elementByIdOrNull(elements.volunteers.active)\n\t.then((el) => {return driver.recoverFromFailuresVolunteers(el)})\n\t.elementById(elements.volunteers.volunteer1.volunteer1)\n\t.click()\n\t.waitForElementToDisappearByClassName(elements.general.spinner)\n\t.waitForElementById(elements.vol_details.volDetailsPageTitle, 20000)\n\t.elementById(elements.actionBar.edit)\n\t.click()\n\t.waitForElementById(elements.addEditVolunteer.editVolunteerPageTitle, 10000)",
      "err": {},
      "isRoot": false,
      "uuid": "4d43639e-d2e5-44b3-986c-1e7211fee8fa",
      "parentUUID": "b1c23ebe-46dc-45db-90ad-f1b72ef37116",
      "isHook": false,
      "skipped": false
    },
    {
      "title": "\u001b[34m\u001b[47mSave volunteer information - ninth test\u001b[49m\u001b[39m",
      "fullTitle": "\u001b[30m\u001b[43mDeleting Volunteers\u001b[49m\u001b[39m \u001b[34m\u001b[47mSave volunteer information - ninth test\u001b[49m\u001b[39m",
      "timedOut": false,
      "duration": 5180,
      "state": "passed",
      "speed": "slow",
      "pass": true,
      "fail": false,
      "pending": false,
      "code": "//save vol info from edit\nreturn driver\n\t.elementById(elements.addEditVolunteer.firstName) //first and last name\n\t.getAttribute('value')\n\t.then((value) => { firstName = value.trim() })\n\t.elementById(elements.addEditVolunteer.lastName)\n\t.getAttribute('value')\n\t.then((value) => {lastName = value.trim()})\n\t.then(() => {fullName = firstName + ' ' + lastName })\n\t.back()\n\t.waitForElementById(elements.vol_details.volDetailsPageTitle, 5000)",
      "err": {},
      "isRoot": false,
      "uuid": "25ab0ee1-f46c-4f40-afb7-ad75a68a9939",
      "parentUUID": "b1c23ebe-46dc-45db-90ad-f1b72ef37116",
      "isHook": false,
      "skipped": false
    },
    {
      "title": "\u001b[34m\u001b[47mDelete active volunteer from Volunteer Details - Other\u001b[49m\u001b[39m",
      "fullTitle": "\u001b[30m\u001b[43mDeleting Volunteers\u001b[49m\u001b[39m \u001b[34m\u001b[47mDelete active volunteer from Volunteer Details - Other\u001b[49m\u001b[39m",
      "timedOut": false,
      "duration": 8976,
      "state": "passed",
      "speed": "slow",
      "pass": true,
      "fail": false,
      "pending": false,
      "code": "return driver\n\t.elementById(elements.vol_details.delete)\n\t.click()\n\t.elementById(elements.volunteers.delete.other)\n\t.click()\n\t.waitForElementToDisappearByClassName(elements.general.spinner)",
      "err": {},
      "isRoot": false,
      "uuid": "21a6b7a1-a8de-4126-81ed-78fb3f6a3de7",
      "parentUUID": "b1c23ebe-46dc-45db-90ad-f1b72ef37116",
      "isHook": false,
      "skipped": false
    },
    {
      "title": "\u001b[34m\u001b[47mOn Active tab - ninth test b\u001b[49m\u001b[39m",
      "fullTitle": "\u001b[30m\u001b[43mDeleting Volunteers\u001b[49m\u001b[39m \u001b[34m\u001b[47mOn Active tab - ninth test b\u001b[49m\u001b[39m",
      "timedOut": false,
      "duration": 4405,
      "state": "passed",
      "speed": "slow",
      "pass": true,
      "fail": false,
      "pending": false,
      "code": "return driver\n\t\t\t\t.elementById(elements.volunteers.active)\n\t\t\t\t.then((el) => {return driver.is_visible(el).is_selected(el)})",
      "err": {},
      "isRoot": false,
      "uuid": "83647509-feed-4aef-b631-b5469325b7c5",
      "parentUUID": "b1c23ebe-46dc-45db-90ad-f1b72ef37116",
      "isHook": false,
      "skipped": false
    },
    {
      "title": "\u001b[34m\u001b[47mVolunteer no longer exists in the active tab - ninth test\u001b[49m\u001b[39m",
      "fullTitle": "\u001b[30m\u001b[43mDeleting Volunteers\u001b[49m\u001b[39m \u001b[34m\u001b[47mVolunteer no longer exists in the active tab - ninth test\u001b[49m\u001b[39m",
      "timedOut": false,
      "duration": 35823,
      "state": "passed",
      "speed": "slow",
      "pass": true,
      "fail": false,
      "pending": false,
      "code": "return driver\n                .elementByIdOrNull(elements.volunteers.active)\n                .then((el) => {return driver.recoverFromFailuresVolunteers(el)})\n                .elementById(elements.actionBar.search)\n                .click()\n                .sendKeys(fullName)\n                .sleep(500) // wait for results (should be instant)\n                .elementByXPathOrNull(elements.volunteers.volunteer1.fullName)\n                .then((el) => {return driver.is_not_visible(el)})\n                // .then(function () {\n                    // config.homeScreenStats[0].activecount     -= 1\n                    // config.homeScreenStats[0].activepercent    = Math.round((config.homeScreenStats[0].activecount / config.homeScreenStats[0].volunteerbase) * 100) + '%'\n                    // config.homeScreenStats[0].inactivecount   += 1\n                    // config.homeScreenStats[0].inactivepercent  = Math.round((config.homeScreenStats[0].inactivecount / config.homeScreenStats[0].volunteerbase) * 100) + '%'\n\t\t\t\t// })\n\t\t\t\t.elementById(elements.actionBar.cancel)\n\t\t\t\t.click()",
      "err": {},
      "isRoot": false,
      "uuid": "7525e2a8-5a10-4c6b-b727-4b0bb4a9dee7",
      "parentUUID": "b1c23ebe-46dc-45db-90ad-f1b72ef37116",
      "isHook": false,
      "skipped": false
    },
    {
      "title": "\u001b[34m\u001b[47mVolunteer still does not exist in tab after refresh - ninth test\u001b[49m\u001b[39m",
      "fullTitle": "\u001b[30m\u001b[43mDeleting Volunteers\u001b[49m\u001b[39m \u001b[34m\u001b[47mVolunteer still does not exist in tab after refresh - ninth test\u001b[49m\u001b[39m",
      "timedOut": false,
      "duration": 69285,
      "state": "passed",
      "speed": "slow",
      "pass": true,
      "fail": false,
      "pending": false,
      "code": "return driver\n\t\t\t\t.elementByIdOrNull(elements.volunteers.active,10000)\n\t\t\t\t.then((el) => {return driver.recoverFromFailuresVolunteers(el)})\n\t\t\t\t.refresh_vol_or_prospect_list()\n                .elementById(elements.actionBar.search)\n\t\t\t\t.click()\n\t\t\t\t.clear()\n                .sendKeys(fullName)\n                .sleep(500) // wait for results (should be instant)\n                .elementByXPathOrNull(elements.volunteers.volunteer1.fullName)\n                .then((el) => {return driver.is_not_visible(el)})\n                // .then(function () {\n                    // config.homeScreenStats[0].activecount     -= 1\n                    // config.homeScreenStats[0].activepercent    = Math.round((config.homeScreenStats[0].activecount / config.homeScreenStats[0].volunteerbase) * 100) + '%'\n                    // config.homeScreenStats[0].inactivecount   += 1\n                    // config.homeScreenStats[0].inactivepercent  = Math.round((config.homeScreenStats[0].inactivecount / config.homeScreenStats[0].volunteerbase) * 100) + '%'\n\t\t\t\t// })\n\t\t\t\t.elementById(elements.actionBar.cancel)\n\t\t\t\t.click()",
      "err": {},
      "isRoot": false,
      "uuid": "45d194df-4274-45ac-81f4-f77d5ee8a6af",
      "parentUUID": "b1c23ebe-46dc-45db-90ad-f1b72ef37116",
      "isHook": false,
      "skipped": false
    }
  ],
  "allFailures": [
    {
      "title": "Coordinator was as expected",
      "fullTitle": "Tests adding and editing volunteers and related actions Coordinator was as expected",
      "timedOut": false,
      "duration": 7,
      "state": "failed",
      "pass": false,
      "fail": true,
      "pending": false,
      "code": "config.lastCreatedVolunteer[0].coordinator.should.match(config.userIdReg)",
      "err": {
        "message": "AssertionError: expected '72BF6DFD-5610-4D3D-90A7-844D64635DFF' to match /E1F81075-5902-47C0-B819-954EE2274207/",
        "estack": "AssertionError: expected '72BF6DFD-5610-4D3D-90A7-844D64635DFF' to match /E1F81075-5902-47C0-B819-954EE2274207/\n    at Proxy.assertMatch (node_modules/chai/lib/chai/core/assertions.js:1969:10)\n    at Proxy.methodWrapper (node_modules/chai/lib/chai/utils/addMethod.js:57:25)\n    at doAsserterAsyncAndAddThen (node_modules/chai-as-promised/lib/chai-as-promised.js:284:22)\n    at Proxy.<anonymous> (node_modules/chai-as-promised/lib/chai-as-promised.js:250:20)\n    at Proxy.overwritingMethodWrapper (node_modules/chai/lib/chai/utils/overwriteMethod.js:78:33)\n    at Context.<anonymous> (tests/add_edit_volunteer.js:207:54)\n"
      },
      "isRoot": false,
      "uuid": "6f91a064-022b-4c90-ab5b-1e1889c77336",
      "parentUUID": "6a886c09-a610-4aa2-9e6d-9388cba06e7e",
      "isHook": false,
      "skipped": false
    },
    {
      "title": "Compare Volunteer Info :: Former Prospect Info -- STATE matches",
      "fullTitle": "All Prospect-related tests Compare Volunteer Info :: Former Prospect Info -- STATE matches",
      "timedOut": false,
      "duration": 1621,
      "state": "failed",
      "pass": false,
      "fail": true,
      "pending": false,
      "code": "return driver\n\t.elementByXPath(elements.vol_details.address) // use this to get the state\n\t.then(function (el) {\n\t\treturn el.getAttribute('name').then(function name(attr) {\n\t\t\tconsole.log('Actual state: ' + attr.trim() + ' Expected state: ' + state)\n\t\t\tassert.equal(attr.trim().match(/[A-Z]{2}(?=\\s[\\d]{5})/g)[0], state)\n\t\t})\n\t})",
      "err": {
        "message": "TypeError: Cannot read property '0' of null",
        "estack": "TypeError: Cannot read property '0' of null\n    at name (tests/prospects.js:199:63)\n    at _fulfilled (node_modules/wd/node_modules/q/q.js:834:54)\n    at self.promiseDispatch.done (node_modules/wd/node_modules/q/q.js:863:30)\n    at Promise.promise.promiseDispatch (node_modules/wd/node_modules/q/q.js:796:13)\n    at node_modules/wd/node_modules/q/q.js:604:44\n    at runSingle (node_modules/wd/node_modules/q/q.js:137:13)\n    at flush (node_modules/wd/node_modules/q/q.js:125:13)\n    at _combinedTickCallback (internal/process/next_tick.js:95:7)\n    at process._tickDomainCallback (internal/process/next_tick.js:198:9)\n"
      },
      "isRoot": false,
      "uuid": "c057a333-dc59-4e5f-b338-7250be1cf3b3",
      "parentUUID": "904238d1-7f11-4df1-853a-c1414a0c3f77",
      "isHook": false,
      "skipped": false
    }
  ],
  "copyrightYear": 2017
}