{
  "stats": {
    "suites": 6,
    "tests": 36,
    "passes": 34,
    "pending": 0,
    "failures": 2,
    "start": "2017-07-28T22:41:43.705Z",
    "end": "2017-07-28T22:45:44.321Z",
    "duration": 240616,
    "testsRegistered": 36,
    "passPercent": 94.4,
    "pendingPercent": 0,
    "other": 0,
    "hasOther": false,
    "skipped": 0,
    "hasSkipped": false,
    "passPercentClass": "success",
    "pendingPercentClass": "danger"
  },
  "suites": {
    "title": "",
    "suites": [
      {
        "title": "\u001b[32mAutomation Test in Progress!\u001b[39m",
        "suites": [
          {
            "title": "\u001b[32mRunning automation, please wait for all tests to complete!\u001b[39m",
            "suites": [
              {
                "title": "\u001b[32mRun icon color tests\u001b[39m",
                "suites": [
                  {
                    "title": "Logs in and verifies the counts and percents on the home screen",
                    "suites": [],
                    "tests": [
                      {
                        "title": "Full Login",
                        "fullTitle": "\u001b[32mRun icon color tests\u001b[39m Logs in and verifies the counts and percents on the home screen Full Login",
                        "timedOut": false,
                        "duration": 22710,
                        "state": "passed",
                        "speed": "slow",
                        "pass": true,
                        "fail": false,
                        "pending": false,
                        "code": "this.retries = 1\nreturn driver\n\t.fullLogin()",
                        "err": {},
                        "isRoot": false,
                        "uuid": "67b409d2-c4cc-4ec9-ac23-2dfe2b18a195",
                        "parentUUID": "5b06dd6d-5f5d-49e9-b8cd-56e152d04ec6",
                        "isHook": false,
                        "skipped": false
                      },
                      {
                        "title": "Get home screen stats from SQL",
                        "fullTitle": "\u001b[32mRun icon color tests\u001b[39m Logs in and verifies the counts and percents on the home screen Get home screen stats from SQL",
                        "timedOut": false,
                        "duration": 2037,
                        "state": "passed",
                        "speed": "slow",
                        "pass": true,
                        "fail": false,
                        "pending": false,
                        "code": "return driver\n\t.sleep(1)\n\t.then(function getHomeScreenStats() {\n\t\treturn sqlQuery.getHomeScreenStats()\n\t})\n\t.wait_for_sql('getHomeScreenStats', 'homeScreenStats')",
                        "err": {},
                        "isRoot": false,
                        "uuid": "e4406a0d-1582-4226-a5b5-fec4a268f57b",
                        "parentUUID": "5b06dd6d-5f5d-49e9-b8cd-56e152d04ec6",
                        "isHook": false,
                        "skipped": false
                      },
                      {
                        "title": "Volunteer Base Count, String",
                        "fullTitle": "\u001b[32mRun icon color tests\u001b[39m Logs in and verifies the counts and percents on the home screen Volunteer Base Count, String",
                        "timedOut": false,
                        "duration": 1416,
                        "state": "passed",
                        "speed": "slow",
                        "pass": true,
                        "fail": false,
                        "pending": false,
                        "code": "return driver\n\t.elementByXPath(elements.homeScreen.volBaseString)\n\t.then(function (el) {\n\t\treturn el.getAttribute('name').then(function (string) {\n\t\t\tassert.equal(Number(string.match(/\\d+/g)), config.homeScreenStats[0].volunteerbase)\n\t\t})\n\t})",
                        "err": {},
                        "isRoot": false,
                        "uuid": "65e40e7d-7d7e-4373-918e-a89e35420b21",
                        "parentUUID": "5b06dd6d-5f5d-49e9-b8cd-56e152d04ec6",
                        "isHook": false,
                        "skipped": false
                      },
                      {
                        "title": "Active Count",
                        "fullTitle": "\u001b[32mRun icon color tests\u001b[39m Logs in and verifies the counts and percents on the home screen Active Count",
                        "timedOut": false,
                        "duration": 1446,
                        "state": "passed",
                        "speed": "slow",
                        "pass": true,
                        "fail": false,
                        "pending": false,
                        "code": "return driver\n\t.elementByXPath(elements.homeScreen.activeCount)\n\t.then(function (el) {\n\t\treturn el.getAttribute('name').then(function (count) {\n\t\t\tassert.equal(count, config.homeScreenStats[0].activecount)\n\t\t})\n\t})",
                        "err": {},
                        "isRoot": false,
                        "uuid": "66c289b7-39ac-4cca-8a55-b3cfa66b594a",
                        "parentUUID": "5b06dd6d-5f5d-49e9-b8cd-56e152d04ec6",
                        "isHook": false,
                        "skipped": false
                      },
                      {
                        "title": "Active Percent",
                        "fullTitle": "\u001b[32mRun icon color tests\u001b[39m Logs in and verifies the counts and percents on the home screen Active Percent",
                        "timedOut": false,
                        "duration": 1528,
                        "state": "passed",
                        "speed": "slow",
                        "pass": true,
                        "fail": false,
                        "pending": false,
                        "code": "return driver\n\t.elementByXPath(elements.homeScreen.activePercent)\n\t.then(function (el) {\n\t\treturn el.getAttribute('name').then(function (percent) {\n\t\t\tassert.equal(percent, config.homeScreenStats[0].activepercent)\n\t\t})\n\t})",
                        "err": {},
                        "isRoot": false,
                        "uuid": "4224b617-d99d-4364-b0c0-4a28561c1713",
                        "parentUUID": "5b06dd6d-5f5d-49e9-b8cd-56e152d04ec6",
                        "isHook": false,
                        "skipped": false
                      },
                      {
                        "title": "Inactive Count",
                        "fullTitle": "\u001b[32mRun icon color tests\u001b[39m Logs in and verifies the counts and percents on the home screen Inactive Count",
                        "timedOut": false,
                        "duration": 1615,
                        "state": "passed",
                        "speed": "slow",
                        "pass": true,
                        "fail": false,
                        "pending": false,
                        "code": "return driver\n\t.elementByXPath(elements.homeScreen.inActiveCount)\n\t.then(function (el) {\n\t\treturn el.getAttribute('name').then(function (count) {\n\t\t\tassert.equal(count, config.homeScreenStats[0].inactivecount)\n\t\t})\n\t})",
                        "err": {},
                        "isRoot": false,
                        "uuid": "af8efe7f-62d0-4f18-82de-cb1016427d5c",
                        "parentUUID": "5b06dd6d-5f5d-49e9-b8cd-56e152d04ec6",
                        "isHook": false,
                        "skipped": false
                      },
                      {
                        "title": "Inactive Percent",
                        "fullTitle": "\u001b[32mRun icon color tests\u001b[39m Logs in and verifies the counts and percents on the home screen Inactive Percent",
                        "timedOut": false,
                        "duration": 1583,
                        "state": "passed",
                        "speed": "slow",
                        "pass": true,
                        "fail": false,
                        "pending": false,
                        "code": "return driver\n\t.elementByXPath(elements.homeScreen.inActivePercent)\n\t.then(function (el) {\n\t\treturn el.getAttribute('name').then(function (percent) {\n\t\t\tassert.equal(percent, config.homeScreenStats[0].inactivepercent)\n\t\t})\n\t})",
                        "err": {},
                        "isRoot": false,
                        "uuid": "f0387eef-8571-4e5d-9f8e-ff6794948e63",
                        "parentUUID": "5b06dd6d-5f5d-49e9-b8cd-56e152d04ec6",
                        "isHook": false,
                        "skipped": false
                      },
                      {
                        "title": "Re-activated Count",
                        "fullTitle": "\u001b[32mRun icon color tests\u001b[39m Logs in and verifies the counts and percents on the home screen Re-activated Count",
                        "timedOut": false,
                        "duration": 1544,
                        "state": "passed",
                        "speed": "slow",
                        "pass": true,
                        "fail": false,
                        "pending": false,
                        "code": "return driver\n\t.elementByXPath(elements.homeScreen.reActivatedCount)\n\t.then(function (el) {\n\t\treturn el.getAttribute('name').then(function (count) {\n\t\t\tassert.equal(count, config.homeScreenStats[0].reactivatedcount)\n\t\t})\n\t})",
                        "err": {},
                        "isRoot": false,
                        "uuid": "7692a457-5109-4d00-a955-8541dd392004",
                        "parentUUID": "5b06dd6d-5f5d-49e9-b8cd-56e152d04ec6",
                        "isHook": false,
                        "skipped": false
                      },
                      {
                        "title": "Re-activated Percent",
                        "fullTitle": "\u001b[32mRun icon color tests\u001b[39m Logs in and verifies the counts and percents on the home screen Re-activated Percent",
                        "timedOut": false,
                        "duration": 1686,
                        "state": "passed",
                        "speed": "slow",
                        "pass": true,
                        "fail": false,
                        "pending": false,
                        "code": "return driver\n\t.elementByXPath(elements.homeScreen.reActivatedPercent)\n\t.then(function (el) {\n\t\treturn el.getAttribute('name').then(function (percent) {\n\t\t\tassert.equal(percent, config.homeScreenStats[0].reactivatedpercent)\n\t\t})\n\t})",
                        "err": {},
                        "isRoot": false,
                        "uuid": "96e673c5-cf9d-4aae-8dee-02aa83861797",
                        "parentUUID": "5b06dd6d-5f5d-49e9-b8cd-56e152d04ec6",
                        "isHook": false,
                        "skipped": false
                      }
                    ],
                    "pending": [],
                    "root": false,
                    "_timeout": 9999000,
                    "file": "/mocha.js",
                    "uuid": "5b06dd6d-5f5d-49e9-b8cd-56e152d04ec6",
                    "beforeHooks": [],
                    "afterHooks": [],
                    "fullFile": "/Users/mliedtka/AppiumAutomationFieldPortal/mocha.js",
                    "passes": [
                      {
                        "title": "Full Login",
                        "fullTitle": "\u001b[32mRun icon color tests\u001b[39m Logs in and verifies the counts and percents on the home screen Full Login",
                        "timedOut": false,
                        "duration": 22710,
                        "state": "passed",
                        "speed": "slow",
                        "pass": true,
                        "fail": false,
                        "pending": false,
                        "code": "this.retries = 1\nreturn driver\n\t.fullLogin()",
                        "err": {},
                        "isRoot": false,
                        "uuid": "67b409d2-c4cc-4ec9-ac23-2dfe2b18a195",
                        "parentUUID": "5b06dd6d-5f5d-49e9-b8cd-56e152d04ec6",
                        "isHook": false,
                        "skipped": false
                      },
                      {
                        "title": "Get home screen stats from SQL",
                        "fullTitle": "\u001b[32mRun icon color tests\u001b[39m Logs in and verifies the counts and percents on the home screen Get home screen stats from SQL",
                        "timedOut": false,
                        "duration": 2037,
                        "state": "passed",
                        "speed": "slow",
                        "pass": true,
                        "fail": false,
                        "pending": false,
                        "code": "return driver\n\t.sleep(1)\n\t.then(function getHomeScreenStats() {\n\t\treturn sqlQuery.getHomeScreenStats()\n\t})\n\t.wait_for_sql('getHomeScreenStats', 'homeScreenStats')",
                        "err": {},
                        "isRoot": false,
                        "uuid": "e4406a0d-1582-4226-a5b5-fec4a268f57b",
                        "parentUUID": "5b06dd6d-5f5d-49e9-b8cd-56e152d04ec6",
                        "isHook": false,
                        "skipped": false
                      },
                      {
                        "title": "Volunteer Base Count, String",
                        "fullTitle": "\u001b[32mRun icon color tests\u001b[39m Logs in and verifies the counts and percents on the home screen Volunteer Base Count, String",
                        "timedOut": false,
                        "duration": 1416,
                        "state": "passed",
                        "speed": "slow",
                        "pass": true,
                        "fail": false,
                        "pending": false,
                        "code": "return driver\n\t.elementByXPath(elements.homeScreen.volBaseString)\n\t.then(function (el) {\n\t\treturn el.getAttribute('name').then(function (string) {\n\t\t\tassert.equal(Number(string.match(/\\d+/g)), config.homeScreenStats[0].volunteerbase)\n\t\t})\n\t})",
                        "err": {},
                        "isRoot": false,
                        "uuid": "65e40e7d-7d7e-4373-918e-a89e35420b21",
                        "parentUUID": "5b06dd6d-5f5d-49e9-b8cd-56e152d04ec6",
                        "isHook": false,
                        "skipped": false
                      },
                      {
                        "title": "Active Count",
                        "fullTitle": "\u001b[32mRun icon color tests\u001b[39m Logs in and verifies the counts and percents on the home screen Active Count",
                        "timedOut": false,
                        "duration": 1446,
                        "state": "passed",
                        "speed": "slow",
                        "pass": true,
                        "fail": false,
                        "pending": false,
                        "code": "return driver\n\t.elementByXPath(elements.homeScreen.activeCount)\n\t.then(function (el) {\n\t\treturn el.getAttribute('name').then(function (count) {\n\t\t\tassert.equal(count, config.homeScreenStats[0].activecount)\n\t\t})\n\t})",
                        "err": {},
                        "isRoot": false,
                        "uuid": "66c289b7-39ac-4cca-8a55-b3cfa66b594a",
                        "parentUUID": "5b06dd6d-5f5d-49e9-b8cd-56e152d04ec6",
                        "isHook": false,
                        "skipped": false
                      },
                      {
                        "title": "Active Percent",
                        "fullTitle": "\u001b[32mRun icon color tests\u001b[39m Logs in and verifies the counts and percents on the home screen Active Percent",
                        "timedOut": false,
                        "duration": 1528,
                        "state": "passed",
                        "speed": "slow",
                        "pass": true,
                        "fail": false,
                        "pending": false,
                        "code": "return driver\n\t.elementByXPath(elements.homeScreen.activePercent)\n\t.then(function (el) {\n\t\treturn el.getAttribute('name').then(function (percent) {\n\t\t\tassert.equal(percent, config.homeScreenStats[0].activepercent)\n\t\t})\n\t})",
                        "err": {},
                        "isRoot": false,
                        "uuid": "4224b617-d99d-4364-b0c0-4a28561c1713",
                        "parentUUID": "5b06dd6d-5f5d-49e9-b8cd-56e152d04ec6",
                        "isHook": false,
                        "skipped": false
                      },
                      {
                        "title": "Inactive Count",
                        "fullTitle": "\u001b[32mRun icon color tests\u001b[39m Logs in and verifies the counts and percents on the home screen Inactive Count",
                        "timedOut": false,
                        "duration": 1615,
                        "state": "passed",
                        "speed": "slow",
                        "pass": true,
                        "fail": false,
                        "pending": false,
                        "code": "return driver\n\t.elementByXPath(elements.homeScreen.inActiveCount)\n\t.then(function (el) {\n\t\treturn el.getAttribute('name').then(function (count) {\n\t\t\tassert.equal(count, config.homeScreenStats[0].inactivecount)\n\t\t})\n\t})",
                        "err": {},
                        "isRoot": false,
                        "uuid": "af8efe7f-62d0-4f18-82de-cb1016427d5c",
                        "parentUUID": "5b06dd6d-5f5d-49e9-b8cd-56e152d04ec6",
                        "isHook": false,
                        "skipped": false
                      },
                      {
                        "title": "Inactive Percent",
                        "fullTitle": "\u001b[32mRun icon color tests\u001b[39m Logs in and verifies the counts and percents on the home screen Inactive Percent",
                        "timedOut": false,
                        "duration": 1583,
                        "state": "passed",
                        "speed": "slow",
                        "pass": true,
                        "fail": false,
                        "pending": false,
                        "code": "return driver\n\t.elementByXPath(elements.homeScreen.inActivePercent)\n\t.then(function (el) {\n\t\treturn el.getAttribute('name').then(function (percent) {\n\t\t\tassert.equal(percent, config.homeScreenStats[0].inactivepercent)\n\t\t})\n\t})",
                        "err": {},
                        "isRoot": false,
                        "uuid": "f0387eef-8571-4e5d-9f8e-ff6794948e63",
                        "parentUUID": "5b06dd6d-5f5d-49e9-b8cd-56e152d04ec6",
                        "isHook": false,
                        "skipped": false
                      },
                      {
                        "title": "Re-activated Count",
                        "fullTitle": "\u001b[32mRun icon color tests\u001b[39m Logs in and verifies the counts and percents on the home screen Re-activated Count",
                        "timedOut": false,
                        "duration": 1544,
                        "state": "passed",
                        "speed": "slow",
                        "pass": true,
                        "fail": false,
                        "pending": false,
                        "code": "return driver\n\t.elementByXPath(elements.homeScreen.reActivatedCount)\n\t.then(function (el) {\n\t\treturn el.getAttribute('name').then(function (count) {\n\t\t\tassert.equal(count, config.homeScreenStats[0].reactivatedcount)\n\t\t})\n\t})",
                        "err": {},
                        "isRoot": false,
                        "uuid": "7692a457-5109-4d00-a955-8541dd392004",
                        "parentUUID": "5b06dd6d-5f5d-49e9-b8cd-56e152d04ec6",
                        "isHook": false,
                        "skipped": false
                      },
                      {
                        "title": "Re-activated Percent",
                        "fullTitle": "\u001b[32mRun icon color tests\u001b[39m Logs in and verifies the counts and percents on the home screen Re-activated Percent",
                        "timedOut": false,
                        "duration": 1686,
                        "state": "passed",
                        "speed": "slow",
                        "pass": true,
                        "fail": false,
                        "pending": false,
                        "code": "return driver\n\t.elementByXPath(elements.homeScreen.reActivatedPercent)\n\t.then(function (el) {\n\t\treturn el.getAttribute('name').then(function (percent) {\n\t\t\tassert.equal(percent, config.homeScreenStats[0].reactivatedpercent)\n\t\t})\n\t})",
                        "err": {},
                        "isRoot": false,
                        "uuid": "96e673c5-cf9d-4aae-8dee-02aa83861797",
                        "parentUUID": "5b06dd6d-5f5d-49e9-b8cd-56e152d04ec6",
                        "isHook": false,
                        "skipped": false
                      }
                    ],
                    "failures": [],
                    "skipped": [],
                    "hasBeforeHooks": false,
                    "hasAfterHooks": false,
                    "hasTests": true,
                    "hasSuites": false,
                    "totalTests": 9,
                    "totalPasses": 9,
                    "totalFailures": 0,
                    "totalPending": 0,
                    "totalSkipped": 0,
                    "hasPasses": true,
                    "hasFailures": false,
                    "hasPending": false,
                    "hasSkipped": false,
                    "duration": 35565,
                    "rootEmpty": false
                  },
                  {
                    "title": "Describe the test category...defines the group of tests specified below",
                    "suites": [],
                    "tests": [
                      {
                        "title": "Full Login",
                        "fullTitle": "\u001b[32mRun icon color tests\u001b[39m Describe the test category...defines the group of tests specified below Full Login",
                        "timedOut": false,
                        "duration": 30940,
                        "state": "passed",
                        "speed": "slow",
                        "pass": true,
                        "fail": false,
                        "pending": false,
                        "code": "this.retries = 1\nreturn driver\n\t.fullLogin() // when no args passed, uses credentials supplied via command line (process.argv.slice(2))",
                        "err": {},
                        "isRoot": false,
                        "uuid": "ad90d94d-16f9-4de7-b41f-0515ec1bd778",
                        "parentUUID": "eae7f693-2938-4fcc-aa89-3a8f9ebd8a62",
                        "isHook": false,
                        "skipped": false
                      },
                      {
                        "title": "Navigate to active volunteer list - tab is highlighted after selecting",
                        "fullTitle": "\u001b[32mRun icon color tests\u001b[39m Describe the test category...defines the group of tests specified below Navigate to active volunteer list - tab is highlighted after selecting",
                        "timedOut": false,
                        "duration": 11231,
                        "state": "passed",
                        "speed": "slow",
                        "pass": true,
                        "fail": false,
                        "pending": false,
                        "code": "return driver\n\t.elementById(elements.homeScreen.volunteers)\n\t.click()\n\t.waitForElementToDisappearByClassName(elements.general.spinner)\n\t.waitForElementById(elements.volunteers.active,10000)\n\t.click()\n\t.sleep(2000) // plenty of time for tab to select\n\t.elementById(elements.volunteers.active)\n\t.then(function (el) {\n\t\treturn el.getAttribute('value').then(function (value) {\n\t\t\tassert.equal(value,1)\n\t\t})\n\t})",
                        "err": {},
                        "isRoot": false,
                        "uuid": "2d291eac-a423-414f-91e5-25d952e1092b",
                        "parentUUID": "eae7f693-2938-4fcc-aa89-3a8f9ebd8a62",
                        "isHook": false,
                        "skipped": false
                      },
                      {
                        "title": "Open active volunteer details",
                        "fullTitle": "\u001b[32mRun icon color tests\u001b[39m Describe the test category...defines the group of tests specified below Open active volunteer details",
                        "timedOut": false,
                        "duration": 4715,
                        "state": "passed",
                        "speed": "slow",
                        "pass": true,
                        "fail": false,
                        "pending": false,
                        "code": "return driver\n\t.elementById(elements.volunteers.volunteer1.volunteer1)\n\t.click()\n\t.waitForElementToDisappearByClassName(elements.general.spinner)\n\t.waitForElementById('Volunteer Details', 20000)",
                        "err": {},
                        "isRoot": false,
                        "uuid": "089e4403-81ab-430a-b7ea-9d9367d838c6",
                        "parentUUID": "eae7f693-2938-4fcc-aa89-3a8f9ebd8a62",
                        "isHook": false,
                        "skipped": false
                      },
                      {
                        "title": "Save volunteer information",
                        "fullTitle": "\u001b[32mRun icon color tests\u001b[39m Describe the test category...defines the group of tests specified below Save volunteer information",
                        "timedOut": false,
                        "duration": 1741,
                        "state": "passed",
                        "speed": "slow",
                        "pass": true,
                        "fail": false,
                        "pending": false,
                        "code": "return driver\n\t.waitForElementByXPath(elements.vol_details.firstAndLastName, 10000) //first and last name\n\t.then(function (el) {\n\t\treturn el.getAttribute('name').then(function name(attr) {\n\t\t\tfullName = attr.trim();\n\t\t\tfirstName = attr.trim().split(/\\s+/).shift()\n\t\t\tlastName = attr.trim().split(/\\s+/).pop()\n\t\t})\n\t})",
                        "err": {},
                        "isRoot": false,
                        "uuid": "d72a5627-effc-45c2-af94-47e4335ebb5f",
                        "parentUUID": "eae7f693-2938-4fcc-aa89-3a8f9ebd8a62",
                        "isHook": false,
                        "skipped": false
                      },
                      {
                        "title": "Mark active volunteer inactive",
                        "fullTitle": "\u001b[32mRun icon color tests\u001b[39m Describe the test category...defines the group of tests specified below Mark active volunteer inactive",
                        "timedOut": false,
                        "duration": 22839,
                        "state": "passed",
                        "speed": "slow",
                        "pass": true,
                        "fail": false,
                        "pending": false,
                        "code": "return driver\n                .back()\n                .elementByIdOrNull(elements.volunteers.active)\n                .then(function (el) {\n                    if (el == null) {\n                        return driver\n                            .resetApp()\n                            .loginQuick()\n                            .elementById(elements.homeScreen.volunteers)\n                            .click()\n                            .waitForElementToDisappearByClassName(elements.general.spinner)\n                            .waitForElementById(elements.volunteers.active, 10000)\n                            .click()\n                    } else {\n                        return el.getAttribute('value').then(function (value) {\n                            if (value != 1) {\n                                return driver\n                                    .waitForElementById(elements.volunteers.active, 10000)\n                                    .click()\n                            }\n                        })\n                    }\n                })\n                // on active tab - swipe left on first person\n                .elementById(elements.volunteers.volunteer1.volunteer1)\n                .then(function (el) {\n                    return el.getSize().then(function (size) {\n                        height = size.height;\n                        width = size.width;\n                    })\n                })\n                .elementById(elements.volunteers.volunteer1.volunteer1)\n                .getLocation()\n                .then(function (loc) {\n                    //swipe left\n                    console.log(('Element location: ' + loc.x + ', ' + loc.y + ' height: ' + height + ' width: ' + width).white.bold)\n                    loc.x = loc.x + width - 75 // just to the left of the right edge of element\n                    loc.y = loc.y + height/2 // halfway down the element\n                    return driver\n                        .swipe({startX: loc.x, startY: loc.y, offsetX: -(width/2), offsetY: 0,})\n                })\n                // tap Mark Inactive - todo - guessing the location of Mark Active - fix this once we have an id to click:\n                .elementById(elements.volunteers.volunteer1.volunteer1)\n                .then(function (el) {\n                    var action = new wd.TouchAction(driver);\n                    action\n                      .tap({el: el, x: 564, y: 0})\n                      .release();\n                    return driver.performTouchAction(action);\n                })\n                .waitForElementToDisappearByClassName(elements.general.spinner)",
                        "err": {},
                        "isRoot": false,
                        "uuid": "b3d47551-2d51-4529-9f78-4ed93411a085",
                        "parentUUID": "eae7f693-2938-4fcc-aa89-3a8f9ebd8a62",
                        "isHook": false,
                        "skipped": false
                      },
                      {
                        "title": "Still on the active tab",
                        "fullTitle": "\u001b[32mRun icon color tests\u001b[39m Describe the test category...defines the group of tests specified below Still on the active tab",
                        "timedOut": false,
                        "duration": 2677,
                        "state": "passed",
                        "speed": "slow",
                        "pass": true,
                        "fail": false,
                        "pending": false,
                        "code": "return driver\n    .elementById(elements.volunteers.active)\n    .then(function (el) {\n        return el.getAttribute('value').then(function (value) {\n            assert.equal(value,1)\n        })\n    })",
                        "err": {},
                        "isRoot": false,
                        "uuid": "a2969897-d26b-4c60-909d-ab92cdd4ebeb",
                        "parentUUID": "eae7f693-2938-4fcc-aa89-3a8f9ebd8a62",
                        "isHook": false,
                        "skipped": false
                      },
                      {
                        "title": "Volunteer no longer exists in the active tab",
                        "fullTitle": "\u001b[32mRun icon color tests\u001b[39m Describe the test category...defines the group of tests specified below Volunteer no longer exists in the active tab",
                        "timedOut": false,
                        "duration": 21446,
                        "state": "passed",
                        "speed": "slow",
                        "pass": true,
                        "fail": false,
                        "pending": false,
                        "code": "return driver\n    .elementByIdOrNull(elements.volunteers.active)\n    .then(function (el) {\n        if (el == null) {\n            return driver\n                .resetApp()\n                .loginQuick()\n                .elementById(elements.homeScreen.volunteers)\n                .click()\n                .waitForElementToDisappearByClassName(elements.general.spinner)\n                .waitForElementById(elements.volunteers.active, 10000)\n                .click()\n        } else {\n            return el.getAttribute('value').then(function (value) {\n                if (value != 1) {\n                    return driver\n                        .elementById(elements.volunteers.active)\n                        .click()\n                }\n            })\n        }\n    })\n    .elementById(elements.actionBar.search)\n    .click()\n    .sendKeys(fullName)\n    .sleep(1000) // make sure automation not too fast - wait for results (should be instant)\n    //get first result element:\n    .elementByXPathOrNull(elements.volunteers.volunteer1.fullName)\n    .then(function (el) {\n        return el.getAttribute('visible').then(function (visible) {\n            assert.equal(visible, false)\n        })\n    })\n    .then(function () {\n        config.homeScreenStats[0].activecount        -= 1\n        config.homeScreenStats[0].activepercent       = Math.round((config.homeScreenStats[0].activecount / config.homeScreenStats[0].volunteerbase) * 100) + '%'\n        config.homeScreenStats[0].inactivecount      += 1\n        config.homeScreenStats[0].inactivepercent     = Math.round((config.homeScreenStats[0].inactivecount / config.homeScreenStats[0].volunteerbase) * 100) + '%'\n    })",
                        "err": {},
                        "isRoot": false,
                        "uuid": "1492feac-a4b3-4458-8109-5da4bf0bf7c2",
                        "parentUUID": "eae7f693-2938-4fcc-aa89-3a8f9ebd8a62",
                        "isHook": false,
                        "skipped": false
                      },
                      {
                        "title": "Cancel search",
                        "fullTitle": "\u001b[32mRun icon color tests\u001b[39m Describe the test category...defines the group of tests specified below Cancel search",
                        "timedOut": false,
                        "duration": 5232,
                        "state": "passed",
                        "speed": "slow",
                        "pass": true,
                        "fail": false,
                        "pending": false,
                        "code": "return driver\n    .elementById(elements.actionBar.cancel)\n    .click()",
                        "err": {},
                        "isRoot": false,
                        "uuid": "59e35253-dc98-4e43-99ca-7af3f9a85575",
                        "parentUUID": "eae7f693-2938-4fcc-aa89-3a8f9ebd8a62",
                        "isHook": false,
                        "skipped": false
                      },
                      {
                        "title": "Switch to inactive tab",
                        "fullTitle": "\u001b[32mRun icon color tests\u001b[39m Describe the test category...defines the group of tests specified below Switch to inactive tab",
                        "timedOut": false,
                        "duration": 6805,
                        "state": "passed",
                        "speed": "slow",
                        "pass": true,
                        "fail": false,
                        "pending": false,
                        "code": "return driver\n    .elementByIdOrNull(elements.volunteers.inActive)\n    .then(function (el) {\n        if (el == null) {\n            return driver\n                .resetApp()\n                .loginQuick()\n                .elementById(elements.homeScreen.volunteers)\n                .click()\n                .waitForElementToDisappearByClassName(elements.general.spinner)\n                .waitForElementById(elements.volunteers.inActive, 10000)\n                .click()\n                .elementById(elements.volunteers.inActive)\n                .then(function (el) {\n                    return el.getAttribute('value').then(function (value) {\n                        assert.equal(value,1)\n                    })\n                })\n        } else {\n            return driver\n                .elementById(elements.volunteers.inActive)\n                .click()\n                .elementById(elements.volunteers.inActive)\n                .then(function (el) {\n                    return el.getAttribute('value').then(function (value) {\n                        assert.equal(value,1)\n                    })\n                })\n        }\n    })",
                        "err": {},
                        "isRoot": false,
                        "uuid": "4a8b1dbc-b25f-4732-85fa-3f66fc022e0d",
                        "parentUUID": "eae7f693-2938-4fcc-aa89-3a8f9ebd8a62",
                        "isHook": false,
                        "skipped": false
                      },
                      {
                        "title": "Should be added to inactive tab",
                        "fullTitle": "\u001b[32mRun icon color tests\u001b[39m Describe the test category...defines the group of tests specified below Should be added to inactive tab",
                        "timedOut": false,
                        "duration": 18055,
                        "state": "passed",
                        "speed": "slow",
                        "pass": true,
                        "fail": false,
                        "pending": false,
                        "code": "return driver\n    .waitForElementById(elements.actionBar.search,10000)\n    .click()\n    .sendKeys(fullName)\n    .sleep(1000) // make sure automation not too fast - wait for results (should be instant)\n    //get first result element:\n    .elementByXPathOrNull(elements.volunteers.volunteer1.fullName)\n    .then(function (el) {\n        return el.getAttribute('visible').then(function (visible) {\n            assert.equal(visible, true)\n        })\n    })\n    .elementByXPathOrNull(elements.volunteers.volunteer1.fullName)\n    .then(function (el) {\n        return el.getAttribute('name').then(function (name) {\n            assert.equal(name.trim(), fullName.trim())\n        })\n    })",
                        "err": {},
                        "isRoot": false,
                        "uuid": "507e4b4b-2aa7-436c-ae00-9f413f111de2",
                        "parentUUID": "eae7f693-2938-4fcc-aa89-3a8f9ebd8a62",
                        "isHook": false,
                        "skipped": false
                      }
                    ],
                    "pending": [],
                    "root": false,
                    "_timeout": 9999000,
                    "file": "/mocha.js",
                    "uuid": "eae7f693-2938-4fcc-aa89-3a8f9ebd8a62",
                    "beforeHooks": [],
                    "afterHooks": [],
                    "fullFile": "/Users/mliedtka/AppiumAutomationFieldPortal/mocha.js",
                    "passes": [
                      {
                        "title": "Full Login",
                        "fullTitle": "\u001b[32mRun icon color tests\u001b[39m Describe the test category...defines the group of tests specified below Full Login",
                        "timedOut": false,
                        "duration": 30940,
                        "state": "passed",
                        "speed": "slow",
                        "pass": true,
                        "fail": false,
                        "pending": false,
                        "code": "this.retries = 1\nreturn driver\n\t.fullLogin() // when no args passed, uses credentials supplied via command line (process.argv.slice(2))",
                        "err": {},
                        "isRoot": false,
                        "uuid": "ad90d94d-16f9-4de7-b41f-0515ec1bd778",
                        "parentUUID": "eae7f693-2938-4fcc-aa89-3a8f9ebd8a62",
                        "isHook": false,
                        "skipped": false
                      },
                      {
                        "title": "Navigate to active volunteer list - tab is highlighted after selecting",
                        "fullTitle": "\u001b[32mRun icon color tests\u001b[39m Describe the test category...defines the group of tests specified below Navigate to active volunteer list - tab is highlighted after selecting",
                        "timedOut": false,
                        "duration": 11231,
                        "state": "passed",
                        "speed": "slow",
                        "pass": true,
                        "fail": false,
                        "pending": false,
                        "code": "return driver\n\t.elementById(elements.homeScreen.volunteers)\n\t.click()\n\t.waitForElementToDisappearByClassName(elements.general.spinner)\n\t.waitForElementById(elements.volunteers.active,10000)\n\t.click()\n\t.sleep(2000) // plenty of time for tab to select\n\t.elementById(elements.volunteers.active)\n\t.then(function (el) {\n\t\treturn el.getAttribute('value').then(function (value) {\n\t\t\tassert.equal(value,1)\n\t\t})\n\t})",
                        "err": {},
                        "isRoot": false,
                        "uuid": "2d291eac-a423-414f-91e5-25d952e1092b",
                        "parentUUID": "eae7f693-2938-4fcc-aa89-3a8f9ebd8a62",
                        "isHook": false,
                        "skipped": false
                      },
                      {
                        "title": "Open active volunteer details",
                        "fullTitle": "\u001b[32mRun icon color tests\u001b[39m Describe the test category...defines the group of tests specified below Open active volunteer details",
                        "timedOut": false,
                        "duration": 4715,
                        "state": "passed",
                        "speed": "slow",
                        "pass": true,
                        "fail": false,
                        "pending": false,
                        "code": "return driver\n\t.elementById(elements.volunteers.volunteer1.volunteer1)\n\t.click()\n\t.waitForElementToDisappearByClassName(elements.general.spinner)\n\t.waitForElementById('Volunteer Details', 20000)",
                        "err": {},
                        "isRoot": false,
                        "uuid": "089e4403-81ab-430a-b7ea-9d9367d838c6",
                        "parentUUID": "eae7f693-2938-4fcc-aa89-3a8f9ebd8a62",
                        "isHook": false,
                        "skipped": false
                      },
                      {
                        "title": "Save volunteer information",
                        "fullTitle": "\u001b[32mRun icon color tests\u001b[39m Describe the test category...defines the group of tests specified below Save volunteer information",
                        "timedOut": false,
                        "duration": 1741,
                        "state": "passed",
                        "speed": "slow",
                        "pass": true,
                        "fail": false,
                        "pending": false,
                        "code": "return driver\n\t.waitForElementByXPath(elements.vol_details.firstAndLastName, 10000) //first and last name\n\t.then(function (el) {\n\t\treturn el.getAttribute('name').then(function name(attr) {\n\t\t\tfullName = attr.trim();\n\t\t\tfirstName = attr.trim().split(/\\s+/).shift()\n\t\t\tlastName = attr.trim().split(/\\s+/).pop()\n\t\t})\n\t})",
                        "err": {},
                        "isRoot": false,
                        "uuid": "d72a5627-effc-45c2-af94-47e4335ebb5f",
                        "parentUUID": "eae7f693-2938-4fcc-aa89-3a8f9ebd8a62",
                        "isHook": false,
                        "skipped": false
                      },
                      {
                        "title": "Mark active volunteer inactive",
                        "fullTitle": "\u001b[32mRun icon color tests\u001b[39m Describe the test category...defines the group of tests specified below Mark active volunteer inactive",
                        "timedOut": false,
                        "duration": 22839,
                        "state": "passed",
                        "speed": "slow",
                        "pass": true,
                        "fail": false,
                        "pending": false,
                        "code": "return driver\n                .back()\n                .elementByIdOrNull(elements.volunteers.active)\n                .then(function (el) {\n                    if (el == null) {\n                        return driver\n                            .resetApp()\n                            .loginQuick()\n                            .elementById(elements.homeScreen.volunteers)\n                            .click()\n                            .waitForElementToDisappearByClassName(elements.general.spinner)\n                            .waitForElementById(elements.volunteers.active, 10000)\n                            .click()\n                    } else {\n                        return el.getAttribute('value').then(function (value) {\n                            if (value != 1) {\n                                return driver\n                                    .waitForElementById(elements.volunteers.active, 10000)\n                                    .click()\n                            }\n                        })\n                    }\n                })\n                // on active tab - swipe left on first person\n                .elementById(elements.volunteers.volunteer1.volunteer1)\n                .then(function (el) {\n                    return el.getSize().then(function (size) {\n                        height = size.height;\n                        width = size.width;\n                    })\n                })\n                .elementById(elements.volunteers.volunteer1.volunteer1)\n                .getLocation()\n                .then(function (loc) {\n                    //swipe left\n                    console.log(('Element location: ' + loc.x + ', ' + loc.y + ' height: ' + height + ' width: ' + width).white.bold)\n                    loc.x = loc.x + width - 75 // just to the left of the right edge of element\n                    loc.y = loc.y + height/2 // halfway down the element\n                    return driver\n                        .swipe({startX: loc.x, startY: loc.y, offsetX: -(width/2), offsetY: 0,})\n                })\n                // tap Mark Inactive - todo - guessing the location of Mark Active - fix this once we have an id to click:\n                .elementById(elements.volunteers.volunteer1.volunteer1)\n                .then(function (el) {\n                    var action = new wd.TouchAction(driver);\n                    action\n                      .tap({el: el, x: 564, y: 0})\n                      .release();\n                    return driver.performTouchAction(action);\n                })\n                .waitForElementToDisappearByClassName(elements.general.spinner)",
                        "err": {},
                        "isRoot": false,
                        "uuid": "b3d47551-2d51-4529-9f78-4ed93411a085",
                        "parentUUID": "eae7f693-2938-4fcc-aa89-3a8f9ebd8a62",
                        "isHook": false,
                        "skipped": false
                      },
                      {
                        "title": "Still on the active tab",
                        "fullTitle": "\u001b[32mRun icon color tests\u001b[39m Describe the test category...defines the group of tests specified below Still on the active tab",
                        "timedOut": false,
                        "duration": 2677,
                        "state": "passed",
                        "speed": "slow",
                        "pass": true,
                        "fail": false,
                        "pending": false,
                        "code": "return driver\n    .elementById(elements.volunteers.active)\n    .then(function (el) {\n        return el.getAttribute('value').then(function (value) {\n            assert.equal(value,1)\n        })\n    })",
                        "err": {},
                        "isRoot": false,
                        "uuid": "a2969897-d26b-4c60-909d-ab92cdd4ebeb",
                        "parentUUID": "eae7f693-2938-4fcc-aa89-3a8f9ebd8a62",
                        "isHook": false,
                        "skipped": false
                      },
                      {
                        "title": "Volunteer no longer exists in the active tab",
                        "fullTitle": "\u001b[32mRun icon color tests\u001b[39m Describe the test category...defines the group of tests specified below Volunteer no longer exists in the active tab",
                        "timedOut": false,
                        "duration": 21446,
                        "state": "passed",
                        "speed": "slow",
                        "pass": true,
                        "fail": false,
                        "pending": false,
                        "code": "return driver\n    .elementByIdOrNull(elements.volunteers.active)\n    .then(function (el) {\n        if (el == null) {\n            return driver\n                .resetApp()\n                .loginQuick()\n                .elementById(elements.homeScreen.volunteers)\n                .click()\n                .waitForElementToDisappearByClassName(elements.general.spinner)\n                .waitForElementById(elements.volunteers.active, 10000)\n                .click()\n        } else {\n            return el.getAttribute('value').then(function (value) {\n                if (value != 1) {\n                    return driver\n                        .elementById(elements.volunteers.active)\n                        .click()\n                }\n            })\n        }\n    })\n    .elementById(elements.actionBar.search)\n    .click()\n    .sendKeys(fullName)\n    .sleep(1000) // make sure automation not too fast - wait for results (should be instant)\n    //get first result element:\n    .elementByXPathOrNull(elements.volunteers.volunteer1.fullName)\n    .then(function (el) {\n        return el.getAttribute('visible').then(function (visible) {\n            assert.equal(visible, false)\n        })\n    })\n    .then(function () {\n        config.homeScreenStats[0].activecount        -= 1\n        config.homeScreenStats[0].activepercent       = Math.round((config.homeScreenStats[0].activecount / config.homeScreenStats[0].volunteerbase) * 100) + '%'\n        config.homeScreenStats[0].inactivecount      += 1\n        config.homeScreenStats[0].inactivepercent     = Math.round((config.homeScreenStats[0].inactivecount / config.homeScreenStats[0].volunteerbase) * 100) + '%'\n    })",
                        "err": {},
                        "isRoot": false,
                        "uuid": "1492feac-a4b3-4458-8109-5da4bf0bf7c2",
                        "parentUUID": "eae7f693-2938-4fcc-aa89-3a8f9ebd8a62",
                        "isHook": false,
                        "skipped": false
                      },
                      {
                        "title": "Cancel search",
                        "fullTitle": "\u001b[32mRun icon color tests\u001b[39m Describe the test category...defines the group of tests specified below Cancel search",
                        "timedOut": false,
                        "duration": 5232,
                        "state": "passed",
                        "speed": "slow",
                        "pass": true,
                        "fail": false,
                        "pending": false,
                        "code": "return driver\n    .elementById(elements.actionBar.cancel)\n    .click()",
                        "err": {},
                        "isRoot": false,
                        "uuid": "59e35253-dc98-4e43-99ca-7af3f9a85575",
                        "parentUUID": "eae7f693-2938-4fcc-aa89-3a8f9ebd8a62",
                        "isHook": false,
                        "skipped": false
                      },
                      {
                        "title": "Switch to inactive tab",
                        "fullTitle": "\u001b[32mRun icon color tests\u001b[39m Describe the test category...defines the group of tests specified below Switch to inactive tab",
                        "timedOut": false,
                        "duration": 6805,
                        "state": "passed",
                        "speed": "slow",
                        "pass": true,
                        "fail": false,
                        "pending": false,
                        "code": "return driver\n    .elementByIdOrNull(elements.volunteers.inActive)\n    .then(function (el) {\n        if (el == null) {\n            return driver\n                .resetApp()\n                .loginQuick()\n                .elementById(elements.homeScreen.volunteers)\n                .click()\n                .waitForElementToDisappearByClassName(elements.general.spinner)\n                .waitForElementById(elements.volunteers.inActive, 10000)\n                .click()\n                .elementById(elements.volunteers.inActive)\n                .then(function (el) {\n                    return el.getAttribute('value').then(function (value) {\n                        assert.equal(value,1)\n                    })\n                })\n        } else {\n            return driver\n                .elementById(elements.volunteers.inActive)\n                .click()\n                .elementById(elements.volunteers.inActive)\n                .then(function (el) {\n                    return el.getAttribute('value').then(function (value) {\n                        assert.equal(value,1)\n                    })\n                })\n        }\n    })",
                        "err": {},
                        "isRoot": false,
                        "uuid": "4a8b1dbc-b25f-4732-85fa-3f66fc022e0d",
                        "parentUUID": "eae7f693-2938-4fcc-aa89-3a8f9ebd8a62",
                        "isHook": false,
                        "skipped": false
                      },
                      {
                        "title": "Should be added to inactive tab",
                        "fullTitle": "\u001b[32mRun icon color tests\u001b[39m Describe the test category...defines the group of tests specified below Should be added to inactive tab",
                        "timedOut": false,
                        "duration": 18055,
                        "state": "passed",
                        "speed": "slow",
                        "pass": true,
                        "fail": false,
                        "pending": false,
                        "code": "return driver\n    .waitForElementById(elements.actionBar.search,10000)\n    .click()\n    .sendKeys(fullName)\n    .sleep(1000) // make sure automation not too fast - wait for results (should be instant)\n    //get first result element:\n    .elementByXPathOrNull(elements.volunteers.volunteer1.fullName)\n    .then(function (el) {\n        return el.getAttribute('visible').then(function (visible) {\n            assert.equal(visible, true)\n        })\n    })\n    .elementByXPathOrNull(elements.volunteers.volunteer1.fullName)\n    .then(function (el) {\n        return el.getAttribute('name').then(function (name) {\n            assert.equal(name.trim(), fullName.trim())\n        })\n    })",
                        "err": {},
                        "isRoot": false,
                        "uuid": "507e4b4b-2aa7-436c-ae00-9f413f111de2",
                        "parentUUID": "eae7f693-2938-4fcc-aa89-3a8f9ebd8a62",
                        "isHook": false,
                        "skipped": false
                      }
                    ],
                    "failures": [],
                    "skipped": [],
                    "hasBeforeHooks": false,
                    "hasAfterHooks": false,
                    "hasTests": true,
                    "hasSuites": false,
                    "totalTests": 10,
                    "totalPasses": 10,
                    "totalFailures": 0,
                    "totalPending": 0,
                    "totalSkipped": 0,
                    "hasPasses": true,
                    "hasFailures": false,
                    "hasPending": false,
                    "hasSkipped": false,
                    "duration": 125681,
                    "rootEmpty": false
                  },
                  {
                    "title": "Logs in and verifies the counts and percents on the home screen",
                    "suites": [],
                    "tests": [
                      {
                        "title": "Should set expected homeScreenStat percentages",
                        "fullTitle": "\u001b[32mRun icon color tests\u001b[39m Logs in and verifies the counts and percents on the home screen Should set expected homeScreenStat percentages",
                        "timedOut": false,
                        "duration": 0,
                        "state": "passed",
                        "speed": "fast",
                        "pass": true,
                        "fail": false,
                        "pending": false,
                        "code": "Math.round(100.23,)\nconfig.homeScreenStats[0].activepercent = Math.round((config.homeScreenStats[0].activecount / config.homeScreenStats[0].volunteerbase) * 100) + '%'\nconfig.homeScreenStats[0].inactivepercent = Math.round((config.homeScreenStats[0].inactivecount / config.homeScreenStats[0].volunteerbase) * 100) + '%'\nconfig.homeScreenStats[0].reactivatedpercent = Math.round((config.homeScreenStats[0].reactivatedcount / config.homeScreenStats[0].volunteerbase) * 100) + '%'",
                        "err": {},
                        "isRoot": false,
                        "uuid": "72f5a974-97cb-43e7-b906-5eecb8a76836",
                        "parentUUID": "c81a4296-73a8-4105-b7e2-1032aa03ad79",
                        "isHook": false,
                        "skipped": false
                      },
                      {
                        "title": "Full Login",
                        "fullTitle": "\u001b[32mRun icon color tests\u001b[39m Logs in and verifies the counts and percents on the home screen Full Login",
                        "timedOut": false,
                        "duration": 34893,
                        "state": "passed",
                        "speed": "slow",
                        "pass": true,
                        "fail": false,
                        "pending": false,
                        "code": "this.retries = 1\nreturn driver\n\t.fullLogin()",
                        "err": {},
                        "isRoot": false,
                        "uuid": "cd8b8884-faa7-4739-b325-c120696148e1",
                        "parentUUID": "c81a4296-73a8-4105-b7e2-1032aa03ad79",
                        "isHook": false,
                        "skipped": false
                      },
                      {
                        "title": "Volunteer Base Count, String",
                        "fullTitle": "\u001b[32mRun icon color tests\u001b[39m Logs in and verifies the counts and percents on the home screen Volunteer Base Count, String",
                        "timedOut": false,
                        "duration": 1760,
                        "state": "passed",
                        "speed": "slow",
                        "pass": true,
                        "fail": false,
                        "pending": false,
                        "code": "console.log(('First verify counts against expected tally based on test actions:\\n').green.bold.underline)\nreturn driver\n\t.elementByXPath(elements.homeScreen.volBaseString)\n\t.then(function (el) {\n\t\treturn el.getAttribute('name').then(function (string) {\n\t\t\tassert.equal(Number(string.match(/\\d+/g)), config.homeScreenStats[0].volunteerbase)\n\t\t\tconsole.log('volunteerbase: ' + Number(string.match(/\\d+/g)) + ' == ' + config.homeScreenStats[0].volunteerbase)\n\t\t})\n\t})",
                        "err": {},
                        "isRoot": false,
                        "uuid": "ba17ea5a-f6f4-4385-be22-b5d699ce6f23",
                        "parentUUID": "c81a4296-73a8-4105-b7e2-1032aa03ad79",
                        "isHook": false,
                        "skipped": false
                      },
                      {
                        "title": "Active Count",
                        "fullTitle": "\u001b[32mRun icon color tests\u001b[39m Logs in and verifies the counts and percents on the home screen Active Count",
                        "timedOut": false,
                        "duration": 1668,
                        "state": "passed",
                        "speed": "slow",
                        "pass": true,
                        "fail": false,
                        "pending": false,
                        "code": "return driver\n\t.elementByXPath(elements.homeScreen.activeCount)\n\t.then(function (el) {\n\t\treturn el.getAttribute('name').then(function (count) {\n\t\t\tassert.equal(count, config.homeScreenStats[0].activecount)\n\t\t\tconsole.log('activecount: ' + count + ' == ' + config.homeScreenStats[0].activecount)\n\t\t})\n\t})",
                        "err": {},
                        "isRoot": false,
                        "uuid": "38590305-20cf-4d2c-8135-af2bfc090738",
                        "parentUUID": "c81a4296-73a8-4105-b7e2-1032aa03ad79",
                        "isHook": false,
                        "skipped": false
                      },
                      {
                        "title": "Active Percent",
                        "fullTitle": "\u001b[32mRun icon color tests\u001b[39m Logs in and verifies the counts and percents on the home screen Active Percent",
                        "timedOut": false,
                        "duration": 1665,
                        "state": "passed",
                        "speed": "slow",
                        "pass": true,
                        "fail": false,
                        "pending": false,
                        "code": "return driver\n\t.elementByXPath(elements.homeScreen.activePercent)\n\t.then(function (el) {\n\t\treturn el.getAttribute('name').then(function (percent) {\n\t\t\tassert.equal(percent, config.homeScreenStats[0].activepercent)\n\t\t\tconsole.log('activepercent: ' + percent + ' == ' + config.homeScreenStats[0].activepercent)\n\t\t})\n\t})",
                        "err": {},
                        "isRoot": false,
                        "uuid": "a16b0f37-6ccc-490f-9176-e92f860a8dae",
                        "parentUUID": "c81a4296-73a8-4105-b7e2-1032aa03ad79",
                        "isHook": false,
                        "skipped": false
                      },
                      {
                        "title": "Inactive Count",
                        "fullTitle": "\u001b[32mRun icon color tests\u001b[39m Logs in and verifies the counts and percents on the home screen Inactive Count",
                        "timedOut": false,
                        "duration": 1598,
                        "state": "passed",
                        "speed": "slow",
                        "pass": true,
                        "fail": false,
                        "pending": false,
                        "code": "return driver\n\t.elementByXPath(elements.homeScreen.inActiveCount)\n\t.then(function (el) {\n\t\treturn el.getAttribute('name').then(function (count) {\n\t\t\tassert.equal(count, config.homeScreenStats[0].inactivecount)\n\t\t\tconsole.log('inactivecount: ' + count + ' == ' + config.homeScreenStats[0].inactivecount)\n\t\t})\n\t})",
                        "err": {},
                        "isRoot": false,
                        "uuid": "695ea4ba-3629-4c78-a954-9f777c9e63a5",
                        "parentUUID": "c81a4296-73a8-4105-b7e2-1032aa03ad79",
                        "isHook": false,
                        "skipped": false
                      },
                      {
                        "title": "Inactive Percent",
                        "fullTitle": "\u001b[32mRun icon color tests\u001b[39m Logs in and verifies the counts and percents on the home screen Inactive Percent",
                        "timedOut": false,
                        "duration": 1523,
                        "state": "passed",
                        "speed": "slow",
                        "pass": true,
                        "fail": false,
                        "pending": false,
                        "code": "return driver\n\t.elementByXPath(elements.homeScreen.inActivePercent)\n\t.then(function (el) {\n\t\treturn el.getAttribute('name').then(function (percent) {\n\t\t\tassert.equal(percent, config.homeScreenStats[0].inactivepercent)\n\t\t\tconsole.log('inactivepercent: ' + percent + ' == ' + config.homeScreenStats[0].inactivepercent)\n\t\t})\n\t})",
                        "err": {},
                        "isRoot": false,
                        "uuid": "7667e676-ed04-409a-a9cf-09813c2d6709",
                        "parentUUID": "c81a4296-73a8-4105-b7e2-1032aa03ad79",
                        "isHook": false,
                        "skipped": false
                      },
                      {
                        "title": "Re-activated Count",
                        "fullTitle": "\u001b[32mRun icon color tests\u001b[39m Logs in and verifies the counts and percents on the home screen Re-activated Count",
                        "timedOut": false,
                        "duration": 1843,
                        "state": "failed",
                        "pass": false,
                        "fail": true,
                        "pending": false,
                        "code": "return driver\n\t.elementByXPath(elements.homeScreen.reActivatedCount)\n\t.then(function (el) {\n\t\treturn el.getAttribute('name').then(function (count) {\n\t\t\tassert.equal(count, config.homeScreenStats[0].reactivatedcount)\n\t\t\tconsole.log('reactivatedcount: ' + count + ' == ' + config.homeScreenStats[0].reactivatedcount)\n\t\t})\n\t})",
                        "err": {
                          "message": "AssertionError [ERR_ASSERTION]: '4' == 5",
                          "estack": "AssertionError [ERR_ASSERTION]: '4' == 5\n    at tests/login_counts_homescreen_final.js:111:14\n    at _fulfilled (node_modules/wd/node_modules/q/q.js:834:54)\n    at self.promiseDispatch.done (node_modules/wd/node_modules/q/q.js:863:30)\n    at Promise.promise.promiseDispatch (node_modules/wd/node_modules/q/q.js:796:13)\n    at node_modules/wd/node_modules/q/q.js:604:44\n    at runSingle (node_modules/wd/node_modules/q/q.js:137:13)\n    at flush (node_modules/wd/node_modules/q/q.js:125:13)\n    at _combinedTickCallback (internal/process/next_tick.js:95:7)\n    at process._tickDomainCallback (internal/process/next_tick.js:198:9)\n"
                        },
                        "isRoot": false,
                        "uuid": "8cf6ebf6-e3ec-49d3-a28e-0c366f3c98bd",
                        "parentUUID": "c81a4296-73a8-4105-b7e2-1032aa03ad79",
                        "isHook": false,
                        "skipped": false
                      },
                      {
                        "title": "Re-activated Percent",
                        "fullTitle": "\u001b[32mRun icon color tests\u001b[39m Logs in and verifies the counts and percents on the home screen Re-activated Percent",
                        "timedOut": false,
                        "duration": 2234,
                        "state": "failed",
                        "pass": false,
                        "fail": true,
                        "pending": false,
                        "code": "return driver\n\t.elementByXPath(elements.homeScreen.reActivatedPercent)\n\t.then(function (el) {\n\t\treturn el.getAttribute('name').then(function (percent) {\n\t\t\tassert.equal(percent, config.homeScreenStats[0].reactivatedpercent)\n\t\t\tconsole.log('reactivatedpercent: ' + percent + ' == ' + config.homeScreenStats[0].reactivatedpercent)\n\t\t})\n\t})",
                        "err": {
                          "message": "AssertionError [ERR_ASSERTION]: '10%' == '13%'",
                          "estack": "AssertionError [ERR_ASSERTION]: '10%' == '13%'\n    at tests/login_counts_homescreen_final.js:122:14\n    at _fulfilled (node_modules/wd/node_modules/q/q.js:834:54)\n    at self.promiseDispatch.done (node_modules/wd/node_modules/q/q.js:863:30)\n    at Promise.promise.promiseDispatch (node_modules/wd/node_modules/q/q.js:796:13)\n    at node_modules/wd/node_modules/q/q.js:604:44\n    at runSingle (node_modules/wd/node_modules/q/q.js:137:13)\n    at flush (node_modules/wd/node_modules/q/q.js:125:13)\n    at _combinedTickCallback (internal/process/next_tick.js:95:7)\n    at process._tickDomainCallback (internal/process/next_tick.js:198:9)\n",
                          "diff": "- 10%\n+ 13%\n"
                        },
                        "isRoot": false,
                        "uuid": "2236b763-ac99-475d-a1d5-c232fcb1d31c",
                        "parentUUID": "c81a4296-73a8-4105-b7e2-1032aa03ad79",
                        "isHook": false,
                        "skipped": false
                      },
                      {
                        "title": "Get home screen stats from SQL",
                        "fullTitle": "\u001b[32mRun icon color tests\u001b[39m Logs in and verifies the counts and percents on the home screen Get home screen stats from SQL",
                        "timedOut": false,
                        "duration": 13,
                        "state": "passed",
                        "speed": "fast",
                        "pass": true,
                        "fail": false,
                        "pending": false,
                        "code": "console.log(('Next verify tally against values in SQL:\\n').green.bold.underline)\nreturn driver\n\t.sleep(1)\n\t.then(function getHomeScreenStats() {\n\t\treturn sqlQuery.getHomeScreenStats()\n\t})\n\t.wait_for_sql('getHomeScreenStats', 'homeScreenStats')",
                        "err": {},
                        "isRoot": false,
                        "uuid": "0d3b5748-99d1-482b-b27b-8d6eef3844d1",
                        "parentUUID": "c81a4296-73a8-4105-b7e2-1032aa03ad79",
                        "isHook": false,
                        "skipped": false
                      },
                      {
                        "title": "Volunteer Base Count, String",
                        "fullTitle": "\u001b[32mRun icon color tests\u001b[39m Logs in and verifies the counts and percents on the home screen Volunteer Base Count, String",
                        "timedOut": false,
                        "duration": 2039,
                        "state": "passed",
                        "speed": "slow",
                        "pass": true,
                        "fail": false,
                        "pending": false,
                        "code": "return driver\n\t.elementByXPath(elements.homeScreen.volBaseString)\n\t.then(function (el) {\n\t\treturn el.getAttribute('name').then(function (string) {\n\t\t\tassert.equal(Number(string.match(/\\d+/g)), config.homeScreenStats[0].volunteerbase)\n\t\t\tconsole.log('volunteerbase: ' + Number(string.match(/\\d+/g)) + ' == ' + config.homeScreenStats[0].volunteerbase)\n\t\t})\n\t})",
                        "err": {},
                        "isRoot": false,
                        "uuid": "207777f1-985b-4bab-a710-dae3102a9203",
                        "parentUUID": "c81a4296-73a8-4105-b7e2-1032aa03ad79",
                        "isHook": false,
                        "skipped": false
                      },
                      {
                        "title": "Active Count",
                        "fullTitle": "\u001b[32mRun icon color tests\u001b[39m Logs in and verifies the counts and percents on the home screen Active Count",
                        "timedOut": false,
                        "duration": 1515,
                        "state": "passed",
                        "speed": "slow",
                        "pass": true,
                        "fail": false,
                        "pending": false,
                        "code": "return driver\n\t.elementByXPath(elements.homeScreen.activeCount)\n\t.then(function (el) {\n\t\treturn el.getAttribute('name').then(function (count) {\n\t\t\tassert.equal(count, config.homeScreenStats[0].activecount)\n\t\t\tconsole.log('activecount: ' + count + ' == ' + config.homeScreenStats[0].activecount)\n\t\t})\n\t})",
                        "err": {},
                        "isRoot": false,
                        "uuid": "e772fe29-1138-45cf-8e78-749be189adcf",
                        "parentUUID": "c81a4296-73a8-4105-b7e2-1032aa03ad79",
                        "isHook": false,
                        "skipped": false
                      },
                      {
                        "title": "Active Percent",
                        "fullTitle": "\u001b[32mRun icon color tests\u001b[39m Logs in and verifies the counts and percents on the home screen Active Percent",
                        "timedOut": false,
                        "duration": 1443,
                        "state": "passed",
                        "speed": "slow",
                        "pass": true,
                        "fail": false,
                        "pending": false,
                        "code": "return driver\n\t.elementByXPath(elements.homeScreen.activePercent)\n\t.then(function (el) {\n\t\treturn el.getAttribute('name').then(function (percent) {\n\t\t\tassert.equal(percent, config.homeScreenStats[0].activepercent)\n\t\t\tconsole.log('activepercent: ' + percent + ' == ' + config.homeScreenStats[0].activepercent)\n\t\t})\n\t})",
                        "err": {},
                        "isRoot": false,
                        "uuid": "8c564781-7aac-4ff8-b6e8-4e7d43bf30f9",
                        "parentUUID": "c81a4296-73a8-4105-b7e2-1032aa03ad79",
                        "isHook": false,
                        "skipped": false
                      },
                      {
                        "title": "Inactive Count",
                        "fullTitle": "\u001b[32mRun icon color tests\u001b[39m Logs in and verifies the counts and percents on the home screen Inactive Count",
                        "timedOut": false,
                        "duration": 1525,
                        "state": "passed",
                        "speed": "slow",
                        "pass": true,
                        "fail": false,
                        "pending": false,
                        "code": "return driver\n\t.elementByXPath(elements.homeScreen.inActiveCount)\n\t.then(function (el) {\n\t\treturn el.getAttribute('name').then(function (count) {\n\t\t\tassert.equal(count, config.homeScreenStats[0].inactivecount)\n\t\t\tconsole.log('inactivecount: ' + count + ' == ' + config.homeScreenStats[0].inactivecount)\n\t\t})\n\t})",
                        "err": {},
                        "isRoot": false,
                        "uuid": "f0637ce5-3963-45d1-923a-d81a371a2313",
                        "parentUUID": "c81a4296-73a8-4105-b7e2-1032aa03ad79",
                        "isHook": false,
                        "skipped": false
                      },
                      {
                        "title": "Inactive Percent",
                        "fullTitle": "\u001b[32mRun icon color tests\u001b[39m Logs in and verifies the counts and percents on the home screen Inactive Percent",
                        "timedOut": false,
                        "duration": 1719,
                        "state": "passed",
                        "speed": "slow",
                        "pass": true,
                        "fail": false,
                        "pending": false,
                        "code": "return driver\n\t.elementByXPath(elements.homeScreen.inActivePercent)\n\t.then(function (el) {\n\t\treturn el.getAttribute('name').then(function (percent) {\n\t\t\tassert.equal(percent, config.homeScreenStats[0].inactivepercent)\n\t\t\tconsole.log('inactivepercent: ' + percent + ' == ' + config.homeScreenStats[0].inactivepercent)\n\t\t})\n\t})",
                        "err": {},
                        "isRoot": false,
                        "uuid": "a0d5fe64-2308-4742-ab10-19d145e2f7d4",
                        "parentUUID": "c81a4296-73a8-4105-b7e2-1032aa03ad79",
                        "isHook": false,
                        "skipped": false
                      },
                      {
                        "title": "Re-activated Count",
                        "fullTitle": "\u001b[32mRun icon color tests\u001b[39m Logs in and verifies the counts and percents on the home screen Re-activated Count",
                        "timedOut": false,
                        "duration": 1959,
                        "state": "passed",
                        "speed": "slow",
                        "pass": true,
                        "fail": false,
                        "pending": false,
                        "code": "return driver\n\t.elementByXPath(elements.homeScreen.reActivatedCount)\n\t.then(function (el) {\n\t\treturn el.getAttribute('name').then(function (count) {\n\t\t\tassert.equal(count, config.homeScreenStats[0].reactivatedcount)\n\t\t\tconsole.log('reactivatedcount: ' + count + ' == ' + config.homeScreenStats[0].reactivatedcount)\n\t\t})\n\t})",
                        "err": {},
                        "isRoot": false,
                        "uuid": "bda16dc5-a0c5-4932-8bf2-aa13d4a7f190",
                        "parentUUID": "c81a4296-73a8-4105-b7e2-1032aa03ad79",
                        "isHook": false,
                        "skipped": false
                      },
                      {
                        "title": "Re-activated Percent",
                        "fullTitle": "\u001b[32mRun icon color tests\u001b[39m Logs in and verifies the counts and percents on the home screen Re-activated Percent",
                        "timedOut": false,
                        "duration": 1777,
                        "state": "passed",
                        "speed": "slow",
                        "pass": true,
                        "fail": false,
                        "pending": false,
                        "code": "return driver\n\t.elementByXPath(elements.homeScreen.reActivatedPercent)\n\t.then(function (el) {\n\t\treturn el.getAttribute('name').then(function (percent) {\n\t\t\tassert.equal(percent, config.homeScreenStats[0].reactivatedpercent)\n\t\t\tconsole.log('reactivatedpercent: ' + percent + ' == ' + config.homeScreenStats[0].reactivatedpercent)\n\t\t})\n\t})",
                        "err": {},
                        "isRoot": false,
[...]
      "skipped": false
    },
    {
      "title": "Cancel search",
      "fullTitle": "Describe the test category...defines the group of tests specified below Cancel search",
      "timedOut": false,
      "duration": 5232,
      "state": "passed",
      "speed": "slow",
      "pass": true,
      "fail": false,
      "pending": false,
      "code": "return driver\n    .elementById(elements.actionBar.cancel)\n    .click()",
      "err": {},
      "isRoot": false,
      "uuid": "59e35253-dc98-4e43-99ca-7af3f9a85575",
      "parentUUID": "eae7f693-2938-4fcc-aa89-3a8f9ebd8a62",
      "isHook": false,
      "skipped": false
    },
    {
      "title": "Switch to inactive tab",
      "fullTitle": "Describe the test category...defines the group of tests specified below Switch to inactive tab",
      "timedOut": false,
      "duration": 6805,
      "state": "passed",
      "speed": "slow",
      "pass": true,
      "fail": false,
      "pending": false,
      "code": "return driver\n    .elementByIdOrNull(elements.volunteers.inActive)\n    .then(function (el) {\n        if (el == null) {\n            return driver\n                .resetApp()\n                .loginQuick()\n                .elementById(elements.homeScreen.volunteers)\n                .click()\n                .waitForElementToDisappearByClassName(elements.general.spinner)\n                .waitForElementById(elements.volunteers.inActive, 10000)\n                .click()\n                .elementById(elements.volunteers.inActive)\n                .then(function (el) {\n                    return el.getAttribute('value').then(function (value) {\n                        assert.equal(value,1)\n                    })\n                })\n        } else {\n            return driver\n                .elementById(elements.volunteers.inActive)\n                .click()\n                .elementById(elements.volunteers.inActive)\n                .then(function (el) {\n                    return el.getAttribute('value').then(function (value) {\n                        assert.equal(value,1)\n                    })\n                })\n        }\n    })",
      "err": {},
      "isRoot": false,
      "uuid": "4a8b1dbc-b25f-4732-85fa-3f66fc022e0d",
      "parentUUID": "eae7f693-2938-4fcc-aa89-3a8f9ebd8a62",
      "isHook": false,
      "skipped": false
    },
    {
      "title": "Should be added to inactive tab",
      "fullTitle": "Describe the test category...defines the group of tests specified below Should be added to inactive tab",
      "timedOut": false,
      "duration": 18055,
      "state": "passed",
      "speed": "slow",
      "pass": true,
      "fail": false,
      "pending": false,
      "code": "return driver\n    .waitForElementById(elements.actionBar.search,10000)\n    .click()\n    .sendKeys(fullName)\n    .sleep(1000) // make sure automation not too fast - wait for results (should be instant)\n    //get first result element:\n    .elementByXPathOrNull(elements.volunteers.volunteer1.fullName)\n    .then(function (el) {\n        return el.getAttribute('visible').then(function (visible) {\n            assert.equal(visible, true)\n        })\n    })\n    .elementByXPathOrNull(elements.volunteers.volunteer1.fullName)\n    .then(function (el) {\n        return el.getAttribute('name').then(function (name) {\n            assert.equal(name.trim(), fullName.trim())\n        })\n    })",
      "err": {},
      "isRoot": false,
      "uuid": "507e4b4b-2aa7-436c-ae00-9f413f111de2",
      "parentUUID": "eae7f693-2938-4fcc-aa89-3a8f9ebd8a62",
      "isHook": false,
      "skipped": false
    },
    {
      "title": "Should set expected homeScreenStat percentages",
      "fullTitle": "Logs in and verifies the counts and percents on the home screen Should set expected homeScreenStat percentages",
      "timedOut": false,
      "duration": 0,
      "state": "passed",
      "speed": "fast",
      "pass": true,
      "fail": false,
      "pending": false,
      "code": "Math.round(100.23,)\nconfig.homeScreenStats[0].activepercent = Math.round((config.homeScreenStats[0].activecount / config.homeScreenStats[0].volunteerbase) * 100) + '%'\nconfig.homeScreenStats[0].inactivepercent = Math.round((config.homeScreenStats[0].inactivecount / config.homeScreenStats[0].volunteerbase) * 100) + '%'\nconfig.homeScreenStats[0].reactivatedpercent = Math.round((config.homeScreenStats[0].reactivatedcount / config.homeScreenStats[0].volunteerbase) * 100) + '%'",
      "err": {},
      "isRoot": false,
      "uuid": "72f5a974-97cb-43e7-b906-5eecb8a76836",
      "parentUUID": "c81a4296-73a8-4105-b7e2-1032aa03ad79",
      "isHook": false,
      "skipped": false
    },
    {
      "title": "Full Login",
      "fullTitle": "Logs in and verifies the counts and percents on the home screen Full Login",
      "timedOut": false,
      "duration": 34893,
      "state": "passed",
      "speed": "slow",
      "pass": true,
      "fail": false,
      "pending": false,
      "code": "this.retries = 1\nreturn driver\n\t.fullLogin()",
      "err": {},
      "isRoot": false,
      "uuid": "cd8b8884-faa7-4739-b325-c120696148e1",
      "parentUUID": "c81a4296-73a8-4105-b7e2-1032aa03ad79",
      "isHook": false,
      "skipped": false
    },
    {
      "title": "Volunteer Base Count, String",
      "fullTitle": "Logs in and verifies the counts and percents on the home screen Volunteer Base Count, String",
      "timedOut": false,
      "duration": 1760,
      "state": "passed",
      "speed": "slow",
      "pass": true,
      "fail": false,
      "pending": false,
      "code": "console.log(('First verify counts against expected tally based on test actions:\\n').green.bold.underline)\nreturn driver\n\t.elementByXPath(elements.homeScreen.volBaseString)\n\t.then(function (el) {\n\t\treturn el.getAttribute('name').then(function (string) {\n\t\t\tassert.equal(Number(string.match(/\\d+/g)), config.homeScreenStats[0].volunteerbase)\n\t\t\tconsole.log('volunteerbase: ' + Number(string.match(/\\d+/g)) + ' == ' + config.homeScreenStats[0].volunteerbase)\n\t\t})\n\t})",
      "err": {},
      "isRoot": false,
      "uuid": "ba17ea5a-f6f4-4385-be22-b5d699ce6f23",
      "parentUUID": "c81a4296-73a8-4105-b7e2-1032aa03ad79",
      "isHook": false,
      "skipped": false
    },
    {
      "title": "Active Count",
      "fullTitle": "Logs in and verifies the counts and percents on the home screen Active Count",
      "timedOut": false,
      "duration": 1668,
      "state": "passed",
      "speed": "slow",
      "pass": true,
      "fail": false,
      "pending": false,
      "code": "return driver\n\t.elementByXPath(elements.homeScreen.activeCount)\n\t.then(function (el) {\n\t\treturn el.getAttribute('name').then(function (count) {\n\t\t\tassert.equal(count, config.homeScreenStats[0].activecount)\n\t\t\tconsole.log('activecount: ' + count + ' == ' + config.homeScreenStats[0].activecount)\n\t\t})\n\t})",
      "err": {},
      "isRoot": false,
      "uuid": "38590305-20cf-4d2c-8135-af2bfc090738",
      "parentUUID": "c81a4296-73a8-4105-b7e2-1032aa03ad79",
      "isHook": false,
      "skipped": false
    },
    {
      "title": "Active Percent",
      "fullTitle": "Logs in and verifies the counts and percents on the home screen Active Percent",
      "timedOut": false,
      "duration": 1665,
      "state": "passed",
      "speed": "slow",
      "pass": true,
      "fail": false,
      "pending": false,
      "code": "return driver\n\t.elementByXPath(elements.homeScreen.activePercent)\n\t.then(function (el) {\n\t\treturn el.getAttribute('name').then(function (percent) {\n\t\t\tassert.equal(percent, config.homeScreenStats[0].activepercent)\n\t\t\tconsole.log('activepercent: ' + percent + ' == ' + config.homeScreenStats[0].activepercent)\n\t\t})\n\t})",
      "err": {},
      "isRoot": false,
      "uuid": "a16b0f37-6ccc-490f-9176-e92f860a8dae",
      "parentUUID": "c81a4296-73a8-4105-b7e2-1032aa03ad79",
      "isHook": false,
      "skipped": false
    },
    {
      "title": "Inactive Count",
      "fullTitle": "Logs in and verifies the counts and percents on the home screen Inactive Count",
      "timedOut": false,
      "duration": 1598,
      "state": "passed",
      "speed": "slow",
      "pass": true,
      "fail": false,
      "pending": false,
      "code": "return driver\n\t.elementByXPath(elements.homeScreen.inActiveCount)\n\t.then(function (el) {\n\t\treturn el.getAttribute('name').then(function (count) {\n\t\t\tassert.equal(count, config.homeScreenStats[0].inactivecount)\n\t\t\tconsole.log('inactivecount: ' + count + ' == ' + config.homeScreenStats[0].inactivecount)\n\t\t})\n\t})",
      "err": {},
      "isRoot": false,
      "uuid": "695ea4ba-3629-4c78-a954-9f777c9e63a5",
      "parentUUID": "c81a4296-73a8-4105-b7e2-1032aa03ad79",
      "isHook": false,
      "skipped": false
    },
    {
      "title": "Inactive Percent",
      "fullTitle": "Logs in and verifies the counts and percents on the home screen Inactive Percent",
      "timedOut": false,
      "duration": 1523,
      "state": "passed",
      "speed": "slow",
      "pass": true,
      "fail": false,
      "pending": false,
      "code": "return driver\n\t.elementByXPath(elements.homeScreen.inActivePercent)\n\t.then(function (el) {\n\t\treturn el.getAttribute('name').then(function (percent) {\n\t\t\tassert.equal(percent, config.homeScreenStats[0].inactivepercent)\n\t\t\tconsole.log('inactivepercent: ' + percent + ' == ' + config.homeScreenStats[0].inactivepercent)\n\t\t})\n\t})",
      "err": {},
      "isRoot": false,
      "uuid": "7667e676-ed04-409a-a9cf-09813c2d6709",
      "parentUUID": "c81a4296-73a8-4105-b7e2-1032aa03ad79",
      "isHook": false,
      "skipped": false
    },
    {
      "title": "Get home screen stats from SQL",
      "fullTitle": "Logs in and verifies the counts and percents on the home screen Get home screen stats from SQL",
      "timedOut": false,
      "duration": 13,
      "state": "passed",
      "speed": "fast",
      "pass": true,
      "fail": false,
      "pending": false,
      "code": "console.log(('Next verify tally against values in SQL:\\n').green.bold.underline)\nreturn driver\n\t.sleep(1)\n\t.then(function getHomeScreenStats() {\n\t\treturn sqlQuery.getHomeScreenStats()\n\t})\n\t.wait_for_sql('getHomeScreenStats', 'homeScreenStats')",
      "err": {},
      "isRoot": false,
      "uuid": "0d3b5748-99d1-482b-b27b-8d6eef3844d1",
      "parentUUID": "c81a4296-73a8-4105-b7e2-1032aa03ad79",
      "isHook": false,
      "skipped": false
    },
    {
      "title": "Volunteer Base Count, String",
      "fullTitle": "Logs in and verifies the counts and percents on the home screen Volunteer Base Count, String",
      "timedOut": false,
      "duration": 2039,
      "state": "passed",
      "speed": "slow",
      "pass": true,
      "fail": false,
      "pending": false,
      "code": "return driver\n\t.elementByXPath(elements.homeScreen.volBaseString)\n\t.then(function (el) {\n\t\treturn el.getAttribute('name').then(function (string) {\n\t\t\tassert.equal(Number(string.match(/\\d+/g)), config.homeScreenStats[0].volunteerbase)\n\t\t\tconsole.log('volunteerbase: ' + Number(string.match(/\\d+/g)) + ' == ' + config.homeScreenStats[0].volunteerbase)\n\t\t})\n\t})",
      "err": {},
      "isRoot": false,
      "uuid": "207777f1-985b-4bab-a710-dae3102a9203",
      "parentUUID": "c81a4296-73a8-4105-b7e2-1032aa03ad79",
      "isHook": false,
      "skipped": false
    },
    {
      "title": "Active Count",
      "fullTitle": "Logs in and verifies the counts and percents on the home screen Active Count",
      "timedOut": false,
      "duration": 1515,
      "state": "passed",
      "speed": "slow",
      "pass": true,
      "fail": false,
      "pending": false,
      "code": "return driver\n\t.elementByXPath(elements.homeScreen.activeCount)\n\t.then(function (el) {\n\t\treturn el.getAttribute('name').then(function (count) {\n\t\t\tassert.equal(count, config.homeScreenStats[0].activecount)\n\t\t\tconsole.log('activecount: ' + count + ' == ' + config.homeScreenStats[0].activecount)\n\t\t})\n\t})",
      "err": {},
      "isRoot": false,
      "uuid": "e772fe29-1138-45cf-8e78-749be189adcf",
      "parentUUID": "c81a4296-73a8-4105-b7e2-1032aa03ad79",
      "isHook": false,
      "skipped": false
    },
    {
      "title": "Active Percent",
      "fullTitle": "Logs in and verifies the counts and percents on the home screen Active Percent",
      "timedOut": false,
      "duration": 1443,
      "state": "passed",
      "speed": "slow",
      "pass": true,
      "fail": false,
      "pending": false,
      "code": "return driver\n\t.elementByXPath(elements.homeScreen.activePercent)\n\t.then(function (el) {\n\t\treturn el.getAttribute('name').then(function (percent) {\n\t\t\tassert.equal(percent, config.homeScreenStats[0].activepercent)\n\t\t\tconsole.log('activepercent: ' + percent + ' == ' + config.homeScreenStats[0].activepercent)\n\t\t})\n\t})",
      "err": {},
      "isRoot": false,
      "uuid": "8c564781-7aac-4ff8-b6e8-4e7d43bf30f9",
      "parentUUID": "c81a4296-73a8-4105-b7e2-1032aa03ad79",
      "isHook": false,
      "skipped": false
    },
    {
      "title": "Inactive Count",
      "fullTitle": "Logs in and verifies the counts and percents on the home screen Inactive Count",
      "timedOut": false,
      "duration": 1525,
      "state": "passed",
      "speed": "slow",
      "pass": true,
      "fail": false,
      "pending": false,
      "code": "return driver\n\t.elementByXPath(elements.homeScreen.inActiveCount)\n\t.then(function (el) {\n\t\treturn el.getAttribute('name').then(function (count) {\n\t\t\tassert.equal(count, config.homeScreenStats[0].inactivecount)\n\t\t\tconsole.log('inactivecount: ' + count + ' == ' + config.homeScreenStats[0].inactivecount)\n\t\t})\n\t})",
      "err": {},
      "isRoot": false,
      "uuid": "f0637ce5-3963-45d1-923a-d81a371a2313",
      "parentUUID": "c81a4296-73a8-4105-b7e2-1032aa03ad79",
      "isHook": false,
      "skipped": false
    },
    {
      "title": "Inactive Percent",
      "fullTitle": "Logs in and verifies the counts and percents on the home screen Inactive Percent",
      "timedOut": false,
      "duration": 1719,
      "state": "passed",
      "speed": "slow",
      "pass": true,
      "fail": false,
      "pending": false,
      "code": "return driver\n\t.elementByXPath(elements.homeScreen.inActivePercent)\n\t.then(function (el) {\n\t\treturn el.getAttribute('name').then(function (percent) {\n\t\t\tassert.equal(percent, config.homeScreenStats[0].inactivepercent)\n\t\t\tconsole.log('inactivepercent: ' + percent + ' == ' + config.homeScreenStats[0].inactivepercent)\n\t\t})\n\t})",
      "err": {},
      "isRoot": false,
      "uuid": "a0d5fe64-2308-4742-ab10-19d145e2f7d4",
      "parentUUID": "c81a4296-73a8-4105-b7e2-1032aa03ad79",
      "isHook": false,
      "skipped": false
    },
    {
      "title": "Re-activated Count",
      "fullTitle": "Logs in and verifies the counts and percents on the home screen Re-activated Count",
      "timedOut": false,
      "duration": 1959,
      "state": "passed",
      "speed": "slow",
      "pass": true,
      "fail": false,
      "pending": false,
      "code": "return driver\n\t.elementByXPath(elements.homeScreen.reActivatedCount)\n\t.then(function (el) {\n\t\treturn el.getAttribute('name').then(function (count) {\n\t\t\tassert.equal(count, config.homeScreenStats[0].reactivatedcount)\n\t\t\tconsole.log('reactivatedcount: ' + count + ' == ' + config.homeScreenStats[0].reactivatedcount)\n\t\t})\n\t})",
      "err": {},
      "isRoot": false,
      "uuid": "bda16dc5-a0c5-4932-8bf2-aa13d4a7f190",
      "parentUUID": "c81a4296-73a8-4105-b7e2-1032aa03ad79",
      "isHook": false,
      "skipped": false
    },
    {
      "title": "Re-activated Percent",
      "fullTitle": "Logs in and verifies the counts and percents on the home screen Re-activated Percent",
      "timedOut": false,
      "duration": 1777,
      "state": "passed",
      "speed": "slow",
      "pass": true,
      "fail": false,
      "pending": false,
      "code": "return driver\n\t.elementByXPath(elements.homeScreen.reActivatedPercent)\n\t.then(function (el) {\n\t\treturn el.getAttribute('name').then(function (percent) {\n\t\t\tassert.equal(percent, config.homeScreenStats[0].reactivatedpercent)\n\t\t\tconsole.log('reactivatedpercent: ' + percent + ' == ' + config.homeScreenStats[0].reactivatedpercent)\n\t\t})\n\t})",
      "err": {},
      "isRoot": false,
      "uuid": "59f35519-7c8e-43ec-b58f-d0fea5341465",
      "parentUUID": "c81a4296-73a8-4105-b7e2-1032aa03ad79",
      "isHook": false,
      "skipped": false
    }
  ],
  "allFailures": [
    {
      "title": "Re-activated Count",
      "fullTitle": "Logs in and verifies the counts and percents on the home screen Re-activated Count",
      "timedOut": false,
      "duration": 1843,
      "state": "failed",
      "pass": false,
      "fail": true,
      "pending": false,
      "code": "return driver\n\t.elementByXPath(elements.homeScreen.reActivatedCount)\n\t.then(function (el) {\n\t\treturn el.getAttribute('name').then(function (count) {\n\t\t\tassert.equal(count, config.homeScreenStats[0].reactivatedcount)\n\t\t\tconsole.log('reactivatedcount: ' + count + ' == ' + config.homeScreenStats[0].reactivatedcount)\n\t\t})\n\t})",
      "err": {
        "message": "AssertionError [ERR_ASSERTION]: '4' == 5",
        "estack": "AssertionError [ERR_ASSERTION]: '4' == 5\n    at tests/login_counts_homescreen_final.js:111:14\n    at _fulfilled (node_modules/wd/node_modules/q/q.js:834:54)\n    at self.promiseDispatch.done (node_modules/wd/node_modules/q/q.js:863:30)\n    at Promise.promise.promiseDispatch (node_modules/wd/node_modules/q/q.js:796:13)\n    at node_modules/wd/node_modules/q/q.js:604:44\n    at runSingle (node_modules/wd/node_modules/q/q.js:137:13)\n    at flush (node_modules/wd/node_modules/q/q.js:125:13)\n    at _combinedTickCallback (internal/process/next_tick.js:95:7)\n    at process._tickDomainCallback (internal/process/next_tick.js:198:9)\n"
      },
      "isRoot": false,
      "uuid": "8cf6ebf6-e3ec-49d3-a28e-0c366f3c98bd",
      "parentUUID": "c81a4296-73a8-4105-b7e2-1032aa03ad79",
      "isHook": false,
      "skipped": false
    },
    {
      "title": "Re-activated Percent",
      "fullTitle": "Logs in and verifies the counts and percents on the home screen Re-activated Percent",
      "timedOut": false,
      "duration": 2234,
      "state": "failed",
      "pass": false,
      "fail": true,
      "pending": false,
      "code": "return driver\n\t.elementByXPath(elements.homeScreen.reActivatedPercent)\n\t.then(function (el) {\n\t\treturn el.getAttribute('name').then(function (percent) {\n\t\t\tassert.equal(percent, config.homeScreenStats[0].reactivatedpercent)\n\t\t\tconsole.log('reactivatedpercent: ' + percent + ' == ' + config.homeScreenStats[0].reactivatedpercent)\n\t\t})\n\t})",
      "err": {
        "message": "AssertionError [ERR_ASSERTION]: '10%' == '13%'",
        "estack": "AssertionError [ERR_ASSERTION]: '10%' == '13%'\n    at tests/login_counts_homescreen_final.js:122:14\n    at _fulfilled (node_modules/wd/node_modules/q/q.js:834:54)\n    at self.promiseDispatch.done (node_modules/wd/node_modules/q/q.js:863:30)\n    at Promise.promise.promiseDispatch (node_modules/wd/node_modules/q/q.js:796:13)\n    at node_modules/wd/node_modules/q/q.js:604:44\n    at runSingle (node_modules/wd/node_modules/q/q.js:137:13)\n    at flush (node_modules/wd/node_modules/q/q.js:125:13)\n    at _combinedTickCallback (internal/process/next_tick.js:95:7)\n    at process._tickDomainCallback (internal/process/next_tick.js:198:9)\n",
        "diff": "- 10%\n+ 13%\n"
      },
      "isRoot": false,
      "uuid": "2236b763-ac99-475d-a1d5-c232fcb1d31c",
      "parentUUID": "c81a4296-73a8-4105-b7e2-1032aa03ad79",
      "isHook": false,
      "skipped": false
    }
  ],
  "copyrightYear": 2017
}