{
  "stats": {
    "suites": 4,
    "tests": 1,
    "passes": 1,
    "pending": 0,
    "failures": 0,
    "start": "2017-10-04T20:44:56.992Z",
    "end": "2017-10-04T20:46:24.320Z",
    "duration": 87328,
    "testsRegistered": 1,
    "passPercent": 100,
    "pendingPercent": 0,
    "other": 0,
    "hasOther": false,
    "skipped": 0,
    "hasSkipped": false,
    "passPercentClass": "success",
    "pendingPercentClass": "danger"
  },
  "suites": {
    "title": "",
    "suites": [
      {
        "title": "\u001b[32mAutomation Test in Progress!\u001b[39m",
        "suites": [
          {
            "title": "\u001b[32mRunning automation, please wait for all tests to complete!\u001b[39m",
            "suites": [
              {
                "title": "\u001b[32mRun icon color tests\u001b[39m",
                "suites": [
                  {
                    "title": "Describe the test category...defines the group of tests specified below",
                    "suites": [],
                    "tests": [
                      {
                        "title": "testing",
                        "fullTitle": "\u001b[32mRun icon color tests\u001b[39m Describe the test category...defines the group of tests specified below testing",
                        "timedOut": false,
                        "duration": 70500,
                        "state": "passed",
                        "speed": "slow",
                        "pass": true,
                        "fail": false,
                        "pending": false,
                        "code": "return driver\n\t.loginQuick()\n\t.elementById(elements.homeScreen.volunteers)\n\t.click()\n\t.waitForElementToDisappearByClassName(elements.general.spinner)\n\t.elementById(elements.volunteers.prospects)\n\t.click()\n\t.waitForElementToDisappearByClassName(elements.general.spinner)\n\t.elementById(elements.prospects.prospect1.prospect1)\n\t.getSize()\n\t.then((size) => {\n\t\t\t\t\theight = size.height;\n\t\t\t\t\twidth = size.width;\n\t})\n\t.elementById(elements.prospects.prospect1.prospect1)\n\t.getLocation()\n                .then( (loc) => {\n                    //swipe left\n                    console.log(('Element location: ' + loc.x + ', ' + loc.y + ' height: ' + height + ' width: ' + width).white.bold)\n                    loc.x = loc.x + width - 75 // just to the left of the right edge of element\n                    loc.y = loc.y + height/2 // halfway down the element\n                    return driver\n                        .swipe({\n                            startX: loc.x,\n                            startY: loc.y,\n                            offsetX: -(width/2),\n                            offsetY: 0,\n                        })\n                })\n                // tap Mark Inactive - todo - guessing the location of Mark Active - fix this once we have an id to click:\n                .elementById(elements.prospects.prospect1.prospect1)\n                .then(function (el) {\n                    var action = new wd.TouchAction(driver);\n                    action\n                      .tap({el: el, x: 564, y: 0})\n                      .release();\n                    return driver.performTouchAction(action);\n                })\n\t.waitForElementToDisappearByClassName(elements.general.spinner)\n\t.elementById(elements.volunteers.active)\n\t.click()\n\t.sleep(3000)\n\t.elementByClassName('XCUIElementTypeToolbar')\n\t.click()\n\t.waitForElementToDisappearByClassName(elements.general.spinner)\n\t.sleep(3000)\n\t// .refresh_vol_or_prospect_list()",
                        "err": {},
                        "isRoot": false,
                        "uuid": "b099628e-eb70-44fa-9e22-517ada74455b",
                        "parentUUID": "bf98207e-8ac7-42c2-9d20-49dceb36c42b",
                        "isHook": false,
                        "skipped": false
                      }
                    ],
                    "pending": [],
                    "root": false,
                    "_timeout": 9999000,
                    "file": "/mocha.js",
                    "uuid": "bf98207e-8ac7-42c2-9d20-49dceb36c42b",
                    "beforeHooks": [],
                    "afterHooks": [],
                    "fullFile": "/Users/mliedtka/AppiumAutomationFieldPortal/mocha.js",
                    "passes": [
                      {
                        "title": "testing",
                        "fullTitle": "\u001b[32mRun icon color tests\u001b[39m Describe the test category...defines the group of tests specified below testing",
                        "timedOut": false,
                        "duration": 70500,
                        "state": "passed",
                        "speed": "slow",
                        "pass": true,
                        "fail": false,
                        "pending": false,
                        "code": "return driver\n\t.loginQuick()\n\t.elementById(elements.homeScreen.volunteers)\n\t.click()\n\t.waitForElementToDisappearByClassName(elements.general.spinner)\n\t.elementById(elements.volunteers.prospects)\n\t.click()\n\t.waitForElementToDisappearByClassName(elements.general.spinner)\n\t.elementById(elements.prospects.prospect1.prospect1)\n\t.getSize()\n\t.then((size) => {\n\t\t\t\t\theight = size.height;\n\t\t\t\t\twidth = size.width;\n\t})\n\t.elementById(elements.prospects.prospect1.prospect1)\n\t.getLocation()\n                .then( (loc) => {\n                    //swipe left\n                    console.log(('Element location: ' + loc.x + ', ' + loc.y + ' height: ' + height + ' width: ' + width).white.bold)\n                    loc.x = loc.x + width - 75 // just to the left of the right edge of element\n                    loc.y = loc.y + height/2 // halfway down the element\n                    return driver\n                        .swipe({\n                            startX: loc.x,\n                            startY: loc.y,\n                            offsetX: -(width/2),\n                            offsetY: 0,\n                        })\n                })\n                // tap Mark Inactive - todo - guessing the location of Mark Active - fix this once we have an id to click:\n                .elementById(elements.prospects.prospect1.prospect1)\n                .then(function (el) {\n                    var action = new wd.TouchAction(driver);\n                    action\n                      .tap({el: el, x: 564, y: 0})\n                      .release();\n                    return driver.performTouchAction(action);\n                })\n\t.waitForElementToDisappearByClassName(elements.general.spinner)\n\t.elementById(elements.volunteers.active)\n\t.click()\n\t.sleep(3000)\n\t.elementByClassName('XCUIElementTypeToolbar')\n\t.click()\n\t.waitForElementToDisappearByClassName(elements.general.spinner)\n\t.sleep(3000)\n\t// .refresh_vol_or_prospect_list()",
                        "err": {},
                        "isRoot": false,
                        "uuid": "b099628e-eb70-44fa-9e22-517ada74455b",
                        "parentUUID": "bf98207e-8ac7-42c2-9d20-49dceb36c42b",
                        "isHook": false,
                        "skipped": false
                      }
                    ],
                    "failures": [],
                    "skipped": [],
                    "hasBeforeHooks": false,
                    "hasAfterHooks": false,
                    "hasTests": true,
                    "hasSuites": false,
                    "totalTests": 1,
                    "totalPasses": 1,
                    "totalFailures": 0,
                    "totalPending": 0,
                    "totalSkipped": 0,
                    "hasPasses": true,
                    "hasFailures": false,
                    "hasPending": false,
                    "hasSkipped": false,
                    "duration": 70500,
                    "rootEmpty": false
                  }
                ],
                "tests": [],
                "pending": [],
                "root": false,
                "_timeout": 9999000,
                "file": "/mocha.js",
                "uuid": "0d2dd57a-7a34-42d9-9671-ddb6b6907ffe",
                "beforeHooks": [],
                "afterHooks": [],
                "fullFile": "/Users/mliedtka/AppiumAutomationFieldPortal/mocha.js",
                "passes": [],
                "failures": [],
                "skipped": [],
                "hasBeforeHooks": false,
                "hasAfterHooks": false,
                "hasTests": false,
                "hasSuites": true,
                "totalTests": 0,
                "totalPasses": 0,
                "totalFailures": 0,
                "totalPending": 0,
                "totalSkipped": 0,
                "hasPasses": false,
                "hasFailures": false,
                "hasPending": false,
                "hasSkipped": false,
                "duration": 0,
                "rootEmpty": false
              }
            ],
            "tests": [],
            "pending": [],
            "root": false,
            "_timeout": 9999000,
            "file": "/mocha.js",
            "uuid": "e748046c-6999-434a-805e-d9d348e0c491",
            "beforeHooks": [],
            "afterHooks": [],
            "fullFile": "/Users/mliedtka/AppiumAutomationFieldPortal/mocha.js",
            "passes": [],
            "failures": [],
            "skipped": [],
            "hasBeforeHooks": false,
            "hasAfterHooks": false,
            "hasTests": false,
            "hasSuites": true,
            "totalTests": 0,
            "totalPasses": 0,
            "totalFailures": 0,
            "totalPending": 0,
            "totalSkipped": 0,
            "hasPasses": false,
            "hasFailures": false,
            "hasPending": false,
            "hasSkipped": false,
            "duration": 0,
            "rootEmpty": false
          }
        ],
        "tests": [],
        "pending": [],
        "root": false,
        "_timeout": 9999000,
        "file": "/mocha.js",
        "uuid": "b6618498-6569-4c9e-aa07-f58daefbf18c",
        "beforeHooks": [
          {
            "title": "\"before all\" hook",
            "fullTitle": "\u001b[32mAutomation Test in Progress!\u001b[39m \"before all\" hook",
            "timedOut": false,
            "duration": 13139,
            "pass": false,
            "fail": false,
            "pending": false,
            "code": "//  example how to intercept console output to hide noise\n//\tvar unhook_intercept = intercept(function (txt) {\n//\t\treturn txt.replace(/.*(response|call|get|post).*screenshot.*/i, '');\n//\t})\nlet elements = config.elements;\nlet desired = config.desired;\nconfig.testResults = [];\nrequire(\"./logging\").configure(driver);\n// this.os isn't working for some reason.  todo may need to update to account for iOS sim.\nif (process.platform == 'win32') {\n    desired.app = require(\"./apps\").androidDeviceAppW;\n}\nelse if (process.env._system_name == 'OSX' && config.desired.platformName == 'Android') {\n    desired.app = require(\"./apps\").androidDeviceApp;\n}\nelse if (config.desired.platformName == 'iOS' && config.sim == false) {\n    desired.app = require(\"./apps\").iosDeviceApp;\n}\nelse if (config.desired.platformName == 'iOS' && config.sim == true) {\n    desired.app = require(\"./apps\").iosSimApp;\n}\nelse {\n    throw new Error(\"Commons beforeAll couldn't match device, environment, and args to available apps.\");\n}\nif (process.env.SAUCE) {\n    desired.name = 'Automation Code';\n    desired.tags = ['sample'];\n}\n//clear and create screenshots, and loadTimeLogs directories\nfsExtra.removeSync('./screenShots');\nfsExtra.mkdirs('./screenShots');\nfsExtra.removeSync('./video');\nfsExtra.mkdirs('./video');\nfsExtra.removeSync('./loadTimeLogs');\nfsExtra.mkdirs('./loadTimeLogs');\nfsExtra.removeSync('./test_results');\nfsExtra.mkdirs('./test_results');\n// Open writeStream for logTime file using current local time\nrequire('moment-timezone');\nlet moment = require('moment');\nlet timezone = Intl.DateTimeFormat().resolvedOptions().timeZone;\nlet time = moment().tz(timezone).format();\nlet myCurrentTime = time.slice(11, 19).replace(/:/g, '_');\nconfig.dateTime = time.slice(5, 19).replace(/:/g, '_').replace(/-/g, '_'); // like 06_26T01_09_04 (24 hr time)\n// Current date\nlet month = (new Date().getMonth() + 1);\nlet day = new Date().getDate();\nlet year = new Date().getFullYear();\n// Local DateTime\nconfig.myDateTime = (month + '_' + day + '_' + year + '_' + myCurrentTime);\nconfig.wStreamLogTimeFile = fs.createWriteStream('loadTimeLogs/loadTimesLog_' + config.myDateTime + '.txt');\nconfig.wStreamTestResultFile = fs.createWriteStream('test_results/test_result_' + config.myDateTime + '.txt');\nconfig.logTimes = {};\nreturn driver.init(desired);",
            "err": {},
            "isRoot": false,
            "uuid": "d8354faa-2ffd-4bbd-be06-455fd7f37142",
            "parentUUID": "b6618498-6569-4c9e-aa07-f58daefbf18c",
            "isHook": true,
            "skipped": false
          },
          {
            "title": "\"before each\" hook",
            "fullTitle": "\u001b[32mAutomation Test in Progress!\u001b[39m \"before each\" hook",
            "timedOut": false,
            "duration": 5,
            "pass": false,
            "fail": false,
            "pending": false,
            "code": "//record video\nconfig.video = childProcess.spawn('xcrun', ['simctl', 'io', 'booted', 'recordVideo', '/Users/mliedtka/AppiumAutomationFieldPortal/video/' + process.argv.slice(2)[2] + '_' + this.currentTest.title.replace(/\\s+/ig, '_') + '.mp4']);\nconfig.video.on('exit', console.log.bind(console, 'video recording exited'));\nconfig.video.on('close', console.log.bind(console, 'video recording closed'));\n//test stuff\nconsole.log(('Running ' + this.currentTest.title).green.bold.underline);\nconfig.currentTest = this.currentTest; // put the currentTest object on Config in case we want to access it mid-test\n/*\n        //video recorder stuff\n        config.recorder_output = '/Users/mliedtka/AppiumAutomation/video/' + this.currentTest.title.replace(/\\s+/ig,'_') + '.mp4';\n        config.recorder_dir = '/Users/mliedtka/AppiumAutomation/recorder_tmpdir';\n        config.recorder_options = {\n            fps: 40,\n            tmpdir: config.recorder_dir\n        };\n        config.recorder = new Recorder(driver,config.recorder_options)\n        config.recorder.start();\n*/",
            "err": {},
            "isRoot": false,
            "uuid": "9d850bff-2985-40c9-80eb-2e887a84a55d",
            "parentUUID": "b6618498-6569-4c9e-aa07-f58daefbf18c",
            "isHook": true,
            "skipped": false
          }
        ],
        "afterHooks": [
          {
            "title": "\"after all\" hook",
            "fullTitle": "\u001b[32mAutomation Test in Progress!\u001b[39m \"after all\" hook",
            "timedOut": false,
            "duration": 1665,
            "pass": false,
            "fail": false,
            "pending": false,
            "code": "config.wStreamLogTimeFile.end();\nconfig.wStreamTestResultFile.end();\nreturn driver\n    .sleep(1005)\n    .quit()\n    .finally(function() {\n        //let unhook_intercept = intercept(function (txt) {\n        //\treturn txt.replace(/.*undefined.*/i, '');\n        //})\n        console.log('\\n\\n******* TEST RESULTS *******\\n'.white);\n        config.testResults.map(function(thisTest) {\n            return console.log(thisTest);\n        });\n        console.log('\\n****************************'.white);\n        if (process.env.SAUCE) {\n            return driver.sauceJobStatus(allPassed);\n        }\n    });",
            "err": {},
            "isRoot": false,
            "uuid": "d714028d-c2b5-4c1f-a367-20039cb96cba",
            "parentUUID": "b6618498-6569-4c9e-aa07-f58daefbf18c",
            "isHook": true,
            "skipped": false
          },
          {
            "title": "\"after each\" hook",
            "fullTitle": "\u001b[32mAutomation Test in Progress!\u001b[39m \"after each\" hook",
            "timedOut": false,
            "duration": 2003,
            "pass": false,
            "fail": false,
            "pending": false,
            "code": "// let allPassed = allPassed && this.currentTest.state === 'passed';\n/* //video recorder stuff config.recorder.stopSaveAndClear(config.recorder_output, function() {}.bind(this)); */\nlet thisTest = this.currentTest.title;\n//test stuff - screenshot on failure, log results to file and store in object to console.log at the end.\nif (this.currentTest.state == 'failed') {\n    console.log(('\\n\\t' + this.currentTest.err.message).red + '\\n');\n    config.wStreamTestResultFile.write('Test Failed: ' + thisTest + '\\n');\n    config.testResults.push('\\u2717  '.red + thisTest);\n    return driver\n        .takeScreenshotMethod(thisTest)\n        .sleep(2000)\n        .then(() => {\n            config.video.kill('SIGINT')\n        })\n}\nelse if (this.currentTest.state == 'passed') {\n    config.wStreamTestResultFile.write('Test Passed: ' + thisTest + '\\n');\n    config.testResults.push('\\u2713  '.green + thisTest);\n}\nelse {\n    config.wStreamTestResultFile.write('Test ' + this.currentTest.state + ' :' + thisTest + '\\n');\n    config.testResults.push('\\u003F  '.yellow + thisTest);\n}\nreturn driver\n    .sleep(2000)\n    .then(() => {\n        config.video.kill('SIGINT');\n    })",
            "err": {},
            "isRoot": false,
            "uuid": "6a269bb4-a31f-4f95-9767-c15544abe270",
            "parentUUID": "b6618498-6569-4c9e-aa07-f58daefbf18c",
            "isHook": true,
            "skipped": false
          }
        ],
        "fullFile": "/Users/mliedtka/AppiumAutomationFieldPortal/mocha.js",
        "passes": [],
        "failures": [],
        "skipped": [],
        "hasBeforeHooks": true,
        "hasAfterHooks": true,
        "hasTests": false,
        "hasSuites": true,
        "totalTests": 0,
        "totalPasses": 0,
        "totalFailures": 0,
        "totalPending": 0,
        "totalSkipped": 0,
        "hasPasses": false,
        "hasFailures": false,
        "hasPending": false,
        "hasSkipped": false,
        "duration": 0,
        "rootEmpty": false
      }
    ],
    "tests": [],
    "pending": [],
    "root": true,
    "_timeout": 2000,
    "uuid": "216bacb2-182e-430f-aa59-51b0db8b08aa",
    "beforeHooks": [],
    "afterHooks": [],
    "fullFile": "",
    "file": "",
    "passes": [],
    "failures": [],
    "skipped": [],
    "hasBeforeHooks": false,
    "hasAfterHooks": false,
    "hasTests": false,
    "hasSuites": true,
    "totalTests": 0,
    "totalPasses": 0,
    "totalFailures": 0,
    "totalPending": 0,
    "totalSkipped": 0,
    "hasPasses": false,
    "hasFailures": false,
    "hasPending": false,
    "hasSkipped": false,
    "duration": 0,
    "rootEmpty": true
  },
  "allTests": [
    {
      "title": "testing",
      "fullTitle": "Describe the test category...defines the group of tests specified below testing",
      "timedOut": false,
      "duration": 70500,
      "state": "passed",
      "speed": "slow",
      "pass": true,
      "fail": false,
      "pending": false,
      "code": "return driver\n\t.loginQuick()\n\t.elementById(elements.homeScreen.volunteers)\n\t.click()\n\t.waitForElementToDisappearByClassName(elements.general.spinner)\n\t.elementById(elements.volunteers.prospects)\n\t.click()\n\t.waitForElementToDisappearByClassName(elements.general.spinner)\n\t.elementById(elements.prospects.prospect1.prospect1)\n\t.getSize()\n\t.then((size) => {\n\t\t\t\t\theight = size.height;\n\t\t\t\t\twidth = size.width;\n\t})\n\t.elementById(elements.prospects.prospect1.prospect1)\n\t.getLocation()\n                .then( (loc) => {\n                    //swipe left\n                    console.log(('Element location: ' + loc.x + ', ' + loc.y + ' height: ' + height + ' width: ' + width).white.bold)\n                    loc.x = loc.x + width - 75 // just to the left of the right edge of element\n                    loc.y = loc.y + height/2 // halfway down the element\n                    return driver\n                        .swipe({\n                            startX: loc.x,\n                            startY: loc.y,\n                            offsetX: -(width/2),\n                            offsetY: 0,\n                        })\n                })\n                // tap Mark Inactive - todo - guessing the location of Mark Active - fix this once we have an id to click:\n                .elementById(elements.prospects.prospect1.prospect1)\n                .then(function (el) {\n                    var action = new wd.TouchAction(driver);\n                    action\n                      .tap({el: el, x: 564, y: 0})\n                      .release();\n                    return driver.performTouchAction(action);\n                })\n\t.waitForElementToDisappearByClassName(elements.general.spinner)\n\t.elementById(elements.volunteers.active)\n\t.click()\n\t.sleep(3000)\n\t.elementByClassName('XCUIElementTypeToolbar')\n\t.click()\n\t.waitForElementToDisappearByClassName(elements.general.spinner)\n\t.sleep(3000)\n\t// .refresh_vol_or_prospect_list()",
      "err": {},
      "isRoot": false,
      "uuid": "b099628e-eb70-44fa-9e22-517ada74455b",
      "parentUUID": "bf98207e-8ac7-42c2-9d20-49dceb36c42b",
      "isHook": false,
      "skipped": false
    }
  ],
  "allPending": [],
  "allPasses": [
    {
      "title": "testing",
      "fullTitle": "Describe the test category...defines the group of tests specified below testing",
      "timedOut": false,
      "duration": 70500,
      "state": "passed",
      "speed": "slow",
      "pass": true,
      "fail": false,
      "pending": false,
      "code": "return driver\n\t.loginQuick()\n\t.elementById(elements.homeScreen.volunteers)\n\t.click()\n\t.waitForElementToDisappearByClassName(elements.general.spinner)\n\t.elementById(elements.volunteers.prospects)\n\t.click()\n\t.waitForElementToDisappearByClassName(elements.general.spinner)\n\t.elementById(elements.prospects.prospect1.prospect1)\n\t.getSize()\n\t.then((size) => {\n\t\t\t\t\theight = size.height;\n\t\t\t\t\twidth = size.width;\n\t})\n\t.elementById(elements.prospects.prospect1.prospect1)\n\t.getLocation()\n                .then( (loc) => {\n                    //swipe left\n                    console.log(('Element location: ' + loc.x + ', ' + loc.y + ' height: ' + height + ' width: ' + width).white.bold)\n                    loc.x = loc.x + width - 75 // just to the left of the right edge of element\n                    loc.y = loc.y + height/2 // halfway down the element\n                    return driver\n                        .swipe({\n                            startX: loc.x,\n                            startY: loc.y,\n                            offsetX: -(width/2),\n                            offsetY: 0,\n                        })\n                })\n                // tap Mark Inactive - todo - guessing the location of Mark Active - fix this once we have an id to click:\n                .elementById(elements.prospects.prospect1.prospect1)\n                .then(function (el) {\n                    var action = new wd.TouchAction(driver);\n                    action\n                      .tap({el: el, x: 564, y: 0})\n                      .release();\n                    return driver.performTouchAction(action);\n                })\n\t.waitForElementToDisappearByClassName(elements.general.spinner)\n\t.elementById(elements.volunteers.active)\n\t.click()\n\t.sleep(3000)\n\t.elementByClassName('XCUIElementTypeToolbar')\n\t.click()\n\t.waitForElementToDisappearByClassName(elements.general.spinner)\n\t.sleep(3000)\n\t// .refresh_vol_or_prospect_list()",
      "err": {},
      "isRoot": false,
      "uuid": "b099628e-eb70-44fa-9e22-517ada74455b",
      "parentUUID": "bf98207e-8ac7-42c2-9d20-49dceb36c42b",
      "isHook": false,
      "skipped": false
    }
  ],
  "allFailures": [],
  "copyrightYear": 2017
}