{
  "stats": {
    "suites": 6,
    "tests": 32,
    "passes": 28,
    "pending": 2,
    "failures": 2,
    "start": "2017-10-03T18:51:00.891Z",
    "end": "2017-10-03T18:56:39.800Z",
    "duration": 338909,
    "testsRegistered": 32,
    "passPercent": 93.3,
    "pendingPercent": 6.3,
    "other": 0,
    "hasOther": false,
    "skipped": 0,
    "hasSkipped": false,
    "passPercentClass": "success",
    "pendingPercentClass": "danger"
  },
  "suites": {
    "title": "",
    "suites": [
      {
        "title": "\u001b[32mAutomation Test in Progress!\u001b[39m",
        "suites": [
          {
            "title": "\u001b[32mRunning automation, please wait for all tests to complete!\u001b[39m",
            "suites": [
              {
                "title": "\u001b[32mRun icon color tests\u001b[39m",
                "suites": [
                  {
                    "title": "Logs in and verifies the counts and percents on the home screen",
                    "suites": [],
                    "tests": [
                      {
                        "title": "Full Login",
                        "fullTitle": "\u001b[32mRun icon color tests\u001b[39m Logs in and verifies the counts and percents on the home screen Full Login",
                        "timedOut": false,
                        "duration": 19147,
                        "state": "passed",
                        "speed": "slow",
                        "pass": true,
                        "fail": false,
                        "pending": false,
                        "code": "this.retries = 1\nreturn driver\n\t.fullLogin()",
                        "err": {},
                        "isRoot": false,
                        "uuid": "c378d875-fbed-4e82-ac5f-6762b1a03e86",
                        "parentUUID": "434e9d73-8e49-46bf-9733-4e883a6d753d",
                        "isHook": false,
                        "skipped": false
                      },
                      {
                        "title": "Get home screen stats from SQL",
                        "fullTitle": "\u001b[32mRun icon color tests\u001b[39m Logs in and verifies the counts and percents on the home screen Get home screen stats from SQL",
                        "timedOut": false,
                        "duration": 2033,
                        "state": "passed",
                        "speed": "slow",
                        "pass": true,
                        "fail": false,
                        "pending": false,
                        "code": "return driver\n\t.sleep(1)\n\t.then(function getHomeScreenStats() {\n\t\treturn sqlQuery.getHomeScreenStats()\n\t})\n\t.wait_for_sql('getHomeScreenStats', 'homeScreenStats')",
                        "err": {},
                        "isRoot": false,
                        "uuid": "39afa155-9cf5-4fbf-be22-f7f1225bb911",
                        "parentUUID": "434e9d73-8e49-46bf-9733-4e883a6d753d",
                        "isHook": false,
                        "skipped": false
                      },
                      {
                        "title": "Volunteer Base Count, String",
                        "fullTitle": "\u001b[32mRun icon color tests\u001b[39m Logs in and verifies the counts and percents on the home screen Volunteer Base Count, String",
                        "timedOut": false,
                        "duration": 1349,
                        "state": "passed",
                        "speed": "slow",
                        "pass": true,
                        "fail": false,
                        "pending": false,
                        "code": "return driver\n\t.elementByXPath(elements.homeScreen.volBaseString)\n\t.then(function (el) {\n\t\treturn el.getAttribute('name').then(function (string) {\n\t\t\tassert.equal(Number(string.match(/\\d+/g)), config.homeScreenStats[0].volunteerbase)\n\t\t})\n\t})",
                        "err": {},
                        "isRoot": false,
                        "uuid": "aae0191a-7d29-4957-b797-112252610dc2",
                        "parentUUID": "434e9d73-8e49-46bf-9733-4e883a6d753d",
                        "isHook": false,
                        "skipped": false
                      },
                      {
                        "title": "Active Count",
                        "fullTitle": "\u001b[32mRun icon color tests\u001b[39m Logs in and verifies the counts and percents on the home screen Active Count",
                        "timedOut": false,
                        "duration": 1564,
                        "state": "passed",
                        "speed": "slow",
                        "pass": true,
                        "fail": false,
                        "pending": false,
                        "code": "return driver\n\t.elementByXPath(elements.homeScreen.activeCount)\n\t.then(function (el) {\n\t\treturn el.getAttribute('name').then(function (count) {\n\t\t\tassert.equal(count, config.homeScreenStats[0].activecount)\n\t\t})\n\t})",
                        "err": {},
                        "isRoot": false,
                        "uuid": "41437f89-9458-410c-9c38-1a450c471f49",
                        "parentUUID": "434e9d73-8e49-46bf-9733-4e883a6d753d",
                        "isHook": false,
                        "skipped": false
                      },
                      {
                        "title": "Active Percent",
                        "fullTitle": "\u001b[32mRun icon color tests\u001b[39m Logs in and verifies the counts and percents on the home screen Active Percent",
                        "timedOut": false,
                        "duration": 1349,
                        "state": "passed",
                        "speed": "slow",
                        "pass": true,
                        "fail": false,
                        "pending": false,
                        "code": "return driver\n\t.elementByXPath(elements.homeScreen.activePercent)\n\t.then(function (el) {\n\t\treturn el.getAttribute('name').then(function (percent) {\n\t\t\tassert.equal(percent, config.homeScreenStats[0].activepercent)\n\t\t})\n\t})",
                        "err": {},
                        "isRoot": false,
                        "uuid": "66a84d54-4339-408c-b16c-a50845fe84fc",
                        "parentUUID": "434e9d73-8e49-46bf-9733-4e883a6d753d",
                        "isHook": false,
                        "skipped": false
                      },
                      {
                        "title": "Inactive Count",
                        "fullTitle": "\u001b[32mRun icon color tests\u001b[39m Logs in and verifies the counts and percents on the home screen Inactive Count",
                        "timedOut": false,
                        "duration": 1702,
                        "state": "passed",
                        "speed": "slow",
                        "pass": true,
                        "fail": false,
                        "pending": false,
                        "code": "return driver\n\t.elementByXPath(elements.homeScreen.inActiveCount)\n\t.then(function (el) {\n\t\treturn el.getAttribute('name').then(function (count) {\n\t\t\tassert.equal(count, config.homeScreenStats[0].inactivecount)\n\t\t})\n\t})",
                        "err": {},
                        "isRoot": false,
                        "uuid": "f8389623-e81d-4002-9273-1f2a62fd5a14",
                        "parentUUID": "434e9d73-8e49-46bf-9733-4e883a6d753d",
                        "isHook": false,
                        "skipped": false
                      },
                      {
                        "title": "Inactive Percent",
                        "fullTitle": "\u001b[32mRun icon color tests\u001b[39m Logs in and verifies the counts and percents on the home screen Inactive Percent",
                        "timedOut": false,
                        "duration": 1560,
                        "state": "passed",
                        "speed": "slow",
                        "pass": true,
                        "fail": false,
                        "pending": false,
                        "code": "return driver\n\t.elementByXPath(elements.homeScreen.inActivePercent)\n\t.then(function (el) {\n\t\treturn el.getAttribute('name').then(function (percent) {\n\t\t\tassert.equal(percent, config.homeScreenStats[0].inactivepercent)\n\t\t})\n\t})",
                        "err": {},
                        "isRoot": false,
                        "uuid": "812d245d-1dc7-49c5-acfe-93e9a33998d7",
                        "parentUUID": "434e9d73-8e49-46bf-9733-4e883a6d753d",
                        "isHook": false,
                        "skipped": false
                      },
                      {
                        "title": "Re-activated Count",
                        "fullTitle": "\u001b[32mRun icon color tests\u001b[39m Logs in and verifies the counts and percents on the home screen Re-activated Count",
                        "timedOut": false,
                        "duration": 1462,
                        "state": "passed",
                        "speed": "slow",
                        "pass": true,
                        "fail": false,
                        "pending": false,
                        "code": "return driver\n\t.elementByXPath(elements.homeScreen.reActivatedCount)\n\t.then(function (el) {\n\t\treturn el.getAttribute('name').then(function (count) {\n\t\t\tassert.equal(count, config.homeScreenStats[0].reactivatedcount)\n\t\t})\n\t})",
                        "err": {},
                        "isRoot": false,
                        "uuid": "ad574e1e-b1fe-4458-8e41-cfbd39570993",
                        "parentUUID": "434e9d73-8e49-46bf-9733-4e883a6d753d",
                        "isHook": false,
                        "skipped": false
                      },
                      {
                        "title": "Re-activated Percent",
                        "fullTitle": "\u001b[32mRun icon color tests\u001b[39m Logs in and verifies the counts and percents on the home screen Re-activated Percent",
                        "timedOut": false,
                        "duration": 1638,
                        "state": "passed",
                        "speed": "slow",
                        "pass": true,
                        "fail": false,
                        "pending": false,
                        "code": "return driver\n\t.elementByXPath(elements.homeScreen.reActivatedPercent)\n\t.then(function (el) {\n\t\treturn el.getAttribute('name').then(function (percent) {\n\t\t\tassert.equal(percent, config.homeScreenStats[0].reactivatedpercent)\n\t\t})\n\t})",
                        "err": {},
                        "isRoot": false,
                        "uuid": "279ec6d7-4c25-40c7-acc7-3495e0495731",
                        "parentUUID": "434e9d73-8e49-46bf-9733-4e883a6d753d",
                        "isHook": false,
                        "skipped": false
                      }
                    ],
                    "pending": [],
                    "root": false,
                    "_timeout": 9999000,
                    "file": "/mocha.js",
                    "uuid": "434e9d73-8e49-46bf-9733-4e883a6d753d",
                    "beforeHooks": [],
                    "afterHooks": [],
                    "fullFile": "/Users/mliedtka/AppiumAutomationFieldPortal/mocha.js",
                    "passes": [
                      {
                        "title": "Full Login",
                        "fullTitle": "\u001b[32mRun icon color tests\u001b[39m Logs in and verifies the counts and percents on the home screen Full Login",
                        "timedOut": false,
                        "duration": 19147,
                        "state": "passed",
                        "speed": "slow",
                        "pass": true,
                        "fail": false,
                        "pending": false,
                        "code": "this.retries = 1\nreturn driver\n\t.fullLogin()",
                        "err": {},
                        "isRoot": false,
                        "uuid": "c378d875-fbed-4e82-ac5f-6762b1a03e86",
                        "parentUUID": "434e9d73-8e49-46bf-9733-4e883a6d753d",
                        "isHook": false,
                        "skipped": false
                      },
                      {
                        "title": "Get home screen stats from SQL",
                        "fullTitle": "\u001b[32mRun icon color tests\u001b[39m Logs in and verifies the counts and percents on the home screen Get home screen stats from SQL",
                        "timedOut": false,
                        "duration": 2033,
                        "state": "passed",
                        "speed": "slow",
                        "pass": true,
                        "fail": false,
                        "pending": false,
                        "code": "return driver\n\t.sleep(1)\n\t.then(function getHomeScreenStats() {\n\t\treturn sqlQuery.getHomeScreenStats()\n\t})\n\t.wait_for_sql('getHomeScreenStats', 'homeScreenStats')",
                        "err": {},
                        "isRoot": false,
                        "uuid": "39afa155-9cf5-4fbf-be22-f7f1225bb911",
                        "parentUUID": "434e9d73-8e49-46bf-9733-4e883a6d753d",
                        "isHook": false,
                        "skipped": false
                      },
                      {
                        "title": "Volunteer Base Count, String",
                        "fullTitle": "\u001b[32mRun icon color tests\u001b[39m Logs in and verifies the counts and percents on the home screen Volunteer Base Count, String",
                        "timedOut": false,
                        "duration": 1349,
                        "state": "passed",
                        "speed": "slow",
                        "pass": true,
                        "fail": false,
                        "pending": false,
                        "code": "return driver\n\t.elementByXPath(elements.homeScreen.volBaseString)\n\t.then(function (el) {\n\t\treturn el.getAttribute('name').then(function (string) {\n\t\t\tassert.equal(Number(string.match(/\\d+/g)), config.homeScreenStats[0].volunteerbase)\n\t\t})\n\t})",
                        "err": {},
                        "isRoot": false,
                        "uuid": "aae0191a-7d29-4957-b797-112252610dc2",
                        "parentUUID": "434e9d73-8e49-46bf-9733-4e883a6d753d",
                        "isHook": false,
                        "skipped": false
                      },
                      {
                        "title": "Active Count",
                        "fullTitle": "\u001b[32mRun icon color tests\u001b[39m Logs in and verifies the counts and percents on the home screen Active Count",
                        "timedOut": false,
                        "duration": 1564,
                        "state": "passed",
                        "speed": "slow",
                        "pass": true,
                        "fail": false,
                        "pending": false,
                        "code": "return driver\n\t.elementByXPath(elements.homeScreen.activeCount)\n\t.then(function (el) {\n\t\treturn el.getAttribute('name').then(function (count) {\n\t\t\tassert.equal(count, config.homeScreenStats[0].activecount)\n\t\t})\n\t})",
                        "err": {},
                        "isRoot": false,
                        "uuid": "41437f89-9458-410c-9c38-1a450c471f49",
                        "parentUUID": "434e9d73-8e49-46bf-9733-4e883a6d753d",
                        "isHook": false,
                        "skipped": false
                      },
                      {
                        "title": "Active Percent",
                        "fullTitle": "\u001b[32mRun icon color tests\u001b[39m Logs in and verifies the counts and percents on the home screen Active Percent",
                        "timedOut": false,
                        "duration": 1349,
                        "state": "passed",
                        "speed": "slow",
                        "pass": true,
                        "fail": false,
                        "pending": false,
                        "code": "return driver\n\t.elementByXPath(elements.homeScreen.activePercent)\n\t.then(function (el) {\n\t\treturn el.getAttribute('name').then(function (percent) {\n\t\t\tassert.equal(percent, config.homeScreenStats[0].activepercent)\n\t\t})\n\t})",
                        "err": {},
                        "isRoot": false,
                        "uuid": "66a84d54-4339-408c-b16c-a50845fe84fc",
                        "parentUUID": "434e9d73-8e49-46bf-9733-4e883a6d753d",
                        "isHook": false,
                        "skipped": false
                      },
                      {
                        "title": "Inactive Count",
                        "fullTitle": "\u001b[32mRun icon color tests\u001b[39m Logs in and verifies the counts and percents on the home screen Inactive Count",
                        "timedOut": false,
                        "duration": 1702,
                        "state": "passed",
                        "speed": "slow",
                        "pass": true,
                        "fail": false,
                        "pending": false,
                        "code": "return driver\n\t.elementByXPath(elements.homeScreen.inActiveCount)\n\t.then(function (el) {\n\t\treturn el.getAttribute('name').then(function (count) {\n\t\t\tassert.equal(count, config.homeScreenStats[0].inactivecount)\n\t\t})\n\t})",
                        "err": {},
                        "isRoot": false,
                        "uuid": "f8389623-e81d-4002-9273-1f2a62fd5a14",
                        "parentUUID": "434e9d73-8e49-46bf-9733-4e883a6d753d",
                        "isHook": false,
                        "skipped": false
                      },
                      {
                        "title": "Inactive Percent",
                        "fullTitle": "\u001b[32mRun icon color tests\u001b[39m Logs in and verifies the counts and percents on the home screen Inactive Percent",
                        "timedOut": false,
                        "duration": 1560,
                        "state": "passed",
                        "speed": "slow",
                        "pass": true,
                        "fail": false,
                        "pending": false,
                        "code": "return driver\n\t.elementByXPath(elements.homeScreen.inActivePercent)\n\t.then(function (el) {\n\t\treturn el.getAttribute('name').then(function (percent) {\n\t\t\tassert.equal(percent, config.homeScreenStats[0].inactivepercent)\n\t\t})\n\t})",
                        "err": {},
                        "isRoot": false,
                        "uuid": "812d245d-1dc7-49c5-acfe-93e9a33998d7",
                        "parentUUID": "434e9d73-8e49-46bf-9733-4e883a6d753d",
                        "isHook": false,
                        "skipped": false
                      },
                      {
                        "title": "Re-activated Count",
                        "fullTitle": "\u001b[32mRun icon color tests\u001b[39m Logs in and verifies the counts and percents on the home screen Re-activated Count",
                        "timedOut": false,
                        "duration": 1462,
                        "state": "passed",
                        "speed": "slow",
                        "pass": true,
                        "fail": false,
                        "pending": false,
                        "code": "return driver\n\t.elementByXPath(elements.homeScreen.reActivatedCount)\n\t.then(function (el) {\n\t\treturn el.getAttribute('name').then(function (count) {\n\t\t\tassert.equal(count, config.homeScreenStats[0].reactivatedcount)\n\t\t})\n\t})",
                        "err": {},
                        "isRoot": false,
                        "uuid": "ad574e1e-b1fe-4458-8e41-cfbd39570993",
                        "parentUUID": "434e9d73-8e49-46bf-9733-4e883a6d753d",
                        "isHook": false,
                        "skipped": false
                      },
                      {
                        "title": "Re-activated Percent",
                        "fullTitle": "\u001b[32mRun icon color tests\u001b[39m Logs in and verifies the counts and percents on the home screen Re-activated Percent",
                        "timedOut": false,
                        "duration": 1638,
                        "state": "passed",
                        "speed": "slow",
                        "pass": true,
                        "fail": false,
                        "pending": false,
                        "code": "return driver\n\t.elementByXPath(elements.homeScreen.reActivatedPercent)\n\t.then(function (el) {\n\t\treturn el.getAttribute('name').then(function (percent) {\n\t\t\tassert.equal(percent, config.homeScreenStats[0].reactivatedpercent)\n\t\t})\n\t})",
                        "err": {},
                        "isRoot": false,
                        "uuid": "279ec6d7-4c25-40c7-acc7-3495e0495731",
                        "parentUUID": "434e9d73-8e49-46bf-9733-4e883a6d753d",
                        "isHook": false,
                        "skipped": false
                      }
                    ],
                    "failures": [],
                    "skipped": [],
                    "hasBeforeHooks": false,
                    "hasAfterHooks": false,
                    "hasTests": true,
                    "hasSuites": false,
                    "totalTests": 9,
                    "totalPasses": 9,
                    "totalFailures": 0,
                    "totalPending": 0,
                    "totalSkipped": 0,
                    "hasPasses": true,
                    "hasFailures": false,
                    "hasPending": false,
                    "hasSkipped": false,
                    "duration": 31804,
                    "rootEmpty": false
                  },
                  {
                    "title": "Remove Salutations and Suffices and perform any other data cleansing tasks before running automation",
                    "suites": [],
                    "tests": [
                      {
                        "title": "Full Login",
                        "fullTitle": "\u001b[32mRun icon color tests\u001b[39m Remove Salutations and Suffices and perform any other data cleansing tasks before running automation Full Login",
                        "timedOut": false,
                        "duration": 26751,
                        "state": "passed",
                        "speed": "slow",
                        "pass": true,
                        "fail": false,
                        "pending": false,
                        "code": "this.retries = 1\nreturn driver\n\t.fullLogin() // when no args passed, uses credentials supplied via command line (process.argv.slice(2))",
                        "err": {},
                        "isRoot": false,
                        "uuid": "822aea62-dc2a-430f-85db-1289e2b43607",
                        "parentUUID": "811d474a-edb7-447f-905f-a7f90c6f26d2",
                        "isHook": false,
                        "skipped": false
                      },
                      {
                        "title": "Should remove salutations and suffices from prospects",
                        "fullTitle": "\u001b[32mRun icon color tests\u001b[39m Remove Salutations and Suffices and perform any other data cleansing tasks before running automation Should remove salutations and suffices from prospects",
                        "timedOut": false,
                        "duration": 20058,
                        "state": "failed",
                        "pass": false,
                        "fail": true,
                        "pending": false,
                        "code": "return driver\n\t.sleep(1)\n\t.then(function () {\n\t\tsqlQuery.removeSalsAndSufficesProspects()\n\t})\n\t.wait_for_sql('removeSalsAndSufficesProspects','removalResultsProspects')",
                        "err": {
                          "message": "Error: SQL Query removeSalsAndSufficesProspects did not return within twenty seconds.",
                          "estack": "Error: SQL Query removeSalsAndSufficesProspects did not return within twenty seconds.\n    at Timeout.wait_1 [as _onTimeout] (helpers/commons.js:357:32)\n"
                        },
                        "isRoot": false,
                        "uuid": "94c4a036-28b2-45df-84da-2cc1019b61ad",
                        "parentUUID": "811d474a-edb7-447f-905f-a7f90c6f26d2",
                        "isHook": false,
                        "skipped": false
                      },
                      {
                        "title": "Should remove salutations and suffices from volunteers",
                        "fullTitle": "\u001b[32mRun icon color tests\u001b[39m Remove Salutations and Suffices and perform any other data cleansing tasks before running automation Should remove salutations and suffices from volunteers",
                        "timedOut": false,
                        "duration": 20039,
                        "state": "failed",
                        "pass": false,
                        "fail": true,
                        "pending": false,
                        "code": "return driver\n\t.sleep(1)\n\t.then(function () {\n\t\tsqlQuery.removeSalsAndSufficesVols()\n\t})\n\t.wait_for_sql('removeSalsAndSufficesVols','removalResultsVols')",
                        "err": {
                          "message": "Error: SQL Query removeSalsAndSufficesVols did not return within twenty seconds.",
                          "estack": "Error: SQL Query removeSalsAndSufficesVols did not return within twenty seconds.\n    at Timeout.wait_1 [as _onTimeout] (helpers/commons.js:357:32)\n"
                        },
                        "isRoot": false,
                        "uuid": "45dd8cb5-a820-4c8a-b6c2-8f3335a5fbc5",
                        "parentUUID": "811d474a-edb7-447f-905f-a7f90c6f26d2",
                        "isHook": false,
                        "skipped": false
                      }
                    ],
                    "pending": [],
                    "root": false,
                    "_timeout": 9999000,
                    "file": "/mocha.js",
                    "uuid": "811d474a-edb7-447f-905f-a7f90c6f26d2",
                    "beforeHooks": [],
                    "afterHooks": [],
                    "fullFile": "/Users/mliedtka/AppiumAutomationFieldPortal/mocha.js",
                    "passes": [
                      {
                        "title": "Full Login",
                        "fullTitle": "\u001b[32mRun icon color tests\u001b[39m Remove Salutations and Suffices and perform any other data cleansing tasks before running automation Full Login",
                        "timedOut": false,
                        "duration": 26751,
                        "state": "passed",
                        "speed": "slow",
                        "pass": true,
                        "fail": false,
                        "pending": false,
                        "code": "this.retries = 1\nreturn driver\n\t.fullLogin() // when no args passed, uses credentials supplied via command line (process.argv.slice(2))",
                        "err": {},
                        "isRoot": false,
                        "uuid": "822aea62-dc2a-430f-85db-1289e2b43607",
                        "parentUUID": "811d474a-edb7-447f-905f-a7f90c6f26d2",
                        "isHook": false,
                        "skipped": false
                      }
                    ],
                    "failures": [
                      {
                        "title": "Should remove salutations and suffices from prospects",
                        "fullTitle": "\u001b[32mRun icon color tests\u001b[39m Remove Salutations and Suffices and perform any other data cleansing tasks before running automation Should remove salutations and suffices from prospects",
                        "timedOut": false,
                        "duration": 20058,
                        "state": "failed",
                        "pass": false,
                        "fail": true,
                        "pending": false,
                        "code": "return driver\n\t.sleep(1)\n\t.then(function () {\n\t\tsqlQuery.removeSalsAndSufficesProspects()\n\t})\n\t.wait_for_sql('removeSalsAndSufficesProspects','removalResultsProspects')",
                        "err": {
                          "message": "Error: SQL Query removeSalsAndSufficesProspects did not return within twenty seconds.",
                          "estack": "Error: SQL Query removeSalsAndSufficesProspects did not return within twenty seconds.\n    at Timeout.wait_1 [as _onTimeout] (helpers/commons.js:357:32)\n"
                        },
                        "isRoot": false,
                        "uuid": "94c4a036-28b2-45df-84da-2cc1019b61ad",
                        "parentUUID": "811d474a-edb7-447f-905f-a7f90c6f26d2",
                        "isHook": false,
                        "skipped": false
                      },
                      {
                        "title": "Should remove salutations and suffices from volunteers",
                        "fullTitle": "\u001b[32mRun icon color tests\u001b[39m Remove Salutations and Suffices and perform any other data cleansing tasks before running automation Should remove salutations and suffices from volunteers",
                        "timedOut": false,
                        "duration": 20039,
                        "state": "failed",
                        "pass": false,
                        "fail": true,
                        "pending": false,
                        "code": "return driver\n\t.sleep(1)\n\t.then(function () {\n\t\tsqlQuery.removeSalsAndSufficesVols()\n\t})\n\t.wait_for_sql('removeSalsAndSufficesVols','removalResultsVols')",
                        "err": {
                          "message": "Error: SQL Query removeSalsAndSufficesVols did not return within twenty seconds.",
                          "estack": "Error: SQL Query removeSalsAndSufficesVols did not return within twenty seconds.\n    at Timeout.wait_1 [as _onTimeout] (helpers/commons.js:357:32)\n"
                        },
                        "isRoot": false,
                        "uuid": "45dd8cb5-a820-4c8a-b6c2-8f3335a5fbc5",
                        "parentUUID": "811d474a-edb7-447f-905f-a7f90c6f26d2",
                        "isHook": false,
                        "skipped": false
                      }
                    ],
                    "skipped": [],
                    "hasBeforeHooks": false,
                    "hasAfterHooks": false,
                    "hasTests": true,
                    "hasSuites": false,
                    "totalTests": 3,
                    "totalPasses": 1,
                    "totalFailures": 2,
                    "totalPending": 0,
                    "totalSkipped": 0,
                    "hasPasses": true,
                    "hasFailures": true,
                    "hasPending": false,
                    "hasSkipped": false,
                    "duration": 66848,
                    "rootEmpty": false
                  },
                  {
                    "title": "Tests in the Active tab",
                    "suites": [],
                    "tests": [
                      {
                        "title": "testing stuff",
                        "fullTitle": "\u001b[32mRun icon color tests\u001b[39m Tests in the Active tab testing stuff",
                        "timedOut": false,
                        "duration": 0,
                        "pass": false,
                        "fail": false,
                        "pending": true,
                        "code": "",
                        "err": {},
                        "isRoot": false,
                        "uuid": "cc757c08-33e7-461f-a4b2-3e47ae463c80",
                        "parentUUID": "667a0553-502b-4db7-81e8-13d998511692",
                        "isHook": false,
                        "skipped": false
                      },
                      {
                        "title": "Full Login",
                        "fullTitle": "\u001b[32mRun icon color tests\u001b[39m Tests in the Active tab Full Login",
                        "timedOut": false,
                        "duration": 0,
                        "pass": false,
                        "fail": false,
                        "pending": true,
                        "code": "",
                        "err": {},
                        "isRoot": false,
                        "uuid": "02f632b9-c039-4978-ace0-b3819f7d8d45",
                        "parentUUID": "667a0553-502b-4db7-81e8-13d998511692",
                        "isHook": false,
                        "skipped": false
                      },
                      {
                        "title": "Quick Login",
                        "fullTitle": "\u001b[32mRun icon color tests\u001b[39m Tests in the Active tab Quick Login",
                        "timedOut": false,
                        "duration": 19000,
                        "state": "passed",
                        "speed": "slow",
                        "pass": true,
                        "fail": false,
                        "pending": false,
                        "code": "this.retries = 1\nreturn driver\n    .loginQuick()",
                        "err": {},
                        "isRoot": false,
                        "uuid": "7a8bf767-ad57-452b-9c33-1e5cf7fd6236",
                        "parentUUID": "667a0553-502b-4db7-81e8-13d998511692",
                        "isHook": false,
                        "skipped": false
                      },
                      {
                        "title": "Navigate to active volunteer list - tab is selected by default",
                        "fullTitle": "\u001b[32mRun icon color tests\u001b[39m Tests in the Active tab Navigate to active volunteer list - tab is selected by default",
                        "timedOut": false,
                        "duration": 4165,
                        "state": "passed",
                        "speed": "slow",
                        "pass": true,
                        "fail": false,
                        "pending": false,
                        "code": "return driver\n\t.elementById(elements.homeScreen.volunteers)\n                .click()\n                .waitForElementToDisappearByClassName(elements.general.spinner)\n                .waitForElementById(elements.volunteers.active,10000)\n                .then(el => driver.is_visible(el).is_selected(el))",
                        "err": {},
                        "isRoot": false,
                        "uuid": "3253086c-d5af-45e4-a2b3-c6c2af3c188a",
                        "parentUUID": "667a0553-502b-4db7-81e8-13d998511692",
                        "isHook": false,
                        "skipped": false
                      },
                      {
                        "title": "Open active volunteer details",
                        "fullTitle": "\u001b[32mRun icon color tests\u001b[39m Tests in the Active tab Open active volunteer details",
                        "timedOut": false,
                        "duration": 2940,
                        "state": "passed",
                        "speed": "slow",
                        "pass": true,
                        "fail": false,
                        "pending": false,
                        "code": "return driver\n\t.elementById(elements.volunteers.volunteer1.volunteer1)\n\t.click()\n\t.waitForElementToDisappearByClassName(elements.general.spinner)\n\t.waitForElementById('Volunteer Details', 20000)",
                        "err": {},
                        "isRoot": false,
                        "uuid": "d80a320c-9ed6-4bff-b372-a0d701bd56c0",
                        "parentUUID": "667a0553-502b-4db7-81e8-13d998511692",
                        "isHook": false,
                        "skipped": false
                      },
                      {
                        "title": "Save volunteer information",
                        "fullTitle": "\u001b[32mRun icon color tests\u001b[39m Tests in the Active tab Save volunteer information",
                        "timedOut": false,
                        "duration": 4527,
                        "state": "passed",
                        "speed": "slow",
                        "pass": true,
                        "fail": false,
                        "pending": false,
                        "code": "return driver\n                .waitForElementByXPath(elements.vol_details.firstAndLastName, 10000) //first and last name\n                .getAttribute('name')\n                .then((name) => {\n                    fullName = name.trim();\n                    firstName = name.trim().split(/\\s+/).shift()\n                    lastName = name.trim().split(/\\s+/).pop()\n                })\n                .back()\n                .waitForElementById(elements.volunteers.active, 5000)",
                        "err": {},
                        "isRoot": false,
                        "uuid": "535a0be1-b3c1-4f10-8716-82ff36b13cea",
                        "parentUUID": "667a0553-502b-4db7-81e8-13d998511692",
                        "isHook": false,
                        "skipped": false
                      },
                      {
                        "title": "On Active tab after going back",
                        "fullTitle": "\u001b[32mRun icon color tests\u001b[39m Tests in the Active tab On Active tab after going back",
                        "timedOut": false,
                        "duration": 1527,
                        "state": "passed",
                        "speed": "slow",
                        "pass": true,
                        "fail": false,
                        "pending": false,
                        "code": "return driver\n    .elementByIdOrNull(elements.volunteers.active)\n    .then(el => driver.recoverFromFailuresVolunteers(el))\n    .elementById(elements.volunteers.active)\n    .then(el => driver.is_selected(el))",
                        "err": {},
                        "isRoot": false,
                        "uuid": "62ee1aae-fa9f-4ffd-a064-45cec53c9337",
                        "parentUUID": "667a0553-502b-4db7-81e8-13d998511692",
                        "isHook": false,
                        "skipped": false
                      },
                      {
                        "title": "Mark active volunteer inactive",
                        "fullTitle": "\u001b[32mRun icon color tests\u001b[39m Tests in the Active tab Mark active volunteer inactive",
                        "timedOut": false,
                        "duration": 9456,
                        "state": "passed",
                        "speed": "slow",
                        "pass": true,
                        "fail": false,
                        "pending": false,
                        "code": "//todo update this when we have an id for the els under the slider.  Make more compact.\nreturn driver\n    // on active tab - swipe left on first person\n    .elementById(elements.volunteers.volunteer1.volunteer1)\n    .getSize()\n    .then((size) => {\n        height = size.height;\n        width = size.width;\n    })\n    .elementById(elements.volunteers.volunteer1.volunteer1)\n    .getLocation()\n    .then( (loc) => {\n        //swipe left\n        console.log(('Element location: ' + loc.x + ', ' + loc.y + ' height: ' + height + ' width: ' + width).white.bold)\n        loc.x = loc.x + width - 75 // just to the left of the right edge of element\n        loc.y = loc.y + height/2 // halfway down the element\n        return driver\n            .swipe({\n                startX: loc.x,\n                startY: loc.y,\n                offsetX: -(width/2),\n                offsetY: 0,\n            })\n    })\n    // tap Mark Inactive - todo - guessing the location of Mark Active - fix this once we have an id to click:\n    .elementById(elements.volunteers.volunteer1.volunteer1)\n    .then(function (el) {\n        var action = new wd.TouchAction(driver);\n        action\n          .tap({el: el, x: 564, y: 0})\n          .release();\n        return driver.performTouchAction(action);\n    })\n    .waitForElementToDisappearByClassName(elements.general.spinner)",
                        "err": {},
                        "isRoot": false,
                        "uuid": "b36a2461-88f0-4c69-8a54-f1f2ae2ca30a",
                        "parentUUID": "667a0553-502b-4db7-81e8-13d998511692",
                        "isHook": false,
                        "skipped": false
                      },
                      {
                        "title": "Still on the active tab",
                        "fullTitle": "\u001b[32mRun icon color tests\u001b[39m Tests in the Active tab Still on the active tab",
                        "timedOut": false,
                        "duration": 1606,
                        "state": "passed",
                        "speed": "slow",
                        "pass": true,
                        "fail": false,
                        "pending": false,
                        "code": "return driver\n    .elementByIdOrNull(elements.volunteers.active)\n    .then(el => driver.recoverFromFailuresVolunteers(el))\n    .elementById(elements.volunteers.active)\n    .then(el => driver.is_selected(el))",
                        "err": {},
                        "isRoot": false,
                        "uuid": "082220b8-3da3-4fc0-aea5-f2afc6439440",
                        "parentUUID": "667a0553-502b-4db7-81e8-13d998511692",
                        "isHook": false,
                        "skipped": false
                      },
                      {
                        "title": "Volunteer no longer exists in the active tab",
                        "fullTitle": "\u001b[32mRun icon color tests\u001b[39m Tests in the Active tab Volunteer no longer exists in the active tab",
                        "timedOut": false,
                        "duration": 8520,
                        "state": "passed",
                        "speed": "slow",
                        "pass": true,
                        "fail": false,
                        "pending": false,
                        "code": "return driver\n    .elementById(elements.actionBar.search)\n    .click()\n    .sendKeys(fullName)\n    .sleep(500) // wait for results (should be instant)\n    .elementByXPathOrNull(elements.volunteers.volunteer1.fullName)\n    .then(el => driver.is_not_visible(el))\n    .then(function () {\n        config.homeScreenStats[0].activecount     -= 1\n        config.homeScreenStats[0].activepercent    = Math.round((config.homeScreenStats[0].activecount / config.homeScreenStats[0].volunteerbase) * 100) + '%'\n        config.homeScreenStats[0].inactivecount   += 1\n        config.homeScreenStats[0].inactivepercent  = Math.round((config.homeScreenStats[0].inactivecount / config.homeScreenStats[0].volunteerbase) * 100) + '%'\n    })",
                        "err": {},
                        "isRoot": false,
                        "uuid": "5fa7dd90-221e-4d46-b261-8d070962df72",
                        "parentUUID": "667a0553-502b-4db7-81e8-13d998511692",
                        "isHook": false,
                        "skipped": false
                      },
                      {
                        "title": "Cancel search",
                        "fullTitle": "\u001b[32mRun icon color tests\u001b[39m Tests in the Active tab Cancel search",
                        "timedOut": false,
                        "duration": 2990,
                        "state": "passed",
                        "speed": "slow",
                        "pass": true,
                        "fail": false,
                        "pending": false,
                        "code": "return driver\n    .elementById(elements.actionBar.cancel)\n    .click()\n    .elementById(elements.volunteers.active)\n    .then(el => driver.is_visible(el).is_selected(el))",
                        "err": {},
                        "isRoot": false,
                        "uuid": "57ed9480-3aad-4738-83b4-fe737c2140a0",
                        "parentUUID": "667a0553-502b-4db7-81e8-13d998511692",
                        "isHook": false,
                        "skipped": false
                      },
                      {
                        "title": "Switch to inactive tab",
                        "fullTitle": "\u001b[32mRun icon color tests\u001b[39m Tests in the Active tab Switch to inactive tab",
                        "timedOut": false,
                        "duration": 4107,
                        "state": "passed",
                        "speed": "slow",
                        "pass": true,
                        "fail": false,
                        "pending": false,
                        "code": "return driver\n    .elementById(elements.volunteers.inActive)\n    .click()\n    .elementById(elements.volunteers.inActive)\n    .then(el => driver.is_selected(el))",
                        "err": {},
                        "isRoot": false,
                        "uuid": "b9f24604-12ad-469f-a08e-29446b4773ea",
                        "parentUUID": "667a0553-502b-4db7-81e8-13d998511692",
                        "isHook": false,
                        "skipped": false
                      },
                      {
                        "title": "Should be added to inactive tab",
                        "fullTitle": "\u001b[32mRun icon color tests\u001b[39m Tests in the Active tab Should be added to inactive tab",
                        "timedOut": false,
                        "duration": 49268,
                        "state": "passed",
                        "speed": "slow",
                        "pass": true,
                        "fail": false,
                        "pending": false,
                        "code": "return driver\n    .waitForElementById(elements.actionBar.search,10000)\n    .click()\n    .sendKeys(fullName)\n    .elementByXPathOrNull(elements.volunteers.volunteer1.fullName)\n    .then(el => driver.is_visible(el))\n    .elementByXPathOrNull(elements.volunteers.volunteer1.fullName)\n    .then((el) => {\n        return el\n            .getAttribute('name')\n            .then((name) => {assert.equal(name.trim(), fullName.trim())}) //full name is as expected\n    })\n    .elementById(elements.actionBar.cancel)\n    .click()\n    .elementById(elements.volunteers.active)\n    .click()",
                        "err": {},
                        "isRoot": false,
                        "uuid": "529c5104-5e0f-489a-b98f-3b3926f1d6ee",
                        "parentUUID": "667a0553-502b-4db7-81e8-13d998511692",
                        "isHook": false,
                        "skipped": false
                      },
                      {
                        "title": "Should mark multiple Volunteers Inactive via selecting",
                        "fullTitle": "\u001b[32mRun icon color tests\u001b[39m Tests in the Active tab Should mark multiple Volunteers Inactive via selecting",
                        "timedOut": false,
                        "duration": 17729,
                        "state": "passed",
                        "speed": "slow",
                        "pass": true,
                        "fail": false,
                        "pending": false,
                        "code": "return driver\n    .elementByIdOrNull(elements.volunteers.active)\n    .then(el => driver.recoverFromFailuresVolunteers(el))\n    .elementById(elements.volunteers.active)\n    .then(el => driver.is_selected(el))\n    //save names of first and second active volunteers\n    .elementByXPathOrNull(elements.volunteers.volunteer1.fullName)\n    .getAttribute('name')\n    .then((name) => {vol1FullName = name.trim()})\n    .elementByXPathOrNull(elements.volunteers.volunteer2.fullName)\n    .getAttribute('name')\n    .then((name) => {vol2FullName = name.trim()})\n    //select vol 1 and 2 and mark inactive\n    .elementById(elements.actionBar.select)\n    .click()\n    .elementById(elements.volunteers.volunteer1.volunteer1)\n    .click()\n    .elementById(elements.volunteers.volunteer2.volunteer2)\n    .click()\n    .elementById(elements.volunteers.bottomBar.flag)\n    .click()\n    .elementById(elements.volunteers.flag.markInactive)\n    .click()\n    .waitForElementToDisappearByClassName(elements.general.spinner)",
                        "err": {},
                        "isRoot": false,
                        "uuid": "d83ebdc6-c417-473c-ba24-e6030b7c9173",
                        "parentUUID": "667a0553-502b-4db7-81e8-13d998511692",
                        "isHook": false,
                        "skipped": false
                      },
                      {
                        "title": "Still on the active tab",
                        "fullTitle": "\u001b[32mRun icon color tests\u001b[39m Tests in the Active tab Still on the active tab",
                        "timedOut": false,
                        "duration": 1316,
                        "state": "passed",
                        "speed": "slow",
                        "pass": true,
                        "fail": false,
                        "pending": false,
                        "code": "return driver\n    .elementByIdOrNull(elements.volunteers.active)\n    .then(el => driver.recoverFromFailuresVolunteers(el))\n    .elementById(elements.volunteers.active)\n    .then(el => driver.is_selected(el))",
                        "err": {},
                        "isRoot": false,
                        "uuid": "58331ccc-5c0d-4153-a4a3-0bf94d5f959d",
                        "parentUUID": "667a0553-502b-4db7-81e8-13d998511692",
                        "isHook": false,
                        "skipped": false
                      },
                      {
                        "title": "Vol1 does not exist in the active tab",
                        "fullTitle": "\u001b[32mRun icon color tests\u001b[39m Tests in the Active tab Vol1 does not exist in the active tab",
                        "timedOut": false,
                        "duration": 6390,
                        "state": "passed",
                        "speed": "slow",
                        "pass": true,
                        "fail": false,
                        "pending": false,
                        "code": "return driver\n    .elementById(elements.actionBar.search)\n    .click()\n    .sendKeys(vol1FullName)\n    .sleep(500) // wait for results (should be instant)\n    .elementByXPathOrNull(elements.volunteers.volunteer1.fullName)\n    .then(el => driver.is_not_visible(el))\n    .then(function () {\n        config.homeScreenStats[0].activecount        -= 1\n        config.homeScreenStats[0].inactivecount      += 1\n        let activepercentRaw = (config.homeScreenStats[0].activecount / config.homeScreenStats[0].volunteerbase) * 100;\n        let inActivePercentRaw = (config.homeScreenStats[0].inactivecount / config.homeScreenStats[0].volunteerbase) * 100;\n        console.log('active percent: ' + activepercentRaw);\n        console.log('inactive percent: ' + inActivePercentRaw);\n        config.homeScreenStats[0].activepercent   = Math.round(activepercentRaw) + '%'\n        config.homeScreenStats[0].inactivepercent = Math.round(inActivePercentRaw) + '%'\n    })",
                        "err": {},
                        "isRoot": false,
                        "uuid": "d9874c68-96ce-4e21-a0e7-51a58f78e877",
                        "parentUUID": "667a0553-502b-4db7-81e8-13d998511692",
                        "isHook": false,
                        "skipped": false
                      },
                      {
                        "title": "Cancel search",
                        "fullTitle": "\u001b[32mRun icon color tests\u001b[39m Tests in the Active tab Cancel search",
                        "timedOut": false,
                        "duration": 3144,
                        "state": "passed",
                        "speed": "slow",
                        "pass": true,
                        "fail": false,
                        "pending": false,
                        "code": "return driver\n    .elementById(elements.actionBar.cancel)\n    .click()\n    .elementByIdOrNull(elements.volunteers.active)\n    .then(el => driver.recoverFromFailuresVolunteers(el))\n    .elementById(elements.volunteers.active)\n    .then(el => driver.is_visible(el).is_selected(el))",
                        "err": {},
                        "isRoot": false,
                        "uuid": "65d6d26a-96f2-4c7e-ba69-c6afefa2483a",
                        "parentUUID": "667a0553-502b-4db7-81e8-13d998511692",
                        "isHook": false,
                        "skipped": false
                      },
                      {
                        "title": "Switch to inactive tab",
                        "fullTitle": "\u001b[32mRun icon color tests\u001b[39m Tests in the Active tab Switch to inactive tab",
                        "timedOut": false,
                        "duration": 3753,
                        "state": "passed",
                        "speed": "slow",
                        "pass": true,
                        "fail": false,
                        "pending": false,
                        "code": "return driver\n    .elementById(elements.volunteers.inActive)\n    .click()\n    .elementById(elements.volunteers.inActive)\n    .then(el => driver.is_selected(el))",
                        "err": {},
                        "isRoot": false,
                        "uuid": "ee3673a5-fe77-4cb1-998c-1c67d4c49e06",
                        "parentUUID": "667a0553-502b-4db7-81e8-13d998511692",
                        "isHook": false,
                        "skipped": false
                      },
                      {
                        "title": "Vol1 should be added to inactive tab",
                        "fullTitle": "\u001b[32mRun icon color tests\u001b[39m Tests in the Active tab Vol1 should be added to inactive tab",
                        "timedOut": false,
                        "duration": 40377,
                        "state": "passed",
                        "speed": "slow",
                        "pass": true,
                        "fail": false,
                        "pending": false,
                        "code": "return driver\n    .waitForElementById(elements.actionBar.search,10000)\n    .click()\n    .sendKeys(vol1FullName)\n    .elementByXPath(elements.volunteers.volunteer1.fullName)\n    .then(el => driver.is_visible(el))\n    .elementByXPath(elements.volunteers.volunteer1.fullName)\n    .getAttribute('name')\n    .then( (name) => { assert.equal(name.trim(), vol1FullName.trim()) }) // full name is as expected })\n    .elementById(elements.actionBar.cancel)\n    .click()",
                        "err": {},
                        "isRoot": false,
                        "uuid": "7b789344-d0ea-47cc-b2d2-d649116b5141",
                        "parentUUID": "667a0553-502b-4db7-81e8-13d998511692",
                        "isHook": false,
                        "skipped": false
                      },
                      {
                        "title": "Vol2 should be added to inactive tab",
                        "fullTitle": "\u001b[32mRun icon color tests\u001b[39m Tests in the Active tab Vol2 should be added to inactive tab",
                        "timedOut": false,
                        "duration": 40486,
                        "state": "passed",
                        "speed": "slow",
                        "pass": true,
                        "fail": false,
                        "pending": false,
                        "code": "//todo no keys to send - returns false positive\nreturn driver\n    .waitForElementById(elements.actionBar.search,10000)\n    .click()\n    .clear()\n    .sendKeys(vol2FullName)\n    .elementByXPath(elements.volunteers.volunteer1.fullName)\n    .then(el => driver.is_visible(el))\n    .elementByXPath(elements.volunteers.volunteer1.fullName)\n    .getAttribute('name')\n    .then( (name) => { assert.equal(name.trim(), vol2FullName.trim()) }) // full name is as expected })\n    .elementById(elements.actionBar.cancel)\n    .click()",
                        "err": {},
                        "isRoot": false,
                        "uuid": "a6318666-b1f8-47a0-bd74-5c113052cfc7",
                        "parentUUID": "667a0553-502b-4db7-81e8-13d998511692",
                        "isHook": false,
                        "skipped": false
                      }
                    ],
                    "pending": [
                      {
                        "title": "testing stuff",
                        "fullTitle": "\u001b[32mRun icon color tests\u001b[39m Tests in the Active tab testing stuff",
                        "timedOut": false,
                        "duration": 0,
                        "pass": false,
                        "fail": false,
                        "pending": true,
                        "code": "",
                        "err": {},
                        "isRoot": false,
                        "uuid": "cc757c08-33e7-461f-a4b2-3e47ae463c80",
                        "parentUUID": "667a0553-502b-4db7-81e8-13d998511692",
                        "isHook": false,
                        "skipped": false
                      },
                      {
                        "title": "Full Login",
                        "fullTitle": "\u001b[32mRun icon color tests\u001b[39m Tests in the Active tab Full Login",
                        "timedOut": false,
                        "duration": 0,
                        "pass": false,
                        "fail": false,
                        "pending": true,
                        "code": "",
                        "err": {},
                        "isRoot": false,
                        "uuid": "02f632b9-c039-4978-ace0-b3819f7d8d45",
                        "parentUUID": "667a0553-502b-4db7-81e8-13d998511692",
                        "isHook": false,
                        "skipped": false
                      }
                    ],
                    "root": false,
                    "_timeout": 9999000,
                    "file": "/mocha.js",
                    "uuid": "667a0553-502b-4db7-81e8-13d998511692",
                    "beforeHooks": [],
                    "afterHooks": [],
                    "fullFile": "/Users/mliedtka/AppiumAutomationFieldPortal/mocha.js",
                    "passes": [
                      {
                        "title": "Quick Login",
                        "fullTitle": "\u001b[32mRun icon color tests\u001b[39m Tests in the Active tab Quick Login",
                        "timedOut": false,
                        "duration": 19000,
                        "state": "passed",
                        "speed": "slow",
                        "pass": true,
                        "fail": false,
                        "pending": false,
                        "code": "this.retries = 1\nreturn driver\n    .loginQuick()",
                        "err": {},
                        "isRoot": false,
                        "uuid": "7a8bf767-ad57-452b-9c33-1e5cf7fd6236",
                        "parentUUID": "667a0553-502b-4db7-81e8-13d998511692",
                        "isHook": false,
                        "skipped": false
                      },
                      {
                        "title": "Navigate to active volunteer list - tab is selected by default",
                        "fullTitle": "\u001b[32mRun icon color tests\u001b[39m Tests in the Active tab Navigate to active volunteer list - tab is selected by default",
                        "timedOut": false,
                        "duration": 4165,
                        "state": "passed",
                        "speed": "slow",
                        "pass": true,
                        "fail": false,
                        "pending": false,
                        "code": "return driver\n\t.elementById(elements.homeScreen.volunteers)\n                .click()\n                .waitForElementToDisappearByClassName(elements.general.spinner)\n                .waitForElementById(elements.volunteers.active,10000)\n                .then(el => driver.is_visible(el).is_selected(el))",
                        "err": {},
                        "isRoot": false,
                        "uuid": "3253086c-d5af-45e4-a2b3-c6c2af3c188a",
                        "parentUUID": "667a0553-502b-4db7-81e8-13d998511692",
                        "isHook": false,
                        "skipped": false
                      },
                      {
                        "title": "Open active volunteer details",
                        "fullTitle": "\u001b[32mRun icon color tests\u001b[39m Tests in the Active tab Open active volunteer details",
                        "timedOut": false,
                        "duration": 2940,
                        "state": "passed",
                        "speed": "slow",
                        "pass": true,
                        "fail": false,
                        "pending": false,
                        "code": "return driver\n\t.elementById(elements.volunteers.volunteer1.volunteer1)\n\t.click()\n\t.waitForElementToDisappearByClassName(elements.general.spinner)\n\t.waitForElementById('Volunteer Details', 20000)",
                        "err": {},
                        "isRoot": false,
                        "uuid": "d80a320c-9ed6-4bff-b372-a0d701bd56c0",
                        "parentUUID": "667a0553-502b-4db7-81e8-13d998511692",
                        "isHook": false,
                        "skipped": false
                      },
                      {
                        "title": "Save volunteer information",
                        "fullTitle": "\u001b[32mRun icon color tests\u001b[39m Tests in the Active tab Save volunteer information",
                        "timedOut": false,
                        "duration": 4527,
                        "state": "passed",
                        "speed": "slow",
                        "pass": true,
                        "fail": false,
                        "pending": false,
                        "code": "return driver\n                .waitForElementByXPath(elements.vol_details.firstAndLastName, 10000) //first and last name\n                .getAttribute('name')\n                .then((name) => {\n                    fullName = name.trim();\n                    firstName = name.trim().split(/\\s+/).shift()\n                    lastName = name.trim().split(/\\s+/).pop()\n                })\n                .back()\n                .waitForElementById(elements.volunteers.active, 5000)",
                        "err": {},
                        "isRoot": false,
                        "uuid": "535a0be1-b3c1-4f10-8716-82ff36b13cea",
                        "parentUUID": "667a0553-502b-4db7-81e8-13d998511692",
                        "isHook": false,
                        "skipped": false
                      },
                      {
                        "title": "On Active tab after going back",
                        "fullTitle": "\u001b[32mRun icon color tests\u001b[39m Tests in the Active tab On Active tab after going back",
                        "timedOut": false,
                        "duration": 1527,
                        "state": "passed",
                        "speed": "slow",
                        "pass": true,
                        "fail": false,
                        "pending": false,
                        "code": "return driver\n    .elementByIdOrNull(elements.volunteers.active)\n    .then(el => driver.recoverFromFailuresVolunteers(el))\n    .elementById(elements.volunteers.active)\n    .then(el => driver.is_selected(el))",
                        "err": {},
                        "isRoot": false,
                        "uuid": "62ee1aae-fa9f-4ffd-a064-45cec53c9337",
                        "parentUUID": "667a0553-502b-4db7-81e8-13d998511692",
                        "isHook": false,
                        "skipped": false
                      },
                      {
                        "title": "Mark active volunteer inactive",
                        "fullTitle": "\u001b[32mRun icon color tests\u001b[39m Tests in the Active tab Mark active volunteer inactive",
                        "timedOut": false,
                        "duration": 9456,
                        "state": "passed",
                        "speed": "slow",
                        "pass": true,
                        "fail": false,
                        "pending": false,
                        "code": "//todo update this when we have an id for the els under the slider.  Make more compact.\nreturn driver\n    // on active tab - swipe left on first person\n    .elementById(elements.volunteers.volunteer1.volunteer1)\n    .getSize()\n    .then((size) => {\n        height = size.height;\n        width = size.width;\n    })\n    .elementById(elements.volunteers.volunteer1.volunteer1)\n    .getLocation()\n    .then( (loc) => {\n        //swipe left\n        console.log(('Element location: ' + loc.x + ', ' + loc.y + ' height: ' + height + ' width: ' + width).white.bold)\n        loc.x = loc.x + width - 75 // just to the left of the right edge of element\n        loc.y = loc.y + height/2 // halfway down the element\n        return driver\n            .swipe({\n                startX: loc.x,\n                startY: loc.y,\n                offsetX: -(width/2),\n                offsetY: 0,\n            })\n    })\n    // tap Mark Inactive - todo - guessing the location of Mark Active - fix this once we have an id to click:\n    .elementById(elements.volunteers.volunteer1.volunteer1)\n    .then(function (el) {\n        var action = new wd.TouchAction(driver);\n        action\n          .tap({el: el, x: 564, y: 0})\n          .release();\n        return driver.performTouchAction(action);\n    })\n    .waitForElementToDisappearByClassName(elements.general.spinner)",
                        "err": {},
                        "isRoot": false,
                        "uuid": "b36a2461-88f0-4c69-8a54-f1f2ae2ca30a",
                        "parentUUID": "667a0553-502b-4db7-81e8-13d998511692",
                        "isHook": false,
                        "skipped": false
                      },
                      {
                        "title": "Still on the active tab",
                        "fullTitle": "\u001b[32mRun icon color tests\u001b[39m Tests in the Active tab Still on the active tab",
                        "timedOut": false,
                        "duration": 1606,
                        "state": "passed",
                        "speed": "slow",
                        "pass": true,
                        "fail": false,
                        "pending": false,
                        "code": "return driver\n    .elementByIdOrNull(elements.volunteers.active)\n    .then(el => driver.recoverFromFailuresVolunteers(el))\n    .elementById(elements.volunteers.active)\n    .then(el => driver.is_selected(el))",
                        "err": {},
                        "isRoot": false,
                        "uuid": "082220b8-3da3-4fc0-aea5-f2afc6439440",
                        "parentUUID": "667a0553-502b-4db7-81e8-13d998511692",
                        "isHook": false,
                        "skipped": false
                      },
                      {
                        "title": "Volunteer no longer exists in the active tab",
                        "fullTitle": "\u001b[32mRun icon color tests\u001b[39m Tests in the Active tab Volunteer no longer exists in the active tab",
                        "timedOut": false,
                        "duration": 8520,
                        "state": "passed",
                        "speed": "slow",
                        "pass": true,
                        "fail": false,
                        "pending": false,
                        "code": "return driver\n    .elementById(elements.actionBar.search)\n    .click()\n    .sendKeys(fullName)\n    .sleep(500) // wait for results (should be instant)\n    .elementByXPathOrNull(elements.volunteers.volunteer1.fullName)\n    .then(el => driver.is_not_visible(el))\n    .then(function () {\n        config.homeScreenStats[0].activecount     -= 1\n        config.homeScreenStats[0].activepercent    = Math.round((config.homeScreenStats[0].activecount / config.homeScreenStats[0].volunteerbase) * 100) + '%'\n        config.homeScreenStats[0].inactivecount   += 1\n        config.homeScreenStats[0].inactivepercent  = Math.round((config.homeScreenStats[0].inactivecount / config.homeScreenStats[0].volunteerbase) * 100) + '%'\n    })",
                        "err": {},
                        "isRoot": false,
                        "uuid": "5fa7dd90-221e-4d46-b261-8d070962df72",
                        "parentUUID": "667a0553-502b-4db7-81e8-13d998511692",
                        "isHook": false,
                        "skipped": false
                      },
                      {
                        "title": "Cancel search",
                        "fullTitle": "\u001b[32mRun icon color tests\u001b[39m Tests in the Active tab Cancel search",
                        "timedOut": false,
                        "duration": 2990,
                        "state": "passed",
                        "speed": "slow",
                        "pass": true,
                        "fail": false,
                        "pending": false,
                        "code": "return driver\n    .elementById(elements.actionBar.cancel)\n    .click()\n    .elementById(elements.volunteers.active)\n    .then(el => driver.is_visible(el).is_selected(el))",
                        "err": {},
                        "isRoot": false,
                        "uuid": "57ed9480-3aad-4738-83b4-fe737c2140a0",
                        "parentUUID": "667a0553-502b-4db7-81e8-13d998511692",
                        "isHook": false,
                        "skipped": false
                      },
                      {
                        "title": "Switch to inactive tab",
                        "fullTitle": "\u001b[32mRun icon color tests\u001b[39m Tests in the Active tab Switch to inactive tab",
                        "timedOut": false,
                        "duration": 4107,
                        "state": "passed",
                        "speed": "slow",
                        "pass": true,
                        "fail": false,
                        "pending": false,
                        "code": "return driver\n    .elementById(elements.volunteers.inActive)\n    .click()\n    .elementById(elements.volunteers.inActive)\n    .then(el => driver.is_selected(el))",
                        "err": {},
                        "isRoot": false,
                        "uuid": "b9f24604-12ad-469f-a08e-29446b4773ea",
                        "parentUUID": "667a0553-502b-4db7-81e8-13d998511692",
                        "isHook": false,
                        "skipped": false
                      },
                      {
                        "title": "Should be added to inactive tab",
                        "fullTitle": "\u001b[32mRun icon color tests\u001b[39m Tests in the Active tab Should be added to inactive tab",
                        "timedOut": false,
                        "duration": 49268,
                        "state": "passed",
                        "speed": "slow",
                        "pass": true,
                        "fail": false,
                        "pending": false,
                        "code": "return driver\n    .waitForElementById(elements.actionBar.search,10000)\n    .click()\n    .sendKeys(fullName)\n    .elementByXPathOrNull(elements.volunteers.volunteer1.fullName)\n    .then(el => driver.is_visible(el))\n    .elementByXPathOrNull(elements.volunteers.volunteer1.fullName)\n    .then((el) => {\n        return el\n            .getAttribute('name')\n            .then((name) => {assert.equal(name.trim(), fullName.trim())}) //full name is as expected\n    })\n    .elementById(elements.actionBar.cancel)\n    .click()\n    .elementById(elements.volunteers.active)\n    .click()",
                        "err": {},
                        "isRoot": false,
                        "uuid": "529c5104-5e0f-489a-b98f-3b3926f1d6ee",
                        "parentUUID": "667a0553-502b-4db7-81e8-13d998511692",
                        "isHook": false,
                        "skipped": false
                      },
                      {
                        "title": "Should mark multiple Volunteers Inactive via selecting",
                        "fullTitle": "\u001b[32mRun icon color tests\u001b[39m Tests in the Active tab Should mark multiple Volunteers Inactive via selecting",
                        "timedOut": false,
                        "duration": 17729,
                        "state": "passed",
                        "speed": "slow",
                        "pass": true,
                        "fail": false,
                        "pending": false,
                        "code": "return driver\n    .elementByIdOrNull(elements.volunteers.active)\n    .then(el => driver.recoverFromFailuresVolunteers(el))\n    .elementById(elements.volunteers.active)\n    .then(el => driver.is_selected(el))\n    //save names of first and second active volunteers\n    .elementByXPathOrNull(elements.volunteers.volunteer1.fullName)\n    .getAttribute('name')\n    .then((name) => {vol1FullName = name.trim()})\n    .elementByXPathOrNull(elements.volunteers.volunteer2.fullName)\n    .getAttribute('name')\n    .then((name) => {vol2FullName = name.trim()})\n    //select vol 1 and 2 and mark inactive\n    .elementById(elements.actionBar.select)\n    .click()\n    .elementById(elements.volunteers.volunteer1.volunteer1)\n    .click()\n    .elementById(elements.volunteers.volunteer2.volunteer2)\n    .click()\n    .elementById(elements.volunteers.bottomBar.flag)\n    .click()\n    .elementById(elements.volunteers.flag.markInactive)\n    .click()\n    .waitForElementToDisappearByClassName(elements.general.spinner)",
                        "err": {},
                        "isRoot": false,
                        "uuid": "d83ebdc6-c417-473c-ba24-e6030b7c9173",
                        "parentUUID": "667a0553-502b-4db7-81e8-13d998511692",
                        "isHook": false,
                        "skipped": false
                      },
                      {
                        "title": "Still on the active tab",
                        "fullTitle": "\u001b[32mRun icon color tests\u001b[39m Tests in the Active tab Still on the active tab",
                        "timedOut": false,
                        "duration": 1316,
                        "state": "passed",
                        "speed": "slow",
                        "pass": true,
                        "fail": false,
                        "pending": false,
                        "code": "return driver\n    .elementByIdOrNull(elements.volunteers.active)\n    .then(el => driver.recoverFromFailuresVolunteers(el))\n    .elementById(elements.volunteers.active)\n    .then(el => driver.is_selected(el))",
                        "err": {},
                        "isRoot": false,
                        "uuid": "58331ccc-5c0d-4153-a4a3-0bf94d5f959d",
                        "parentUUID": "667a0553-502b-4db7-81e8-13d998511692",
                        "isHook": false,
                        "skipped": false
                      },
                      {
                        "title": "Vol1 does not exist in the active tab",
                        "fullTitle": "\u001b[32mRun icon color tests\u001b[39m Tests in the Active tab Vol1 does not exist in the active tab",
                        "timedOut": false,
                        "duration": 6390,
                        "state": "passed",
                        "speed": "slow",
                        "pass": true,
                        "fail": false,
                        "pending": false,
                        "code": "return driver\n    .elementById(elements.actionBar.search)\n    .click()\n    .sendKeys(vol1FullName)\n    .sleep(500) // wait for results (should be instant)\n    .elementByXPathOrNull(elements.volunteers.volunteer1.fullName)\n    .then(el => driver.is_not_visible(el))\n    .then(function () {\n        config.homeScreenStats[0].activecount        -= 1\n        config.homeScreenStats[0].inactivecount      += 1\n        let activepercentRaw = (config.homeScreenStats[0].activecount / config.homeScreenStats[0].volunteerbase) * 100;\n        let inActivePercentRaw = (config.homeScreenStats[0].inactivecount / config.homeScreenStats[0].volunteerbase) * 100;\n        console.log('active percent: ' + activepercentRaw);\n        console.log('inactive percent: ' + inActivePercentRaw);\n        config.homeScreenStats[0].activepercent   = Math.round(activepercentRaw) + '%'\n        config.homeScreenStats[0].inactivepercent = Math.round(inActivePercentRaw) + '%'\n    })",
                        "err": {},
                        "isRoot": false,
                        "uuid": "d9874c68-96ce-4e21-a0e7-51a58f78e877",
                        "parentUUID": "667a0553-502b-4db7-81e8-13d998511692",
                        "isHook": false,
                        "skipped": false
                      },
                      {
                        "title": "Cancel search",
                        "fullTitle": "\u001b[32mRun icon color tests\u001b[39m Tests in the Active tab Cancel search",
                        "timedOut": false,
                        "duration": 3144,
                        "state": "passed",
                        "speed": "slow",
                        "pass": true,
                        "fail": false,
                        "pending": false,
                        "code": "return driver\n    .elementById(elements.actionBar.cancel)\n    .click()\n    .elementByIdOrNull(elements.volunteers.active)\n    .then(el => driver.recoverFromFailuresVolunteers(el))\n    .elementById(elements.volunteers.active)\n    .then(el => driver.is_visible(el).is_selected(el))",
                        "err": {},
                        "isRoot": false,
                        "uuid": "65d6d26a-96f2-4c7e-ba69-c6afefa2483a",
                        "parentUUID": "667a0553-502b-4db7-81e8-13d998511692",
                        "isHook": false,
                        "skipped": false
                      },
                      {
                        "title": "Switch to inactive tab",
                        "fullTitle": "\u001b[32mRun icon color tests\u001b[39m Tests in the Active tab Switch to inactive tab",
                        "timedOut": false,
                        "duration": 3753,
                        "state": "passed",
                        "speed": "slow",
[...]
      "err": {},
      "isRoot": false,
      "uuid": "822aea62-dc2a-430f-85db-1289e2b43607",
      "parentUUID": "811d474a-edb7-447f-905f-a7f90c6f26d2",
      "isHook": false,
      "skipped": false
    },
    {
      "title": "Quick Login",
      "fullTitle": "Tests in the Active tab Quick Login",
      "timedOut": false,
      "duration": 19000,
      "state": "passed",
      "speed": "slow",
      "pass": true,
      "fail": false,
      "pending": false,
      "code": "this.retries = 1\nreturn driver\n    .loginQuick()",
      "err": {},
      "isRoot": false,
      "uuid": "7a8bf767-ad57-452b-9c33-1e5cf7fd6236",
      "parentUUID": "667a0553-502b-4db7-81e8-13d998511692",
      "isHook": false,
      "skipped": false
    },
    {
      "title": "Navigate to active volunteer list - tab is selected by default",
      "fullTitle": "Tests in the Active tab Navigate to active volunteer list - tab is selected by default",
      "timedOut": false,
      "duration": 4165,
      "state": "passed",
      "speed": "slow",
      "pass": true,
      "fail": false,
      "pending": false,
      "code": "return driver\n\t.elementById(elements.homeScreen.volunteers)\n                .click()\n                .waitForElementToDisappearByClassName(elements.general.spinner)\n                .waitForElementById(elements.volunteers.active,10000)\n                .then(el => driver.is_visible(el).is_selected(el))",
      "err": {},
      "isRoot": false,
      "uuid": "3253086c-d5af-45e4-a2b3-c6c2af3c188a",
      "parentUUID": "667a0553-502b-4db7-81e8-13d998511692",
      "isHook": false,
      "skipped": false
    },
    {
      "title": "Open active volunteer details",
      "fullTitle": "Tests in the Active tab Open active volunteer details",
      "timedOut": false,
      "duration": 2940,
      "state": "passed",
      "speed": "slow",
      "pass": true,
      "fail": false,
      "pending": false,
      "code": "return driver\n\t.elementById(elements.volunteers.volunteer1.volunteer1)\n\t.click()\n\t.waitForElementToDisappearByClassName(elements.general.spinner)\n\t.waitForElementById('Volunteer Details', 20000)",
      "err": {},
      "isRoot": false,
      "uuid": "d80a320c-9ed6-4bff-b372-a0d701bd56c0",
      "parentUUID": "667a0553-502b-4db7-81e8-13d998511692",
      "isHook": false,
      "skipped": false
    },
    {
      "title": "Save volunteer information",
      "fullTitle": "Tests in the Active tab Save volunteer information",
      "timedOut": false,
      "duration": 4527,
      "state": "passed",
      "speed": "slow",
      "pass": true,
      "fail": false,
      "pending": false,
      "code": "return driver\n                .waitForElementByXPath(elements.vol_details.firstAndLastName, 10000) //first and last name\n                .getAttribute('name')\n                .then((name) => {\n                    fullName = name.trim();\n                    firstName = name.trim().split(/\\s+/).shift()\n                    lastName = name.trim().split(/\\s+/).pop()\n                })\n                .back()\n                .waitForElementById(elements.volunteers.active, 5000)",
      "err": {},
      "isRoot": false,
      "uuid": "535a0be1-b3c1-4f10-8716-82ff36b13cea",
      "parentUUID": "667a0553-502b-4db7-81e8-13d998511692",
      "isHook": false,
      "skipped": false
    },
    {
      "title": "On Active tab after going back",
      "fullTitle": "Tests in the Active tab On Active tab after going back",
      "timedOut": false,
      "duration": 1527,
      "state": "passed",
      "speed": "slow",
      "pass": true,
      "fail": false,
      "pending": false,
      "code": "return driver\n    .elementByIdOrNull(elements.volunteers.active)\n    .then(el => driver.recoverFromFailuresVolunteers(el))\n    .elementById(elements.volunteers.active)\n    .then(el => driver.is_selected(el))",
      "err": {},
      "isRoot": false,
      "uuid": "62ee1aae-fa9f-4ffd-a064-45cec53c9337",
      "parentUUID": "667a0553-502b-4db7-81e8-13d998511692",
      "isHook": false,
      "skipped": false
    },
    {
      "title": "Mark active volunteer inactive",
      "fullTitle": "Tests in the Active tab Mark active volunteer inactive",
      "timedOut": false,
      "duration": 9456,
      "state": "passed",
      "speed": "slow",
      "pass": true,
      "fail": false,
      "pending": false,
      "code": "//todo update this when we have an id for the els under the slider.  Make more compact.\nreturn driver\n    // on active tab - swipe left on first person\n    .elementById(elements.volunteers.volunteer1.volunteer1)\n    .getSize()\n    .then((size) => {\n        height = size.height;\n        width = size.width;\n    })\n    .elementById(elements.volunteers.volunteer1.volunteer1)\n    .getLocation()\n    .then( (loc) => {\n        //swipe left\n        console.log(('Element location: ' + loc.x + ', ' + loc.y + ' height: ' + height + ' width: ' + width).white.bold)\n        loc.x = loc.x + width - 75 // just to the left of the right edge of element\n        loc.y = loc.y + height/2 // halfway down the element\n        return driver\n            .swipe({\n                startX: loc.x,\n                startY: loc.y,\n                offsetX: -(width/2),\n                offsetY: 0,\n            })\n    })\n    // tap Mark Inactive - todo - guessing the location of Mark Active - fix this once we have an id to click:\n    .elementById(elements.volunteers.volunteer1.volunteer1)\n    .then(function (el) {\n        var action = new wd.TouchAction(driver);\n        action\n          .tap({el: el, x: 564, y: 0})\n          .release();\n        return driver.performTouchAction(action);\n    })\n    .waitForElementToDisappearByClassName(elements.general.spinner)",
      "err": {},
      "isRoot": false,
      "uuid": "b36a2461-88f0-4c69-8a54-f1f2ae2ca30a",
      "parentUUID": "667a0553-502b-4db7-81e8-13d998511692",
      "isHook": false,
      "skipped": false
    },
    {
      "title": "Still on the active tab",
      "fullTitle": "Tests in the Active tab Still on the active tab",
      "timedOut": false,
      "duration": 1606,
      "state": "passed",
      "speed": "slow",
      "pass": true,
      "fail": false,
      "pending": false,
      "code": "return driver\n    .elementByIdOrNull(elements.volunteers.active)\n    .then(el => driver.recoverFromFailuresVolunteers(el))\n    .elementById(elements.volunteers.active)\n    .then(el => driver.is_selected(el))",
      "err": {},
      "isRoot": false,
      "uuid": "082220b8-3da3-4fc0-aea5-f2afc6439440",
      "parentUUID": "667a0553-502b-4db7-81e8-13d998511692",
      "isHook": false,
      "skipped": false
    },
    {
      "title": "Volunteer no longer exists in the active tab",
      "fullTitle": "Tests in the Active tab Volunteer no longer exists in the active tab",
      "timedOut": false,
      "duration": 8520,
      "state": "passed",
      "speed": "slow",
      "pass": true,
      "fail": false,
      "pending": false,
      "code": "return driver\n    .elementById(elements.actionBar.search)\n    .click()\n    .sendKeys(fullName)\n    .sleep(500) // wait for results (should be instant)\n    .elementByXPathOrNull(elements.volunteers.volunteer1.fullName)\n    .then(el => driver.is_not_visible(el))\n    .then(function () {\n        config.homeScreenStats[0].activecount     -= 1\n        config.homeScreenStats[0].activepercent    = Math.round((config.homeScreenStats[0].activecount / config.homeScreenStats[0].volunteerbase) * 100) + '%'\n        config.homeScreenStats[0].inactivecount   += 1\n        config.homeScreenStats[0].inactivepercent  = Math.round((config.homeScreenStats[0].inactivecount / config.homeScreenStats[0].volunteerbase) * 100) + '%'\n    })",
      "err": {},
      "isRoot": false,
      "uuid": "5fa7dd90-221e-4d46-b261-8d070962df72",
      "parentUUID": "667a0553-502b-4db7-81e8-13d998511692",
      "isHook": false,
      "skipped": false
    },
    {
      "title": "Cancel search",
      "fullTitle": "Tests in the Active tab Cancel search",
      "timedOut": false,
      "duration": 2990,
      "state": "passed",
      "speed": "slow",
      "pass": true,
      "fail": false,
      "pending": false,
      "code": "return driver\n    .elementById(elements.actionBar.cancel)\n    .click()\n    .elementById(elements.volunteers.active)\n    .then(el => driver.is_visible(el).is_selected(el))",
      "err": {},
      "isRoot": false,
      "uuid": "57ed9480-3aad-4738-83b4-fe737c2140a0",
      "parentUUID": "667a0553-502b-4db7-81e8-13d998511692",
      "isHook": false,
      "skipped": false
    },
    {
      "title": "Switch to inactive tab",
      "fullTitle": "Tests in the Active tab Switch to inactive tab",
      "timedOut": false,
      "duration": 4107,
      "state": "passed",
      "speed": "slow",
      "pass": true,
      "fail": false,
      "pending": false,
      "code": "return driver\n    .elementById(elements.volunteers.inActive)\n    .click()\n    .elementById(elements.volunteers.inActive)\n    .then(el => driver.is_selected(el))",
      "err": {},
      "isRoot": false,
      "uuid": "b9f24604-12ad-469f-a08e-29446b4773ea",
      "parentUUID": "667a0553-502b-4db7-81e8-13d998511692",
      "isHook": false,
      "skipped": false
    },
    {
      "title": "Should be added to inactive tab",
      "fullTitle": "Tests in the Active tab Should be added to inactive tab",
      "timedOut": false,
      "duration": 49268,
      "state": "passed",
      "speed": "slow",
      "pass": true,
      "fail": false,
      "pending": false,
      "code": "return driver\n    .waitForElementById(elements.actionBar.search,10000)\n    .click()\n    .sendKeys(fullName)\n    .elementByXPathOrNull(elements.volunteers.volunteer1.fullName)\n    .then(el => driver.is_visible(el))\n    .elementByXPathOrNull(elements.volunteers.volunteer1.fullName)\n    .then((el) => {\n        return el\n            .getAttribute('name')\n            .then((name) => {assert.equal(name.trim(), fullName.trim())}) //full name is as expected\n    })\n    .elementById(elements.actionBar.cancel)\n    .click()\n    .elementById(elements.volunteers.active)\n    .click()",
      "err": {},
      "isRoot": false,
      "uuid": "529c5104-5e0f-489a-b98f-3b3926f1d6ee",
      "parentUUID": "667a0553-502b-4db7-81e8-13d998511692",
      "isHook": false,
      "skipped": false
    },
    {
      "title": "Should mark multiple Volunteers Inactive via selecting",
      "fullTitle": "Tests in the Active tab Should mark multiple Volunteers Inactive via selecting",
      "timedOut": false,
      "duration": 17729,
      "state": "passed",
      "speed": "slow",
      "pass": true,
      "fail": false,
      "pending": false,
      "code": "return driver\n    .elementByIdOrNull(elements.volunteers.active)\n    .then(el => driver.recoverFromFailuresVolunteers(el))\n    .elementById(elements.volunteers.active)\n    .then(el => driver.is_selected(el))\n    //save names of first and second active volunteers\n    .elementByXPathOrNull(elements.volunteers.volunteer1.fullName)\n    .getAttribute('name')\n    .then((name) => {vol1FullName = name.trim()})\n    .elementByXPathOrNull(elements.volunteers.volunteer2.fullName)\n    .getAttribute('name')\n    .then((name) => {vol2FullName = name.trim()})\n    //select vol 1 and 2 and mark inactive\n    .elementById(elements.actionBar.select)\n    .click()\n    .elementById(elements.volunteers.volunteer1.volunteer1)\n    .click()\n    .elementById(elements.volunteers.volunteer2.volunteer2)\n    .click()\n    .elementById(elements.volunteers.bottomBar.flag)\n    .click()\n    .elementById(elements.volunteers.flag.markInactive)\n    .click()\n    .waitForElementToDisappearByClassName(elements.general.spinner)",
      "err": {},
      "isRoot": false,
      "uuid": "d83ebdc6-c417-473c-ba24-e6030b7c9173",
      "parentUUID": "667a0553-502b-4db7-81e8-13d998511692",
      "isHook": false,
      "skipped": false
    },
    {
      "title": "Still on the active tab",
      "fullTitle": "Tests in the Active tab Still on the active tab",
      "timedOut": false,
      "duration": 1316,
      "state": "passed",
      "speed": "slow",
      "pass": true,
      "fail": false,
      "pending": false,
      "code": "return driver\n    .elementByIdOrNull(elements.volunteers.active)\n    .then(el => driver.recoverFromFailuresVolunteers(el))\n    .elementById(elements.volunteers.active)\n    .then(el => driver.is_selected(el))",
      "err": {},
      "isRoot": false,
      "uuid": "58331ccc-5c0d-4153-a4a3-0bf94d5f959d",
      "parentUUID": "667a0553-502b-4db7-81e8-13d998511692",
      "isHook": false,
      "skipped": false
    },
    {
      "title": "Vol1 does not exist in the active tab",
      "fullTitle": "Tests in the Active tab Vol1 does not exist in the active tab",
      "timedOut": false,
      "duration": 6390,
      "state": "passed",
      "speed": "slow",
      "pass": true,
      "fail": false,
      "pending": false,
      "code": "return driver\n    .elementById(elements.actionBar.search)\n    .click()\n    .sendKeys(vol1FullName)\n    .sleep(500) // wait for results (should be instant)\n    .elementByXPathOrNull(elements.volunteers.volunteer1.fullName)\n    .then(el => driver.is_not_visible(el))\n    .then(function () {\n        config.homeScreenStats[0].activecount        -= 1\n        config.homeScreenStats[0].inactivecount      += 1\n        let activepercentRaw = (config.homeScreenStats[0].activecount / config.homeScreenStats[0].volunteerbase) * 100;\n        let inActivePercentRaw = (config.homeScreenStats[0].inactivecount / config.homeScreenStats[0].volunteerbase) * 100;\n        console.log('active percent: ' + activepercentRaw);\n        console.log('inactive percent: ' + inActivePercentRaw);\n        config.homeScreenStats[0].activepercent   = Math.round(activepercentRaw) + '%'\n        config.homeScreenStats[0].inactivepercent = Math.round(inActivePercentRaw) + '%'\n    })",
      "err": {},
      "isRoot": false,
      "uuid": "d9874c68-96ce-4e21-a0e7-51a58f78e877",
      "parentUUID": "667a0553-502b-4db7-81e8-13d998511692",
      "isHook": false,
      "skipped": false
    },
    {
      "title": "Cancel search",
      "fullTitle": "Tests in the Active tab Cancel search",
      "timedOut": false,
      "duration": 3144,
      "state": "passed",
      "speed": "slow",
      "pass": true,
      "fail": false,
      "pending": false,
      "code": "return driver\n    .elementById(elements.actionBar.cancel)\n    .click()\n    .elementByIdOrNull(elements.volunteers.active)\n    .then(el => driver.recoverFromFailuresVolunteers(el))\n    .elementById(elements.volunteers.active)\n    .then(el => driver.is_visible(el).is_selected(el))",
      "err": {},
      "isRoot": false,
      "uuid": "65d6d26a-96f2-4c7e-ba69-c6afefa2483a",
      "parentUUID": "667a0553-502b-4db7-81e8-13d998511692",
      "isHook": false,
      "skipped": false
    },
    {
      "title": "Switch to inactive tab",
      "fullTitle": "Tests in the Active tab Switch to inactive tab",
      "timedOut": false,
      "duration": 3753,
      "state": "passed",
      "speed": "slow",
      "pass": true,
      "fail": false,
      "pending": false,
      "code": "return driver\n    .elementById(elements.volunteers.inActive)\n    .click()\n    .elementById(elements.volunteers.inActive)\n    .then(el => driver.is_selected(el))",
      "err": {},
      "isRoot": false,
      "uuid": "ee3673a5-fe77-4cb1-998c-1c67d4c49e06",
      "parentUUID": "667a0553-502b-4db7-81e8-13d998511692",
      "isHook": false,
      "skipped": false
    },
    {
      "title": "Vol1 should be added to inactive tab",
      "fullTitle": "Tests in the Active tab Vol1 should be added to inactive tab",
      "timedOut": false,
      "duration": 40377,
      "state": "passed",
      "speed": "slow",
      "pass": true,
      "fail": false,
      "pending": false,
      "code": "return driver\n    .waitForElementById(elements.actionBar.search,10000)\n    .click()\n    .sendKeys(vol1FullName)\n    .elementByXPath(elements.volunteers.volunteer1.fullName)\n    .then(el => driver.is_visible(el))\n    .elementByXPath(elements.volunteers.volunteer1.fullName)\n    .getAttribute('name')\n    .then( (name) => { assert.equal(name.trim(), vol1FullName.trim()) }) // full name is as expected })\n    .elementById(elements.actionBar.cancel)\n    .click()",
      "err": {},
      "isRoot": false,
      "uuid": "7b789344-d0ea-47cc-b2d2-d649116b5141",
      "parentUUID": "667a0553-502b-4db7-81e8-13d998511692",
      "isHook": false,
      "skipped": false
    },
    {
      "title": "Vol2 should be added to inactive tab",
      "fullTitle": "Tests in the Active tab Vol2 should be added to inactive tab",
      "timedOut": false,
      "duration": 40486,
      "state": "passed",
      "speed": "slow",
      "pass": true,
      "fail": false,
      "pending": false,
      "code": "//todo no keys to send - returns false positive\nreturn driver\n    .waitForElementById(elements.actionBar.search,10000)\n    .click()\n    .clear()\n    .sendKeys(vol2FullName)\n    .elementByXPath(elements.volunteers.volunteer1.fullName)\n    .then(el => driver.is_visible(el))\n    .elementByXPath(elements.volunteers.volunteer1.fullName)\n    .getAttribute('name')\n    .then( (name) => { assert.equal(name.trim(), vol2FullName.trim()) }) // full name is as expected })\n    .elementById(elements.actionBar.cancel)\n    .click()",
      "err": {},
      "isRoot": false,
      "uuid": "a6318666-b1f8-47a0-bd74-5c113052cfc7",
      "parentUUID": "667a0553-502b-4db7-81e8-13d998511692",
      "isHook": false,
      "skipped": false
    }
  ],
  "allFailures": [
    {
      "title": "Should remove salutations and suffices from prospects",
      "fullTitle": "Remove Salutations and Suffices and perform any other data cleansing tasks before running automation Should remove salutations and suffices from prospects",
      "timedOut": false,
      "duration": 20058,
      "state": "failed",
      "pass": false,
      "fail": true,
      "pending": false,
      "code": "return driver\n\t.sleep(1)\n\t.then(function () {\n\t\tsqlQuery.removeSalsAndSufficesProspects()\n\t})\n\t.wait_for_sql('removeSalsAndSufficesProspects','removalResultsProspects')",
      "err": {
        "message": "Error: SQL Query removeSalsAndSufficesProspects did not return within twenty seconds.",
        "estack": "Error: SQL Query removeSalsAndSufficesProspects did not return within twenty seconds.\n    at Timeout.wait_1 [as _onTimeout] (helpers/commons.js:357:32)\n"
      },
      "isRoot": false,
      "uuid": "94c4a036-28b2-45df-84da-2cc1019b61ad",
      "parentUUID": "811d474a-edb7-447f-905f-a7f90c6f26d2",
      "isHook": false,
      "skipped": false
    },
    {
      "title": "Should remove salutations and suffices from volunteers",
      "fullTitle": "Remove Salutations and Suffices and perform any other data cleansing tasks before running automation Should remove salutations and suffices from volunteers",
      "timedOut": false,
      "duration": 20039,
      "state": "failed",
      "pass": false,
      "fail": true,
      "pending": false,
      "code": "return driver\n\t.sleep(1)\n\t.then(function () {\n\t\tsqlQuery.removeSalsAndSufficesVols()\n\t})\n\t.wait_for_sql('removeSalsAndSufficesVols','removalResultsVols')",
      "err": {
        "message": "Error: SQL Query removeSalsAndSufficesVols did not return within twenty seconds.",
        "estack": "Error: SQL Query removeSalsAndSufficesVols did not return within twenty seconds.\n    at Timeout.wait_1 [as _onTimeout] (helpers/commons.js:357:32)\n"
      },
      "isRoot": false,
      "uuid": "45dd8cb5-a820-4c8a-b6c2-8f3335a5fbc5",
      "parentUUID": "811d474a-edb7-447f-905f-a7f90c6f26d2",
      "isHook": false,
      "skipped": false
    }
  ],
  "copyrightYear": 2017
}